This is pdfTeX, Version 3.14159265-2.6-1.40.16 (TeX Live 2015) (preloaded format=pdflatex 2015.5.24)  12 AUG 2016 16:25
entering extended mode
 restricted \write18 enabled.
 file:line:error style messages enabled.
 %&-line parsing enabled.
**main.tex
(./main.tex
LaTeX2e <2015/01/01>
Babel <3.9l> and hyphenation patterns for 79 languages loaded.
(/usr/local/texlive/2015/texmf-dist/tex/latex/koma-script/scrbook.cls
Document Class: scrbook 2015/05/06 v3.17a KOMA-Script document class (book)
(/usr/local/texlive/2015/texmf-dist/tex/latex/koma-script/scrkbase.sty
Package: scrkbase 2015/05/06 v3.17a KOMA-Script package (KOMA-Script-dependent 
basics and keyval usage)

(/usr/local/texlive/2015/texmf-dist/tex/latex/koma-script/scrbase.sty
Package: scrbase 2015/05/06 v3.17a KOMA-Script package (KOMA-Script-independent
 basics and keyval usage)

(/usr/local/texlive/2015/texmf-dist/tex/latex/graphics/keyval.sty
Package: keyval 2014/10/28 v1.15 key=value parser (DPC)
\KV@toks@=\toks14
)
(/usr/local/texlive/2015/texmf-dist/tex/latex/koma-script/scrlfile.sty
Package: scrlfile 2015/05/06 v3.17a KOMA-Script package (loading files)

Package scrlfile, 2015/05/06 v3.17a KOMA-Script package (loading files)
                  Copyright (C) Markus Kohm

))) (/usr/local/texlive/2015/texmf-dist/tex/latex/koma-script/tocbasic.sty
Package: tocbasic 2015/05/06 v3.17a KOMA-Script package (handling toc-files)
)
Package tocbasic Info: omitting babel extension for `toc'
(tocbasic)             because of feature `nobabel' available
(tocbasic)             for `toc' on input line 124.
Package tocbasic Info: omitting babel extension for `lof'
(tocbasic)             because of feature `nobabel' available
(tocbasic)             for `lof' on input line 125.
Package tocbasic Info: omitting babel extension for `lot'
(tocbasic)             because of feature `nobabel' available
(tocbasic)             for `lot' on input line 126.
Package tocbasic Info: defining new hook before heading of `' on input line 154
8.
Package scrbook Info: You've used standard option `12pt'.
(scrbook)             This is correct!
(scrbook)             Internally I'm using `fontsize=12pt'.
(scrbook)             If you'd like to set the option with \KOMAoptions,
(scrbook)             you'd have to use `fontsize=12pt' there
(scrbook)             instead of `12pt', too.
Class scrbook Info: You've used standard option `oneside'.
(scrbook)           This is correct!
(scrbook)           Internally I'm using `twoside=false'.
(scrbook)           If you'd like to set the option with \KOMAoptions,
(scrbook)           you'd have to use `twoside=false' there
(scrbook)           instead of `oneside', too.
Class scrbook Info: File `scrsize12pt.clo' used to setup font sizes on input li
ne 2152.

(/usr/local/texlive/2015/texmf-dist/tex/latex/koma-script/scrsize12pt.clo
File: scrsize12pt.clo 2015/05/06 v3.17a KOMA-Script font size class option (12p
t)
)
(/usr/local/texlive/2015/texmf-dist/tex/latex/koma-script/typearea.sty
Package: typearea 2015/05/06 v3.17a KOMA-Script package (type area)

Package typearea, 2015/05/06 v3.17a KOMA-Script package (type area)
                  Copyright (C) Frank Neukam, 1992-1994
                  Copyright (C) Markus Kohm, 1994-

\ta@bcor=\skip41
\ta@div=\count79
Package typearea Info: You've used standard option `letterpaper'.
(typearea)             This is correct!
(typearea)             Internally I'm using `paper=letter'.
(typearea)             If you'd like to set the option with \KOMAoptions,
(typearea)             you'd have to use `paper=letter' there
(typearea)             instead of `letterpaper', too.
Package typearea Info: You've used standard option `oneside'.
(typearea)             This is correct!
(typearea)             Internally I'm using `twoside=false'.
(typearea)             If you'd like to set the option with \KOMAoptions,
(typearea)             you'd have to use `twoside=false' there
(typearea)             instead of `oneside', too.
\ta@hblk=\skip42
\ta@vblk=\skip43
\ta@temp=\skip44
\footheight=\skip45
Package typearea Info: These are the values describing the layout:
(typearea)             DIV  = 12
(typearea)             BCOR = 0.0pt
(typearea)             \paperwidth      = 614.295pt
(typearea)              \textwidth      = 460.72128pt
(typearea)              DIV departure   = -9%
(typearea)              \evensidemargin = 4.51686pt
(typearea)              \oddsidemargin  = 4.51686pt
(typearea)             \paperheight     = 794.96999pt
(typearea)              \textheight     = 606.5pt
(typearea)              \topmargin      = -45.89749pt
(typearea)              \headheight     = 18.125pt
(typearea)              \headsep        = 21.75pt
(typearea)              \topskip        = 12.0pt
(typearea)              \footskip       = 50.75pt
(typearea)              \baselineskip   = 14.5pt
(typearea)              on input line 1485.
)
\c@part=\count80
\c@chapter=\count81
\c@section=\count82
\c@subsection=\count83
\c@subsubsection=\count84
\c@paragraph=\count85
\c@subparagraph=\count86
LaTeX Info: Redefining \textsubscript on input line 4430.
\abovecaptionskip=\skip46
\belowcaptionskip=\skip47
\c@pti@nb@sid@b@x=\box26
\c@figure=\count87
\c@table=\count88
\bibindent=\dimen102
) (/usr/local/texlive/2015/texmf-dist/tex/latex/import/import.sty
Package: import 2009/03/23  v 5.1
)
(./dtcdoc.sty
Package: dtcdoc 
 (/usr/local/texlive/2015/texmf-dist/tex/generic/babel/babel.sty
Package: babel 2014/09/25 3.9l The Babel package

(/usr/local/texlive/2015/texmf-dist/tex/generic/babel-english/english.ldf
Language: english 2012/08/20 v3.3p English support from the babel system

(/usr/local/texlive/2015/texmf-dist/tex/generic/babel/babel.def
File: babel.def 2014/09/25 3.9l Babel common definitions
\babel@savecnt=\count89
\U@D=\dimen103
)
\l@canadian = a dialect from \language\l@american 
\l@australian = a dialect from \language\l@british 
\l@newzealand = a dialect from \language\l@british 
))
(/usr/local/texlive/2015/texmf-dist/tex/latex/base/fontenc.sty
Package: fontenc 2005/09/27 v1.99g Standard LaTeX package

(/usr/local/texlive/2015/texmf-dist/tex/latex/base/t1enc.def
File: t1enc.def 2005/09/27 v1.99g Standard LaTeX file
LaTeX Font Info:    Redeclaring font encoding T1 on input line 48.
))
(/usr/local/texlive/2015/texmf-dist/tex/latex/base/textcomp.sty
Package: textcomp 2005/09/27 v1.99g Standard LaTeX package
Package textcomp Info: Sub-encoding information:
(textcomp)               5 = only ISO-Adobe without \textcurrency
(textcomp)               4 = 5 + \texteuro
(textcomp)               3 = 4 + \textohm
(textcomp)               2 = 3 + \textestimated + \textcurrency
(textcomp)               1 = TS1 - \textcircled - \t
(textcomp)               0 = TS1 (full)
(textcomp)             Font families with sub-encoding setting implement
(textcomp)             only a restricted character set as indicated.
(textcomp)             Family '?' is the default used for unknown fonts.
(textcomp)             See the documentation for details.
Package textcomp Info: Setting ? sub-encoding to TS1/1 on input line 79.

(/usr/local/texlive/2015/texmf-dist/tex/latex/base/ts1enc.def
File: ts1enc.def 2001/06/05 v3.0e (jk/car/fm) Standard LaTeX file
)
LaTeX Info: Redefining \oldstylenums on input line 334.
Package textcomp Info: Setting cmr sub-encoding to TS1/0 on input line 349.
Package textcomp Info: Setting cmss sub-encoding to TS1/0 on input line 350.
Package textcomp Info: Setting cmtt sub-encoding to TS1/0 on input line 351.
Package textcomp Info: Setting cmvtt sub-encoding to TS1/0 on input line 352.
Package textcomp Info: Setting cmbr sub-encoding to TS1/0 on input line 353.
Package textcomp Info: Setting cmtl sub-encoding to TS1/0 on input line 354.
Package textcomp Info: Setting ccr sub-encoding to TS1/0 on input line 355.
Package textcomp Info: Setting ptm sub-encoding to TS1/4 on input line 356.
Package textcomp Info: Setting pcr sub-encoding to TS1/4 on input line 357.
Package textcomp Info: Setting phv sub-encoding to TS1/4 on input line 358.
Package textcomp Info: Setting ppl sub-encoding to TS1/3 on input line 359.
Package textcomp Info: Setting pag sub-encoding to TS1/4 on input line 360.
Package textcomp Info: Setting pbk sub-encoding to TS1/4 on input line 361.
Package textcomp Info: Setting pnc sub-encoding to TS1/4 on input line 362.
Package textcomp Info: Setting pzc sub-encoding to TS1/4 on input line 363.
Package textcomp Info: Setting bch sub-encoding to TS1/4 on input line 364.
Package textcomp Info: Setting put sub-encoding to TS1/5 on input line 365.
Package textcomp Info: Setting uag sub-encoding to TS1/5 on input line 366.
Package textcomp Info: Setting ugq sub-encoding to TS1/5 on input line 367.
Package textcomp Info: Setting ul8 sub-encoding to TS1/4 on input line 368.
Package textcomp Info: Setting ul9 sub-encoding to TS1/4 on input line 369.
Package textcomp Info: Setting augie sub-encoding to TS1/5 on input line 370.
Package textcomp Info: Setting dayrom sub-encoding to TS1/3 on input line 371.
Package textcomp Info: Setting dayroms sub-encoding to TS1/3 on input line 372.

Package textcomp Info: Setting pxr sub-encoding to TS1/0 on input line 373.
Package textcomp Info: Setting pxss sub-encoding to TS1/0 on input line 374.
Package textcomp Info: Setting pxtt sub-encoding to TS1/0 on input line 375.
Package textcomp Info: Setting txr sub-encoding to TS1/0 on input line 376.
Package textcomp Info: Setting txss sub-encoding to TS1/0 on input line 377.
Package textcomp Info: Setting txtt sub-encoding to TS1/0 on input line 378.
Package textcomp Info: Setting lmr sub-encoding to TS1/0 on input line 379.
Package textcomp Info: Setting lmdh sub-encoding to TS1/0 on input line 380.
Package textcomp Info: Setting lmss sub-encoding to TS1/0 on input line 381.
Package textcomp Info: Setting lmssq sub-encoding to TS1/0 on input line 382.
Package textcomp Info: Setting lmvtt sub-encoding to TS1/0 on input line 383.
Package textcomp Info: Setting lmtt sub-encoding to TS1/0 on input line 384.
Package textcomp Info: Setting qhv sub-encoding to TS1/0 on input line 385.
Package textcomp Info: Setting qag sub-encoding to TS1/0 on input line 386.
Package textcomp Info: Setting qbk sub-encoding to TS1/0 on input line 387.
Package textcomp Info: Setting qcr sub-encoding to TS1/0 on input line 388.
Package textcomp Info: Setting qcs sub-encoding to TS1/0 on input line 389.
Package textcomp Info: Setting qpl sub-encoding to TS1/0 on input line 390.
Package textcomp Info: Setting qtm sub-encoding to TS1/0 on input line 391.
Package textcomp Info: Setting qzc sub-encoding to TS1/0 on input line 392.
Package textcomp Info: Setting qhvc sub-encoding to TS1/0 on input line 393.
Package textcomp Info: Setting futs sub-encoding to TS1/4 on input line 394.
Package textcomp Info: Setting futx sub-encoding to TS1/4 on input line 395.
Package textcomp Info: Setting futj sub-encoding to TS1/4 on input line 396.
Package textcomp Info: Setting hlh sub-encoding to TS1/3 on input line 397.
Package textcomp Info: Setting hls sub-encoding to TS1/3 on input line 398.
Package textcomp Info: Setting hlst sub-encoding to TS1/3 on input line 399.
Package textcomp Info: Setting hlct sub-encoding to TS1/5 on input line 400.
Package textcomp Info: Setting hlx sub-encoding to TS1/5 on input line 401.
Package textcomp Info: Setting hlce sub-encoding to TS1/5 on input line 402.
Package textcomp Info: Setting hlcn sub-encoding to TS1/5 on input line 403.
Package textcomp Info: Setting hlcw sub-encoding to TS1/5 on input line 404.
Package textcomp Info: Setting hlcf sub-encoding to TS1/5 on input line 405.
Package textcomp Info: Setting pplx sub-encoding to TS1/3 on input line 406.
Package textcomp Info: Setting pplj sub-encoding to TS1/3 on input line 407.
Package textcomp Info: Setting ptmx sub-encoding to TS1/4 on input line 408.
Package textcomp Info: Setting ptmj sub-encoding to TS1/4 on input line 409.
)
(/usr/local/texlive/2015/texmf-dist/tex/latex/graphics/color.sty
Package: color 2014/10/28 v1.1a Standard LaTeX Color (DPC)

(/usr/local/texlive/2015/texmf-dist/tex/latex/latexconfig/color.cfg
File: color.cfg 2007/01/18 v1.5 color configuration of teTeX/TeXLive
)
Package color Info: Driver file: pdftex.def on input line 142.

(/usr/local/texlive/2015/texmf-dist/tex/latex/pdftex-def/pdftex.def
File: pdftex.def 2011/05/27 v0.06d Graphics/color for pdfTeX

(/usr/local/texlive/2015/texmf-dist/tex/generic/oberdiek/infwarerr.sty
Package: infwarerr 2010/04/08 v1.3 Providing info/warning/error messages (HO)
)
(/usr/local/texlive/2015/texmf-dist/tex/generic/oberdiek/ltxcmds.sty
Package: ltxcmds 2011/11/09 v1.22 LaTeX kernel commands for general use (HO)
)
\Gread@gobject=\count90
))
(/usr/local/texlive/2015/texmf-dist/tex/latex/koma-script/scrpage2.sty
Package: scrpage2 2015/05/06 v3.17a KOMA-Script package (page head and foot)
LaTeX Info: Redefining \pagemark on input line 174.
)
(/usr/local/texlive/2015/texmf-dist/tex/latex/baskervald/baskervald.sty
Package: baskervald 2010/07/13 v1.0 baskervald

(/usr/local/texlive/2015/texmf-dist/tex/latex/xkeyval/xkeyval.sty
Package: xkeyval 2014/12/03 v2.7a package option processing (HA)

(/usr/local/texlive/2015/texmf-dist/tex/generic/xkeyval/xkeyval.tex
(/usr/local/texlive/2015/texmf-dist/tex/generic/xkeyval/xkvutils.tex
\XKV@toks=\toks15
\XKV@tempa@toks=\toks16
)
\XKV@depth=\count91
File: xkeyval.tex 2014/12/03 v2.7a key=value parser (HA)
))
(/usr/local/texlive/2015/texmf-dist/tex/latex/base/fontenc.sty
Package: fontenc 2005/09/27 v1.99g Standard LaTeX package

(/usr/local/texlive/2015/texmf-dist/tex/latex/base/t1enc.def
File: t1enc.def 2005/09/27 v1.99g Standard LaTeX file
LaTeX Font Info:    Redeclaring font encoding T1 on input line 48.
))
(/usr/local/texlive/2015/texmf-dist/tex/latex/nfssext-cfr/nfssext-cfr.sty
Package: nfssext-cfr 2008/11/08 specially mangled by cfr; based on 2003/03/14 v
1.2 Experimental NFSS Extensions

(/usr/local/texlive/2015/texmf-dist/tex/latex/base/ifthen.sty
Package: ifthen 2014/09/29 v1.1c Standard LaTeX ifthen package (DPC)
)
\c@taken=\count92
LaTeX Info: Redefining \itshape on input line 503.
LaTeX Info: Redefining \scshape on input line 511.
LaTeX Info: Redefining \upshape on input line 525.
))
(/usr/local/texlive/2015/texmf-dist/tex/latex/comment/comment.sty
\CommentStream=\write3

Excluding comment 'comment')
(/usr/local/texlive/2015/texmf-dist/tex/latex/vwcol/vwcol.sty
Package: vwcol 2015/02/10 v0.2 Variable-width multicolumn text

(/usr/local/texlive/2015/texmf-dist/tex/latex/tools/calc.sty
Package: calc 2014/10/28 v4.3 Infix arithmetic (KKT,FJ)
\calc@Acount=\count93
\calc@Bcount=\count94
\calc@Adimen=\dimen104
\calc@Bdimen=\dimen105
\calc@Askip=\skip48
\calc@Bskip=\skip49
LaTeX Info: Redefining \setlength on input line 80.
LaTeX Info: Redefining \addtolength on input line 81.
\calc@Ccount=\count95
\calc@Cskip=\skip50
)
(/usr/local/texlive/2015/texmf-dist/tex/latex/environ/environ.sty
Package: environ 2014/05/04 v0.3 A new way to define environments

(/usr/local/texlive/2015/texmf-dist/tex/latex/trimspaces/trimspaces.sty
Package: trimspaces 2009/09/17 v1.1 Trim spaces around a token list
)
\@envbody=\toks17
)
(/usr/local/texlive/2015/texmf-dist/tex/latex/ms/ragged2e.sty
Package: ragged2e 2009/05/21 v2.1 ragged2e Package (MS)

(/usr/local/texlive/2015/texmf-dist/tex/latex/ms/everysel.sty
Package: everysel 2011/10/28 v1.2 EverySelectfont Package (MS)
)
\CenteringLeftskip=\skip51
\RaggedLeftLeftskip=\skip52
\RaggedRightLeftskip=\skip53
\CenteringRightskip=\skip54
\RaggedLeftRightskip=\skip55
\RaggedRightRightskip=\skip56
\CenteringParfillskip=\skip57
\RaggedLeftParfillskip=\skip58
\RaggedRightParfillskip=\skip59
\JustifyingParfillskip=\skip60
\CenteringParindent=\skip61
\RaggedLeftParindent=\skip62
\RaggedRightParindent=\skip63
\JustifyingParindent=\skip64
)
\vwcol@sep=\skip65
\vwcol@rule=\skip66
\vwcol@totalwidth=\skip67
\vwcol@averagewidth=\skip68
\vwcol@parindent=\skip69
\vwcol@last=\count96
\vwcol@Ncols=\count97
\vwcol@Nlines=\count98
\vwcol@maxrecursion=\count99
\vwcol@box=\box27
\vwcol@plainbox=\box28
\vwcol@outputbox=\box29
)
(/usr/local/texlive/2015/texmf-dist/tex/latex/tools/multicol.sty
Package: multicol 2015/03/31 v1.8m multicolumn formatting (FMi)
\c@tracingmulticols=\count100
\mult@box=\box30
\multicol@leftmargin=\dimen106
\c@unbalance=\count101
\c@collectmore=\count102
\doublecol@number=\count103
\multicoltolerance=\count104
\multicolpretolerance=\count105
\full@width=\dimen107
\page@free=\dimen108
\premulticols=\dimen109
\postmulticols=\dimen110
\multicolsep=\skip70
\multicolbaselineskip=\skip71
\partial@page=\box31
\last@line=\box32
\maxbalancingoverflow=\dimen111
\mult@rightbox=\box33
\mult@grightbox=\box34
\mult@gfirstbox=\box35
\mult@firstbox=\box36
\@tempa=\box37
\@tempa=\box38
\@tempa=\box39
\@tempa=\box40
\@tempa=\box41
\@tempa=\box42
\@tempa=\box43
\@tempa=\box44
\@tempa=\box45
\@tempa=\box46
\@tempa=\box47
\@tempa=\box48
\@tempa=\box49
\@tempa=\box50
\@tempa=\box51
\@tempa=\box52
\@tempa=\box53
\c@columnbadness=\count106
\c@finalcolumnbadness=\count107
\last@try=\dimen112
\multicolovershoot=\dimen113
\multicolundershoot=\dimen114
\mult@nat@firstbox=\box54
\colbreak@box=\box55
\mc@col@check@num=\count108
)
(/usr/local/texlive/2015/texmf-dist/tex/latex/base/makeidx.sty
Package: makeidx 2014/09/29 v1.0m Standard LaTeX package
)
(/usr/local/texlive/2015/texmf-dist/tex/latex/listings/listings.sty
\lst@mode=\count109
\lst@gtempboxa=\box56
\lst@token=\toks18
\lst@length=\count110
\lst@currlwidth=\dimen115
\lst@column=\count111
\lst@pos=\count112
\lst@lostspace=\dimen116
\lst@width=\dimen117
\lst@newlines=\count113
\lst@lineno=\count114
\lst@maxwidth=\dimen118

(/usr/local/texlive/2015/texmf-dist/tex/latex/listings/lstmisc.sty
File: lstmisc.sty 2014/09/06 1.5e (Carsten Heinz)
\c@lstnumber=\count115
\lst@skipnumbers=\count116
\lst@framebox=\box57
)
(/usr/local/texlive/2015/texmf-dist/tex/latex/listings/listings.cfg
File: listings.cfg 2014/09/06 1.5e listings configuration
))
Package: listings 2014/09/06 1.5e (Carsten Heinz)

(/usr/local/texlive/2015/texmf-dist/tex/latex/tools/longtable.sty
Package: longtable 2014/10/28 v4.11 Multi-page Table package (DPC)
\LTleft=\skip72
\LTright=\skip73
\LTpre=\skip74
\LTpost=\skip75
\LTchunksize=\count117
\LTcapwidth=\dimen119
\LT@head=\box58
\LT@firsthead=\box59
\LT@foot=\box60
\LT@lastfoot=\box61
\LT@cols=\count118
\LT@rows=\count119
\c@LT@tables=\count120
\c@LT@chunks=\count121
\LT@p@ftn=\toks19
)
Class scrbook Info: longtable captions redefined on input line 19.

(/usr/local/texlive/2015/texmf-dist/tex/latex/tools/enumerate.sty
Package: enumerate 2014/10/28 v3.00 enumerate extensions (DPC)
\@enLab=\toks20
)
(/usr/local/texlive/2015/texmf-dist/tex/latex/caption/caption.sty
Package: caption 2013/05/02 v3.3-89 Customizing captions (AR)

(/usr/local/texlive/2015/texmf-dist/tex/latex/caption/caption3.sty
Package: caption3 2013/05/02 v1.6-88 caption3 kernel (AR)
Package caption3 Info: TeX engine: e-TeX on input line 57.
\captionmargin=\dimen120
\captionmargin@=\dimen121
\captionwidth=\dimen122
\caption@tempdima=\dimen123
\caption@indent=\dimen124
\caption@parindent=\dimen125
\caption@hangindent=\dimen126
)
Package caption Info: KOMA-Script document class.
\c@ContinuedFloat=\count122
Package caption Info: listings package is loaded.
Package caption Info: longtable package is loaded.

(/usr/local/texlive/2015/texmf-dist/tex/latex/caption/ltcaption.sty
Package: ltcaption 2013/02/03 v1.3-62 longtable captions (AR)
))
(/usr/local/texlive/2015/texmf-dist/tex/latex/tools/array.sty
Package: array 2014/10/28 v2.4c Tabular extension package (FMi)
\col@sep=\dimen127
\extrarowheight=\dimen128
\NC@list=\toks21
\extratabsurround=\skip76
\backup@length=\skip77
)
(/usr/local/texlive/2015/texmf-dist/tex/latex/float/float.sty
Package: float 2001/11/08 v1.3d Float enhancements (AL)
\c@float@type=\count123
\float@exts=\toks22
\float@box=\box62
\@float@everytoks=\toks23
\@floatcapt=\box63
)
(/usr/local/texlive/2015/texmf-dist/tex/latex/chngcntr/chngcntr.sty
Package: chngcntr 2009/09/02 v1.0a change counter resetting
)
(/usr/local/texlive/2015/texmf-dist/tex/latex/geometry/geometry.sty
Package: geometry 2010/09/12 v5.6 Page Geometry

(/usr/local/texlive/2015/texmf-dist/tex/generic/oberdiek/ifpdf.sty
Package: ifpdf 2011/01/30 v2.3 Provides the ifpdf switch (HO)
Package ifpdf Info: pdfTeX in PDF mode is detected.
)
(/usr/local/texlive/2015/texmf-dist/tex/generic/oberdiek/ifvtex.sty
Package: ifvtex 2010/03/01 v1.5 Detect VTeX and its facilities (HO)
Package ifvtex Info: VTeX not detected.
)
(/usr/local/texlive/2015/texmf-dist/tex/generic/ifxetex/ifxetex.sty
Package: ifxetex 2010/09/12 v0.6 Provides ifxetex conditional
)
\Gm@cnth=\count124
\Gm@cntv=\count125
\c@Gm@tempcnt=\count126
\Gm@bindingoffset=\dimen129
\Gm@wd@mp=\dimen130
\Gm@odd@mp=\dimen131
\Gm@even@mp=\dimen132
\Gm@layoutwidth=\dimen133
\Gm@layoutheight=\dimen134
\Gm@layouthoffset=\dimen135
\Gm@layoutvoffset=\dimen136
\Gm@dimlist=\toks24
)
(/usr/local/texlive/2015/texmf-dist/tex/latex/graphics/graphicx.sty
Package: graphicx 2014/10/28 v1.0g Enhanced LaTeX Graphics (DPC,SPQR)

(/usr/local/texlive/2015/texmf-dist/tex/latex/graphics/graphics.sty
Package: graphics 2014/10/28 v1.0p Standard LaTeX Graphics (DPC,SPQR)

(/usr/local/texlive/2015/texmf-dist/tex/latex/graphics/trig.sty
Package: trig 1999/03/16 v1.09 sin cos tan (DPC)
)
(/usr/local/texlive/2015/texmf-dist/tex/latex/latexconfig/graphics.cfg
File: graphics.cfg 2010/04/23 v1.9 graphics configuration of TeX Live
)
Package graphics Info: Driver file: pdftex.def on input line 94.
)
\Gin@req@height=\dimen137
\Gin@req@width=\dimen138
)
(/usr/local/texlive/2015/texmf-dist/tex/latex/enumitem/enumitem.sty
Package: enumitem 2011/09/28 v3.5.2 Customized lists
\labelindent=\skip78
\enit@outerparindent=\dimen139
\enit@toks=\toks25
\enit@inbox=\box64
\enitdp@description=\count127
)
(/usr/local/texlive/2015/texmf-dist/tex/latex/epigraph/epigraph.sty
Package: epigraph 2009/09/02 v1.5c typesetting epigraphs
\beforeepigraphskip=\skip79
\afterepigraphskip=\skip80
\epigraphwidth=\skip81
\epigraphrule=\skip82
)
(/usr/local/texlive/2015/texmf-dist/tex/latex/base/fix-cm.sty
Package: fix-cm 2015/01/14 v1.1t fixes to LaTeX

(/usr/local/texlive/2015/texmf-dist/tex/latex/base/ts1enc.def
File: ts1enc.def 2001/06/05 v3.0e (jk/car/fm) Standard LaTeX file
LaTeX Font Info:    Redeclaring font encoding TS1 on input line 47.
))

Class scrbook Warning: Usage of package `titlesec' together
(scrbook)              with a KOMA-Script class is not recommended.
(scrbook)              I'd suggest to use the package only
(scrbook)              if you really need it, because it breaks several
(scrbook)              KOMA-Script features, i.e., option `headings' and
(scrbook)              the extended optional argument of the section
(scrbook)              commands.
(scrbook)              Nevertheless, using requested
(scrbook)              package `titlesec' on input line 30.

(/usr/local/texlive/2015/texmf-dist/tex/latex/titlesec/titlesec.sty
Package: titlesec 2011/12/15 v2.10.0 Sectioning titles
\ttl@box=\box65
\beforetitleunit=\skip83
\aftertitleunit=\skip84
\ttl@plus=\dimen140
\ttl@minus=\dimen141
\ttl@toksa=\toks26
\titlewidth=\dimen142
\titlewidthlast=\dimen143
\titlewidthfirst=\dimen144


Package titlesec Warning: Non standard sectioning command detected
(titlesec)                Using default spacing and no format.


Package titlesec Warning: Non standard sectioning command detected
(titlesec)                Using default spacing and no format.


Package titlesec Warning: Non standard sectioning command detected
(titlesec)                Using default spacing and no format.


Package titlesec Warning: Non standard sectioning command detected
(titlesec)                Using default spacing and no format.


Package titlesec Warning: Non standard sectioning command detected
(titlesec)                Using default spacing and no format.

)

Package scrbook Warning: Activating an ugly workaround for a missing
(scrbook)                feature of package `titlesec` on input line 30.

(/usr/local/texlive/2015/texmf-dist/tex/latex/background/background.sty
Package: background 2014/03/04 v2.1 background material

(/usr/local/texlive/2015/texmf-dist/tex/latex/pgf/frontendlayer/tikz.sty
(/usr/local/texlive/2015/texmf-dist/tex/latex/pgf/basiclayer/pgf.sty
(/usr/local/texlive/2015/texmf-dist/tex/latex/pgf/utilities/pgfrcs.sty
(/usr/local/texlive/2015/texmf-dist/tex/generic/pgf/utilities/pgfutil-common.te
x
\pgfutil@everybye=\toks27
\pgfutil@tempdima=\dimen145
\pgfutil@tempdimb=\dimen146

(/usr/local/texlive/2015/texmf-dist/tex/generic/pgf/utilities/pgfutil-common-li
sts.tex))
(/usr/local/texlive/2015/texmf-dist/tex/generic/pgf/utilities/pgfutil-latex.def
\pgfutil@abb=\box66
(/usr/local/texlive/2015/texmf-dist/tex/latex/ms/everyshi.sty
Package: everyshi 2001/05/15 v3.00 EveryShipout Package (MS)
))
(/usr/local/texlive/2015/texmf-dist/tex/generic/pgf/utilities/pgfrcs.code.tex
Package: pgfrcs 2013/12/20 v3.0.0 (rcs-revision 1.28)
))
Package: pgf 2013/12/18 v3.0.0 (rcs-revision 1.14)
(/usr/local/texlive/2015/texmf-dist/tex/latex/pgf/basiclayer/pgfcore.sty
(/usr/local/texlive/2015/texmf-dist/tex/latex/pgf/systemlayer/pgfsys.sty
(/usr/local/texlive/2015/texmf-dist/tex/generic/pgf/systemlayer/pgfsys.code.tex
Package: pgfsys 2013/11/30 v3.0.0 (rcs-revision 1.47)
(/usr/local/texlive/2015/texmf-dist/tex/generic/pgf/utilities/pgfkeys.code.tex
\pgfkeys@pathtoks=\toks28
\pgfkeys@temptoks=\toks29

(/usr/local/texlive/2015/texmf-dist/tex/generic/pgf/utilities/pgfkeysfiltered.c
ode.tex
\pgfkeys@tmptoks=\toks30
))
\pgf@x=\dimen147
\pgf@y=\dimen148
\pgf@xa=\dimen149
\pgf@ya=\dimen150
\pgf@xb=\dimen151
\pgf@yb=\dimen152
\pgf@xc=\dimen153
\pgf@yc=\dimen154
\w@pgf@writea=\write4
\r@pgf@reada=\read1
\c@pgf@counta=\count128
\c@pgf@countb=\count129
\c@pgf@countc=\count130
\c@pgf@countd=\count131
\t@pgf@toka=\toks31
\t@pgf@tokb=\toks32
\t@pgf@tokc=\toks33

(/usr/local/texlive/2015/texmf-dist/tex/generic/pgf/systemlayer/pgf.cfg
File: pgf.cfg 2008/05/14  (rcs-revision 1.7)
)
Driver file for pgf: pgfsys-pdftex.def

(/usr/local/texlive/2015/texmf-dist/tex/generic/pgf/systemlayer/pgfsys-pdftex.d
ef
File: pgfsys-pdftex.def 2013/07/18  (rcs-revision 1.33)

(/usr/local/texlive/2015/texmf-dist/tex/generic/pgf/systemlayer/pgfsys-common-p
df.def
File: pgfsys-common-pdf.def 2013/10/10  (rcs-revision 1.13)
)))
(/usr/local/texlive/2015/texmf-dist/tex/generic/pgf/systemlayer/pgfsyssoftpath.
code.tex
File: pgfsyssoftpath.code.tex 2013/09/09  (rcs-revision 1.9)
\pgfsyssoftpath@smallbuffer@items=\count132
\pgfsyssoftpath@bigbuffer@items=\count133
)
(/usr/local/texlive/2015/texmf-dist/tex/generic/pgf/systemlayer/pgfsysprotocol.
code.tex
File: pgfsysprotocol.code.tex 2006/10/16  (rcs-revision 1.4)
)) (/usr/local/texlive/2015/texmf-dist/tex/latex/xcolor/xcolor.sty
Package: xcolor 2007/01/21 v2.11 LaTeX color extensions (UK)

(/usr/local/texlive/2015/texmf-dist/tex/latex/latexconfig/color.cfg
File: color.cfg 2007/01/18 v1.5 color configuration of teTeX/TeXLive
)
Package xcolor Info: Driver file: pdftex.def on input line 225.
LaTeX Info: Redefining \color on input line 702.
Package xcolor Info: Model `cmy' substituted by `cmy0' on input line 1337.
Package xcolor Info: Model `hsb' substituted by `rgb' on input line 1341.
Package xcolor Info: Model `RGB' extended on input line 1353.
Package xcolor Info: Model `HTML' substituted by `rgb' on input line 1355.
Package xcolor Info: Model `Hsb' substituted by `hsb' on input line 1356.
Package xcolor Info: Model `tHsb' substituted by `hsb' on input line 1357.
Package xcolor Info: Model `HSB' substituted by `hsb' on input line 1358.
Package xcolor Info: Model `Gray' substituted by `gray' on input line 1359.
Package xcolor Info: Model `wave' substituted by `hsb' on input line 1360.
)
(/usr/local/texlive/2015/texmf-dist/tex/generic/pgf/basiclayer/pgfcore.code.tex
Package: pgfcore 2010/04/11 v3.0.0 (rcs-revision 1.7)
(/usr/local/texlive/2015/texmf-dist/tex/generic/pgf/math/pgfmath.code.tex
(/usr/local/texlive/2015/texmf-dist/tex/generic/pgf/math/pgfmathcalc.code.tex
(/usr/local/texlive/2015/texmf-dist/tex/generic/pgf/math/pgfmathutil.code.tex)
(/usr/local/texlive/2015/texmf-dist/tex/generic/pgf/math/pgfmathparser.code.tex
\pgfmath@dimen=\dimen155
\pgfmath@count=\count134
\pgfmath@box=\box67
\pgfmath@toks=\toks34
\pgfmath@stack@operand=\toks35
\pgfmath@stack@operation=\toks36
)
(/usr/local/texlive/2015/texmf-dist/tex/generic/pgf/math/pgfmathfunctions.code.
tex
(/usr/local/texlive/2015/texmf-dist/tex/generic/pgf/math/pgfmathfunctions.basic
.code.tex)
(/usr/local/texlive/2015/texmf-dist/tex/generic/pgf/math/pgfmathfunctions.trigo
nometric.code.tex)
(/usr/local/texlive/2015/texmf-dist/tex/generic/pgf/math/pgfmathfunctions.rando
m.code.tex)
(/usr/local/texlive/2015/texmf-dist/tex/generic/pgf/math/pgfmathfunctions.compa
rison.code.tex)
(/usr/local/texlive/2015/texmf-dist/tex/generic/pgf/math/pgfmathfunctions.base.
code.tex)
(/usr/local/texlive/2015/texmf-dist/tex/generic/pgf/math/pgfmathfunctions.round
.code.tex)
(/usr/local/texlive/2015/texmf-dist/tex/generic/pgf/math/pgfmathfunctions.misc.
code.tex)
(/usr/local/texlive/2015/texmf-dist/tex/generic/pgf/math/pgfmathfunctions.integ
erarithmetics.code.tex)))
(/usr/local/texlive/2015/texmf-dist/tex/generic/pgf/math/pgfmathfloat.code.tex
\c@pgfmathroundto@lastzeros=\count135
))
(/usr/local/texlive/2015/texmf-dist/tex/generic/pgf/basiclayer/pgfcorepoints.co
de.tex
File: pgfcorepoints.code.tex 2013/10/07  (rcs-revision 1.27)
\pgf@picminx=\dimen156
\pgf@picmaxx=\dimen157
\pgf@picminy=\dimen158
\pgf@picmaxy=\dimen159
\pgf@pathminx=\dimen160
\pgf@pathmaxx=\dimen161
\pgf@pathminy=\dimen162
\pgf@pathmaxy=\dimen163
\pgf@xx=\dimen164
\pgf@xy=\dimen165
\pgf@yx=\dimen166
\pgf@yy=\dimen167
\pgf@zx=\dimen168
\pgf@zy=\dimen169
)
(/usr/local/texlive/2015/texmf-dist/tex/generic/pgf/basiclayer/pgfcorepathconst
ruct.code.tex
File: pgfcorepathconstruct.code.tex 2013/10/07  (rcs-revision 1.29)
\pgf@path@lastx=\dimen170
\pgf@path@lasty=\dimen171
)
(/usr/local/texlive/2015/texmf-dist/tex/generic/pgf/basiclayer/pgfcorepathusage
.code.tex
File: pgfcorepathusage.code.tex 2013/12/13  (rcs-revision 1.23)
\pgf@shorten@end@additional=\dimen172
\pgf@shorten@start@additional=\dimen173
)
(/usr/local/texlive/2015/texmf-dist/tex/generic/pgf/basiclayer/pgfcorescopes.co
de.tex
File: pgfcorescopes.code.tex 2013/10/09  (rcs-revision 1.44)
\pgfpic=\box68
\pgf@hbox=\box69
\pgf@layerbox@main=\box70
\pgf@picture@serial@count=\count136
)
(/usr/local/texlive/2015/texmf-dist/tex/generic/pgf/basiclayer/pgfcoregraphicst
ate.code.tex
File: pgfcoregraphicstate.code.tex 2013/09/19  (rcs-revision 1.11)
\pgflinewidth=\dimen174
)
(/usr/local/texlive/2015/texmf-dist/tex/generic/pgf/basiclayer/pgfcoretransform
ations.code.tex
File: pgfcoretransformations.code.tex 2013/10/10  (rcs-revision 1.17)
\pgf@pt@x=\dimen175
\pgf@pt@y=\dimen176
\pgf@pt@temp=\dimen177
)
(/usr/local/texlive/2015/texmf-dist/tex/generic/pgf/basiclayer/pgfcorequick.cod
e.tex
File: pgfcorequick.code.tex 2008/10/09  (rcs-revision 1.3)
)
(/usr/local/texlive/2015/texmf-dist/tex/generic/pgf/basiclayer/pgfcoreobjects.c
ode.tex
File: pgfcoreobjects.code.tex 2006/10/11  (rcs-revision 1.2)
)
(/usr/local/texlive/2015/texmf-dist/tex/generic/pgf/basiclayer/pgfcorepathproce
ssing.code.tex
File: pgfcorepathprocessing.code.tex 2013/09/09  (rcs-revision 1.9)
)
(/usr/local/texlive/2015/texmf-dist/tex/generic/pgf/basiclayer/pgfcorearrows.co
de.tex
File: pgfcorearrows.code.tex 2013/11/07  (rcs-revision 1.40)
\pgfarrowsep=\dimen178
)
(/usr/local/texlive/2015/texmf-dist/tex/generic/pgf/basiclayer/pgfcoreshade.cod
e.tex
File: pgfcoreshade.code.tex 2013/07/15  (rcs-revision 1.15)
\pgf@max=\dimen179
\pgf@sys@shading@range@num=\count137
)
(/usr/local/texlive/2015/texmf-dist/tex/generic/pgf/basiclayer/pgfcoreimage.cod
e.tex
File: pgfcoreimage.code.tex 2013/07/15  (rcs-revision 1.18)

(/usr/local/texlive/2015/texmf-dist/tex/generic/pgf/basiclayer/pgfcoreexternal.
code.tex
File: pgfcoreexternal.code.tex 2013/07/15  (rcs-revision 1.20)
\pgfexternal@startupbox=\box71
))
(/usr/local/texlive/2015/texmf-dist/tex/generic/pgf/basiclayer/pgfcorelayers.co
de.tex
File: pgfcorelayers.code.tex 2013/07/18  (rcs-revision 1.7)
)
(/usr/local/texlive/2015/texmf-dist/tex/generic/pgf/basiclayer/pgfcoretranspare
ncy.code.tex
File: pgfcoretransparency.code.tex 2013/09/30  (rcs-revision 1.5)
)
(/usr/local/texlive/2015/texmf-dist/tex/generic/pgf/basiclayer/pgfcorepatterns.
code.tex
File: pgfcorepatterns.code.tex 2013/11/07  (rcs-revision 1.5)
)))
(/usr/local/texlive/2015/texmf-dist/tex/generic/pgf/modules/pgfmoduleshapes.cod
e.tex
File: pgfmoduleshapes.code.tex 2013/10/31  (rcs-revision 1.34)
\pgfnodeparttextbox=\box72
)
(/usr/local/texlive/2015/texmf-dist/tex/generic/pgf/modules/pgfmoduleplot.code.
tex
File: pgfmoduleplot.code.tex 2013/07/31  (rcs-revision 1.12)
)
(/usr/local/texlive/2015/texmf-dist/tex/latex/pgf/compatibility/pgfcomp-version
-0-65.sty
Package: pgfcomp-version-0-65 2007/07/03 v3.0.0 (rcs-revision 1.7)
\pgf@nodesepstart=\dimen180
\pgf@nodesepend=\dimen181
)
(/usr/local/texlive/2015/texmf-dist/tex/latex/pgf/compatibility/pgfcomp-version
-1-18.sty
Package: pgfcomp-version-1-18 2007/07/23 v3.0.0 (rcs-revision 1.1)
))
(/usr/local/texlive/2015/texmf-dist/tex/latex/pgf/utilities/pgffor.sty
(/usr/local/texlive/2015/texmf-dist/tex/latex/pgf/utilities/pgfkeys.sty
(/usr/local/texlive/2015/texmf-dist/tex/generic/pgf/utilities/pgfkeys.code.tex)
) (/usr/local/texlive/2015/texmf-dist/tex/latex/pgf/math/pgfmath.sty
(/usr/local/texlive/2015/texmf-dist/tex/generic/pgf/math/pgfmath.code.tex))
(/usr/local/texlive/2015/texmf-dist/tex/generic/pgf/utilities/pgffor.code.tex
Package: pgffor 2013/12/13 v3.0.0 (rcs-revision 1.25)

(/usr/local/texlive/2015/texmf-dist/tex/generic/pgf/math/pgfmath.code.tex)
\pgffor@iter=\dimen182
\pgffor@skip=\dimen183
\pgffor@stack=\toks37
\pgffor@toks=\toks38
))
(/usr/local/texlive/2015/texmf-dist/tex/generic/pgf/frontendlayer/tikz/tikz.cod
e.tex
Package: tikz 2013/12/13 v3.0.0 (rcs-revision 1.142)

(/usr/local/texlive/2015/texmf-dist/tex/generic/pgf/libraries/pgflibraryplothan
dlers.code.tex
File: pgflibraryplothandlers.code.tex 2013/08/31 v3.0.0 (rcs-revision 1.20)
\pgf@plot@mark@count=\count138
\pgfplotmarksize=\dimen184
)
\tikz@lastx=\dimen185
\tikz@lasty=\dimen186
\tikz@lastxsaved=\dimen187
\tikz@lastysaved=\dimen188
\tikzleveldistance=\dimen189
\tikzsiblingdistance=\dimen190
\tikz@figbox=\box73
\tikz@figbox@bg=\box74
\tikz@tempbox=\box75
\tikz@tempbox@bg=\box76
\tikztreelevel=\count139
\tikznumberofchildren=\count140
\tikznumberofcurrentchild=\count141
\tikz@fig@count=\count142

(/usr/local/texlive/2015/texmf-dist/tex/generic/pgf/modules/pgfmodulematrix.cod
e.tex
File: pgfmodulematrix.code.tex 2013/09/17  (rcs-revision 1.8)
\pgfmatrixcurrentrow=\count143
\pgfmatrixcurrentcolumn=\count144
\pgf@matrix@numberofcolumns=\count145
)
\tikz@expandcount=\count146

(/usr/local/texlive/2015/texmf-dist/tex/generic/pgf/frontendlayer/tikz/librarie
s/tikzlibrarytopaths.code.tex
File: tikzlibrarytopaths.code.tex 2008/06/17 v3.0.0 (rcs-revision 1.2)
)))
(/usr/local/texlive/2015/texmf-dist/tex/latex/everypage/everypage.sty
Package: everypage 2007/06/20 1.1 Hooks to run on every page
)
(/usr/local/texlive/2015/texmf-dist/tex/latex/tools/afterpage.sty
Package: afterpage 2014/10/28 v1.08 After-Page Package (DPC)
\AP@output=\toks39
\AP@partial=\box77
\AP@footins=\box78
))
(/usr/local/texlive/2015/texmf-dist/tex/generic/dirtree/dirtree.sty
Package: dirtree 2012/12/11 v0.32 package wrapper for dirtree

(/usr/local/texlive/2015/texmf-dist/tex/generic/dirtree/dirtree.tex
`dirtree' v0.32, 2012/12/11 (jcc)
\DT@offset=\dimen191
\DT@width=\dimen192
\DT@sep=\dimen193
\DT@all=\dimen194
\DT@rulewidth=\dimen195
\DT@dotwidth=\dimen196
\DTbaselineskip=\dimen197
\DT@counti=\count147
\DT@countii=\count148
\DT@countiii=\count149
\DT@countiv=\count150
\DT@indent=\dimen198
\DT@parskip=\dimen199
\DT@baselineskip=\dimen200
)
File: dirtree.tex 2012/12/11 v0.32 `dirtree' (jcc)
)
(/usr/local/texlive/2015/texmf-dist/tex/latex/etoolbox/etoolbox.sty
Package: etoolbox 2015/05/04 v2.2 e-TeX tools for LaTeX (JAW)
\etb@tempcnta=\count151
)
(/usr/local/texlive/2015/texmf-dist/tex/generic/pgf/frontendlayer/tikz/librarie
s/tikzlibrarycalc.code.tex
File: tikzlibrarycalc.code.tex 2013/07/15 v3.0.0 (rcs-revision 1.9)
)
(/usr/local/texlive/2015/texmf-dist/tex/latex/hyperref/hyperref.sty
Package: hyperref 2012/11/06 v6.83m Hypertext links for LaTeX

(/usr/local/texlive/2015/texmf-dist/tex/generic/oberdiek/hobsub-hyperref.sty
Package: hobsub-hyperref 2012/05/28 v1.13 Bundle oberdiek, subset hyperref (HO)


(/usr/local/texlive/2015/texmf-dist/tex/generic/oberdiek/hobsub-generic.sty
Package: hobsub-generic 2012/05/28 v1.13 Bundle oberdiek, subset generic (HO)
Package: hobsub 2012/05/28 v1.13 Construct package bundles (HO)
Package hobsub Info: Skipping package `infwarerr' (already loaded).
Package hobsub Info: Skipping package `ltxcmds' (already loaded).
Package: ifluatex 2010/03/01 v1.3 Provides the ifluatex switch (HO)
Package ifluatex Info: LuaTeX not detected.
Package hobsub Info: Skipping package `ifvtex' (already loaded).
Package: intcalc 2007/09/27 v1.1 Expandable calculations with integers (HO)
Package hobsub Info: Skipping package `ifpdf' (already loaded).
Package: etexcmds 2011/02/16 v1.5 Avoid name clashes with e-TeX commands (HO)
Package etexcmds Info: Could not find \expanded.
(etexcmds)             That can mean that you are not using pdfTeX 1.50 or
(etexcmds)             that some package has redefined \expanded.
(etexcmds)             In the latter case, load this package earlier.
Package: kvsetkeys 2012/04/25 v1.16 Key value parser (HO)
Package: kvdefinekeys 2011/04/07 v1.3 Define keys (HO)
Package: pdftexcmds 2011/11/29 v0.20 Utility functions of pdfTeX for LuaTeX (HO
)
Package pdftexcmds Info: LuaTeX not detected.
Package pdftexcmds Info: \pdf@primitive is available.
Package pdftexcmds Info: \pdf@ifprimitive is available.
Package pdftexcmds Info: \pdfdraftmode found.
Package: pdfescape 2011/11/25 v1.13 Implements pdfTeX's escape features (HO)
Package: bigintcalc 2012/04/08 v1.3 Expandable calculations on big integers (HO
)
Package: bitset 2011/01/30 v1.1 Handle bit-vector datatype (HO)
Package: uniquecounter 2011/01/30 v1.2 Provide unlimited unique counter (HO)
)
Package hobsub Info: Skipping package `hobsub' (already loaded).
Package: letltxmacro 2010/09/02 v1.4 Let assignment for LaTeX macros (HO)
Package: hopatch 2012/05/28 v1.2 Wrapper for package hooks (HO)
Package: xcolor-patch 2011/01/30 xcolor patch
Package: atveryend 2011/06/30 v1.8 Hooks at the very end of document (HO)
Package atveryend Info: \AP@enddocument detected (standard20110627).
Package: atbegshi 2011/10/05 v1.16 At begin shipout hook (HO)
Package: refcount 2011/10/16 v3.4 Data extraction from label references (HO)
Package: hycolor 2011/01/30 v1.7 Color options for hyperref/bookmark (HO)
)
(/usr/local/texlive/2015/texmf-dist/tex/latex/oberdiek/auxhook.sty
Package: auxhook 2011/03/04 v1.3 Hooks for auxiliary files (HO)
)
(/usr/local/texlive/2015/texmf-dist/tex/latex/oberdiek/kvoptions.sty
Package: kvoptions 2011/06/30 v3.11 Key value format for package options (HO)
)
\@linkdim=\dimen201
\Hy@linkcounter=\count152
\Hy@pagecounter=\count153

(/usr/local/texlive/2015/texmf-dist/tex/latex/hyperref/pd1enc.def
File: pd1enc.def 2012/11/06 v6.83m Hyperref: PDFDocEncoding definition (HO)
)
\Hy@SavedSpaceFactor=\count154

(/usr/local/texlive/2015/texmf-dist/tex/latex/latexconfig/hyperref.cfg
File: hyperref.cfg 2002/06/06 v1.2 hyperref configuration of TeXLive
)
Package hyperref Info: Hyper figures OFF on input line 4443.
Package hyperref Info: Link nesting OFF on input line 4448.
Package hyperref Info: Hyper index ON on input line 4451.
Package hyperref Info: Plain pages OFF on input line 4458.
Package hyperref Info: Backreferencing OFF on input line 4463.
Package hyperref Info: Implicit mode ON; LaTeX internals redefined.
Package hyperref Info: Bookmarks ON on input line 4688.
\c@Hy@tempcnt=\count155

(/usr/local/texlive/2015/texmf-dist/tex/latex/url/url.sty
\Urlmuskip=\muskip10
Package: url 2013/09/16  ver 3.4  Verb mode for urls, etc.
)
LaTeX Info: Redefining \url on input line 5041.
\XeTeXLinkMargin=\dimen202
\Fld@menulength=\count156
\Field@Width=\dimen203
\Fld@charsize=\dimen204
Package hyperref Info: Hyper figures OFF on input line 6295.
Package hyperref Info: Link nesting OFF on input line 6300.
Package hyperref Info: Hyper index ON on input line 6303.
Package hyperref Info: backreferencing OFF on input line 6310.
Package hyperref Info: Link coloring OFF on input line 6315.
Package hyperref Info: Link coloring with OCG OFF on input line 6320.
Package hyperref Info: PDF/A mode OFF on input line 6325.
LaTeX Info: Redefining \ref on input line 6365.
LaTeX Info: Redefining \pageref on input line 6369.
\Hy@abspage=\count157
\c@Item=\count158
\c@Hfootnote=\count159
)

Package hyperref Message: Driver (autodetected): hpdftex.

(/usr/local/texlive/2015/texmf-dist/tex/latex/hyperref/hpdftex.def
File: hpdftex.def 2012/11/06 v6.83m Hyperref driver for pdfTeX
\Fld@listcount=\count160
\c@bookmark@seq@number=\count161

(/usr/local/texlive/2015/texmf-dist/tex/latex/oberdiek/rerunfilecheck.sty
Package: rerunfilecheck 2011/04/15 v1.7 Rerun checks for auxiliary files (HO)
Package uniquecounter Info: New unique counter `rerunfilecheck' on input line 2
82.
)
\Hy@SectionHShift=\skip85
)
(/usr/local/texlive/2015/texmf-dist/tex/latex/amsmath/amsmath.sty
Package: amsmath 2013/01/14 v2.14 AMS math features
\@mathmargin=\skip86

For additional information on amsmath, use the `?' option.
(/usr/local/texlive/2015/texmf-dist/tex/latex/amsmath/amstext.sty
Package: amstext 2000/06/29 v2.01

(/usr/local/texlive/2015/texmf-dist/tex/latex/amsmath/amsgen.sty
File: amsgen.sty 1999/11/30 v2.0
\@emptytoks=\toks40
\ex@=\dimen205
))
(/usr/local/texlive/2015/texmf-dist/tex/latex/amsmath/amsbsy.sty
Package: amsbsy 1999/11/29 v1.2d
\pmbraise@=\dimen206
)
(/usr/local/texlive/2015/texmf-dist/tex/latex/amsmath/amsopn.sty
Package: amsopn 1999/12/14 v2.01 operator names
)
\inf@bad=\count162
LaTeX Info: Redefining \frac on input line 210.
\uproot@=\count163
\leftroot@=\count164
LaTeX Info: Redefining \overline on input line 306.
\classnum@=\count165
\DOTSCASE@=\count166
LaTeX Info: Redefining \ldots on input line 378.
LaTeX Info: Redefining \dots on input line 381.
LaTeX Info: Redefining \cdots on input line 466.
\Mathstrutbox@=\box79
\strutbox@=\box80
\big@size=\dimen207
LaTeX Font Info:    Redeclaring font encoding OML on input line 566.
LaTeX Font Info:    Redeclaring font encoding OMS on input line 567.
\macc@depth=\count167
\c@MaxMatrixCols=\count168
\dotsspace@=\muskip11
\c@parentequation=\count169
\dspbrk@lvl=\count170
\tag@help=\toks41
\row@=\count171
\column@=\count172
\maxfields@=\count173
\andhelp@=\toks42
\eqnshift@=\dimen208
\alignsep@=\dimen209
\tagshift@=\dimen210
\tagwidth@=\dimen211
\totwidth@=\dimen212
\lineht@=\dimen213
\@envbody=\toks43
\multlinegap=\skip87
\multlinetaggap=\skip88
\mathdisplay@stack=\toks44
LaTeX Info: Redefining \[ on input line 2665.
LaTeX Info: Redefining \] on input line 2666.
)
Package hyperref Info: Option `bookmarksnumbered' set `true' on input line 60.
Package hyperref Info: Option `colorlinks' set `false' on input line 60.
LaTeX Font Info:    Try loading font information for T1+phv on input line 66.

(/usr/local/texlive/2015/texmf-dist/tex/latex/psnfss/t1phv.fd
File: t1phv.fd 2001/06/04 scalable font definitions for T1/phv.
))
\@indexfile=\write5
\openout5 = `main.idx'.


Writing index file main.idx
(./main.aux)
\openout1 = `main.aux'.

LaTeX Font Info:    Checking defaults for OML/cmm/m/it on input line 10.
LaTeX Font Info:    ... okay on input line 10.
LaTeX Font Info:    Checking defaults for T1/cmr/m/n on input line 10.
LaTeX Font Info:    ... okay on input line 10.
LaTeX Font Info:    Checking defaults for OT1/cmr/m/n on input line 10.
LaTeX Font Info:    ... okay on input line 10.
LaTeX Font Info:    Checking defaults for OMS/cmsy/m/n on input line 10.
LaTeX Font Info:    ... okay on input line 10.
LaTeX Font Info:    Checking defaults for OMX/cmex/m/n on input line 10.
LaTeX Font Info:    ... okay on input line 10.
LaTeX Font Info:    Checking defaults for U/cmr/m/n on input line 10.
LaTeX Font Info:    ... okay on input line 10.
LaTeX Font Info:    Checking defaults for TS1/cmr/m/n on input line 10.
LaTeX Font Info:    ... okay on input line 10.
LaTeX Font Info:    Checking defaults for PD1/pdf/m/n on input line 10.
LaTeX Font Info:    ... okay on input line 10.
LaTeX Font Info:    Try loading font information for T1+ybv on input line 10.
 (/usr/local/texlive/2015/texmf-dist/tex/latex/baskervald/t1ybv.fd
File: t1ybv.fd 2010/07/13 Fontinst v1.933 font definitions for T1/ybv.
) (/usr/local/texlive/2015/texmf-dist/tex/context/base/supp-pdf.mkii
[Loading MPS to PDF converter (version 2006.09.02).]
\scratchcounter=\count174
\scratchdimen=\dimen214
\scratchbox=\box81
\nofMPsegments=\count175
\nofMParguments=\count176
\everyMPshowfont=\toks45
\MPscratchCnt=\count177
\MPscratchDim=\dimen215
\MPnumerator=\count178
\makeMPintoPDFobject=\count179
\everyMPtoPDFconversion=\toks46
) ABD: EverySelectfont initializing macros
LaTeX Info: Redefining \selectfont on input line 10.
\c@lstlisting=\count180
Package caption Info: Begin \AtBeginDocument code.
Package caption Info: float package is loaded.
Package caption Info: hyperref package is loaded.
Package caption Info: End \AtBeginDocument code.

*geometry* driver: auto-detecting
*geometry* detected driver: pdftex
*geometry* verbose mode - [ preamble ] result:
* driver: pdftex
* paper: a4paper
* layout: <same size as paper>
* layoutoffset:(h,v)=(0.0pt,0.0pt)
* modes: 
* h-part:(L,W,R)=(72.26999pt, 452.9679pt, 72.26999pt)
* v-part:(T,H,B)=(72.26999pt, 700.50687pt, 72.26999pt)
* \paperwidth=597.50787pt
* \paperheight=845.04684pt
* \textwidth=452.9679pt
* \textheight=700.50687pt
* \oddsidemargin=0.0pt
* \evensidemargin=0.0pt
* \topmargin=-39.875pt
* \headheight=18.125pt
* \headsep=21.75pt
* \topskip=12.0pt
* \footskip=18.06749pt
* \marginparwidth=51.19124pt
* \marginparsep=12.8401pt
* \columnsep=10.0pt
* \skip\footins=10.8pt plus 4.0pt minus 2.0pt
* \hoffset=0.0pt
* \voffset=0.0pt
* \mag=1000
* \@twocolumnfalse
* \@twosidefalse
* \@mparswitchfalse
* \@reversemarginfalse
* (1in=72.27pt=25.4mm, 1cm=28.453pt)

(/usr/local/texlive/2015/texmf-dist/tex/latex/oberdiek/epstopdf-base.sty
Package: epstopdf-base 2010/02/09 v2.5 Base part for package epstopdf

(/usr/local/texlive/2015/texmf-dist/tex/latex/oberdiek/grfext.sty
Package: grfext 2010/08/19 v1.1 Manage graphics extensions (HO)
)
Package grfext Info: Graphics extension search list:
(grfext)             [.png,.pdf,.jpg,.mps,.jpeg,.jbig2,.jb2,.PNG,.PDF,.JPG,.JPE
G,.JBIG2,.JB2,.eps]
(grfext)             \AppendGraphicsExtensions on input line 452.

(/usr/local/texlive/2015/texmf-dist/tex/latex/latexconfig/epstopdf-sys.cfg
File: epstopdf-sys.cfg 2010/07/13 v1.3 Configuration of (r)epstopdf for TeX Liv
e
))
ABD: EveryShipout initializing macros
\AtBeginShipoutBox=\box82
Package hyperref Info: Link coloring OFF on input line 10.

(/usr/local/texlive/2015/texmf-dist/tex/latex/hyperref/nameref.sty
Package: nameref 2012/10/27 v2.43 Cross-referencing by name of section

(/usr/local/texlive/2015/texmf-dist/tex/generic/oberdiek/gettitlestring.sty
Package: gettitlestring 2010/12/03 v1.4 Cleanup title references (HO)
)
\c@section@level=\count181
)
LaTeX Info: Redefining \ref on input line 10.
LaTeX Info: Redefining \pageref on input line 10.
LaTeX Info: Redefining \nameref on input line 10.

(./main.out) (./main.out)
\@outlinefile=\write6
\openout6 = `main.out'.

 (./title.tex
<images/enkfbanner.pdf, id=288, 415.5525pt x 116.435pt>
File: images/enkfbanner.pdf Graphic file (type pdf)

<use images/enkfbanner.pdf>
Package pdftex.def Info: images/enkfbanner.pdf used on input line 8.
(pdftex.def)             Requested size: 271.7835pt x 76.15443pt.

<images/DTClogo.png, id=289, 229.3368pt x 61.6704pt>
File: images/DTClogo.png Graphic file (type png)
 <use images/DTClogo.png>
Package pdftex.def Info: images/DTClogo.png used on input line 24.
(pdftex.def)             Requested size: 226.48395pt x 60.90518pt.

[1




{/usr/local/texlive/2015/texmf-var/fonts/map/pdftex/updmap/pdftex.map} <./image
s/enkfbanner.pdf> <./images/DTClogo.png>]) (./ack.tex [2



]) (./forward.tex
LaTeX Font Info:    Try loading font information for TS1+ybv on input line 11.

(/usr/local/texlive/2015/texmf-dist/tex/latex/baskervald/ts1ybv.fd
File: ts1ybv.fd 2010/07/13 Fontinst v1.933 font definitions for TS1/ybv.
)
LaTeX Font Info:    Font shape `T1/ybv/bx/n' in size <12> not available
(Font)              Font shape `T1/ybv/b/n' tried instead on input line 38.
 [3


]
LaTeX Font Info:    Font shape `T1/ybv/m/sl' in size <12> not available
(Font)              Font shape `T1/ybv/m/it' tried instead on input line 42.

[4])
LaTeX Font Info:    Font shape `T1/ybv/bx/n' in size <14.4> not available
(Font)              Font shape `T1/ybv/b/n' tried instead on input line 20.
LaTeX Font Info:    Font shape `T1/ybv/bx/n' in size <30> not available
(Font)              Font shape `T1/ybv/b/n' tried instead on input line 20.
LaTeX Font Info:    Font shape `T1/ybv/bx/sc' in size <30> not available
(Font)              Font shape `T1/ybv/b/sc' tried instead on input line 20.
LaTeX Font Info:    Font shape `T1/ybv/b/sc' in size <30> not available
(Font)              Font shape `T1/ybv/b/n' tried instead on input line 20.
 (./main.toc [5


])
\tf@toc=\write7
\openout7 = `main.toc'.

 [6] (./enkf_ch1.tex
Chapter 1.

Class scrbook Warning: \float@addtolists detected!
(scrbook)              Implementation of \float@addtolist became
(scrbook)              deprecated in KOMA-Script v3.01 2008/11/14 and
(scrbook)              has been replaced by several more flexible
(scrbook)              features of package `tocbasic`.
(scrbook)              Since Version 3.12 support for deprecated
(scrbook)              \float@addtolist interface has been
(scrbook)              restricted to only some of the KOMA-Script
(scrbook)              features and been removed from others.
(scrbook)              Loading of package `scrhack' may help to
(scrbook)              avoid this warning, if you are using a
(scrbook)              a package that still implements the
(scrbook)              deprecated \float@addtolist interface .

LaTeX Font Info:    Font shape `T1/ybv/bx/n' in size <120> not available
(Font)              Font shape `T1/ybv/b/n' tried instead on input line 1.

LaTeX Warning: Citation `Whitaker2002' on page 1 undefined on input line 7.


LaTeX Warning: Citation `Hunt2007' on page 1 undefined on input line 7.


LaTeX Warning: Citation `Anderson2007' on page 1 undefined on input line 7.


LaTeX Warning: Citation `Shao2016' on page 1 undefined on input line 15.

[1



] [2] [3]
Underfull \hbox (badness 2617) in paragraph at lines 88--89
[]\T1/ybv/m/n/12 Quick Scat-terom-e-ter (QuikSCAT), the Ad-vanced Scat-terom-e-
ter (AS-CAT) and
 []

[4]) (./enkf_ch2.tex [5]
Chapter 2.
[6


] [7] [8] [9]) (./enkf_ch3.tex [10]
Chapter 3.

Underfull \hbox (badness 10000) in paragraph at lines 19--21

 []

[11


] [12]
Overfull \hbox (13.20386pt too wide) in paragraph at lines 98--98
 []\T1/cmtt/m/n/10.95 satbias_pc - satellite bias correction coefficient file f
or passive channels[] 
 []

[13] [14] [15] [16] [17] [18] [19] [20] [21]
Overfull \hbox (1.67108pt too wide) in paragraph at lines 685--685
[]\T1/cmtt/m/n/8 diag_amsua_metop-a_ges.mem010   diag_conv_ges.mem004          
  fort.214                   obs_input.common[] 
 []


Overfull \hbox (27.16486pt too wide) in paragraph at lines 685--685
[]\T1/cmtt/m/n/8 diag_amsua_metop-a_ges.mem015   diag_conv_ges.mem009          
  fort.220                   prepobs_prep.bufrtable[] 
 []


Overfull \hbox (22.9159pt too wide) in paragraph at lines 685--685
[]\T1/cmtt/m/n/8 diag_amsua_n15_ges.mem004       diag_conv_ges.mem019          
  gpsrobufr                  stdout.anl.2014021300[] 
 []


Overfull \hbox (5.92004pt too wide) in paragraph at lines 685--685
[]\T1/cmtt/m/n/8 diag_amsua_n18_ges.mem004       diag_hirs4_metop-a_ges.mem019 
  list_run_directory_mem015  wrfanl.2014021300[] 
 []


Overfull \hbox (5.92004pt too wide) in paragraph at lines 685--685
[]\T1/cmtt/m/n/8 diag_amsua_n18_ges.mem006       errtable                      
  list_run_directory_mem017  wrf_inout_ensmean[] 
 []

[22]
Overfull \hbox (36.12767pt too wide) in paragraph at lines 742--779
 [][] 
 []

) (./enkf_ch4.tex [23] [24]
Chapter 4.
[25


]
Overfull \hbox (65.40552pt too wide) in paragraph at lines 71--71
[] \T1/cmtt/m/n/8 DATAPATH        = ./                                         
                                                           ,[] 
 []

[26]
Overfull \hbox (53.72087pt too wide) in paragraph at lines 105--105
[]\T1/cmtt/m/n/6 READ_CONVINFO: tcp     112    0  1   3.000      0   0   0   75
.00     5.000     1.000     75.00     0.000        0  0.000    0.000      0  0.
000    0.000     2[] 
 []


Overfull \hbox (53.72087pt too wide) in paragraph at lines 105--105
[]\T1/cmtt/m/n/6 READ_CONVINFO: ps      120    0  1   3.000      0   0   0   4.
000     3.000     1.000     4.000    0.3000E-03    0  0.000    0.000      0  0.
000    0.000     2[] 
 []


Overfull \hbox (44.1607pt too wide) in paragraph at lines 118--118
[]  \T1/cmtt/m/n/8 1 sbuv6_n14      lev =    1 use = -1 pob =     0.240 gross =
   1.000 error =   1.000 b_oz =  10.000 pg_oz =   0.000[] 
 []


Overfull \hbox (44.1607pt too wide) in paragraph at lines 118--118
[]  \T1/cmtt/m/n/8 2 sbuv6_n14      lev =    2 use = -1 pob =     0.490 gross =
   1.000 error =   1.000 b_oz =  10.000 pg_oz =   0.000[] 
 []


Overfull \hbox (44.1607pt too wide) in paragraph at lines 118--118
[]  \T1/cmtt/m/n/8 3 sbuv6_n14      lev =    3 use = -1 pob =     0.980 gross =
   1.000 error =   1.000 b_oz =  10.000 pg_oz =   0.000[] 
 []


Overfull \hbox (44.1607pt too wide) in paragraph at lines 118--118
[]\T1/cmtt/m/n/8 271 mls30_aura     lev =   54 use = -1 pob =   999.999 gross =
   9.999 error =   9.999 b_oz =  10.000 pg_oz =   0.000[] 
 []


Overfull \hbox (44.1607pt too wide) in paragraph at lines 118--118
[]\T1/cmtt/m/n/8 272 mls30_aura     lev =   55 use = -1 pob =   999.999 gross =
   9.999 error =   9.999 b_oz =  10.000 pg_oz =   0.000[] 
 []


Overfull \hbox (44.1607pt too wide) in paragraph at lines 133--133
[]   \T1/cmtt/m/n/8 1 amsua_n15      chan= 1 var= 3.000 varch_cld= 20.000 use= 
1 ermax=   4.500 b_rad= 10.00 pg_rad=  0.00 icld_det=-2[] 
 []


Overfull \hbox (44.1607pt too wide) in paragraph at lines 133--133
[]   \T1/cmtt/m/n/8 2 amsua_n15      chan= 2 var= 2.200 varch_cld= 18.000 use= 
1 ermax=   4.500 b_rad= 10.00 pg_rad=  0.00 icld_det=-2[] 
 []


Overfull \hbox (44.1607pt too wide) in paragraph at lines 133--133
[]   \T1/cmtt/m/n/8 3 amsua_n15      chan= 3 var= 2.000 varch_cld= 12.000 use= 
1 ermax=   4.500 b_rad= 10.00 pg_rad=  0.00 icld_det=-2[] 
 []


Overfull \hbox (44.1607pt too wide) in paragraph at lines 133--133
[]   \T1/cmtt/m/n/8 4 amsua_n15      chan= 4 var= 0.600 varch_cld=  3.000 use= 
1 ermax=   2.500 b_rad= 10.00 pg_rad=  0.00 icld_det=-2[] 
 []


Overfull \hbox (48.40967pt too wide) in paragraph at lines 133--133
[]\T1/cmtt/m/n/8 2722 ahi_himawari8  chan=15 var= 2.200 varch_cld=  0.000 use= 
-1 ermax=   2.000 b_rad= 10.00 pg_rad=  0.00 icld_det=-2[] 
 []


Overfull \hbox (48.40967pt too wide) in paragraph at lines 133--133
[]\T1/cmtt/m/n/8 2723 ahi_himawari8  chan=16 var= 2.200 varch_cld=  0.000 use= 
-1 ermax=   2.000 b_rad= 10.00 pg_rad=  0.00 icld_det=-2[] 
 []


Overfull \hbox (12.29349pt too wide) in paragraph at lines 145--145
[]   \T1/cmtt/m/n/6 1            amsua_n15   -1.96518   0.00000  39.06817  -0.9
2319   0.40846   0.00000   0.00000   0.00173   3.68970   2.36747   8.86294  -1.
84829[] 
 []


Overfull \hbox (12.29349pt too wide) in paragraph at lines 145--145
[]   \T1/cmtt/m/n/6 2            amsua_n15   -7.41540   0.00000  80.13801  -0.8
1847  -1.01321   0.00000   0.00000   0.01427   2.63880   8.31509  22.04145  -1.
56477[] 
 []


Overfull \hbox (12.29349pt too wide) in paragraph at lines 145--145
[]\T1/cmtt/m/n/6 2679       avhrr3_metop-b    0.00000   0.00000   0.00000   0.0
0000   0.00000   0.00000   0.00000   0.00000   0.00000   0.00000   0.00000   0.
00000[] 
 []


Overfull \hbox (12.29349pt too wide) in paragraph at lines 145--145
[]\T1/cmtt/m/n/6 2680       avhrr3_metop-b    0.00000   0.00000   0.00000   0.0
0000   0.00000   0.00000   0.00000   0.00000   0.00000   0.00000   0.00000   0.
00000[] 
 []

[27] [28] [29] [30] [31] [32]
Underfull \hbox (badness 10000) in paragraph at lines 511--518

 []


Underfull \hbox (badness 10000) in paragraph at lines 511--518

 []


Underfull \hbox (badness 10000) in paragraph at lines 511--518

 []


Underfull \hbox (badness 10000) in paragraph at lines 520--529

 []


Overfull \hbox (14.736pt too wide) in paragraph at lines 510--530
[][] [] 
 []


Underfull \hbox (badness 10000) in paragraph at lines 532--533

 []


Underfull \hbox (badness 10000) in paragraph at lines 535--544

 []


Underfull \hbox (badness 10000) in paragraph at lines 535--544

 []


Underfull \hbox (badness 10000) in paragraph at lines 535--544

 []


Overfull \hbox (14.736pt too wide) in paragraph at lines 531--545
[][] [] 
 []

[33] [34] [35]
Underfull \hbox (badness 10000) in paragraph at lines 662--663

 []

[36]
Overfull \hbox (0.8718pt too wide) in paragraph at lines 771--779
 [][] 
 []

) (./enkf_ch5.tex [37]
Chapter 5.

Underfull \hbox (badness 10000) in paragraph at lines 16--19

 []

[38


] <images/ch5_figure1.jpg, id=634, 420.57124pt x 225.84375pt>
File: images/ch5_figure1.jpg Graphic file (type jpg)

<use images/ch5_figure1.jpg>
Package pdftex.def Info: images/ch5_figure1.jpg used on input line 54.
(pdftex.def)             Requested size: 317.07614pt x 170.26802pt.
 [39 <./images/ch5_figure1.jpg>] [40]
Overfull \hbox (22.54785pt too wide) in paragraph at lines 155--155
 []\T1/cmtt/m/n/10 #BSUB -o gsi.%J.out          # output file name in which %J 
is replaced by the job ID[] 
 []


Overfull \hbox (17.29913pt too wide) in paragraph at lines 155--155
 []\T1/cmtt/m/n/10 #BSUB -e gsi.%J.err          # error file name in which %J i
s replaced by the job ID[] 
 []

[41]
Underfull \hbox (badness 10000) in paragraph at lines 233--234

 []


Underfull \hbox (badness 10000) in paragraph at lines 245--247

 []

[42] [43]
Underfull \hbox (badness 1924) in paragraph at lines 374--375
[]\T1/ybv/m/n/12 Additionally, for the GSI ob-server many files are gen-er-ated
 as a re-sult of the
 []


Overfull \hbox (8.86363pt too wide) in paragraph at lines 378--390
 [][] 
 []


Overfull \hbox (7.48967pt too wide) in paragraph at lines 395--405
 [][] 
 []

[44] [45]
Underfull \hbox (badness 10000) in paragraph at lines 503--504

 []


Overfull \hbox (14.04993pt too wide) in paragraph at lines 528--528
 [] \T1/cmtt/m/n/8 READ_BUFRTOVS         : file=mhsbufr         type=mhs       
 sis=mhs_n19              nread=         0[] 
 []

[46]
Overfull \hbox (14.04993pt too wide) in paragraph at lines 528--528
 [] \T1/cmtt/m/n/8 READ_PREPBUFR         : file=prepbufr        type=uv        
 sis=uv                   nread=     52122[] 
 []


Underfull \hbox (badness 10000) in paragraph at lines 531--532

 []


Underfull \hbox (badness 10000) in paragraph at lines 562--563

 []

[47]
Overfull \hbox (22.54785pt too wide) in paragraph at lines 603--603
 []\T1/cmtt/m/n/10 #BSUB -o gsi.%J.out          # output file name in which %J 
is replaced by the job ID[] 
 []


Overfull \hbox (17.29913pt too wide) in paragraph at lines 603--603
 []\T1/cmtt/m/n/10 #BSUB -e gsi.%J.err          # error file name in which %J i
s replaced by the job ID[] 
 []


Underfull \hbox (badness 10000) in paragraph at lines 613--614

 []


Underfull \hbox (badness 10000) in paragraph at lines 640--641

 []

[48]
Underfull \hbox (badness 10000) in paragraph at lines 656--657

 []

[49]
Overfull \hbox (29.91418pt too wide) in paragraph at lines 709--709
[]\T1/cmtt/m/n/10 diag_hirs4_metop-a_ges.ensmean  diag_hirs4_metop-a_ges.mem007
  diag_hirs4_metop-a_ges.mem014[] 
 []


Overfull \hbox (29.91418pt too wide) in paragraph at lines 709--709
[]\T1/cmtt/m/n/10 diag_hirs4_metop-a_ges.mem001   diag_hirs4_metop-a_ges.mem008
  diag_hirs4_metop-a_ges.mem015[] 
 []


Overfull \hbox (29.91418pt too wide) in paragraph at lines 709--709
[]\T1/cmtt/m/n/10 diag_hirs4_metop-a_ges.mem002   diag_hirs4_metop-a_ges.mem009
  diag_hirs4_metop-a_ges.mem016[] 
 []


Overfull \hbox (29.91418pt too wide) in paragraph at lines 709--709
[]\T1/cmtt/m/n/10 diag_hirs4_metop-a_ges.mem003   diag_hirs4_metop-a_ges.mem010
  diag_hirs4_metop-a_ges.mem017[] 
 []


Overfull \hbox (29.91418pt too wide) in paragraph at lines 709--709
[]\T1/cmtt/m/n/10 diag_hirs4_metop-a_ges.mem004   diag_hirs4_metop-a_ges.mem011
  diag_hirs4_metop-a_ges.mem018[] 
 []


Overfull \hbox (29.91418pt too wide) in paragraph at lines 709--709
[]\T1/cmtt/m/n/10 diag_hirs4_metop-a_ges.mem005   diag_hirs4_metop-a_ges.mem012
  diag_hirs4_metop-a_ges.mem019[] 
 []


Overfull \hbox (29.91418pt too wide) in paragraph at lines 709--709
[]\T1/cmtt/m/n/10 diag_hirs4_metop-a_ges.mem006   diag_hirs4_metop-a_ges.mem013
  diag_hirs4_metop-a_ges.mem020[] 
 []

[50] [51]
Overfull \hbox (22.54785pt too wide) in paragraph at lines 840--840
 []           \T1/cmtt/m/n/10 amsua_n18   1   241 -0.199E+00  0.194E+01  0.306E
+01  0.176E+01  0.250E+01[] 
 []


Overfull \hbox (22.54785pt too wide) in paragraph at lines 840--840
 []           \T1/cmtt/m/n/10 amsua_n18   2   248 -0.194E+00  0.145E+01  0.234E
+01  0.806E+00  0.220E+01[] 
 []


Overfull \hbox (22.54785pt too wide) in paragraph at lines 840--840
 []           \T1/cmtt/m/n/10 amsua_n18   3   248 -0.620E+00  0.119E+01  0.206E
+01  0.497E+00  0.200E+01[] 
 []


Overfull \hbox (22.54785pt too wide) in paragraph at lines 840--840
 []           \T1/cmtt/m/n/10 amsua_n18   4   248 -0.189E+00  0.398E+00  0.568E
+00  0.140E+00  0.550E+00[] 
 []


Overfull \hbox (22.54785pt too wide) in paragraph at lines 840--840
 []           \T1/cmtt/m/n/10 amsua_n18   5   248  0.188E-01  0.337E+00  0.315E
+00  0.966E-01  0.300E+00[] 
 []


Overfull \hbox (22.54785pt too wide) in paragraph at lines 840--840
 []           \T1/cmtt/m/n/10 amsua_n18   6  1203 -0.396E-01  0.198E+00  0.238E
+00  0.610E-01  0.230E+00[] 
 []


Overfull \hbox (22.54785pt too wide) in paragraph at lines 840--840
 []           \T1/cmtt/m/n/10 amsua_n18   7  1225 -0.215E+00  0.324E+00  0.235E
+00  0.480E-01  0.230E+00[] 
 []


Overfull \hbox (22.54785pt too wide) in paragraph at lines 840--840
 []           \T1/cmtt/m/n/10 amsua_n18   8  1155 -0.235E+00  0.369E+00  0.259E
+00  0.675E-01  0.250E+00[] 
 []


Overfull \hbox (22.54785pt too wide) in paragraph at lines 840--840
 []           \T1/cmtt/m/n/10 amsua_n18  10  1211  0.408E+00  0.491E+00  0.353E
+00  0.429E-01  0.350E+00[] 
 []


Overfull \hbox (22.54785pt too wide) in paragraph at lines 840--840
 []           \T1/cmtt/m/n/10 amsua_n18  11    12  0.720E+00  0.723E+00  0.404E
+00  0.567E-01  0.400E+00[] 
 []


Overfull \hbox (22.54785pt too wide) in paragraph at lines 840--840
 []           \T1/cmtt/m/n/10 amsua_n18  15   245 -0.311E+00  0.198E+01  0.380E
+01  0.148E+01  0.350E+01[] 
 []


Overfull \hbox (22.54785pt too wide) in paragraph at lines 840--840
 []       \T1/cmtt/m/n/10 hirs4_metop-a   3     1  0.115E+01  0.115E+01  0.534E
+00  0.631E-01  0.530E+00[] 
 []


Overfull \hbox (22.54785pt too wide) in paragraph at lines 840--840
 []       \T1/cmtt/m/n/10 hirs4_metop-a   4    42  0.260E+00  0.521E+00  0.403E
+00  0.488E-01  0.400E+00[] 
 []


Overfull \hbox (22.54785pt too wide) in paragraph at lines 840--840
 []       \T1/cmtt/m/n/10 hirs4_metop-a   5     7 -0.534E+00  0.558E+00  0.367E
+00  0.696E-01  0.360E+00[] 
 []


Overfull \hbox (22.54785pt too wide) in paragraph at lines 840--840
 []       \T1/cmtt/m/n/10 hirs4_metop-a   6     7 -0.748E+00  0.782E+00  0.473E
+00  0.109E+00  0.460E+00[] 
 []


Overfull \hbox (22.54785pt too wide) in paragraph at lines 840--840
 []       \T1/cmtt/m/n/10 hirs4_metop-a   7     9 -0.557E+00  0.815E+00  0.580E
+00  0.108E+00  0.570E+00[] 
 []


Overfull \hbox (22.54785pt too wide) in paragraph at lines 840--840
 []       \T1/cmtt/m/n/10 hirs4_metop-a   8     9  0.374E+00  0.675E+00  0.100E
+01  0.208E-01  0.100E+01[] 
 []


Overfull \hbox (22.54785pt too wide) in paragraph at lines 840--840
 []       \T1/cmtt/m/n/10 hirs4_metop-a  10     9  0.199E+00  0.581E+00  0.612E
+00  0.120E+00  0.600E+00[] 
 []


Overfull \hbox (22.54785pt too wide) in paragraph at lines 840--840
 []       \T1/cmtt/m/n/10 hirs4_metop-a  11     9 -0.380E-01  0.718E+00  0.143E
+01  0.770E+00  0.120E+01[] 
 []


Overfull \hbox (22.54785pt too wide) in paragraph at lines 840--840
 []       \T1/cmtt/m/n/10 hirs4_metop-a  12    34 -0.988E+00  0.179E+01  0.213E
+01  0.141E+01  0.160E+01[] 
 []


Overfull \hbox (22.54785pt too wide) in paragraph at lines 840--840
 []       \T1/cmtt/m/n/10 hirs4_metop-a  13     9  0.694E-01  0.330E+00  0.382E
+00  0.116E+00  0.364E+00[] 
 []


Overfull \hbox (22.54785pt too wide) in paragraph at lines 840--840
 []       \T1/cmtt/m/n/10 hirs4_metop-a  14     9 -0.369E-01  0.257E+00  0.294E
+00  0.137E+00  0.260E+00[] 
 []


Overfull \hbox (22.54785pt too wide) in paragraph at lines 840--840
 []       \T1/cmtt/m/n/10 hirs4_metop-a  15     9  0.352E-01  0.289E+00  0.281E
+00  0.107E+00  0.260E+00[] 
 []


Underfull \hbox (badness 10000) in paragraph at lines 843--844

 []

[52]
Underfull \hbox (badness 10000) in paragraph at lines 887--889

 []


Underfull \hbox (badness 10000) in paragraph at lines 906--907

 []


Overfull \hbox (22.54785pt too wide) in paragraph at lines 947--947
 []           \T1/cmtt/m/n/10 amsua_n18   1   241  0.614E+02  0.915E+02  0.263E
+01  0.823E+00  0.250E+01[] 
 []


Overfull \hbox (22.54785pt too wide) in paragraph at lines 947--947
 []           \T1/cmtt/m/n/10 amsua_n18   2   248 -0.132E+03  0.171E+03  0.223E
+01  0.376E+00  0.220E+01[] 
 []


Overfull \hbox (22.54785pt too wide) in paragraph at lines 947--947
 []           \T1/cmtt/m/n/10 amsua_n18   3   248 -0.303E+02  0.398E+02  0.201E
+01  0.244E+00  0.200E+01[] 
 []


Overfull \hbox (22.54785pt too wide) in paragraph at lines 947--947
 []           \T1/cmtt/m/n/10 amsua_n18   4   248 -0.231E+00  0.580E+01  0.555E
+00  0.776E-01  0.550E+00[] 
 []


Overfull \hbox (22.54785pt too wide) in paragraph at lines 947--947
 []           \T1/cmtt/m/n/10 amsua_n18   5   248 -0.788E+00  0.199E+01  0.305E
+00  0.575E-01  0.300E+00[] 
 []


Overfull \hbox (22.54785pt too wide) in paragraph at lines 947--947
 []           \T1/cmtt/m/n/10 amsua_n18   6  1203 -0.138E+01  0.158E+01  0.234E
+00  0.423E-01  0.230E+00[] 
 []


Overfull \hbox (22.54785pt too wide) in paragraph at lines 947--947
 []           \T1/cmtt/m/n/10 amsua_n18   7  1225 -0.273E+01  0.287E+01  0.232E
+00  0.322E-01  0.230E+00[] 
 []


Overfull \hbox (22.54785pt too wide) in paragraph at lines 947--947
 []           \T1/cmtt/m/n/10 amsua_n18   8  1155 -0.131E+01  0.186E+01  0.254E
+00  0.437E-01  0.250E+00[] 
 []

[53]
Overfull \hbox (22.54785pt too wide) in paragraph at lines 947--947
 []           \T1/cmtt/m/n/10 amsua_n18  10  1211 -0.179E+01  0.196E+01  0.352E
+00  0.374E-01  0.350E+00[] 
 []


Overfull \hbox (22.54785pt too wide) in paragraph at lines 947--947
 []           \T1/cmtt/m/n/10 amsua_n18  11    12 -0.130E+01  0.133E+01  0.404E
+00  0.537E-01  0.400E+00[] 
 []


Overfull \hbox (22.54785pt too wide) in paragraph at lines 947--947
 []           \T1/cmtt/m/n/10 amsua_n18  15   245 -0.163E+03  0.198E+03  0.357E
+01  0.693E+00  0.350E+01[] 
 []


Overfull \hbox (22.54785pt too wide) in paragraph at lines 947--947
 []       \T1/cmtt/m/n/10 hirs4_metop-a   3     1  0.118E+01  0.118E+01  0.533E
+00  0.558E-01  0.530E+00[] 
 []


Overfull \hbox (22.54785pt too wide) in paragraph at lines 947--947
 []       \T1/cmtt/m/n/10 hirs4_metop-a   4    42  0.286E+00  0.542E+00  0.403E
+00  0.455E-01  0.400E+00[] 
 []


Overfull \hbox (22.54785pt too wide) in paragraph at lines 947--947
 []       \T1/cmtt/m/n/10 hirs4_metop-a   5     7 -0.451E+00  0.487E+00  0.364E
+00  0.562E-01  0.360E+00[] 
 []


Overfull \hbox (22.54785pt too wide) in paragraph at lines 947--947
 []       \T1/cmtt/m/n/10 hirs4_metop-a   6     7 -0.724E+00  0.755E+00  0.468E
+00  0.852E-01  0.460E+00[] 
 []


Overfull \hbox (22.54785pt too wide) in paragraph at lines 947--947
 []       \T1/cmtt/m/n/10 hirs4_metop-a   7     9 -0.572E+00  0.817E+00  0.577E
+00  0.871E-01  0.570E+00[] 
 []


Overfull \hbox (22.54785pt too wide) in paragraph at lines 947--947
 []       \T1/cmtt/m/n/10 hirs4_metop-a   8     9  0.122E+01  0.136E+01  0.100E
+01  0.205E-01  0.100E+01[] 
 []


Overfull \hbox (22.54785pt too wide) in paragraph at lines 947--947
 []       \T1/cmtt/m/n/10 hirs4_metop-a  10     9  0.855E+00  0.100E+01  0.609E
+00  0.104E+00  0.600E+00[] 
 []


Overfull \hbox (22.54785pt too wide) in paragraph at lines 947--947
 []       \T1/cmtt/m/n/10 hirs4_metop-a  11     9 -0.236E-01  0.543E+00  0.130E
+01  0.507E+00  0.120E+01[] 
 []


Overfull \hbox (22.54785pt too wide) in paragraph at lines 947--947
 []       \T1/cmtt/m/n/10 hirs4_metop-a  12    34 -0.738E+00  0.153E+01  0.178E
+01  0.790E+00  0.160E+01[] 
 []


Overfull \hbox (22.54785pt too wide) in paragraph at lines 947--947
 []       \T1/cmtt/m/n/10 hirs4_metop-a  13     9  0.121E+01  0.128E+01  0.375E
+00  0.905E-01  0.364E+00[] 
 []


Overfull \hbox (22.54785pt too wide) in paragraph at lines 947--947
 []       \T1/cmtt/m/n/10 hirs4_metop-a  14     9  0.776E-01  0.256E+00  0.281E
+00  0.106E+00  0.260E+00[] 
 []


Overfull \hbox (22.54785pt too wide) in paragraph at lines 947--947
 []       \T1/cmtt/m/n/10 hirs4_metop-a  15     9  0.281E+00  0.384E+00  0.273E
+00  0.838E-01  0.260E+00[] 
 []


Overfull \hbox (22.54785pt too wide) in paragraph at lines 979--979
 []\T1/cmtt/m/n/10 #BSUB -o gsi.%J.out          # output file name in which %J 
is replaced by the job ID[] 
 []


Overfull \hbox (17.29913pt too wide) in paragraph at lines 979--979
 []\T1/cmtt/m/n/10 #BSUB -e gsi.%J.err          # error file name in which %J i
s replaced by the job ID[] 
 []

[54]
Underfull \hbox (badness 10000) in paragraph at lines 991--992

 []


Underfull \hbox (badness 4441) in paragraph at lines 1039--1040
[]\T1/ybv/m/n/12 Note that the GSI namelist gen-er-a-tion script used for the g
lobal case
 []


Underfull \hbox (badness 10000) in paragraph at lines 1039--1040

 []


Underfull \hbox (badness 10000) in paragraph at lines 1051--1052

 []

[55]
Underfull \hbox (badness 10000) in paragraph at lines 1078--1079

 []

[56]
Overfull \hbox (3.6706pt too wide) in paragraph at lines 1149--1149
[]\T1/cmtt/m/n/10 AerosolCoeff.bin                 hirs4_n19.TauCoeff.bin      
   sndrD1_g14.TauCoeff.bin[] 
 []


Overfull \hbox (3.6706pt too wide) in paragraph at lines 1149--1149
[]\T1/cmtt/m/n/10 ahi_himawari8.SpcCoeff.bin       iasi616_metop-a.SpcCoeff.bin
   sndrD1_g15.SpcCoeff.bin[] 
 []


Overfull \hbox (3.6706pt too wide) in paragraph at lines 1149--1149
[]\T1/cmtt/m/n/10 ahi_himawari8.TauCoeff.bin       iasi616_metop-a.TauCoeff.bin
   sndrD1_g15.TauCoeff.bin[] 
 []


Overfull \hbox (3.6706pt too wide) in paragraph at lines 1149--1149
[]\T1/cmtt/m/n/10 airs281SUBSET_aqua.SpcCoeff.bin  iasi616_metop-b.SpcCoeff.bin
   sndrD2_g11.SpcCoeff.bin[] 
 []


Overfull \hbox (27.33562pt too wide) in paragraph at lines 1171--1179
 [][] 
 []


Underfull \hbox (badness 1924) in paragraph at lines 1167--1181
[]\T1/ybv/m/n/12 Additionally, for the GSI ob-server many files are gen-er-ated
 as a re-sult of the
 []


Underfull \hbox (badness 10000) in paragraph at lines 1182--1183

 []


Overfull \hbox (33.78111pt too wide) in paragraph at lines 1187--1197
 [][] 
 []

[57] [58]
Overfull \hbox (5.552pt too wide) in paragraph at lines 1263--1263
 []\T1/cmtt/m/n/8 GESINFO:  jcap_b= 254, levs= 64, latb=  256, lonb=  512, ntra
c=  3, ncldt=  1, idvc=  2, nvcoord=  2,[] 
 []


Underfull \hbox (badness 10000) in paragraph at lines 1266--1267

 []


Underfull \hbox (badness 10000) in paragraph at lines 1268--1270

 []


Overfull \hbox (39.89961pt too wide) in paragraph at lines 1290--1290
 [] \T1/cmtt/m/n/8 READ_PREPBUFR         : file=prepbufr        type=pw        
 sis=pw                   nread=       345[] 
 []


Overfull \hbox (39.89961pt too wide) in paragraph at lines 1290--1290
 [] \T1/cmtt/m/n/8 READ_BUFRTOVS         : file=amsuabufr       type=amsua     
 sis=amsua_n18            nread=    202575[] 
 []


Underfull \hbox (badness 10000) in paragraph at lines 1293--1294

 []

[59]
Underfull \hbox (badness 10000) in paragraph at lines 1341--1342

 []


Underfull \hbox (badness 10000) in paragraph at lines 1344--1345

 []


Underfull \hbox (badness 2591) in paragraph at lines 1369--1371
\T1/ybv/m/n/12 Once the GSI global ob-server has been run suc-cess-fully, the n
ext step is to
 []


Underfull \hbox (badness 1043) in paragraph at lines 1369--1371
\T1/ybv/m/n/12 setup the EnKF run script, []\T1/cmtt/m/n/12 run_enkf_global.ksh
\T1/ybv/m/n/12 . This script is lo-cated un-der
 []

[60]
Overfull \hbox (22.54785pt too wide) in paragraph at lines 1382--1382
 []\T1/cmtt/m/n/10 #BSUB -o gsi.%J.out          # output file name in which %J 
is replaced by the job ID[] 
 []


Overfull \hbox (17.29913pt too wide) in paragraph at lines 1382--1382
 []\T1/cmtt/m/n/10 #BSUB -e gsi.%J.err          # error file name in which %J i
s replaced by the job ID[] 
 []


Underfull \hbox (badness 10000) in paragraph at lines 1385--1386

 []


Underfull \hbox (badness 10000) in paragraph at lines 1411--1412

 []


Underfull \hbox (badness 10000) in paragraph at lines 1432--1433

 []

[61]
Underfull \hbox (badness 10000) in paragraph at lines 1448--1449

 []

[62] [63]
Underfull \hbox (badness 10000) in paragraph at lines 1608--1609

 []

[64]
Underfull \hbox (badness 10000) in paragraph at lines 1666--1667

 []

[65]) (./enkf_ch6.tex [66]
Chapter 6.
[67


]
Missing character: There is no  in font cmr12!
Missing character: There is no  in font cmr12!
Missing character: There is no  in font cmr12!
Missing character: There is no  in font cmr12!


LaTeX Warning: Citation `Whitaker2002' on page 68 undefined on input line 35.

[68]

LaTeX Warning: Citation `Anderson2007' on page 69 undefined on input line 67.

[69]

LaTeX Warning: Citation `Whitaker2008' on page 70 undefined on input line 92.


LaTeX Warning: Citation `Whitaker2012' on page 70 undefined on input line 92.


LaTeX Warning: Citation `Whitaker2012' on page 70 undefined on input line 116.

[70]

LaTeX Warning: Citation `Houtekamer2005' on page 71 undefined on input line 118
.


LaTeX Warning: Citation `Gaspari1999' on page 71 undefined on input line 128.

[71]
LaTeX Font Info:    Font shape `T1/ybv/bx/n' in size <10> not available
(Font)              Font shape `T1/ybv/b/n' tried instead on input line 169.
 [72]
Underfull \hbox (badness 3579) in paragraph at lines 229--229
\T1/ybv/m/n/10 Determine the or-
 []


Underfull \hbox (badness 3407) in paragraph at lines 229--229
\T1/ybv/m/n/10 tions for as-sim-i-la-
 []

(/usr/local/texlive/2015/texmf-dist/tex/latex/listings/lstlang1.sty
File: lstlang1.sty 2014/09/06 1.5e listings language file
)
(/usr/local/texlive/2015/texmf-dist/tex/latex/listings/lstlang1.sty
File: lstlang1.sty 2014/09/06 1.5e listings language file
)
Underfull \hbox (badness 10000) in paragraph at lines 256--256
\T1/ybv/m/n/10 assimilation loop
 []


Underfull \hbox (badness 10000) in paragraph at lines 256--256
\T1/ybv/m/n/10 over all ob-ser-va-
 []


Underfull \hbox (badness 6708) in paragraph at lines 328--328
\T1/ybv/m/n/10 (\T1/ybv/m/it/10 kf-gain\T1/ybv/m/n/10 ) (K, Equa-tion
 []


Underfull \hbox (badness 2951) in paragraph at lines 328--328
\T1/ybv/m/n/10 ob-ser-va-tion be-ing as-
 []


Underfull \hbox (badness 4792) in paragraph at lines 328--328
\T1/ybv/m/n/10 sim-i-lated to the en-
 []


Underfull \hbox (badness 7451) in paragraph at lines 328--328
\T1/ybv/m/n/10 sem-ble mean ( \T1/ybv/m/it/10 en-s-
 []


Underfull \hbox (badness 2662) in paragraph at lines 328--328
\T1/ybv/m/n/10 ables at model grids
 []


Overfull \hbox (6.35541pt too wide) in paragraph at lines 339--340
[][][][][][][][][][][][][][][][][][][][][][][][][][][][][] 
 []


Underfull \hbox (badness 5161) in paragraph at lines 351--351
\T1/ybv/m/n/10 tion ([]6.12[])) and add
 []


Underfull \hbox (badness 10000) in paragraph at lines 351--351
\T1/ybv/m/n/10 of the ob-ser-va-tion
 []


Underfull \hbox (badness 10000) in paragraph at lines 351--351
\T1/ybv/m/n/10 be-ing as-sim-i-lated to
 []


Underfull \hbox (badness 10000) in paragraph at lines 351--351
\T1/ybv/m/it/10 and anal_obchunk
 []


Underfull \hbox (badness 5622) in paragraph at lines 351--351
\T1/ybv/m/n/10 (Equa-tions ([]6.10[]) and
 []


Overfull \hbox (27.47617pt too wide) in paragraph at lines 287--368
 [] 
 []

[73]) (./enkf_appendix_A.tex [74]
Appendix A.

Underfull \hbox (badness 10000) in paragraph at lines 3--4

 []


Underfull \hbox (badness 10000) in paragraph at lines 13--13
[]|\T1/ybv/m/n/12 Character
 []


Overfull \hbox (7.6417pt too wide) in paragraph at lines 42--42
[]|\T1/ybv/m/n/12 readin_localization| 
 []


Underfull \hbox (badness 10000) in paragraph at lines 57--57
[]|\T1/ybv/m/n/12 length for ver-ti-cal lo-cal-iza-tion in
 []

[75


]
Underfull \hbox (badness 2503) in paragraph at lines 87--87
[]|\T1/ybv/m/n/12 number of 3d vari-ables to up-date.
 []


Underfull \hbox (badness 3250) in paragraph at lines 87--87
\T1/ybv/m/n/12 For hy-dro-static mod-els, typ-i-cally 5
 []


Underfull \hbox (badness 4391) in paragraph at lines 98--98
\T1/ybv/m/n/12 cor-rec-tion up-date. (only rel-e-vant
 []


Underfull \hbox (badness 2205) in paragraph at lines 127--127
[]|\T1/ybv/m/n/12 logical to use data on scan edges
 []


Overfull \hbox (0.94568pt too wide) in paragraph at lines 157--157
[]|\T1/ybv/m/n/12 character(len=20)
 []


Underfull \hbox (badness 10000) in paragraph at lines 157--157
\T1/ybv/m/n/12 ar-ray (nsat-
 []


Underfull \hbox (badness 10000) in paragraph at lines 158--158
[]|\T1/ybv/m/n/12 strings cor-re-spond-ing to sat-
 []


Overfull \hbox (0.94568pt too wide) in paragraph at lines 159--159
[]|\T1/ybv/m/n/12 character(len=20)
 []


Underfull \hbox (badness 10000) in paragraph at lines 159--159
\T1/ybv/m/n/12 ar-ray (nsat-
 []


Overfull \hbox (0.94568pt too wide) in paragraph at lines 172--172
[]|\T1/ybv/m/n/12 character(len=20)
 []


Underfull \hbox (badness 10000) in paragraph at lines 172--172
\T1/ybv/m/n/12 ar-ray (nsat-
 []

) [76] [77] [78] [79]
No file main.bbl.
Package atveryend Info: Empty hook `BeforeClearDocument' on input line 46.
Package atveryend Info: Empty hook `AfterLastShipout' on input line 46.
(./main.aux)
Package atveryend Info: Executing hook `AtVeryEndDocument' on input line 46.
Package atveryend Info: Executing hook `AtEndAfterFileList' on input line 46.
Package rerunfilecheck Info: File `main.out' has not changed.
(rerunfilecheck)             Checksum: 97869C7147D7AC4D8056C2DA2EB4DEEC;6015.


LaTeX Warning: There were undefined references.

Package atveryend Info: Empty hook `AtVeryVeryEnd' on input line 46.
 ) 
Here is how much of TeX's memory you used:
 24794 strings out of 493089
 439870 string characters out of 6134842
 634977 words of memory out of 5000000
 27426 multiletter control sequences out of 15000+600000
 113273 words of font info for 87 fonts, out of 8000000 for 9000
 1141 hyphenation exceptions out of 8191
 82i,17n,106p,1162b,1501s stack positions out of 5000i,500n,10000p,200000b,80000s
{/usr/local/texlive/2015/texmf-dist/fonts/enc/dvips/cm-super/cm-super-t1.enc}
{/usr/local/texlive/2015/texmf-dist/fonts/enc/dvips/baskervald/supp-ybv.enc}{/u
sr/local/texlive/2015/texmf-dist/fonts/enc/dvips/cm-super/cm-super-ts1.enc}{/us
r/local/texlive/2015/texmf-dist/fonts/enc/dvips/base/8r.enc}</usr/local/texlive
/2015/texmf-dist/fonts/type1/public/amsfonts/cm/cmbx12.pfb></usr/local/texlive/
2015/texmf-dist/fonts/type1/public/amsfonts/cm/cmex10.pfb></usr/local/texlive/2
015/texmf-dist/fonts/type1/public/amsfonts/cm/cmmi10.pfb></usr/local/texlive/20
15/texmf-dist/fonts/type1/public/amsfonts/cm/cmmi12.pfb></usr/local/texlive/201
5/texmf-dist/fonts/type1/public/amsfonts/cm/cmmi7.pfb></usr/local/texlive/2015/
texmf-dist/fonts/type1/public/amsfonts/cm/cmmi8.pfb></usr/local/texlive/2015/te
xmf-dist/fonts/type1/public/amsfonts/cm/cmr10.pfb></usr/local/texlive/2015/texm
f-dist/fonts/type1/public/amsfonts/cm/cmr12.pfb></usr/local/texlive/2015/texmf-
dist/fonts/type1/public/amsfonts/cm/cmr7.pfb></usr/local/texlive/2015/texmf-dis
t/fonts/type1/public/amsfonts/cm/cmr8.pfb></usr/local/texlive/2015/texmf-dist/f
onts/type1/public/amsfonts/cm/cmsy10.pfb></usr/local/texlive/2015/texmf-dist/fo
nts/type1/public/amsfonts/cm/cmsy7.pfb></usr/local/texlive/2015/texmf-dist/font
s/type1/public/amsfonts/cm/cmsy8.pfb></usr/local/texlive/2015/texmf-dist/fonts/
type1/public/cm-super/sfss1728.pfb></usr/local/texlive/2015/texmf-dist/fonts/ty
pe1/public/cm-super/sfsx1000.pfb></usr/local/texlive/2015/texmf-dist/fonts/type
1/public/cm-super/sftt0800.pfb></usr/local/texlive/2015/texmf-dist/fonts/type1/
public/cm-super/sftt1000.pfb></usr/local/texlive/2015/texmf-dist/fonts/type1/pu
blic/cm-super/sftt1200.pfb></usr/local/texlive/2015/texmf-dist/fonts/type1/arka
ndis/baskervald/ybvb8a.pfb></usr/local/texlive/2015/texmf-dist/fonts/type1/arka
ndis/baskervald/ybvr8a.pfb></usr/local/texlive/2015/texmf-dist/fonts/type1/arka
ndis/baskervald/ybvri8a.pfb>
Output written on main.pdf (85 pages, 707973 bytes).
PDF statistics:
 1108 PDF objects out of 1200 (max. 8388607)
 983 compressed objects within 10 object streams
 319 named destinations out of 1000 (max. 500000)
 588 words of extra memory for PDF output out of 10000 (max. 10000000)

