Start prolog.task v19.07.23 on node t0941 for job 2014936 :: Mon Aug 19 20:37:56 GMT 2019
_______________________________________________________________
End prolog.task v19.07.23 Mon Aug 19 20:37:56 GMT 2019
_scratch4_NCEPDEV_da_save_Louis.Kouvaris_fv3gfs_sorc_gsi.fd_build
beginning regression_var.sh, machine is Theia
machine is set to 'Theia'
done loading modules

Currently Loaded Modules:
  1) intel/15.6.233    6) nemsio/v2.2.1  11) w3emc/v2.3.0
  2) mvapich2/2.1rc1   7) sfcio/v1.0.0   12) bacio/v2.0.2
  3) hdf5/1.8.14       8) sigio/v2.0.1   13) crtm/v2.2.3
  4) netcdf/4.3.0      9) sp/v2.0.2      14) prod_util/1.0.18
  5) bufr/v10.2.5     10) w3nco/v2.0.6   15) cmake/3.12.3-gcc-8.2.0

 

+ exp=global_T62_loproc_updat
+ export LEVS=64
+ LEVS=64
+ export JCAP_B=62
+ JCAP_B=62
+ tmpdir=/scratch4/NCEPDEV/stmp3/Louis.Kouvaris/_scratch4_NCEPDEV_da_save_Louis.Kouvaris_fv3gfs_sorc_gsi.fd_build/tmpreg_global_T62/global_T62_loproc_updat
+ savdir=/scratch4/NCEPDEV/stmp3/Louis.Kouvaris/_scratch4_NCEPDEV_da_save_Louis.Kouvaris_fv3gfs_sorc_gsi.fd_build/out62/global_T62_loproc_updat
+ fixcrtm=/scratch4/NCEPDEV/da/save/Michael.Lueken/nwprod/lib/crtm/2.2.3/fix_update
+ UNCOMPRESS=gunzip
+ CLEAN=NO
+ ncp=/bin/cp
+ [[ 62 = \5\7\4 ]]
+ [[ 62 = \3\8\2 ]]
+ [[ 62 = \1\2\6 ]]
+ [[ 62 = \6\2 ]]
+ export LONA=192
+ LONA=192
+ export LATA=94
+ LATA=94
+ export DELTIM=1200
+ DELTIM=1200
+ export resol=2
+ resol=2
+ export NLAT=96
+ NLAT=96
++ /scratch4/NCEPDEV/da/save/Michael.Lueken/nwprod/util/exec/ndate -06 2016120300
+ gdate=2016120218
++ echo 2016120300
++ cut -c9-10
+ hha=00
++ echo 2016120218
++ cut -c9-10
+ hhg=18
+ prefix_obs=gdas1.t00z.
+ prefix_prep=gdas1.t00z.
+ prefix_tbc=gdas1.t18z
+ prefix_sfc=gdas2.t18z
+ prefix_atm=gdas2.t00z
+ suffix_obs=gdas.2016120300
+ suffix_bias=gdas.2016120218
+ rm -rf /scratch4/NCEPDEV/stmp3/Louis.Kouvaris/_scratch4_NCEPDEV_da_save_Louis.Kouvaris_fv3gfs_sorc_gsi.fd_build/tmpreg_global_T62/global_T62_loproc_updat
+ mkdir -p /scratch4/NCEPDEV/stmp3/Louis.Kouvaris/_scratch4_NCEPDEV_da_save_Louis.Kouvaris_fv3gfs_sorc_gsi.fd_build/tmpreg_global_T62/global_T62_loproc_updat
+ cd /scratch4/NCEPDEV/stmp3/Louis.Kouvaris/_scratch4_NCEPDEV_da_save_Louis.Kouvaris_fv3gfs_sorc_gsi.fd_build/tmpreg_global_T62/global_T62_loproc_updat
+ rm -rf 'core*'
+ ICO2=0
+ '[' 0 -gt 0 ']'
+ ICH4=0
+ '[' 0 -gt 0 ']'
+ IN2O=0
+ '[' 0 -gt 0 ']'
+ ICO=0
+ '[' 0 -gt 0 ']'
+ . /scratch4/NCEPDEV/da/save/Louis.Kouvaris/fv3gfs/sorc/gsi.fd/regression/regression_nl_update.sh
+++ expr substr global_T62_loproc_updat 1 6
++ [[ global = \g\l\o\b\a\l ]]
+++ expr substr global_T62_loproc_updat 8 5
++ [[ T62_l = \4\d\v\a\r ]]
+++ expr substr global_T62_loproc_updat 8 7
++ [[ T62_lop = \l\a\n\c\z\o\s ]]
+++ expr substr global_T62_loproc_updat 12 6
++ [[ loproc = \o\z\o\n\l\y ]]
++ export SETUP_update=newpc4pred=.true.,adp_anglebc=.true.,angord=4,passive_bc=.true.,use_edges=.false.,diag_precon=.true.,step_start=1.0e-3,emiss_bc=.true.,cwoption=3,
++ SETUP_update=newpc4pred=.true.,adp_anglebc=.true.,angord=4,passive_bc=.true.,use_edges=.false.,diag_precon=.true.,step_start=1.0e-3,emiss_bc=.true.,cwoption=3,
++ export SETUP_enkf=univaroz=.true.,adp_anglebc=.true.,angord=4,use_edges=.false.,emiss_bc=.true.,
++ SETUP_enkf=univaroz=.true.,adp_anglebc=.true.,angord=4,use_edges=.false.,emiss_bc=.true.,
+++ expr substr global_T62_loproc_updat 1 4
++ [[ glob = \r\t\m\a ]]
++ export OBSQC_update=
++ OBSQC_update=
++ export GRIDOPTS_update=
++ GRIDOPTS_update=
++ export BKGVERR_update=
++ BKGVERR_update=
++ export ANBKGERR_update=
++ ANBKGERR_update=
++ export JCOPTS_update=
++ JCOPTS_update=
+++ expr substr global_T62_loproc_updat 1 6
++ [[ global = \g\l\o\b\a\l ]]
+++ expr substr global_T62_loproc_updat 19 23
++ [[ updat = \u\p\d\a\t ]]
++ export STRONGOPTS_update=
++ STRONGOPTS_update=
++ export OBSINPUT_update=
++ OBSINPUT_update=
++ export SUPERRAD_update=
++ SUPERRAD_update=
++ export SINGLEOB_update=
++ SINGLEOB_update=
+ SETUP=newpc4pred=.true.,adp_anglebc=.true.,angord=4,passive_bc=.true.,use_edges=.false.,diag_precon=.true.,step_start=1.0e-3,emiss_bc=.true.,cwoption=3,
+ GRIDOPTS=
+ BKGVERR=
+ ANBKGERR=
+ JCOPTS=
+ STRONGOPTS=
+ OBSQC=
+ OBSINPUT=
+ SUPERRAD=
+ SINGLEOB=
+ '[' .false. = .false. ']'
+ . /scratch4/NCEPDEV/da/save/Louis.Kouvaris/fv3gfs/sorc/gsi.fd/regression/regression_namelists.sh global_T62
++ regtest=global_T62
++ case $regtest in
++ export 'gsi_namelist= 

 &SETUP
   miter=2,niter(1)=100,niter(2)=150,
   niter_no_qc(1)=50,niter_no_qc(2)=0,
   write_diag(1)=.true.,write_diag(2)=.false.,write_diag(3)=.true.,
   gencode=82,qoption=2,cwoption=3,
   factqmin=5.0,factqmax=5.0,deltim=1200,
   iguess=-1,
   oneobtest=.false.,retrieval=.false.,l_foto=.false.,
   use_pbl=.false.,use_compress=.true.,nsig_ext=12,gpstop=50.,
   use_gfs_nemsio=.false.,lrun_subdirs=.true.,
   newpc4pred=.true.,adp_anglebc=.true.,angord=4,passive_bc=.true.,use_edges=.false.,diag_precon=.true.,step_start=1.0e-3,emiss_bc=.true.,cwoption=3,
 /
 &GRIDOPTS
   JCAP=62,JCAP_B=62,NLAT=96,NLON=192,nsig=64,
   regional=.false.,nlayers(63)=3,nlayers(64)=6,
   
 /
 &BKGERR
   vs=0.7,
   hzscl=1.7,0.8,0.5,
   hswgt=0.45,0.3,0.25,
   bw=0.0,norsp=4,
   bkgv_flowdep=.true.,bkgv_rewgtfct=1.5,
   
 /
 &ANBKGERR
   anisotropic=.false.,
   
 /
 &JCOPTS
   ljcdfi=.false.,alphajc=0.0,ljcpdry=.true.,bamp_jcpdry=5.0e7,
   
 /
 &STRONGOPTS
   tlnmc_option=1,nstrong=1,nvmodes_keep=8,period_max=6.,period_width=1.5,
   baldiag_full=.true.,baldiag_inc=.true.,
   
 /
 &OBSQC
   dfact=0.75,dfact1=3.0,noiqc=.true.,oberrflg=.false.,c_varqc=0.02,
   use_poq7=.true.,njqc=.false.,vqc=.true.,
   
 /
 &OBS_INPUT
   dmesh(1)=145.0,dmesh(2)=150.0,time_window_max=3.0,
   
 /
OBS_INPUT::
!  dfile          dtype       dplat     dsis                 dval    dthin dsfcalc
   prepbufr       ps          null      ps                   0.0     0     0
   prepbufr       t           null      t                    0.0     0     0
   prepbufr       q           null      q                    0.0     0     0
   prepbufr       pw          null      pw                   0.0     0     0
   satwndbufr     uv          null      uv                   0.0     0     0
   prepbufr       uv          null      uv                   0.0     0     0
   prepbufr       spd         null      spd                  0.0     0     0
   prepbufr       dw          null      dw                   0.0     0     0
   radarbufr      rw          null      l3rw                 0.0     0     0
   l2rwbufr       rw          null      l2rw                 0.0     0     0
   prepbufr       sst         null      sst                  0.0     0     0
   gpsrobufr      gps_bnd  null      gps                  0.0     0     0
   ssmirrbufr     pcp_ssmi    dmsp      pcp_ssmi             0.0    -1     0
   tmirrbufr      pcp_tmi     trmm      pcp_tmi              0.0    -1     0
   sbuvbufr       sbuv2       n16       sbuv8_n16            0.0     0     0
   sbuvbufr       sbuv2       n17       sbuv8_n17            0.0     0     0
   sbuvbufr       sbuv2       n18       sbuv8_n18            0.0     0     0
   hirs3bufr      hirs3       n17       hirs3_n17            0.0     1     1
   hirs4bufr      hirs4       metop-a   hirs4_metop-a        0.0     1     1
   gimgrbufr      goes_img    g11       imgr_g11             0.0     1     0
   gimgrbufr      goes_img    g12       imgr_g12             0.0     1     0
   airsbufr       airs        aqua      airs_aqua            0.0     1     1
   amsuabufr      amsua       n15       amsua_n15            0.0     1     1
   amsuabufr      amsua       n18       amsua_n18            0.0     1     1
   amsuabufr      amsua       metop-a   amsua_metop-a        0.0     1     1
   airsbufr       amsua       aqua      amsua_aqua           0.0     1     1
   amsubbufr      amsub       n17       amsub_n17            0.0     1     1
   mhsbufr        mhs         n18       mhs_n18              0.0     1     1
   mhsbufr        mhs         metop-a   mhs_metop-a          0.0     1     1
   ssmitbufr      ssmi        f15       ssmi_f15             0.0     1     0
   amsrebufr      amsre_low   aqua      amsre_aqua           0.0     1     0
   amsrebufr      amsre_mid   aqua      amsre_aqua           0.0     1     0
   amsrebufr      amsre_hig   aqua      amsre_aqua           0.0     1     0
   ssmisbufr      ssmis_las   f16       ssmis_f16            0.0     1     0
   ssmisbufr      ssmis_uas   f16       ssmis_f16            0.0     1     0
   ssmisbufr      ssmis_img   f16       ssmis_f16            0.0     1     0
   ssmisbufr      ssmis_env   f16       ssmis_f16            0.0     1     0
   gsnd1bufr      sndrd1      g12       sndrD1_g12           0.0     1     0
   gsnd1bufr      sndrd2      g12       sndrD2_g12           0.0     1     0
   gsnd1bufr      sndrd3      g12       sndrD3_g12           0.0     1     0
   gsnd1bufr      sndrd4      g12       sndrD4_g12           0.0     1     0
   gsnd1bufr      sndrd1      g11       sndrD1_g11           0.0     1     0
   gsnd1bufr      sndrd2      g11       sndrD2_g11           0.0     1     0
   gsnd1bufr      sndrd3      g11       sndrD3_g11           0.0     1     0
   gsnd1bufr      sndrd4      g11       sndrD4_g11           0.0     1     0
   gsnd1bufr      sndrd1      g13       sndrD1_g13           0.0     1     0
   gsnd1bufr      sndrd2      g13       sndrD2_g13           0.0     1     0
   gsnd1bufr      sndrd3      g13       sndrD3_g13           0.0     1     0
   gsnd1bufr      sndrd4      g13       sndrD4_g13           0.0     1     0
   iasibufr       iasi        metop-a   iasi_metop-a         0.0     1     1
   gomebufr       gome        metop-a   gome_metop-a         0.0     2     0
   omibufr        omi         aura      omi_aura             0.0     2     0
   sbuvbufr       sbuv2       n19       sbuv8_n19            0.0     0     0
   hirs4bufr      hirs4       n19       hirs4_n19            0.0     1     1
   amsuabufr      amsua       n19       amsua_n19            0.0     1     1
   mhsbufr        mhs         n19       mhs_n19              0.0     1     1
   tcvitl         tcp         null      tcp                  0.0     0     0
   seviribufr     seviri      m08       seviri_m08           0.0     1     0
   seviribufr     seviri      m09       seviri_m09           0.0     1     0
   seviribufr     seviri      m10       seviri_m10           0.0     1     0
   seviribufr     seviri      m11       seviri_m11           0.0     1     0
   hirs4bufr      hirs4       metop-b   hirs4_metop-b        0.0     1     0
   amsuabufr      amsua       metop-b   amsua_metop-b        0.0     1     0
   mhsbufr        mhs         metop-b   mhs_metop-b          0.0     1     0
   iasibufr       iasi        metop-b   iasi_metop-b         0.0     1     0
   gomebufr       gome        metop-b   gome_metop-b         0.0     2     0
   atmsbufr       atms        npp       atms_npp             0.0     1     0
   atmsbufr       atms        n20       atms_n20             0.0     1     0
   crisbufr       cris        npp       cris_npp             0.0     1     0
   crisfsbufr     cris-fsr    npp       cris-fsr_npp         0.0     1     0
   crisfsbufr     cris-fsr    n20       cris-fsr_n20         0.0     1     0
   mlsbufr        mls30       aura      mls30_aura           0.0     0     0
   oscatbufr      uv          null      uv                   0.0     0     0
   ompsnpbufr     ompsnp      npp       ompsnp_npp           0.0     0     0
   ompstcbufr     ompstc8     npp       ompstc8_npp          0.0     2     0
   abibufr        abi         g16       abi_g16              0.0     1     0
::
  &SUPEROB_RADAR
   
 /
 &LAG_DATA
 /
 &HYBRID_ENSEMBLE
   l_hyb_ens=.false.,
   n_ens=10,
   uv_hyb_ens=.true.,
   beta_s0=0.5,
   readin_beta=.false.,
   s_ens_h=1500,
   s_ens_v=20,
   generate_ens=.true.,
   aniso_a_en=.false.,
   nlon_ens=192,
   nlat_ens=96,
   jcap_ens=62,
   jcap_ens_test=62,
 /
 &RAPIDREFRESH_CLDSURF
   dfi_radar_latent_heat_time_period=30.0,
 /
 &CHEM
 /
 &SINGLEOB_TEST
   maginnov=0.1,magoberr=0.1,oneob_type='\''t'\'',
   oblat=45.,oblon=180.,obpres=1000.,obdattim=,
   obhourset=0.,
   
 /
 &NST
 /
'
++ gsi_namelist=' 

 &SETUP
   miter=2,niter(1)=100,niter(2)=150,
   niter_no_qc(1)=50,niter_no_qc(2)=0,
   write_diag(1)=.true.,write_diag(2)=.false.,write_diag(3)=.true.,
   gencode=82,qoption=2,cwoption=3,
   factqmin=5.0,factqmax=5.0,deltim=1200,
   iguess=-1,
   oneobtest=.false.,retrieval=.false.,l_foto=.false.,
   use_pbl=.false.,use_compress=.true.,nsig_ext=12,gpstop=50.,
   use_gfs_nemsio=.false.,lrun_subdirs=.true.,
   newpc4pred=.true.,adp_anglebc=.true.,angord=4,passive_bc=.true.,use_edges=.false.,diag_precon=.true.,step_start=1.0e-3,emiss_bc=.true.,cwoption=3,
 /
 &GRIDOPTS
   JCAP=62,JCAP_B=62,NLAT=96,NLON=192,nsig=64,
   regional=.false.,nlayers(63)=3,nlayers(64)=6,
   
 /
 &BKGERR
   vs=0.7,
   hzscl=1.7,0.8,0.5,
   hswgt=0.45,0.3,0.25,
   bw=0.0,norsp=4,
   bkgv_flowdep=.true.,bkgv_rewgtfct=1.5,
   
 /
 &ANBKGERR
   anisotropic=.false.,
   
 /
 &JCOPTS
   ljcdfi=.false.,alphajc=0.0,ljcpdry=.true.,bamp_jcpdry=5.0e7,
   
 /
 &STRONGOPTS
   tlnmc_option=1,nstrong=1,nvmodes_keep=8,period_max=6.,period_width=1.5,
   baldiag_full=.true.,baldiag_inc=.true.,
   
 /
 &OBSQC
   dfact=0.75,dfact1=3.0,noiqc=.true.,oberrflg=.false.,c_varqc=0.02,
   use_poq7=.true.,njqc=.false.,vqc=.true.,
   
 /
 &OBS_INPUT
   dmesh(1)=145.0,dmesh(2)=150.0,time_window_max=3.0,
   
 /
OBS_INPUT::
!  dfile          dtype       dplat     dsis                 dval    dthin dsfcalc
   prepbufr       ps          null      ps                   0.0     0     0
   prepbufr       t           null      t                    0.0     0     0
   prepbufr       q           null      q                    0.0     0     0
   prepbufr       pw          null      pw                   0.0     0     0
   satwndbufr     uv          null      uv                   0.0     0     0
   prepbufr       uv          null      uv                   0.0     0     0
   prepbufr       spd         null      spd                  0.0     0     0
   prepbufr       dw          null      dw                   0.0     0     0
   radarbufr      rw          null      l3rw                 0.0     0     0
   l2rwbufr       rw          null      l2rw                 0.0     0     0
   prepbufr       sst         null      sst                  0.0     0     0
   gpsrobufr      gps_bnd  null      gps                  0.0     0     0
   ssmirrbufr     pcp_ssmi    dmsp      pcp_ssmi             0.0    -1     0
   tmirrbufr      pcp_tmi     trmm      pcp_tmi              0.0    -1     0
   sbuvbufr       sbuv2       n16       sbuv8_n16            0.0     0     0
   sbuvbufr       sbuv2       n17       sbuv8_n17            0.0     0     0
   sbuvbufr       sbuv2       n18       sbuv8_n18            0.0     0     0
   hirs3bufr      hirs3       n17       hirs3_n17            0.0     1     1
   hirs4bufr      hirs4       metop-a   hirs4_metop-a        0.0     1     1
   gimgrbufr      goes_img    g11       imgr_g11             0.0     1     0
   gimgrbufr      goes_img    g12       imgr_g12             0.0     1     0
   airsbufr       airs        aqua      airs_aqua            0.0     1     1
   amsuabufr      amsua       n15       amsua_n15            0.0     1     1
   amsuabufr      amsua       n18       amsua_n18            0.0     1     1
   amsuabufr      amsua       metop-a   amsua_metop-a        0.0     1     1
   airsbufr       amsua       aqua      amsua_aqua           0.0     1     1
   amsubbufr      amsub       n17       amsub_n17            0.0     1     1
   mhsbufr        mhs         n18       mhs_n18              0.0     1     1
   mhsbufr        mhs         metop-a   mhs_metop-a          0.0     1     1
   ssmitbufr      ssmi        f15       ssmi_f15             0.0     1     0
   amsrebufr      amsre_low   aqua      amsre_aqua           0.0     1     0
   amsrebufr      amsre_mid   aqua      amsre_aqua           0.0     1     0
   amsrebufr      amsre_hig   aqua      amsre_aqua           0.0     1     0
   ssmisbufr      ssmis_las   f16       ssmis_f16            0.0     1     0
   ssmisbufr      ssmis_uas   f16       ssmis_f16            0.0     1     0
   ssmisbufr      ssmis_img   f16       ssmis_f16            0.0     1     0
   ssmisbufr      ssmis_env   f16       ssmis_f16            0.0     1     0
   gsnd1bufr      sndrd1      g12       sndrD1_g12           0.0     1     0
   gsnd1bufr      sndrd2      g12       sndrD2_g12           0.0     1     0
   gsnd1bufr      sndrd3      g12       sndrD3_g12           0.0     1     0
   gsnd1bufr      sndrd4      g12       sndrD4_g12           0.0     1     0
   gsnd1bufr      sndrd1      g11       sndrD1_g11           0.0     1     0
   gsnd1bufr      sndrd2      g11       sndrD2_g11           0.0     1     0
   gsnd1bufr      sndrd3      g11       sndrD3_g11           0.0     1     0
   gsnd1bufr      sndrd4      g11       sndrD4_g11           0.0     1     0
   gsnd1bufr      sndrd1      g13       sndrD1_g13           0.0     1     0
   gsnd1bufr      sndrd2      g13       sndrD2_g13           0.0     1     0
   gsnd1bufr      sndrd3      g13       sndrD3_g13           0.0     1     0
   gsnd1bufr      sndrd4      g13       sndrD4_g13           0.0     1     0
   iasibufr       iasi        metop-a   iasi_metop-a         0.0     1     1
   gomebufr       gome        metop-a   gome_metop-a         0.0     2     0
   omibufr        omi         aura      omi_aura             0.0     2     0
   sbuvbufr       sbuv2       n19       sbuv8_n19            0.0     0     0
   hirs4bufr      hirs4       n19       hirs4_n19            0.0     1     1
   amsuabufr      amsua       n19       amsua_n19            0.0     1     1
   mhsbufr        mhs         n19       mhs_n19              0.0     1     1
   tcvitl         tcp         null      tcp                  0.0     0     0
   seviribufr     seviri      m08       seviri_m08           0.0     1     0
   seviribufr     seviri      m09       seviri_m09           0.0     1     0
   seviribufr     seviri      m10       seviri_m10           0.0     1     0
   seviribufr     seviri      m11       seviri_m11           0.0     1     0
   hirs4bufr      hirs4       metop-b   hirs4_metop-b        0.0     1     0
   amsuabufr      amsua       metop-b   amsua_metop-b        0.0     1     0
   mhsbufr        mhs         metop-b   mhs_metop-b          0.0     1     0
   iasibufr       iasi        metop-b   iasi_metop-b         0.0     1     0
   gomebufr       gome        metop-b   gome_metop-b         0.0     2     0
   atmsbufr       atms        npp       atms_npp             0.0     1     0
   atmsbufr       atms        n20       atms_n20             0.0     1     0
   crisbufr       cris        npp       cris_npp             0.0     1     0
   crisfsbufr     cris-fsr    npp       cris-fsr_npp         0.0     1     0
   crisfsbufr     cris-fsr    n20       cris-fsr_n20         0.0     1     0
   mlsbufr        mls30       aura      mls30_aura           0.0     0     0
   oscatbufr      uv          null      uv                   0.0     0     0
   ompsnpbufr     ompsnp      npp       ompsnp_npp           0.0     0     0
   ompstcbufr     ompstc8     npp       ompstc8_npp          0.0     2     0
   abibufr        abi         g16       abi_g16              0.0     1     0
::
  &SUPEROB_RADAR
   
 /
 &LAG_DATA
 /
 &HYBRID_ENSEMBLE
   l_hyb_ens=.false.,
   n_ens=10,
   uv_hyb_ens=.true.,
   beta_s0=0.5,
   readin_beta=.false.,
   s_ens_h=1500,
   s_ens_v=20,
   generate_ens=.true.,
   aniso_a_en=.false.,
   nlon_ens=192,
   nlat_ens=96,
   jcap_ens=62,
   jcap_ens_test=62,
 /
 &RAPIDREFRESH_CLDSURF
   dfi_radar_latent_heat_time_period=30.0,
 /
 &CHEM
 /
 &SINGLEOB_TEST
   maginnov=0.1,magoberr=0.1,oneob_type='\''t'\'',
   oblat=45.,oblon=180.,obpres=1000.,obdattim=,
   obhourset=0.,
   
 /
 &NST
 /
'
+ cat
+ berror=/scratch4/NCEPDEV/da/save/Louis.Kouvaris/fv3gfs/sorc/gsi.fd/fix/Big_Endian/global_berror.l64y96.f77
+ emiscoef_IRwater=/scratch4/NCEPDEV/da/save/Michael.Lueken/nwprod/lib/crtm/2.2.3/fix_update/Nalli.IRwater.EmisCoeff.bin
+ emiscoef_IRice=/scratch4/NCEPDEV/da/save/Michael.Lueken/nwprod/lib/crtm/2.2.3/fix_update/NPOESS.IRice.EmisCoeff.bin
+ emiscoef_IRland=/scratch4/NCEPDEV/da/save/Michael.Lueken/nwprod/lib/crtm/2.2.3/fix_update/NPOESS.IRland.EmisCoeff.bin
+ emiscoef_IRsnow=/scratch4/NCEPDEV/da/save/Michael.Lueken/nwprod/lib/crtm/2.2.3/fix_update/NPOESS.IRsnow.EmisCoeff.bin
+ emiscoef_VISice=/scratch4/NCEPDEV/da/save/Michael.Lueken/nwprod/lib/crtm/2.2.3/fix_update/NPOESS.VISice.EmisCoeff.bin
+ emiscoef_VISland=/scratch4/NCEPDEV/da/save/Michael.Lueken/nwprod/lib/crtm/2.2.3/fix_update/NPOESS.VISland.EmisCoeff.bin
+ emiscoef_VISsnow=/scratch4/NCEPDEV/da/save/Michael.Lueken/nwprod/lib/crtm/2.2.3/fix_update/NPOESS.VISsnow.EmisCoeff.bin
+ emiscoef_VISwater=/scratch4/NCEPDEV/da/save/Michael.Lueken/nwprod/lib/crtm/2.2.3/fix_update/NPOESS.VISwater.EmisCoeff.bin
+ emiscoef_MWwater=/scratch4/NCEPDEV/da/save/Michael.Lueken/nwprod/lib/crtm/2.2.3/fix_update/FASTEM6.MWwater.EmisCoeff.bin
+ aercoef=/scratch4/NCEPDEV/da/save/Michael.Lueken/nwprod/lib/crtm/2.2.3/fix_update/AerosolCoeff.bin
+ cldcoef=/scratch4/NCEPDEV/da/save/Michael.Lueken/nwprod/lib/crtm/2.2.3/fix_update/CloudCoeff.bin
+ satangl=/scratch4/NCEPDEV/da/save/Louis.Kouvaris/fv3gfs/sorc/gsi.fd/fix/global_satangbias.txt
+ scaninfo=/scratch4/NCEPDEV/da/save/Louis.Kouvaris/fv3gfs/sorc/gsi.fd/fix/global_scaninfo.txt
+ satinfo=/scratch4/NCEPDEV/da/save/Louis.Kouvaris/fv3gfs/sorc/gsi.fd/fix/global_satinfo.txt
+ cloudyinfo=/scratch4/NCEPDEV/da/save/Louis.Kouvaris/fv3gfs/sorc/gsi.fd/fix/cloudy_radiance_info.txt
+ convinfo=/scratch4/NCEPDEV/da/save/Louis.Kouvaris/fv3gfs/sorc/gsi.fd/fix/global_convinfo_reg_test.txt
+ anavinfo=/scratch4/NCEPDEV/da/save/Louis.Kouvaris/fv3gfs/sorc/gsi.fd/fix/global_anavinfo.l64.txt
+ ozinfo=/scratch4/NCEPDEV/da/save/Louis.Kouvaris/fv3gfs/sorc/gsi.fd/fix/global_ozinfo.txt
+ pcpinfo=/scratch4/NCEPDEV/da/save/Louis.Kouvaris/fv3gfs/sorc/gsi.fd/fix/global_pcpinfo.txt
+ hybens_info=/scratch4/NCEPDEV/da/save/Louis.Kouvaris/fv3gfs/sorc/gsi.fd/fix/global_hybens_info.l64.txt
+ errtable=/scratch4/NCEPDEV/da/save/Louis.Kouvaris/fv3gfs/sorc/gsi.fd/fix/prepobs_errtable.global
+ atmsbeaminfo=/scratch4/NCEPDEV/da/save/Louis.Kouvaris/fv3gfs/sorc/gsi.fd/fix/atms_beamwidth.txt
+ errtable_pw=/scratch4/NCEPDEV/da/save/Louis.Kouvaris/fv3gfs/sorc/gsi.fd/fix/prepobs_errtable_pw.global
+ errtable_ps=/scratch4/NCEPDEV/da/save/Louis.Kouvaris/fv3gfs/sorc/gsi.fd/fix/prepobs_errtable_ps.global_nqcf
+ errtable_t=/scratch4/NCEPDEV/da/save/Louis.Kouvaris/fv3gfs/sorc/gsi.fd/fix/prepobs_errtable_t.global_nqcf
+ errtable_q=/scratch4/NCEPDEV/da/save/Louis.Kouvaris/fv3gfs/sorc/gsi.fd/fix/prepobs_errtable_q.global_nqcf
+ errtable_uv=/scratch4/NCEPDEV/da/save/Louis.Kouvaris/fv3gfs/sorc/gsi.fd/fix/prepobs_errtable_uv.global_nqcf
+ btable_ps=/scratch4/NCEPDEV/da/save/Louis.Kouvaris/fv3gfs/sorc/gsi.fd/fix/nqc_b_ps.global_nqcf
+ btable_t=/scratch4/NCEPDEV/da/save/Louis.Kouvaris/fv3gfs/sorc/gsi.fd/fix/nqc_b_t.global_nqcf
+ btable_q=/scratch4/NCEPDEV/da/save/Louis.Kouvaris/fv3gfs/sorc/gsi.fd/fix/nqc_b_q.global_nqcf
+ btable_uv=/scratch4/NCEPDEV/da/save/Louis.Kouvaris/fv3gfs/sorc/gsi.fd/fix/nqc_b_uv.global_nqcf
+ bufrtable=/scratch4/NCEPDEV/da/save/Louis.Kouvaris/fv3gfs/sorc/gsi.fd/fix/prepobs_prep.bufrtable
+ bftab_sst=/scratch4/NCEPDEV/da/save/Louis.Kouvaris/fv3gfs/sorc/gsi.fd/fix/bufrtab.012
+ [[ global_T62_loproc_updat == *\u\p\d\a\t* ]]
+ /bin/cp /scratch4/NCEPDEV/da/save/Louis.Kouvaris/fv3gfs/sorc/gsi.fd/exec/global_gsi.x ./gsi.x
+ /bin/cp /scratch4/NCEPDEV/da/save/Louis.Kouvaris/fv3gfs/sorc/gsi.fd/fix/Big_Endian/global_berror.l64y96.f77 ./berror_stats
+ /bin/cp /scratch4/NCEPDEV/da/save/Michael.Lueken/nwprod/lib/crtm/2.2.3/fix_update/Nalli.IRwater.EmisCoeff.bin ./Nalli.IRwater.EmisCoeff.bin
+ /bin/cp /scratch4/NCEPDEV/da/save/Michael.Lueken/nwprod/lib/crtm/2.2.3/fix_update/NPOESS.IRice.EmisCoeff.bin ./NPOESS.IRice.EmisCoeff.bin
+ /bin/cp /scratch4/NCEPDEV/da/save/Michael.Lueken/nwprod/lib/crtm/2.2.3/fix_update/NPOESS.IRsnow.EmisCoeff.bin ./NPOESS.IRsnow.EmisCoeff.bin
+ /bin/cp /scratch4/NCEPDEV/da/save/Michael.Lueken/nwprod/lib/crtm/2.2.3/fix_update/NPOESS.IRland.EmisCoeff.bin ./NPOESS.IRland.EmisCoeff.bin
+ /bin/cp /scratch4/NCEPDEV/da/save/Michael.Lueken/nwprod/lib/crtm/2.2.3/fix_update/NPOESS.VISice.EmisCoeff.bin ./NPOESS.VISice.EmisCoeff.bin
+ /bin/cp /scratch4/NCEPDEV/da/save/Michael.Lueken/nwprod/lib/crtm/2.2.3/fix_update/NPOESS.VISland.EmisCoeff.bin ./NPOESS.VISland.EmisCoeff.bin
+ /bin/cp /scratch4/NCEPDEV/da/save/Michael.Lueken/nwprod/lib/crtm/2.2.3/fix_update/NPOESS.VISsnow.EmisCoeff.bin ./NPOESS.VISsnow.EmisCoeff.bin
+ /bin/cp /scratch4/NCEPDEV/da/save/Michael.Lueken/nwprod/lib/crtm/2.2.3/fix_update/NPOESS.VISwater.EmisCoeff.bin ./NPOESS.VISwater.EmisCoeff.bin
+ /bin/cp /scratch4/NCEPDEV/da/save/Michael.Lueken/nwprod/lib/crtm/2.2.3/fix_update/FASTEM6.MWwater.EmisCoeff.bin ./FASTEM6.MWwater.EmisCoeff.bin
+ /bin/cp /scratch4/NCEPDEV/da/save/Michael.Lueken/nwprod/lib/crtm/2.2.3/fix_update/AerosolCoeff.bin ./AerosolCoeff.bin
+ /bin/cp /scratch4/NCEPDEV/da/save/Michael.Lueken/nwprod/lib/crtm/2.2.3/fix_update/CloudCoeff.bin ./CloudCoeff.bin
+ /bin/cp /scratch4/NCEPDEV/da/save/Louis.Kouvaris/fv3gfs/sorc/gsi.fd/fix/global_satangbias.txt ./satbias_angle
+ /bin/cp /scratch4/NCEPDEV/da/save/Louis.Kouvaris/fv3gfs/sorc/gsi.fd/fix/global_scaninfo.txt ./scaninfo
+ /bin/cp /scratch4/NCEPDEV/da/save/Louis.Kouvaris/fv3gfs/sorc/gsi.fd/fix/global_satinfo.txt ./satinfo
+ /bin/cp /scratch4/NCEPDEV/da/save/Louis.Kouvaris/fv3gfs/sorc/gsi.fd/fix/cloudy_radiance_info.txt ./cloudy_radiance_info.txt
+ /bin/cp /scratch4/NCEPDEV/da/save/Louis.Kouvaris/fv3gfs/sorc/gsi.fd/fix/global_pcpinfo.txt ./pcpinfo
+ /bin/cp /scratch4/NCEPDEV/da/save/Louis.Kouvaris/fv3gfs/sorc/gsi.fd/fix/global_ozinfo.txt ./ozinfo
+ /bin/cp /scratch4/NCEPDEV/da/save/Louis.Kouvaris/fv3gfs/sorc/gsi.fd/fix/global_convinfo_reg_test.txt ./convinfo
+ /bin/cp /scratch4/NCEPDEV/da/save/Louis.Kouvaris/fv3gfs/sorc/gsi.fd/fix/prepobs_errtable.global ./errtable
+ /bin/cp /scratch4/NCEPDEV/da/save/Louis.Kouvaris/fv3gfs/sorc/gsi.fd/fix/global_anavinfo.l64.txt ./anavinfo
+ /bin/cp /scratch4/NCEPDEV/da/save/Louis.Kouvaris/fv3gfs/sorc/gsi.fd/fix/global_hybens_info.l64.txt ./hybens_info
+ /bin/cp /scratch4/NCEPDEV/da/save/Louis.Kouvaris/fv3gfs/sorc/gsi.fd/fix/atms_beamwidth.txt ./atms_beamwidth.txt
+ /bin/cp /scratch4/NCEPDEV/da/save/Louis.Kouvaris/fv3gfs/sorc/gsi.fd/fix/prepobs_errtable_pw.global ./errtable_pw
+ /bin/cp /scratch4/NCEPDEV/da/save/Louis.Kouvaris/fv3gfs/sorc/gsi.fd/fix/prepobs_errtable_ps.global_nqcf ./errtable_ps
+ /bin/cp /scratch4/NCEPDEV/da/save/Louis.Kouvaris/fv3gfs/sorc/gsi.fd/fix/prepobs_errtable_t.global_nqcf ./errtable_t
+ /bin/cp /scratch4/NCEPDEV/da/save/Louis.Kouvaris/fv3gfs/sorc/gsi.fd/fix/prepobs_errtable_q.global_nqcf ./errtable_q
+ /bin/cp /scratch4/NCEPDEV/da/save/Louis.Kouvaris/fv3gfs/sorc/gsi.fd/fix/prepobs_errtable_uv.global_nqcf ./errtable_uv
+ /bin/cp /scratch4/NCEPDEV/da/save/Louis.Kouvaris/fv3gfs/sorc/gsi.fd/fix/nqc_b_ps.global_nqcf ./btable_ps
+ /bin/cp /scratch4/NCEPDEV/da/save/Louis.Kouvaris/fv3gfs/sorc/gsi.fd/fix/nqc_b_t.global_nqcf ./btable_t
+ /bin/cp /scratch4/NCEPDEV/da/save/Louis.Kouvaris/fv3gfs/sorc/gsi.fd/fix/nqc_b_q.global_nqcf ./btable_q
+ /bin/cp /scratch4/NCEPDEV/da/save/Louis.Kouvaris/fv3gfs/sorc/gsi.fd/fix/nqc_b_uv.global_nqcf ./btable_uv
+ /bin/cp /scratch4/NCEPDEV/da/save/Louis.Kouvaris/fv3gfs/sorc/gsi.fd/fix/prepobs_prep.bufrtable ./prepobs_prep.bufrtable
+ /bin/cp /scratch4/NCEPDEV/da/save/Louis.Kouvaris/fv3gfs/sorc/gsi.fd/fix/bufrtab.012 ./bftab_sstphr
++ awk '{if($1!~"!"){print $1}}' ./satinfo
++ sort
++ uniq
+ for file in '`awk '\''{if($1!~"!"){print $1}}'\'' ./satinfo | sort | uniq`'
+ /bin/cp /scratch4/NCEPDEV/da/save/Michael.Lueken/nwprod/lib/crtm/2.2.3/fix_update/abi_g16.SpcCoeff.bin ./
+ /bin/cp /scratch4/NCEPDEV/da/save/Michael.Lueken/nwprod/lib/crtm/2.2.3/fix_update/abi_g16.TauCoeff.bin ./
+ for file in '`awk '\''{if($1!~"!"){print $1}}'\'' ./satinfo | sort | uniq`'
+ /bin/cp /scratch4/NCEPDEV/da/save/Michael.Lueken/nwprod/lib/crtm/2.2.3/fix_update/abi_g17.SpcCoeff.bin ./
+ /bin/cp /scratch4/NCEPDEV/da/save/Michael.Lueken/nwprod/lib/crtm/2.2.3/fix_update/abi_g17.TauCoeff.bin ./
+ for file in '`awk '\''{if($1!~"!"){print $1}}'\'' ./satinfo | sort | uniq`'
+ /bin/cp /scratch4/NCEPDEV/da/save/Michael.Lueken/nwprod/lib/crtm/2.2.3/fix_update/ahi_himawari8.SpcCoeff.bin ./
+ /bin/cp /scratch4/NCEPDEV/da/save/Michael.Lueken/nwprod/lib/crtm/2.2.3/fix_update/ahi_himawari8.TauCoeff.bin ./
+ for file in '`awk '\''{if($1!~"!"){print $1}}'\'' ./satinfo | sort | uniq`'
+ /bin/cp /scratch4/NCEPDEV/da/save/Michael.Lueken/nwprod/lib/crtm/2.2.3/fix_update/airs_aqua.SpcCoeff.bin ./
+ /bin/cp /scratch4/NCEPDEV/da/save/Michael.Lueken/nwprod/lib/crtm/2.2.3/fix_update/airs_aqua.TauCoeff.bin ./
+ for file in '`awk '\''{if($1!~"!"){print $1}}'\'' ./satinfo | sort | uniq`'
+ /bin/cp /scratch4/NCEPDEV/da/save/Michael.Lueken/nwprod/lib/crtm/2.2.3/fix_update/amsr2_gcom-w1.SpcCoeff.bin ./
+ /bin/cp /scratch4/NCEPDEV/da/save/Michael.Lueken/nwprod/lib/crtm/2.2.3/fix_update/amsr2_gcom-w1.TauCoeff.bin ./
+ for file in '`awk '\''{if($1!~"!"){print $1}}'\'' ./satinfo | sort | uniq`'
+ /bin/cp /scratch4/NCEPDEV/da/save/Michael.Lueken/nwprod/lib/crtm/2.2.3/fix_update/amsre_aqua.SpcCoeff.bin ./
+ /bin/cp /scratch4/NCEPDEV/da/save/Michael.Lueken/nwprod/lib/crtm/2.2.3/fix_update/amsre_aqua.TauCoeff.bin ./
+ for file in '`awk '\''{if($1!~"!"){print $1}}'\'' ./satinfo | sort | uniq`'
+ /bin/cp /scratch4/NCEPDEV/da/save/Michael.Lueken/nwprod/lib/crtm/2.2.3/fix_update/amsua_aqua.SpcCoeff.bin ./
+ /bin/cp /scratch4/NCEPDEV/da/save/Michael.Lueken/nwprod/lib/crtm/2.2.3/fix_update/amsua_aqua.TauCoeff.bin ./
+ for file in '`awk '\''{if($1!~"!"){print $1}}'\'' ./satinfo | sort | uniq`'
+ /bin/cp /scratch4/NCEPDEV/da/save/Michael.Lueken/nwprod/lib/crtm/2.2.3/fix_update/amsua_metop-a.SpcCoeff.bin ./
+ /bin/cp /scratch4/NCEPDEV/da/save/Michael.Lueken/nwprod/lib/crtm/2.2.3/fix_update/amsua_metop-a.TauCoeff.bin ./
+ for file in '`awk '\''{if($1!~"!"){print $1}}'\'' ./satinfo | sort | uniq`'
+ /bin/cp /scratch4/NCEPDEV/da/save/Michael.Lueken/nwprod/lib/crtm/2.2.3/fix_update/amsua_metop-b.SpcCoeff.bin ./
+ /bin/cp /scratch4/NCEPDEV/da/save/Michael.Lueken/nwprod/lib/crtm/2.2.3/fix_update/amsua_metop-b.TauCoeff.bin ./
+ for file in '`awk '\''{if($1!~"!"){print $1}}'\'' ./satinfo | sort | uniq`'
+ /bin/cp /scratch4/NCEPDEV/da/save/Michael.Lueken/nwprod/lib/crtm/2.2.3/fix_update/amsua_metop-c.SpcCoeff.bin ./
+ /bin/cp /scratch4/NCEPDEV/da/save/Michael.Lueken/nwprod/lib/crtm/2.2.3/fix_update/amsua_metop-c.TauCoeff.bin ./
+ for file in '`awk '\''{if($1!~"!"){print $1}}'\'' ./satinfo | sort | uniq`'
+ /bin/cp /scratch4/NCEPDEV/da/save/Michael.Lueken/nwprod/lib/crtm/2.2.3/fix_update/amsua_n15.SpcCoeff.bin ./
+ /bin/cp /scratch4/NCEPDEV/da/save/Michael.Lueken/nwprod/lib/crtm/2.2.3/fix_update/amsua_n15.TauCoeff.bin ./
+ for file in '`awk '\''{if($1!~"!"){print $1}}'\'' ./satinfo | sort | uniq`'
+ /bin/cp /scratch4/NCEPDEV/da/save/Michael.Lueken/nwprod/lib/crtm/2.2.3/fix_update/amsua_n18.SpcCoeff.bin ./
+ /bin/cp /scratch4/NCEPDEV/da/save/Michael.Lueken/nwprod/lib/crtm/2.2.3/fix_update/amsua_n18.TauCoeff.bin ./
+ for file in '`awk '\''{if($1!~"!"){print $1}}'\'' ./satinfo | sort | uniq`'
+ /bin/cp /scratch4/NCEPDEV/da/save/Michael.Lueken/nwprod/lib/crtm/2.2.3/fix_update/amsua_n19.SpcCoeff.bin ./
+ /bin/cp /scratch4/NCEPDEV/da/save/Michael.Lueken/nwprod/lib/crtm/2.2.3/fix_update/amsua_n19.TauCoeff.bin ./
+ for file in '`awk '\''{if($1!~"!"){print $1}}'\'' ./satinfo | sort | uniq`'
+ /bin/cp /scratch4/NCEPDEV/da/save/Michael.Lueken/nwprod/lib/crtm/2.2.3/fix_update/amsub_n17.SpcCoeff.bin ./
+ /bin/cp /scratch4/NCEPDEV/da/save/Michael.Lueken/nwprod/lib/crtm/2.2.3/fix_update/amsub_n17.TauCoeff.bin ./
+ for file in '`awk '\''{if($1!~"!"){print $1}}'\'' ./satinfo | sort | uniq`'
+ /bin/cp /scratch4/NCEPDEV/da/save/Michael.Lueken/nwprod/lib/crtm/2.2.3/fix_update/atms_n20.SpcCoeff.bin ./
+ /bin/cp /scratch4/NCEPDEV/da/save/Michael.Lueken/nwprod/lib/crtm/2.2.3/fix_update/atms_n20.TauCoeff.bin ./
+ for file in '`awk '\''{if($1!~"!"){print $1}}'\'' ./satinfo | sort | uniq`'
+ /bin/cp /scratch4/NCEPDEV/da/save/Michael.Lueken/nwprod/lib/crtm/2.2.3/fix_update/atms_npp.SpcCoeff.bin ./
+ /bin/cp /scratch4/NCEPDEV/da/save/Michael.Lueken/nwprod/lib/crtm/2.2.3/fix_update/atms_npp.TauCoeff.bin ./
+ for file in '`awk '\''{if($1!~"!"){print $1}}'\'' ./satinfo | sort | uniq`'
+ /bin/cp /scratch4/NCEPDEV/da/save/Michael.Lueken/nwprod/lib/crtm/2.2.3/fix_update/avhrr3_metop-a.SpcCoeff.bin ./
+ /bin/cp /scratch4/NCEPDEV/da/save/Michael.Lueken/nwprod/lib/crtm/2.2.3/fix_update/avhrr3_metop-a.TauCoeff.bin ./
+ for file in '`awk '\''{if($1!~"!"){print $1}}'\'' ./satinfo | sort | uniq`'
+ /bin/cp /scratch4/NCEPDEV/da/save/Michael.Lueken/nwprod/lib/crtm/2.2.3/fix_update/avhrr3_metop-b.SpcCoeff.bin ./
+ /bin/cp /scratch4/NCEPDEV/da/save/Michael.Lueken/nwprod/lib/crtm/2.2.3/fix_update/avhrr3_metop-b.TauCoeff.bin ./
+ for file in '`awk '\''{if($1!~"!"){print $1}}'\'' ./satinfo | sort | uniq`'
+ /bin/cp /scratch4/NCEPDEV/da/save/Michael.Lueken/nwprod/lib/crtm/2.2.3/fix_update/avhrr3_metop-c.SpcCoeff.bin ./
/bin/cp: cannot stat ‘/scratch4/NCEPDEV/da/save/Michael.Lueken/nwprod/lib/crtm/2.2.3/fix_update/avhrr3_metop-c.SpcCoeff.bin’: No such file or directory
+ /bin/cp /scratch4/NCEPDEV/da/save/Michael.Lueken/nwprod/lib/crtm/2.2.3/fix_update/avhrr3_metop-c.TauCoeff.bin ./
/bin/cp: cannot stat ‘/scratch4/NCEPDEV/da/save/Michael.Lueken/nwprod/lib/crtm/2.2.3/fix_update/avhrr3_metop-c.TauCoeff.bin’: No such file or directory
+ for file in '`awk '\''{if($1!~"!"){print $1}}'\'' ./satinfo | sort | uniq`'
+ /bin/cp /scratch4/NCEPDEV/da/save/Michael.Lueken/nwprod/lib/crtm/2.2.3/fix_update/avhrr3_n18.SpcCoeff.bin ./
+ /bin/cp /scratch4/NCEPDEV/da/save/Michael.Lueken/nwprod/lib/crtm/2.2.3/fix_update/avhrr3_n18.TauCoeff.bin ./
+ for file in '`awk '\''{if($1!~"!"){print $1}}'\'' ./satinfo | sort | uniq`'
+ /bin/cp /scratch4/NCEPDEV/da/save/Michael.Lueken/nwprod/lib/crtm/2.2.3/fix_update/avhrr3_n19.SpcCoeff.bin ./
+ /bin/cp /scratch4/NCEPDEV/da/save/Michael.Lueken/nwprod/lib/crtm/2.2.3/fix_update/avhrr3_n19.TauCoeff.bin ./
+ for file in '`awk '\''{if($1!~"!"){print $1}}'\'' ./satinfo | sort | uniq`'
+ /bin/cp /scratch4/NCEPDEV/da/save/Michael.Lueken/nwprod/lib/crtm/2.2.3/fix_update/cris-fsr_n20.SpcCoeff.bin ./
+ /bin/cp /scratch4/NCEPDEV/da/save/Michael.Lueken/nwprod/lib/crtm/2.2.3/fix_update/cris-fsr_n20.TauCoeff.bin ./
+ for file in '`awk '\''{if($1!~"!"){print $1}}'\'' ./satinfo | sort | uniq`'
+ /bin/cp /scratch4/NCEPDEV/da/save/Michael.Lueken/nwprod/lib/crtm/2.2.3/fix_update/cris-fsr_npp.SpcCoeff.bin ./
+ /bin/cp /scratch4/NCEPDEV/da/save/Michael.Lueken/nwprod/lib/crtm/2.2.3/fix_update/cris-fsr_npp.TauCoeff.bin ./
+ for file in '`awk '\''{if($1!~"!"){print $1}}'\'' ./satinfo | sort | uniq`'
+ /bin/cp /scratch4/NCEPDEV/da/save/Michael.Lueken/nwprod/lib/crtm/2.2.3/fix_update/gmi_gpm.SpcCoeff.bin ./
+ /bin/cp /scratch4/NCEPDEV/da/save/Michael.Lueken/nwprod/lib/crtm/2.2.3/fix_update/gmi_gpm.TauCoeff.bin ./
+ for file in '`awk '\''{if($1!~"!"){print $1}}'\'' ./satinfo | sort | uniq`'
+ /bin/cp /scratch4/NCEPDEV/da/save/Michael.Lueken/nwprod/lib/crtm/2.2.3/fix_update/hirs3_n17.SpcCoeff.bin ./
+ /bin/cp /scratch4/NCEPDEV/da/save/Michael.Lueken/nwprod/lib/crtm/2.2.3/fix_update/hirs3_n17.TauCoeff.bin ./
+ for file in '`awk '\''{if($1!~"!"){print $1}}'\'' ./satinfo | sort | uniq`'
+ /bin/cp /scratch4/NCEPDEV/da/save/Michael.Lueken/nwprod/lib/crtm/2.2.3/fix_update/hirs4_metop-a.SpcCoeff.bin ./
+ /bin/cp /scratch4/NCEPDEV/da/save/Michael.Lueken/nwprod/lib/crtm/2.2.3/fix_update/hirs4_metop-a.TauCoeff.bin ./
+ for file in '`awk '\''{if($1!~"!"){print $1}}'\'' ./satinfo | sort | uniq`'
+ /bin/cp /scratch4/NCEPDEV/da/save/Michael.Lueken/nwprod/lib/crtm/2.2.3/fix_update/hirs4_metop-b.SpcCoeff.bin ./
+ /bin/cp /scratch4/NCEPDEV/da/save/Michael.Lueken/nwprod/lib/crtm/2.2.3/fix_update/hirs4_metop-b.TauCoeff.bin ./
+ for file in '`awk '\''{if($1!~"!"){print $1}}'\'' ./satinfo | sort | uniq`'
+ /bin/cp /scratch4/NCEPDEV/da/save/Michael.Lueken/nwprod/lib/crtm/2.2.3/fix_update/hirs4_n19.SpcCoeff.bin ./
+ /bin/cp /scratch4/NCEPDEV/da/save/Michael.Lueken/nwprod/lib/crtm/2.2.3/fix_update/hirs4_n19.TauCoeff.bin ./
+ for file in '`awk '\''{if($1!~"!"){print $1}}'\'' ./satinfo | sort | uniq`'
+ /bin/cp /scratch4/NCEPDEV/da/save/Michael.Lueken/nwprod/lib/crtm/2.2.3/fix_update/iasi_metop-a.SpcCoeff.bin ./
+ /bin/cp /scratch4/NCEPDEV/da/save/Michael.Lueken/nwprod/lib/crtm/2.2.3/fix_update/iasi_metop-a.TauCoeff.bin ./
+ for file in '`awk '\''{if($1!~"!"){print $1}}'\'' ./satinfo | sort | uniq`'
+ /bin/cp /scratch4/NCEPDEV/da/save/Michael.Lueken/nwprod/lib/crtm/2.2.3/fix_update/iasi_metop-b.SpcCoeff.bin ./
+ /bin/cp /scratch4/NCEPDEV/da/save/Michael.Lueken/nwprod/lib/crtm/2.2.3/fix_update/iasi_metop-b.TauCoeff.bin ./
+ for file in '`awk '\''{if($1!~"!"){print $1}}'\'' ./satinfo | sort | uniq`'
+ /bin/cp /scratch4/NCEPDEV/da/save/Michael.Lueken/nwprod/lib/crtm/2.2.3/fix_update/iasi_metop-c.SpcCoeff.bin ./
/bin/cp: cannot stat ‘/scratch4/NCEPDEV/da/save/Michael.Lueken/nwprod/lib/crtm/2.2.3/fix_update/iasi_metop-c.SpcCoeff.bin’: No such file or directory
+ /bin/cp /scratch4/NCEPDEV/da/save/Michael.Lueken/nwprod/lib/crtm/2.2.3/fix_update/iasi_metop-c.TauCoeff.bin ./
/bin/cp: cannot stat ‘/scratch4/NCEPDEV/da/save/Michael.Lueken/nwprod/lib/crtm/2.2.3/fix_update/iasi_metop-c.TauCoeff.bin’: No such file or directory
+ for file in '`awk '\''{if($1!~"!"){print $1}}'\'' ./satinfo | sort | uniq`'
+ /bin/cp /scratch4/NCEPDEV/da/save/Michael.Lueken/nwprod/lib/crtm/2.2.3/fix_update/imgr_g11.SpcCoeff.bin ./
+ /bin/cp /scratch4/NCEPDEV/da/save/Michael.Lueken/nwprod/lib/crtm/2.2.3/fix_update/imgr_g11.TauCoeff.bin ./
+ for file in '`awk '\''{if($1!~"!"){print $1}}'\'' ./satinfo | sort | uniq`'
+ /bin/cp /scratch4/NCEPDEV/da/save/Michael.Lueken/nwprod/lib/crtm/2.2.3/fix_update/imgr_g12.SpcCoeff.bin ./
+ /bin/cp /scratch4/NCEPDEV/da/save/Michael.Lueken/nwprod/lib/crtm/2.2.3/fix_update/imgr_g12.TauCoeff.bin ./
+ for file in '`awk '\''{if($1!~"!"){print $1}}'\'' ./satinfo | sort | uniq`'
+ /bin/cp /scratch4/NCEPDEV/da/save/Michael.Lueken/nwprod/lib/crtm/2.2.3/fix_update/imgr_g13.SpcCoeff.bin ./
+ /bin/cp /scratch4/NCEPDEV/da/save/Michael.Lueken/nwprod/lib/crtm/2.2.3/fix_update/imgr_g13.TauCoeff.bin ./
+ for file in '`awk '\''{if($1!~"!"){print $1}}'\'' ./satinfo | sort | uniq`'
+ /bin/cp /scratch4/NCEPDEV/da/save/Michael.Lueken/nwprod/lib/crtm/2.2.3/fix_update/imgr_g14.SpcCoeff.bin ./
+ /bin/cp /scratch4/NCEPDEV/da/save/Michael.Lueken/nwprod/lib/crtm/2.2.3/fix_update/imgr_g14.TauCoeff.bin ./
+ for file in '`awk '\''{if($1!~"!"){print $1}}'\'' ./satinfo | sort | uniq`'
+ /bin/cp /scratch4/NCEPDEV/da/save/Michael.Lueken/nwprod/lib/crtm/2.2.3/fix_update/imgr_g15.SpcCoeff.bin ./
+ /bin/cp /scratch4/NCEPDEV/da/save/Michael.Lueken/nwprod/lib/crtm/2.2.3/fix_update/imgr_g15.TauCoeff.bin ./
+ for file in '`awk '\''{if($1!~"!"){print $1}}'\'' ./satinfo | sort | uniq`'
+ /bin/cp /scratch4/NCEPDEV/da/save/Michael.Lueken/nwprod/lib/crtm/2.2.3/fix_update/mhs_metop-a.SpcCoeff.bin ./
+ /bin/cp /scratch4/NCEPDEV/da/save/Michael.Lueken/nwprod/lib/crtm/2.2.3/fix_update/mhs_metop-a.TauCoeff.bin ./
+ for file in '`awk '\''{if($1!~"!"){print $1}}'\'' ./satinfo | sort | uniq`'
+ /bin/cp /scratch4/NCEPDEV/da/save/Michael.Lueken/nwprod/lib/crtm/2.2.3/fix_update/mhs_metop-b.SpcCoeff.bin ./
+ /bin/cp /scratch4/NCEPDEV/da/save/Michael.Lueken/nwprod/lib/crtm/2.2.3/fix_update/mhs_metop-b.TauCoeff.bin ./
+ for file in '`awk '\''{if($1!~"!"){print $1}}'\'' ./satinfo | sort | uniq`'
+ /bin/cp /scratch4/NCEPDEV/da/save/Michael.Lueken/nwprod/lib/crtm/2.2.3/fix_update/mhs_metop-c.SpcCoeff.bin ./
+ /bin/cp /scratch4/NCEPDEV/da/save/Michael.Lueken/nwprod/lib/crtm/2.2.3/fix_update/mhs_metop-c.TauCoeff.bin ./
+ for file in '`awk '\''{if($1!~"!"){print $1}}'\'' ./satinfo | sort | uniq`'
+ /bin/cp /scratch4/NCEPDEV/da/save/Michael.Lueken/nwprod/lib/crtm/2.2.3/fix_update/mhs_n18.SpcCoeff.bin ./
+ /bin/cp /scratch4/NCEPDEV/da/save/Michael.Lueken/nwprod/lib/crtm/2.2.3/fix_update/mhs_n18.TauCoeff.bin ./
+ for file in '`awk '\''{if($1!~"!"){print $1}}'\'' ./satinfo | sort | uniq`'
+ /bin/cp /scratch4/NCEPDEV/da/save/Michael.Lueken/nwprod/lib/crtm/2.2.3/fix_update/mhs_n19.SpcCoeff.bin ./
+ /bin/cp /scratch4/NCEPDEV/da/save/Michael.Lueken/nwprod/lib/crtm/2.2.3/fix_update/mhs_n19.TauCoeff.bin ./
+ for file in '`awk '\''{if($1!~"!"){print $1}}'\'' ./satinfo | sort | uniq`'
+ /bin/cp /scratch4/NCEPDEV/da/save/Michael.Lueken/nwprod/lib/crtm/2.2.3/fix_update/saphir_meghat.SpcCoeff.bin ./
+ /bin/cp /scratch4/NCEPDEV/da/save/Michael.Lueken/nwprod/lib/crtm/2.2.3/fix_update/saphir_meghat.TauCoeff.bin ./
+ for file in '`awk '\''{if($1!~"!"){print $1}}'\'' ./satinfo | sort | uniq`'
+ /bin/cp /scratch4/NCEPDEV/da/save/Michael.Lueken/nwprod/lib/crtm/2.2.3/fix_update/seviri_m08.SpcCoeff.bin ./
+ /bin/cp /scratch4/NCEPDEV/da/save/Michael.Lueken/nwprod/lib/crtm/2.2.3/fix_update/seviri_m08.TauCoeff.bin ./
+ for file in '`awk '\''{if($1!~"!"){print $1}}'\'' ./satinfo | sort | uniq`'
+ /bin/cp /scratch4/NCEPDEV/da/save/Michael.Lueken/nwprod/lib/crtm/2.2.3/fix_update/seviri_m09.SpcCoeff.bin ./
+ /bin/cp /scratch4/NCEPDEV/da/save/Michael.Lueken/nwprod/lib/crtm/2.2.3/fix_update/seviri_m09.TauCoeff.bin ./
+ for file in '`awk '\''{if($1!~"!"){print $1}}'\'' ./satinfo | sort | uniq`'
+ /bin/cp /scratch4/NCEPDEV/da/save/Michael.Lueken/nwprod/lib/crtm/2.2.3/fix_update/seviri_m10.SpcCoeff.bin ./
+ /bin/cp /scratch4/NCEPDEV/da/save/Michael.Lueken/nwprod/lib/crtm/2.2.3/fix_update/seviri_m10.TauCoeff.bin ./
+ for file in '`awk '\''{if($1!~"!"){print $1}}'\'' ./satinfo | sort | uniq`'
+ /bin/cp /scratch4/NCEPDEV/da/save/Michael.Lueken/nwprod/lib/crtm/2.2.3/fix_update/seviri_m11.SpcCoeff.bin ./
+ /bin/cp /scratch4/NCEPDEV/da/save/Michael.Lueken/nwprod/lib/crtm/2.2.3/fix_update/seviri_m11.TauCoeff.bin ./
+ for file in '`awk '\''{if($1!~"!"){print $1}}'\'' ./satinfo | sort | uniq`'
+ /bin/cp /scratch4/NCEPDEV/da/save/Michael.Lueken/nwprod/lib/crtm/2.2.3/fix_update/sndrD1_g11.SpcCoeff.bin ./
+ /bin/cp /scratch4/NCEPDEV/da/save/Michael.Lueken/nwprod/lib/crtm/2.2.3/fix_update/sndrD1_g11.TauCoeff.bin ./
+ for file in '`awk '\''{if($1!~"!"){print $1}}'\'' ./satinfo | sort | uniq`'
+ /bin/cp /scratch4/NCEPDEV/da/save/Michael.Lueken/nwprod/lib/crtm/2.2.3/fix_update/sndrD1_g12.SpcCoeff.bin ./
+ /bin/cp /scratch4/NCEPDEV/da/save/Michael.Lueken/nwprod/lib/crtm/2.2.3/fix_update/sndrD1_g12.TauCoeff.bin ./
+ for file in '`awk '\''{if($1!~"!"){print $1}}'\'' ./satinfo | sort | uniq`'
+ /bin/cp /scratch4/NCEPDEV/da/save/Michael.Lueken/nwprod/lib/crtm/2.2.3/fix_update/sndrD1_g13.SpcCoeff.bin ./
+ /bin/cp /scratch4/NCEPDEV/da/save/Michael.Lueken/nwprod/lib/crtm/2.2.3/fix_update/sndrD1_g13.TauCoeff.bin ./
+ for file in '`awk '\''{if($1!~"!"){print $1}}'\'' ./satinfo | sort | uniq`'
+ /bin/cp /scratch4/NCEPDEV/da/save/Michael.Lueken/nwprod/lib/crtm/2.2.3/fix_update/sndrD1_g14.SpcCoeff.bin ./
+ /bin/cp /scratch4/NCEPDEV/da/save/Michael.Lueken/nwprod/lib/crtm/2.2.3/fix_update/sndrD1_g14.TauCoeff.bin ./
+ for file in '`awk '\''{if($1!~"!"){print $1}}'\'' ./satinfo | sort | uniq`'
+ /bin/cp /scratch4/NCEPDEV/da/save/Michael.Lueken/nwprod/lib/crtm/2.2.3/fix_update/sndrD1_g15.SpcCoeff.bin ./
+ /bin/cp /scratch4/NCEPDEV/da/save/Michael.Lueken/nwprod/lib/crtm/2.2.3/fix_update/sndrD1_g15.TauCoeff.bin ./
+ for file in '`awk '\''{if($1!~"!"){print $1}}'\'' ./satinfo | sort | uniq`'
+ /bin/cp /scratch4/NCEPDEV/da/save/Michael.Lueken/nwprod/lib/crtm/2.2.3/fix_update/sndrD2_g11.SpcCoeff.bin ./
+ /bin/cp /scratch4/NCEPDEV/da/save/Michael.Lueken/nwprod/lib/crtm/2.2.3/fix_update/sndrD2_g11.TauCoeff.bin ./
+ for file in '`awk '\''{if($1!~"!"){print $1}}'\'' ./satinfo | sort | uniq`'
+ /bin/cp /scratch4/NCEPDEV/da/save/Michael.Lueken/nwprod/lib/crtm/2.2.3/fix_update/sndrD2_g12.SpcCoeff.bin ./
+ /bin/cp /scratch4/NCEPDEV/da/save/Michael.Lueken/nwprod/lib/crtm/2.2.3/fix_update/sndrD2_g12.TauCoeff.bin ./
+ for file in '`awk '\''{if($1!~"!"){print $1}}'\'' ./satinfo | sort | uniq`'
+ /bin/cp /scratch4/NCEPDEV/da/save/Michael.Lueken/nwprod/lib/crtm/2.2.3/fix_update/sndrD2_g13.SpcCoeff.bin ./
+ /bin/cp /scratch4/NCEPDEV/da/save/Michael.Lueken/nwprod/lib/crtm/2.2.3/fix_update/sndrD2_g13.TauCoeff.bin ./
+ for file in '`awk '\''{if($1!~"!"){print $1}}'\'' ./satinfo | sort | uniq`'
+ /bin/cp /scratch4/NCEPDEV/da/save/Michael.Lueken/nwprod/lib/crtm/2.2.3/fix_update/sndrD2_g14.SpcCoeff.bin ./
+ /bin/cp /scratch4/NCEPDEV/da/save/Michael.Lueken/nwprod/lib/crtm/2.2.3/fix_update/sndrD2_g14.TauCoeff.bin ./
+ for file in '`awk '\''{if($1!~"!"){print $1}}'\'' ./satinfo | sort | uniq`'
+ /bin/cp /scratch4/NCEPDEV/da/save/Michael.Lueken/nwprod/lib/crtm/2.2.3/fix_update/sndrD2_g15.SpcCoeff.bin ./
+ /bin/cp /scratch4/NCEPDEV/da/save/Michael.Lueken/nwprod/lib/crtm/2.2.3/fix_update/sndrD2_g15.TauCoeff.bin ./
+ for file in '`awk '\''{if($1!~"!"){print $1}}'\'' ./satinfo | sort | uniq`'
+ /bin/cp /scratch4/NCEPDEV/da/save/Michael.Lueken/nwprod/lib/crtm/2.2.3/fix_update/sndrD3_g11.SpcCoeff.bin ./
+ /bin/cp /scratch4/NCEPDEV/da/save/Michael.Lueken/nwprod/lib/crtm/2.2.3/fix_update/sndrD3_g11.TauCoeff.bin ./
+ for file in '`awk '\''{if($1!~"!"){print $1}}'\'' ./satinfo | sort | uniq`'
+ /bin/cp /scratch4/NCEPDEV/da/save/Michael.Lueken/nwprod/lib/crtm/2.2.3/fix_update/sndrD3_g12.SpcCoeff.bin ./
+ /bin/cp /scratch4/NCEPDEV/da/save/Michael.Lueken/nwprod/lib/crtm/2.2.3/fix_update/sndrD3_g12.TauCoeff.bin ./
+ for file in '`awk '\''{if($1!~"!"){print $1}}'\'' ./satinfo | sort | uniq`'
+ /bin/cp /scratch4/NCEPDEV/da/save/Michael.Lueken/nwprod/lib/crtm/2.2.3/fix_update/sndrD3_g13.SpcCoeff.bin ./
+ /bin/cp /scratch4/NCEPDEV/da/save/Michael.Lueken/nwprod/lib/crtm/2.2.3/fix_update/sndrD3_g13.TauCoeff.bin ./
+ for file in '`awk '\''{if($1!~"!"){print $1}}'\'' ./satinfo | sort | uniq`'
+ /bin/cp /scratch4/NCEPDEV/da/save/Michael.Lueken/nwprod/lib/crtm/2.2.3/fix_update/sndrD3_g14.SpcCoeff.bin ./
+ /bin/cp /scratch4/NCEPDEV/da/save/Michael.Lueken/nwprod/lib/crtm/2.2.3/fix_update/sndrD3_g14.TauCoeff.bin ./
+ for file in '`awk '\''{if($1!~"!"){print $1}}'\'' ./satinfo | sort | uniq`'
+ /bin/cp /scratch4/NCEPDEV/da/save/Michael.Lueken/nwprod/lib/crtm/2.2.3/fix_update/sndrD3_g15.SpcCoeff.bin ./
+ /bin/cp /scratch4/NCEPDEV/da/save/Michael.Lueken/nwprod/lib/crtm/2.2.3/fix_update/sndrD3_g15.TauCoeff.bin ./
+ for file in '`awk '\''{if($1!~"!"){print $1}}'\'' ./satinfo | sort | uniq`'
+ /bin/cp /scratch4/NCEPDEV/da/save/Michael.Lueken/nwprod/lib/crtm/2.2.3/fix_update/sndrD4_g11.SpcCoeff.bin ./
+ /bin/cp /scratch4/NCEPDEV/da/save/Michael.Lueken/nwprod/lib/crtm/2.2.3/fix_update/sndrD4_g11.TauCoeff.bin ./
+ for file in '`awk '\''{if($1!~"!"){print $1}}'\'' ./satinfo | sort | uniq`'
+ /bin/cp /scratch4/NCEPDEV/da/save/Michael.Lueken/nwprod/lib/crtm/2.2.3/fix_update/sndrD4_g12.SpcCoeff.bin ./
+ /bin/cp /scratch4/NCEPDEV/da/save/Michael.Lueken/nwprod/lib/crtm/2.2.3/fix_update/sndrD4_g12.TauCoeff.bin ./
+ for file in '`awk '\''{if($1!~"!"){print $1}}'\'' ./satinfo | sort | uniq`'
+ /bin/cp /scratch4/NCEPDEV/da/save/Michael.Lueken/nwprod/lib/crtm/2.2.3/fix_update/sndrD4_g13.SpcCoeff.bin ./
+ /bin/cp /scratch4/NCEPDEV/da/save/Michael.Lueken/nwprod/lib/crtm/2.2.3/fix_update/sndrD4_g13.TauCoeff.bin ./
+ for file in '`awk '\''{if($1!~"!"){print $1}}'\'' ./satinfo | sort | uniq`'
+ /bin/cp /scratch4/NCEPDEV/da/save/Michael.Lueken/nwprod/lib/crtm/2.2.3/fix_update/sndrD4_g14.SpcCoeff.bin ./
+ /bin/cp /scratch4/NCEPDEV/da/save/Michael.Lueken/nwprod/lib/crtm/2.2.3/fix_update/sndrD4_g14.TauCoeff.bin ./
+ for file in '`awk '\''{if($1!~"!"){print $1}}'\'' ./satinfo | sort | uniq`'
+ /bin/cp /scratch4/NCEPDEV/da/save/Michael.Lueken/nwprod/lib/crtm/2.2.3/fix_update/sndrD4_g15.SpcCoeff.bin ./
+ /bin/cp /scratch4/NCEPDEV/da/save/Michael.Lueken/nwprod/lib/crtm/2.2.3/fix_update/sndrD4_g15.TauCoeff.bin ./
+ for file in '`awk '\''{if($1!~"!"){print $1}}'\'' ./satinfo | sort | uniq`'
+ /bin/cp /scratch4/NCEPDEV/da/save/Michael.Lueken/nwprod/lib/crtm/2.2.3/fix_update/ssmi_f15.SpcCoeff.bin ./
+ /bin/cp /scratch4/NCEPDEV/da/save/Michael.Lueken/nwprod/lib/crtm/2.2.3/fix_update/ssmi_f15.TauCoeff.bin ./
+ for file in '`awk '\''{if($1!~"!"){print $1}}'\'' ./satinfo | sort | uniq`'
+ /bin/cp /scratch4/NCEPDEV/da/save/Michael.Lueken/nwprod/lib/crtm/2.2.3/fix_update/ssmis_f16.SpcCoeff.bin ./
+ /bin/cp /scratch4/NCEPDEV/da/save/Michael.Lueken/nwprod/lib/crtm/2.2.3/fix_update/ssmis_f16.TauCoeff.bin ./
+ for file in '`awk '\''{if($1!~"!"){print $1}}'\'' ./satinfo | sort | uniq`'
+ /bin/cp /scratch4/NCEPDEV/da/save/Michael.Lueken/nwprod/lib/crtm/2.2.3/fix_update/ssmis_f17.SpcCoeff.bin ./
+ /bin/cp /scratch4/NCEPDEV/da/save/Michael.Lueken/nwprod/lib/crtm/2.2.3/fix_update/ssmis_f17.TauCoeff.bin ./
+ for file in '`awk '\''{if($1!~"!"){print $1}}'\'' ./satinfo | sort | uniq`'
+ /bin/cp /scratch4/NCEPDEV/da/save/Michael.Lueken/nwprod/lib/crtm/2.2.3/fix_update/ssmis_f18.SpcCoeff.bin ./
+ /bin/cp /scratch4/NCEPDEV/da/save/Michael.Lueken/nwprod/lib/crtm/2.2.3/fix_update/ssmis_f18.TauCoeff.bin ./
+ for file in '`awk '\''{if($1!~"!"){print $1}}'\'' ./satinfo | sort | uniq`'
+ /bin/cp /scratch4/NCEPDEV/da/save/Michael.Lueken/nwprod/lib/crtm/2.2.3/fix_update/ssmis_f19.SpcCoeff.bin ./
+ /bin/cp /scratch4/NCEPDEV/da/save/Michael.Lueken/nwprod/lib/crtm/2.2.3/fix_update/ssmis_f19.TauCoeff.bin ./
+ for file in '`awk '\''{if($1!~"!"){print $1}}'\'' ./satinfo | sort | uniq`'
+ /bin/cp /scratch4/NCEPDEV/da/save/Michael.Lueken/nwprod/lib/crtm/2.2.3/fix_update/ssmis_f20.SpcCoeff.bin ./
+ /bin/cp /scratch4/NCEPDEV/da/save/Michael.Lueken/nwprod/lib/crtm/2.2.3/fix_update/ssmis_f20.TauCoeff.bin ./
+ ln -s -f /scratch4/NCEPDEV/da/noscrub/Michael.Lueken/CASES/global/sigmap/2016120300/prepqc.gdas.2016120300 ./prepbufr
+ ln -s -f /scratch4/NCEPDEV/da/noscrub/Michael.Lueken/CASES/global/sigmap/2016120300/satwnd.gdas.2016120300 ./satwndbufr
+ ln -s -f /scratch4/NCEPDEV/da/noscrub/Michael.Lueken/CASES/global/sigmap/2016120300/gpsro.gdas.2016120300 ./gpsrobufr
+ ln -s -f /scratch4/NCEPDEV/da/noscrub/Michael.Lueken/CASES/global/sigmap/2016120300/spssmi.gdas.2016120300 ./ssmirrbufr
+ ln -s -f /scratch4/NCEPDEV/da/noscrub/Michael.Lueken/CASES/global/sigmap/2016120300/sptrmm.gdas.2016120300 ./tmirrbufr
+ ln -s -f /scratch4/NCEPDEV/da/noscrub/Michael.Lueken/CASES/global/sigmap/2016120300/gome.gdas.2016120300 ./gomebufr
+ ln -s -f /scratch4/NCEPDEV/da/noscrub/Michael.Lueken/CASES/global/sigmap/2016120300/omi.gdas.2016120300 ./omibufr
+ ln -s -f /scratch4/NCEPDEV/da/noscrub/Michael.Lueken/CASES/global/sigmap/2016120300/mls.gdas.2016120300 ./mlsbufr
+ ln -s -f /scratch4/NCEPDEV/da/noscrub/Michael.Lueken/CASES/global/sigmap/2016120300/osbuv8.gdas.2016120300 ./sbuvbufr
+ ln -s -f /scratch4/NCEPDEV/da/noscrub/Michael.Lueken/CASES/global/sigmap/2016120300/goesfv.gdas.2016120300 ./gsnd1bufr
+ ln -s -f /scratch4/NCEPDEV/da/noscrub/Michael.Lueken/CASES/global/sigmap/2016120300/1bamua.gdas.2016120300 ./amsuabufr
+ ln -s -f /scratch4/NCEPDEV/da/noscrub/Michael.Lueken/CASES/global/sigmap/2016120300/1bamub.gdas.2016120300 ./amsubbufr
+ ln -s -f /scratch4/NCEPDEV/da/noscrub/Michael.Lueken/CASES/global/sigmap/2016120300/1bhrs2.gdas.2016120300 ./hirs2bufr
+ ln -s -f /scratch4/NCEPDEV/da/noscrub/Michael.Lueken/CASES/global/sigmap/2016120300/1bhrs3.gdas.2016120300 ./hirs3bufr
+ ln -s -f /scratch4/NCEPDEV/da/noscrub/Michael.Lueken/CASES/global/sigmap/2016120300/1bhrs4.gdas.2016120300 ./hirs4bufr
+ ln -s -f /scratch4/NCEPDEV/da/noscrub/Michael.Lueken/CASES/global/sigmap/2016120300/1bmhs.gdas.2016120300 ./mhsbufr
+ ln -s -f /scratch4/NCEPDEV/da/noscrub/Michael.Lueken/CASES/global/sigmap/2016120300/1bmsu.gdas.2016120300 ./msubufr
+ ln -s -f /scratch4/NCEPDEV/da/noscrub/Michael.Lueken/CASES/global/sigmap/2016120300/airsev.gdas.2016120300 ./airsbufr
+ ln -s -f /scratch4/NCEPDEV/da/noscrub/Michael.Lueken/CASES/global/sigmap/2016120300/sevcsr.gdas.2016120300 ./seviribufr
+ ln -s -f /scratch4/NCEPDEV/da/noscrub/Michael.Lueken/CASES/global/sigmap/2016120300/mtiasi.gdas.2016120300 ./iasibufr
+ ln -s -f /scratch4/NCEPDEV/da/noscrub/Michael.Lueken/CASES/global/sigmap/2016120300/esamua.gdas.2016120300 ./amsuabufrears
+ ln -s -f /scratch4/NCEPDEV/da/noscrub/Michael.Lueken/CASES/global/sigmap/2016120300/esamub.gdas.2016120300 ./amsubbufrears
+ ln -s -f /scratch4/NCEPDEV/da/noscrub/Michael.Lueken/CASES/global/sigmap/2016120300/eshrs3.gdas.2016120300 ./hirs3bufrears
+ ln -s -f /scratch4/NCEPDEV/da/noscrub/Michael.Lueken/CASES/global/sigmap/2016120300/ssmit.gdas.2016120300 ./ssmitbufr
+ ln -s -f /scratch4/NCEPDEV/da/noscrub/Michael.Lueken/CASES/global/sigmap/2016120300/amsre.gdas.2016120300 ./amsrebufr
+ ln -s -f /scratch4/NCEPDEV/da/noscrub/Michael.Lueken/CASES/global/sigmap/2016120300/ssmis.gdas.2016120300 ./ssmisbufr
+ ln -s -f /scratch4/NCEPDEV/da/noscrub/Michael.Lueken/CASES/global/sigmap/2016120300/atms.gdas.2016120300 ./atmsbufr
+ ln -s -f /scratch4/NCEPDEV/da/noscrub/Michael.Lueken/CASES/global/sigmap/2016120300/cris.gdas.2016120300 ./crisbufr
+ ln -s -f /scratch4/NCEPDEV/da/noscrub/Michael.Lueken/CASES/global/sigmap/2016120300/crisf4.gdas.2016120300 ./crisfsbufr
+ ln -s -f /scratch4/NCEPDEV/da/noscrub/Michael.Lueken/CASES/global/sigmap/2016120300/tcvitl.gdas.2016120300 ./tcvitl
+ ln -s -f /scratch4/NCEPDEV/da/noscrub/Michael.Lueken/CASES/global/sigmap/2016120300/biascr.gdas.2016120218 ./satbias_in
+ ln -s -f /scratch4/NCEPDEV/da/noscrub/Michael.Lueken/CASES/global/sigmap/2016120300/biascr_pc.gdas.2016120218 ./satbias_pc
+ ln -s -f /scratch4/NCEPDEV/da/noscrub/Michael.Lueken/CASES/global/sigmap/2016120300/radstat.gdas.2016120218 ./radstat.gdas
++ tar xvf radstat.gdas
++ cut '-d ' -f2
++ grep --color=auto _ges
+ listdiag='diag_sndrd1_g15_ges.2016120218.gz
diag_sndrd2_g15_ges.2016120218.gz
diag_sndrd3_g15_ges.2016120218.gz
diag_sndrd4_g15_ges.2016120218.gz
diag_amsua_n15_ges.2016120218.gz
diag_airs_aqua_ges.2016120218.gz
diag_amsua_aqua_ges.2016120218.gz
diag_hirs4_metop-a_ges.2016120218.gz
diag_amsua_n18_ges.2016120218.gz
diag_amsua_metop-a_ges.2016120218.gz
diag_mhs_n18_ges.2016120218.gz
diag_mhs_metop-a_ges.2016120218.gz
diag_ssmis_f17_ges.2016120218.gz
diag_ssmis_f18_ges.2016120218.gz
diag_iasi_metop-a_ges.2016120218.gz
diag_hirs4_n19_ges.2016120218.gz
diag_amsua_n19_ges.2016120218.gz
diag_mhs_n19_ges.2016120218.gz
diag_seviri_m10_ges.2016120218.gz
diag_cris_npp_ges.2016120218.gz
diag_atms_npp_ges.2016120218.gz
diag_hirs4_metop-b_ges.2016120218.gz
diag_amsua_metop-b_ges.2016120218.gz
diag_mhs_metop-b_ges.2016120218.gz
diag_iasi_metop-b_ges.2016120218.gz
diag_avhrr_n18_ges.2016120218.gz
diag_avhrr_metop-a_ges.2016120218.gz
diag_gmi_gpm_ges.2016120218.gz
diag_saphir_meghat_ges.2016120218.gz'
+ for type in '$listdiag'
++ echo diag_sndrd1_g15_ges.2016120218.gz
++ cut -d, -f1
+ diag_file=diag_sndrd1_g15_ges.2016120218.gz
++ echo diag_sndrd1_g15_ges.2016120218.gz
++ cut -d. -f1
+ fname=diag_sndrd1_g15_ges
++ echo diag_sndrd1_g15_ges.2016120218.gz
++ cut -d. -f2
+ date=2016120218
+ gunzip diag_sndrd1_g15_ges.2016120218.gz
++ echo diag_sndrd1_g15_ges
++ sed s/_ges//g
+ fnameanl=diag_sndrd1_g15
+ mv diag_sndrd1_g15_ges.2016120218 diag_sndrd1_g15
+ for type in '$listdiag'
++ echo diag_sndrd2_g15_ges.2016120218.gz
++ cut -d, -f1
+ diag_file=diag_sndrd2_g15_ges.2016120218.gz
++ echo diag_sndrd2_g15_ges.2016120218.gz
++ cut -d. -f1
+ fname=diag_sndrd2_g15_ges
++ echo diag_sndrd2_g15_ges.2016120218.gz
++ cut -d. -f2
+ date=2016120218
+ gunzip diag_sndrd2_g15_ges.2016120218.gz
++ echo diag_sndrd2_g15_ges
++ sed s/_ges//g
+ fnameanl=diag_sndrd2_g15
+ mv diag_sndrd2_g15_ges.2016120218 diag_sndrd2_g15
+ for type in '$listdiag'
++ echo diag_sndrd3_g15_ges.2016120218.gz
++ cut -d, -f1
+ diag_file=diag_sndrd3_g15_ges.2016120218.gz
++ echo diag_sndrd3_g15_ges.2016120218.gz
++ cut -d. -f1
+ fname=diag_sndrd3_g15_ges
++ echo diag_sndrd3_g15_ges.2016120218.gz
++ cut -d. -f2
+ date=2016120218
+ gunzip diag_sndrd3_g15_ges.2016120218.gz
++ echo diag_sndrd3_g15_ges
++ sed s/_ges//g
+ fnameanl=diag_sndrd3_g15
+ mv diag_sndrd3_g15_ges.2016120218 diag_sndrd3_g15
+ for type in '$listdiag'
++ echo diag_sndrd4_g15_ges.2016120218.gz
++ cut -d, -f1
+ diag_file=diag_sndrd4_g15_ges.2016120218.gz
++ echo diag_sndrd4_g15_ges.2016120218.gz
++ cut -d. -f1
+ fname=diag_sndrd4_g15_ges
++ echo diag_sndrd4_g15_ges.2016120218.gz
++ cut -d. -f2
+ date=2016120218
+ gunzip diag_sndrd4_g15_ges.2016120218.gz
++ echo diag_sndrd4_g15_ges
++ sed s/_ges//g
+ fnameanl=diag_sndrd4_g15
+ mv diag_sndrd4_g15_ges.2016120218 diag_sndrd4_g15
+ for type in '$listdiag'
++ echo diag_amsua_n15_ges.2016120218.gz
++ cut -d, -f1
+ diag_file=diag_amsua_n15_ges.2016120218.gz
++ echo diag_amsua_n15_ges.2016120218.gz
++ cut -d. -f1
+ fname=diag_amsua_n15_ges
++ echo diag_amsua_n15_ges.2016120218.gz
++ cut -d. -f2
+ date=2016120218
+ gunzip diag_amsua_n15_ges.2016120218.gz
++ echo diag_amsua_n15_ges
++ sed s/_ges//g
+ fnameanl=diag_amsua_n15
+ mv diag_amsua_n15_ges.2016120218 diag_amsua_n15
+ for type in '$listdiag'
++ echo diag_airs_aqua_ges.2016120218.gz
++ cut -d, -f1
+ diag_file=diag_airs_aqua_ges.2016120218.gz
++ echo diag_airs_aqua_ges.2016120218.gz
++ cut -d. -f1
+ fname=diag_airs_aqua_ges
++ echo diag_airs_aqua_ges.2016120218.gz
++ cut -d. -f2
+ date=2016120218
+ gunzip diag_airs_aqua_ges.2016120218.gz
++ echo diag_airs_aqua_ges
++ sed s/_ges//g
+ fnameanl=diag_airs_aqua
+ mv diag_airs_aqua_ges.2016120218 diag_airs_aqua
+ for type in '$listdiag'
++ echo diag_amsua_aqua_ges.2016120218.gz
++ cut -d, -f1
+ diag_file=diag_amsua_aqua_ges.2016120218.gz
++ echo diag_amsua_aqua_ges.2016120218.gz
++ cut -d. -f1
+ fname=diag_amsua_aqua_ges
++ echo diag_amsua_aqua_ges.2016120218.gz
++ cut -d. -f2
+ date=2016120218
+ gunzip diag_amsua_aqua_ges.2016120218.gz
++ echo diag_amsua_aqua_ges
++ sed s/_ges//g
+ fnameanl=diag_amsua_aqua
+ mv diag_amsua_aqua_ges.2016120218 diag_amsua_aqua
+ for type in '$listdiag'
++ echo diag_hirs4_metop-a_ges.2016120218.gz
++ cut -d, -f1
+ diag_file=diag_hirs4_metop-a_ges.2016120218.gz
++ echo diag_hirs4_metop-a_ges.2016120218.gz
++ cut -d. -f1
+ fname=diag_hirs4_metop-a_ges
++ echo diag_hirs4_metop-a_ges.2016120218.gz
++ cut -d. -f2
+ date=2016120218
+ gunzip diag_hirs4_metop-a_ges.2016120218.gz
++ echo diag_hirs4_metop-a_ges
++ sed s/_ges//g
+ fnameanl=diag_hirs4_metop-a
+ mv diag_hirs4_metop-a_ges.2016120218 diag_hirs4_metop-a
+ for type in '$listdiag'
++ echo diag_amsua_n18_ges.2016120218.gz
++ cut -d, -f1
+ diag_file=diag_amsua_n18_ges.2016120218.gz
++ echo diag_amsua_n18_ges.2016120218.gz
++ cut -d. -f1
+ fname=diag_amsua_n18_ges
++ echo diag_amsua_n18_ges.2016120218.gz
++ cut -d. -f2
+ date=2016120218
+ gunzip diag_amsua_n18_ges.2016120218.gz
++ echo diag_amsua_n18_ges
++ sed s/_ges//g
+ fnameanl=diag_amsua_n18
+ mv diag_amsua_n18_ges.2016120218 diag_amsua_n18
+ for type in '$listdiag'
++ echo diag_amsua_metop-a_ges.2016120218.gz
++ cut -d, -f1
+ diag_file=diag_amsua_metop-a_ges.2016120218.gz
++ echo diag_amsua_metop-a_ges.2016120218.gz
++ cut -d. -f1
+ fname=diag_amsua_metop-a_ges
++ echo diag_amsua_metop-a_ges.2016120218.gz
++ cut -d. -f2
+ date=2016120218
+ gunzip diag_amsua_metop-a_ges.2016120218.gz
++ echo diag_amsua_metop-a_ges
++ sed s/_ges//g
+ fnameanl=diag_amsua_metop-a
+ mv diag_amsua_metop-a_ges.2016120218 diag_amsua_metop-a
+ for type in '$listdiag'
++ echo diag_mhs_n18_ges.2016120218.gz
++ cut -d, -f1
+ diag_file=diag_mhs_n18_ges.2016120218.gz
++ echo diag_mhs_n18_ges.2016120218.gz
++ cut -d. -f1
+ fname=diag_mhs_n18_ges
++ echo diag_mhs_n18_ges.2016120218.gz
++ cut -d. -f2
+ date=2016120218
+ gunzip diag_mhs_n18_ges.2016120218.gz
++ echo diag_mhs_n18_ges
++ sed s/_ges//g
+ fnameanl=diag_mhs_n18
+ mv diag_mhs_n18_ges.2016120218 diag_mhs_n18
+ for type in '$listdiag'
++ echo diag_mhs_metop-a_ges.2016120218.gz
++ cut -d, -f1
+ diag_file=diag_mhs_metop-a_ges.2016120218.gz
++ echo diag_mhs_metop-a_ges.2016120218.gz
++ cut -d. -f1
+ fname=diag_mhs_metop-a_ges
++ echo diag_mhs_metop-a_ges.2016120218.gz
++ cut -d. -f2
+ date=2016120218
+ gunzip diag_mhs_metop-a_ges.2016120218.gz
++ echo diag_mhs_metop-a_ges
++ sed s/_ges//g
+ fnameanl=diag_mhs_metop-a
+ mv diag_mhs_metop-a_ges.2016120218 diag_mhs_metop-a
+ for type in '$listdiag'
++ echo diag_ssmis_f17_ges.2016120218.gz
++ cut -d, -f1
+ diag_file=diag_ssmis_f17_ges.2016120218.gz
++ echo diag_ssmis_f17_ges.2016120218.gz
++ cut -d. -f1
+ fname=diag_ssmis_f17_ges
++ echo diag_ssmis_f17_ges.2016120218.gz
++ cut -d. -f2
+ date=2016120218
+ gunzip diag_ssmis_f17_ges.2016120218.gz
++ echo diag_ssmis_f17_ges
++ sed s/_ges//g
+ fnameanl=diag_ssmis_f17
+ mv diag_ssmis_f17_ges.2016120218 diag_ssmis_f17
+ for type in '$listdiag'
++ echo diag_ssmis_f18_ges.2016120218.gz
++ cut -d, -f1
+ diag_file=diag_ssmis_f18_ges.2016120218.gz
++ echo diag_ssmis_f18_ges.2016120218.gz
++ cut -d. -f1
+ fname=diag_ssmis_f18_ges
++ echo diag_ssmis_f18_ges.2016120218.gz
++ cut -d. -f2
+ date=2016120218
+ gunzip diag_ssmis_f18_ges.2016120218.gz
++ echo diag_ssmis_f18_ges
++ sed s/_ges//g
+ fnameanl=diag_ssmis_f18
+ mv diag_ssmis_f18_ges.2016120218 diag_ssmis_f18
+ for type in '$listdiag'
++ echo diag_iasi_metop-a_ges.2016120218.gz
++ cut -d, -f1
+ diag_file=diag_iasi_metop-a_ges.2016120218.gz
++ echo diag_iasi_metop-a_ges.2016120218.gz
++ cut -d. -f1
+ fname=diag_iasi_metop-a_ges
++ echo diag_iasi_metop-a_ges.2016120218.gz
++ cut -d. -f2
+ date=2016120218
+ gunzip diag_iasi_metop-a_ges.2016120218.gz
++ echo diag_iasi_metop-a_ges
++ sed s/_ges//g
+ fnameanl=diag_iasi_metop-a
+ mv diag_iasi_metop-a_ges.2016120218 diag_iasi_metop-a
+ for type in '$listdiag'
++ echo diag_hirs4_n19_ges.2016120218.gz
++ cut -d, -f1
+ diag_file=diag_hirs4_n19_ges.2016120218.gz
++ echo diag_hirs4_n19_ges.2016120218.gz
++ cut -d. -f1
+ fname=diag_hirs4_n19_ges
++ echo diag_hirs4_n19_ges.2016120218.gz
++ cut -d. -f2
+ date=2016120218
+ gunzip diag_hirs4_n19_ges.2016120218.gz
++ echo diag_hirs4_n19_ges
++ sed s/_ges//g
+ fnameanl=diag_hirs4_n19
+ mv diag_hirs4_n19_ges.2016120218 diag_hirs4_n19
+ for type in '$listdiag'
++ echo diag_amsua_n19_ges.2016120218.gz
++ cut -d, -f1
+ diag_file=diag_amsua_n19_ges.2016120218.gz
++ echo diag_amsua_n19_ges.2016120218.gz
++ cut -d. -f1
+ fname=diag_amsua_n19_ges
++ echo diag_amsua_n19_ges.2016120218.gz
++ cut -d. -f2
+ date=2016120218
+ gunzip diag_amsua_n19_ges.2016120218.gz
++ echo diag_amsua_n19_ges
++ sed s/_ges//g
+ fnameanl=diag_amsua_n19
+ mv diag_amsua_n19_ges.2016120218 diag_amsua_n19
+ for type in '$listdiag'
++ echo diag_mhs_n19_ges.2016120218.gz
++ cut -d, -f1
+ diag_file=diag_mhs_n19_ges.2016120218.gz
++ echo diag_mhs_n19_ges.2016120218.gz
++ cut -d. -f1
+ fname=diag_mhs_n19_ges
++ echo diag_mhs_n19_ges.2016120218.gz
++ cut -d. -f2
+ date=2016120218
+ gunzip diag_mhs_n19_ges.2016120218.gz
++ echo diag_mhs_n19_ges
++ sed s/_ges//g
+ fnameanl=diag_mhs_n19
+ mv diag_mhs_n19_ges.2016120218 diag_mhs_n19
+ for type in '$listdiag'
++ echo diag_seviri_m10_ges.2016120218.gz
++ cut -d, -f1
+ diag_file=diag_seviri_m10_ges.2016120218.gz
++ echo diag_seviri_m10_ges.2016120218.gz
++ cut -d. -f1
+ fname=diag_seviri_m10_ges
++ echo diag_seviri_m10_ges.2016120218.gz
++ cut -d. -f2
+ date=2016120218
+ gunzip diag_seviri_m10_ges.2016120218.gz
++ echo diag_seviri_m10_ges
++ sed s/_ges//g
+ fnameanl=diag_seviri_m10
+ mv diag_seviri_m10_ges.2016120218 diag_seviri_m10
+ for type in '$listdiag'
++ echo diag_cris_npp_ges.2016120218.gz
++ cut -d, -f1
+ diag_file=diag_cris_npp_ges.2016120218.gz
++ echo diag_cris_npp_ges.2016120218.gz
++ cut -d. -f1
+ fname=diag_cris_npp_ges
++ echo diag_cris_npp_ges.2016120218.gz
++ cut -d. -f2
+ date=2016120218
+ gunzip diag_cris_npp_ges.2016120218.gz
++ echo diag_cris_npp_ges
++ sed s/_ges//g
+ fnameanl=diag_cris_npp
+ mv diag_cris_npp_ges.2016120218 diag_cris_npp
+ for type in '$listdiag'
++ echo diag_atms_npp_ges.2016120218.gz
++ cut -d, -f1
+ diag_file=diag_atms_npp_ges.2016120218.gz
++ echo diag_atms_npp_ges.2016120218.gz
++ cut -d. -f1
+ fname=diag_atms_npp_ges
++ echo diag_atms_npp_ges.2016120218.gz
++ cut -d. -f2
+ date=2016120218
+ gunzip diag_atms_npp_ges.2016120218.gz
++ echo diag_atms_npp_ges
++ sed s/_ges//g
+ fnameanl=diag_atms_npp
+ mv diag_atms_npp_ges.2016120218 diag_atms_npp
+ for type in '$listdiag'
++ echo diag_hirs4_metop-b_ges.2016120218.gz
++ cut -d, -f1
+ diag_file=diag_hirs4_metop-b_ges.2016120218.gz
++ echo diag_hirs4_metop-b_ges.2016120218.gz
++ cut -d. -f1
+ fname=diag_hirs4_metop-b_ges
++ echo diag_hirs4_metop-b_ges.2016120218.gz
++ cut -d. -f2
+ date=2016120218
+ gunzip diag_hirs4_metop-b_ges.2016120218.gz
++ echo diag_hirs4_metop-b_ges
++ sed s/_ges//g
+ fnameanl=diag_hirs4_metop-b
+ mv diag_hirs4_metop-b_ges.2016120218 diag_hirs4_metop-b
+ for type in '$listdiag'
++ echo diag_amsua_metop-b_ges.2016120218.gz
++ cut -d, -f1
+ diag_file=diag_amsua_metop-b_ges.2016120218.gz
++ echo diag_amsua_metop-b_ges.2016120218.gz
++ cut -d. -f1
+ fname=diag_amsua_metop-b_ges
++ echo diag_amsua_metop-b_ges.2016120218.gz
++ cut -d. -f2
+ date=2016120218
+ gunzip diag_amsua_metop-b_ges.2016120218.gz
++ echo diag_amsua_metop-b_ges
++ sed s/_ges//g
+ fnameanl=diag_amsua_metop-b
+ mv diag_amsua_metop-b_ges.2016120218 diag_amsua_metop-b
+ for type in '$listdiag'
++ echo diag_mhs_metop-b_ges.2016120218.gz
++ cut -d, -f1
+ diag_file=diag_mhs_metop-b_ges.2016120218.gz
++ echo diag_mhs_metop-b_ges.2016120218.gz
++ cut -d. -f1
+ fname=diag_mhs_metop-b_ges
++ echo diag_mhs_metop-b_ges.2016120218.gz
++ cut -d. -f2
+ date=2016120218
+ gunzip diag_mhs_metop-b_ges.2016120218.gz
++ echo diag_mhs_metop-b_ges
++ sed s/_ges//g
+ fnameanl=diag_mhs_metop-b
+ mv diag_mhs_metop-b_ges.2016120218 diag_mhs_metop-b
+ for type in '$listdiag'
++ echo diag_iasi_metop-b_ges.2016120218.gz
++ cut -d, -f1
+ diag_file=diag_iasi_metop-b_ges.2016120218.gz
++ echo diag_iasi_metop-b_ges.2016120218.gz
++ cut -d. -f1
+ fname=diag_iasi_metop-b_ges
++ echo diag_iasi_metop-b_ges.2016120218.gz
++ cut -d. -f2
+ date=2016120218
+ gunzip diag_iasi_metop-b_ges.2016120218.gz
++ echo diag_iasi_metop-b_ges
++ sed s/_ges//g
+ fnameanl=diag_iasi_metop-b
+ mv diag_iasi_metop-b_ges.2016120218 diag_iasi_metop-b
+ for type in '$listdiag'
++ echo diag_avhrr_n18_ges.2016120218.gz
++ cut -d, -f1
+ diag_file=diag_avhrr_n18_ges.2016120218.gz
++ echo diag_avhrr_n18_ges.2016120218.gz
++ cut -d. -f1
+ fname=diag_avhrr_n18_ges
++ echo diag_avhrr_n18_ges.2016120218.gz
++ cut -d. -f2
+ date=2016120218
+ gunzip diag_avhrr_n18_ges.2016120218.gz
++ echo diag_avhrr_n18_ges
++ sed s/_ges//g
+ fnameanl=diag_avhrr_n18
+ mv diag_avhrr_n18_ges.2016120218 diag_avhrr_n18
+ for type in '$listdiag'
++ echo diag_avhrr_metop-a_ges.2016120218.gz
++ cut -d, -f1
+ diag_file=diag_avhrr_metop-a_ges.2016120218.gz
++ echo diag_avhrr_metop-a_ges.2016120218.gz
++ cut -d. -f1
+ fname=diag_avhrr_metop-a_ges
++ echo diag_avhrr_metop-a_ges.2016120218.gz
++ cut -d. -f2
+ date=2016120218
+ gunzip diag_avhrr_metop-a_ges.2016120218.gz
++ echo diag_avhrr_metop-a_ges
++ sed s/_ges//g
+ fnameanl=diag_avhrr_metop-a
+ mv diag_avhrr_metop-a_ges.2016120218 diag_avhrr_metop-a
+ for type in '$listdiag'
++ echo diag_gmi_gpm_ges.2016120218.gz
++ cut -d, -f1
+ diag_file=diag_gmi_gpm_ges.2016120218.gz
++ echo diag_gmi_gpm_ges.2016120218.gz
++ cut -d. -f1
+ fname=diag_gmi_gpm_ges
++ echo diag_gmi_gpm_ges.2016120218.gz
++ cut -d. -f2
+ date=2016120218
+ gunzip diag_gmi_gpm_ges.2016120218.gz
++ echo diag_gmi_gpm_ges
++ sed s/_ges//g
+ fnameanl=diag_gmi_gpm
+ mv diag_gmi_gpm_ges.2016120218 diag_gmi_gpm
+ for type in '$listdiag'
++ echo diag_saphir_meghat_ges.2016120218.gz
++ cut -d, -f1
+ diag_file=diag_saphir_meghat_ges.2016120218.gz
++ echo diag_saphir_meghat_ges.2016120218.gz
++ cut -d. -f1
+ fname=diag_saphir_meghat_ges
++ echo diag_saphir_meghat_ges.2016120218.gz
++ cut -d. -f2
+ date=2016120218
+ gunzip diag_saphir_meghat_ges.2016120218.gz
++ echo diag_saphir_meghat_ges
++ sed s/_ges//g
+ fnameanl=diag_saphir_meghat
+ mv diag_saphir_meghat_ges.2016120218 diag_saphir_meghat
+ [[ Big_Endian = \B\i\g\_\E\n\d\i\a\n ]]
+ ln -s -f /scratch4/NCEPDEV/da/noscrub/Michael.Lueken/CASES/global/sigmap/2016120300/gdas2.t18z.bf03 ./sfcf03
+ ln -s -f /scratch4/NCEPDEV/da/noscrub/Michael.Lueken/CASES/global/sigmap/2016120300/gdas2.t18z.bf06 ./sfcf06
+ ln -s -f /scratch4/NCEPDEV/da/noscrub/Michael.Lueken/CASES/global/sigmap/2016120300/gdas2.t18z.bf09 ./sfcf09
+ [[ Big_Endian = \B\i\g\_\E\n\d\i\a\n ]]
+ ln -s -f /scratch4/NCEPDEV/da/noscrub/Michael.Lueken/CASES/global/sigmap/2016120300/gdas2.t00z.sgm3prep ./sigf03
+ ln -s -f /scratch4/NCEPDEV/da/noscrub/Michael.Lueken/CASES/global/sigmap/2016120300/gdas2.t00z.sgesprep ./sigf06
+ ln -s -f /scratch4/NCEPDEV/da/noscrub/Michael.Lueken/CASES/global/sigmap/2016120300/gdas2.t00z.sgp3prep ./sigf09
+ cd /scratch4/NCEPDEV/stmp3/Louis.Kouvaris/_scratch4_NCEPDEV_da_save_Louis.Kouvaris_fv3gfs_sorc_gsi.fd_build/tmpreg_global_T62/global_T62_loproc_updat
+ echo 'run gsi now'
run gsi now
+ eval 'srun /scratch4/NCEPDEV/stmp3/Louis.Kouvaris/_scratch4_NCEPDEV_da_save_Louis.Kouvaris_fv3gfs_sorc_gsi.fd_build/tmpreg_global_T62/global_T62_loproc_updat/gsi.x > stdout 2>&1'
++ srun /scratch4/NCEPDEV/stmp3/Louis.Kouvaris/_scratch4_NCEPDEV_da_save_Louis.Kouvaris_fv3gfs_sorc_gsi.fd_build/tmpreg_global_T62/global_T62_loproc_updat/gsi.x
+ rc=0
+ exit 0
_______________________________________________________________
Start Epilog v19.07.23 on node t0941 for job 2014936 :: Mon Aug 19 21:15:45 UTC 2019
Job 2014936 (not serial) finished for user Louis.Kouvaris in partition theia with exit code 0:0
_______________________________________________________________
End Epilogue v19.07.23 Mon Aug 19 21:15:45 UTC 2019
