Start prolog.task v19.07.23 on node t0382 for job 2014941 :: Mon Aug 19 19:53:46 GMT 2019
_______________________________________________________________
End prolog.task v19.07.23 Mon Aug 19 19:53:46 GMT 2019
_scratch4_NCEPDEV_da_save_Louis.Kouvaris_fv3gfs_sorc_gsi.fd_build
beginning regression_var.sh, machine is Theia
machine is set to 'Theia'
done loading modules

Currently Loaded Modules:
  1) intel/15.6.233    6) nemsio/v2.2.1  11) w3emc/v2.3.0
  2) mvapich2/2.1rc1   7) sfcio/v1.0.0   12) bacio/v2.0.2
  3) hdf5/1.8.14       8) sigio/v2.0.1   13) crtm/v2.2.3
  4) netcdf/4.3.0      9) sp/v2.0.2      14) prod_util/1.0.18
  5) bufr/v10.2.5     10) w3nco/v2.0.6   15) cmake/3.12.3-gcc-8.2.0

 

+ exp=global_4denvar_T126_loproc_updat
+ export JCAP=126
+ JCAP=126
+ export LEVS=64
+ LEVS=64
+ export JCAP_B=126
+ JCAP_B=126
+ export JCAP_EN=62
+ JCAP_EN=62
+ tmpdir=/scratch4/NCEPDEV/stmp3/Louis.Kouvaris/_scratch4_NCEPDEV_da_save_Louis.Kouvaris_fv3gfs_sorc_gsi.fd_build/tmpreg_global_4denvar_T126/global_4denvar_T126_loproc_updat
+ savdir=/scratch4/NCEPDEV/stmp3/Louis.Kouvaris/_scratch4_NCEPDEV_da_save_Louis.Kouvaris_fv3gfs_sorc_gsi.fd_build/out126/global_4denvar_T126_loproc_updat
+ UNCOMPRESS=gunzip
+ CLEAN=NO
+ ncp=/bin/cp
+ [[ 126 = \6\7\0 ]]
+ [[ 126 = \5\7\4 ]]
+ [[ 126 = \3\8\2 ]]
+ [[ 126 = \1\2\6 ]]
+ export LONA=384
+ LONA=384
+ export LATA=190
+ LATA=190
+ export DELTIM=600
+ DELTIM=600
+ export resol=2
+ resol=2
+ export NLAT=192
+ NLAT=192
++ /scratch4/NCEPDEV/da/save/Michael.Lueken/nwprod/util/exec/ndate -06 2019041500
+ gdate=2019041418
++ echo 2019041418
++ cut -c1-8
+ yyg=20190414
++ echo 2019041418
++ cut -c9-10
+ hhg=18
++ echo 2019041500
++ cut -c1-8
+ yya=20190415
++ echo 2019041500
++ cut -c9-10
+ hha=00
+ rm -rf /scratch4/NCEPDEV/stmp3/Louis.Kouvaris/_scratch4_NCEPDEV_da_save_Louis.Kouvaris_fv3gfs_sorc_gsi.fd_build/tmpreg_global_4denvar_T126/global_4denvar_T126_loproc_updat
+ mkdir -p /scratch4/NCEPDEV/stmp3/Louis.Kouvaris/_scratch4_NCEPDEV_da_save_Louis.Kouvaris_fv3gfs_sorc_gsi.fd_build/tmpreg_global_4denvar_T126/global_4denvar_T126_loproc_updat
+ cd /scratch4/NCEPDEV/stmp3/Louis.Kouvaris/_scratch4_NCEPDEV_da_save_Louis.Kouvaris_fv3gfs_sorc_gsi.fd_build/tmpreg_global_4denvar_T126/global_4denvar_T126_loproc_updat
+ rm -rf 'core*'
+ ICO2=0
+ '[' 0 -gt 0 ']'
+ ICH4=0
+ '[' 0 -gt 0 ']'
+ IN2O=0
+ '[' 0 -gt 0 ']'
+ ICO=0
+ '[' 0 -gt 0 ']'
+ . /scratch4/NCEPDEV/da/save/Louis.Kouvaris/fv3gfs/sorc/gsi.fd/regression/regression_nl_update.sh
+++ expr substr global_4denvar_T126_loproc_updat 1 6
++ [[ global = \g\l\o\b\a\l ]]
+++ expr substr global_4denvar_T126_loproc_updat 8 5
++ [[ 4denv = \4\d\v\a\r ]]
+++ expr substr global_4denvar_T126_loproc_updat 8 7
++ [[ 4denvar = \l\a\n\c\z\o\s ]]
+++ expr substr global_4denvar_T126_loproc_updat 12 6
++ [[ var_T1 = \o\z\o\n\l\y ]]
++ export SETUP_update=newpc4pred=.true.,adp_anglebc=.true.,angord=4,passive_bc=.true.,use_edges=.false.,diag_precon=.true.,step_start=1.0e-3,emiss_bc=.true.,cwoption=3,
++ SETUP_update=newpc4pred=.true.,adp_anglebc=.true.,angord=4,passive_bc=.true.,use_edges=.false.,diag_precon=.true.,step_start=1.0e-3,emiss_bc=.true.,cwoption=3,
++ export SETUP_enkf=univaroz=.true.,adp_anglebc=.true.,angord=4,use_edges=.false.,emiss_bc=.true.,
++ SETUP_enkf=univaroz=.true.,adp_anglebc=.true.,angord=4,use_edges=.false.,emiss_bc=.true.,
+++ expr substr global_4denvar_T126_loproc_updat 1 4
++ [[ glob = \r\t\m\a ]]
++ export OBSQC_update=
++ OBSQC_update=
++ export GRIDOPTS_update=
++ GRIDOPTS_update=
++ export BKGVERR_update=
++ BKGVERR_update=
++ export ANBKGERR_update=
++ ANBKGERR_update=
++ export JCOPTS_update=
++ JCOPTS_update=
+++ expr substr global_4denvar_T126_loproc_updat 1 6
++ [[ global = \g\l\o\b\a\l ]]
+++ expr substr global_4denvar_T126_loproc_updat 28 32
++ [[ updat = \u\p\d\a\t ]]
++ export STRONGOPTS_update=
++ STRONGOPTS_update=
++ export OBSINPUT_update=
++ OBSINPUT_update=
++ export SUPERRAD_update=
++ SUPERRAD_update=
++ export SINGLEOB_update=
++ SINGLEOB_update=
+ SETUP=newpc4pred=.true.,adp_anglebc=.true.,angord=4,passive_bc=.true.,use_edges=.false.,diag_precon=.true.,step_start=1.0e-3,emiss_bc=.true.,cwoption=3,
+ GRIDOPTS=
+ BKGVERR=
+ ANBKGERR=
+ JCOPTS=
+ STRONGOPTS=
+ OBSQC=
+ OBSINPUT=
+ SUPERRAD=
+ SINGLEOB=
+ '[' .false. = .false. ']'
+ . /scratch4/NCEPDEV/da/save/Louis.Kouvaris/fv3gfs/sorc/gsi.fd/regression/regression_namelists.sh global_4denvar_T126
++ regtest=global_4denvar_T126
++ case $regtest in
++ export 'gsi_namelist=

 &SETUP
   miter=1,niter(1)=5,niter(2)=150,
   niter_no_qc(1)=50,niter_no_qc(2)=0,
   use_gfs_nemsio=.true.,
   l4densvar=.true.,ens_nstarthr=3,nhr_obsbin=1,lwrite4danl=.true.,
   tzr_qc=1,
   write_diag(1)=.true.,write_diag(2)=.false.,write_diag(3)=.true.,
   qoption=2,cwoption=3,
   gencode=82,factqmin=0.1,factqmax=0.1,deltim=600,
   iguess=-1,
   oneobtest=.false.,retrieval=.false.,l_foto=.false.,
   use_pbl=.false.,use_prepb_satwnd=.false.,
   nhr_assimilation=6,lrun_subdirs=.true.,
   newpc4pred=.true.,adp_anglebc=.true.,angord=4,passive_bc=.true.,use_edges=.false.,diag_precon=.true.,step_start=1.0e-3,emiss_bc=.true.,cwoption=3,
 /
 &GRIDOPTS
   JCAP_B=126,JCAP=126,NLAT=192,NLON=384,nsig=64,
   regional=.false.,nlayers(63)=3,nlayers(64)=6,
   
 /
 &BKGERR
   hzscl=1.7,0.8,0.5,
   hswgt=0.45,0.3,0.25,

   bw=0.0,norsp=4,
   bkgv_flowdep=.true.,bkgv_rewgtfct=1.5,
   bkgv_write=.false.,
   
 /
 &ANBKGERR
   anisotropic=.false.,
   
 /
 &JCOPTS
   ljcdfi=.false.,alphajc=0.0,ljcpdry=.true.,bamp_jcpdry=2.5e7,ljc4tlevs=.true.,
   
 /
 &STRONGOPTS
   tlnmc_option=3,nstrong=1,nvmodes_keep=8,period_max=6.,period_width=1.5,
   baldiag_full=.true.,baldiag_inc=.true.,
   
 /
 &OBSQC
   dfact=0.75,dfact1=3.0,noiqc=.true.,oberrflg=.false.,c_varqc=0.02,
   use_poq7=.true.,njqc=.false.,vqc=.true.,aircraft_t_bc=.true.,biaspredt=1000.0,upd_aircraft=.true.,
   
 /
 &OBS_INPUT
   dmesh(1)=145.0,dmesh(2)=150.0,dmesh(3)=100.0,time_window_max=3.0,
   
 /
OBS_INPUT::
!  dfile          dtype       dplat       dsis                dval    dthin dsfcalc
   prepbufr       ps          null        ps                  0.0     0     0
   prepbufr       t           null        t                   0.0     0     0
   prepbufr_profl t           null        t                   0.0     0     0
   prepbufr       q           null        q                   0.0     0     0
   prepbufr_profl q           null        q                   0.0     0     0
   prepbufr       pw          null        pw                  0.0     0     0
   prepbufr       uv          null        uv                  0.0     0     0
   prepbufr_profl uv          null        uv                  0.0     0     0
   satwndbufr     uv          null        uv                  0.0     0     0
   prepbufr       spd         null        spd                 0.0     0     0
   prepbufr       dw          null        dw                  0.0     0     0
   radarbufr      rw          null        rw                  0.0     0     0
   nsstbufr       sst         nsst        sst                 0.0     0     0
   gpsrobufr      gps_bnd     null        gps                 0.0     0     0
   ssmirrbufr     pcp_ssmi    dmsp        pcp_ssmi            0.0    -1     0
   tmirrbufr      pcp_tmi     trmm        pcp_tmi             0.0    -1     0
   sbuvbufr       sbuv2       n16         sbuv8_n16           0.0     0     0
   sbuvbufr       sbuv2       n17         sbuv8_n17           0.0     0     0
   sbuvbufr       sbuv2       n18         sbuv8_n18           0.0     0     0
   hirs3bufr      hirs3       n17         hirs3_n17           0.0     1     0
   hirs4bufr      hirs4       metop-a     hirs4_metop-a       0.0     1     1
   gimgrbufr      goes_img    g11         imgr_g11            0.0     1     0
   gimgrbufr      goes_img    g12         imgr_g12            0.0     1     0
   airsbufr       airs        aqua        airs_aqua           0.0     1     1
   amsuabufr      amsua       n15         amsua_n15           0.0     1     1
   amsuabufr      amsua       n18         amsua_n18           0.0     1     1
   amsuabufr      amsua       metop-a     amsua_metop-a       0.0     1     1
   airsbufr       amsua       aqua        amsua_aqua          0.0     1     1
   amsubbufr      amsub       n17         amsub_n17           0.0     1     1
   mhsbufr        mhs         n18         mhs_n18             0.0     1     1
   mhsbufr        mhs         metop-a     mhs_metop-a         0.0     1     1
   ssmitbufr      ssmi        f15         ssmi_f15            0.0     1     0
   amsrebufr      amsre_low   aqua        amsre_aqua          0.0     1     0
   amsrebufr      amsre_mid   aqua        amsre_aqua          0.0     1     0
   amsrebufr      amsre_hig   aqua        amsre_aqua          0.0     1     0
   ssmisbufr      ssmis       f16         ssmis_f16           0.0     1     0
   ssmisbufr      ssmis       f17         ssmis_f17           0.0     1     0
   ssmisbufr      ssmis       f18         ssmis_f18           0.0     1     0
   ssmisbufr      ssmis       f19         ssmis_f19           0.0     1     0
   gsnd1bufr      sndrd1      g12         sndrD1_g12          0.0     1     0
   gsnd1bufr      sndrd2      g12         sndrD2_g12          0.0     1     0
   gsnd1bufr      sndrd3      g12         sndrD3_g12          0.0     1     0
   gsnd1bufr      sndrd4      g12         sndrD4_g12          0.0     1     0
   gsnd1bufr      sndrd1      g11         sndrD1_g11          0.0     1     0
   gsnd1bufr      sndrd2      g11         sndrD2_g11          0.0     1     0
   gsnd1bufr      sndrd3      g11         sndrD3_g11          0.0     1     0
   gsnd1bufr      sndrd4      g11         sndrD4_g11          0.0     1     0
   gsnd1bufr      sndrd1      g13         sndrD1_g13          0.0     1     0
   gsnd1bufr      sndrd2      g13         sndrD2_g13          0.0     1     0
   gsnd1bufr      sndrd3      g13         sndrD3_g13          0.0     1     0
   gsnd1bufr      sndrd4      g13         sndrD4_g13          0.0     1     0
   iasibufr       iasi        metop-a     iasi_metop-a        0.0     1     1
   gomebufr       gome        metop-a     gome_metop-a        0.0     2     0
   omibufr        omi         aura        omi_aura            0.0     2     0
   sbuvbufr       sbuv2       n19         sbuv8_n19           0.0     0     0
   hirs4bufr      hirs4       n19         hirs4_n19           0.0     1     1
   amsuabufr      amsua       n19         amsua_n19           0.0     1     1
   mhsbufr        mhs         n19         mhs_n19             0.0     1     1
   tcvitl         tcp         null        tcp                 0.0     0     0
   seviribufr     seviri      m08         seviri_m08          0.0     1     0
   seviribufr     seviri      m09         seviri_m09          0.0     1     0
   seviribufr     seviri      m10         seviri_m10          0.0     1     0
   seviribufr     seviri      m11         seviri_m11          0.0     1     0
   hirs4bufr      hirs4       metop-b     hirs4_metop-b       0.0     1     1
   amsuabufr      amsua       metop-b     amsua_metop-b       0.0     1     1
   mhsbufr        mhs         metop-b     mhs_metop-b         0.0     1     1
   iasibufr       iasi        metop-b     iasi_metop-b        0.0     1     1
   gomebufr       gome        metop-b     gome_metop-b        0.0     2     0
   atmsbufr       atms        npp         atms_npp            0.0     1     0
   crisbufr       cris        npp         cris_npp            0.0     1     0
   crisfsbufr     cris-fsr    npp         cris-fsr_npp        0.0     1     0
   gsnd1bufr      sndrd1      g14         sndrD1_g14          0.0     1     0
   gsnd1bufr      sndrd2      g14         sndrD2_g14          0.0     1     0
   gsnd1bufr      sndrd3      g14         sndrD3_g14          0.0     1     0
   gsnd1bufr      sndrd4      g14         sndrD4_g14          0.0     1     0
   gsnd1bufr      sndrd1      g15         sndrD1_g15          0.0     1     0
   gsnd1bufr      sndrd2      g15         sndrD2_g15          0.0     1     0
   gsnd1bufr      sndrd3      g15         sndrD3_g15          0.0     1     0
   gsnd1bufr      sndrd4      g15         sndrD4_g15          0.0     1     0
   oscatbufr      uv          null        uv                  0.0     0     0
   mlsbufr        mls30       aura        mls30_aura          0.0     0     0
   avhambufr      avhrr       metop-a     avhrr3_metop-a      0.0     1     0
   avhpmbufr      avhrr       n18         avhrr3_n18          0.0     1     0
   amsr2bufr      amsr2       gcom-w1     amsr2_gcom-w1       0.0     3     0
   gmibufr        gmi         gpm         gmi_gpm             0.0     3     0
   saphirbufr     saphir      meghat      saphir_meghat       0.0     3     0
   ahibufr        ahi         himawari8   ahi_himawari8       0.0     3     0
   rapidscatbufr  uv          null        uv                  0.0     0     0
   ompsnpbufr     ompsnp      npp       ompsnp_npp            0.0     0     0
   ompstcbufr     ompstc8     npp       ompstc8_npp           0.0     2     0
   abibufr        abi         g16       abi_g16               0.0     1     0
::
  &SUPEROB_RADAR
   
 /
 &LAG_DATA
   
 /
 &HYBRID_ENSEMBLE
   l_hyb_ens=.true.,n_ens=20,beta_s0=0.25,readin_beta=.false.,s_ens_h=800,s_ens_v=-0.7,generate_ens=.false.,uv_hyb_ens=.true.,jcap_ens=62,
   nlat_ens=96,nlon_ens=192,ANISO_A_EN=.false.,jcap_ens_test=62,oz_univ_static=.true.,readin_localization=.true.,
   write_ens_sprd=.false.,
   
 /
 &RAPIDREFRESH_CLDSURF
   dfi_radar_latent_heat_time_period=30.0,
 /
 &CHEM

 /
 &SINGLEOB_TEST
   maginnov=0.1,magoberr=0.1,oneob_type='\''t'\'',
   oblat=45.,oblon=180.,obpres=1000.,obdattim=,
   obhourset=0.,
   
 /
 &NST
   nst_gsi=3,nstinfo=4,fac_dtl=1,fac_tsl=1,zsea1=0,zsea2=5,
   
 /
'
++ gsi_namelist='

 &SETUP
   miter=1,niter(1)=5,niter(2)=150,
   niter_no_qc(1)=50,niter_no_qc(2)=0,
   use_gfs_nemsio=.true.,
   l4densvar=.true.,ens_nstarthr=3,nhr_obsbin=1,lwrite4danl=.true.,
   tzr_qc=1,
   write_diag(1)=.true.,write_diag(2)=.false.,write_diag(3)=.true.,
   qoption=2,cwoption=3,
   gencode=82,factqmin=0.1,factqmax=0.1,deltim=600,
   iguess=-1,
   oneobtest=.false.,retrieval=.false.,l_foto=.false.,
   use_pbl=.false.,use_prepb_satwnd=.false.,
   nhr_assimilation=6,lrun_subdirs=.true.,
   newpc4pred=.true.,adp_anglebc=.true.,angord=4,passive_bc=.true.,use_edges=.false.,diag_precon=.true.,step_start=1.0e-3,emiss_bc=.true.,cwoption=3,
 /
 &GRIDOPTS
   JCAP_B=126,JCAP=126,NLAT=192,NLON=384,nsig=64,
   regional=.false.,nlayers(63)=3,nlayers(64)=6,
   
 /
 &BKGERR
   hzscl=1.7,0.8,0.5,
   hswgt=0.45,0.3,0.25,

   bw=0.0,norsp=4,
   bkgv_flowdep=.true.,bkgv_rewgtfct=1.5,
   bkgv_write=.false.,
   
 /
 &ANBKGERR
   anisotropic=.false.,
   
 /
 &JCOPTS
   ljcdfi=.false.,alphajc=0.0,ljcpdry=.true.,bamp_jcpdry=2.5e7,ljc4tlevs=.true.,
   
 /
 &STRONGOPTS
   tlnmc_option=3,nstrong=1,nvmodes_keep=8,period_max=6.,period_width=1.5,
   baldiag_full=.true.,baldiag_inc=.true.,
   
 /
 &OBSQC
   dfact=0.75,dfact1=3.0,noiqc=.true.,oberrflg=.false.,c_varqc=0.02,
   use_poq7=.true.,njqc=.false.,vqc=.true.,aircraft_t_bc=.true.,biaspredt=1000.0,upd_aircraft=.true.,
   
 /
 &OBS_INPUT
   dmesh(1)=145.0,dmesh(2)=150.0,dmesh(3)=100.0,time_window_max=3.0,
   
 /
OBS_INPUT::
!  dfile          dtype       dplat       dsis                dval    dthin dsfcalc
   prepbufr       ps          null        ps                  0.0     0     0
   prepbufr       t           null        t                   0.0     0     0
   prepbufr_profl t           null        t                   0.0     0     0
   prepbufr       q           null        q                   0.0     0     0
   prepbufr_profl q           null        q                   0.0     0     0
   prepbufr       pw          null        pw                  0.0     0     0
   prepbufr       uv          null        uv                  0.0     0     0
   prepbufr_profl uv          null        uv                  0.0     0     0
   satwndbufr     uv          null        uv                  0.0     0     0
   prepbufr       spd         null        spd                 0.0     0     0
   prepbufr       dw          null        dw                  0.0     0     0
   radarbufr      rw          null        rw                  0.0     0     0
   nsstbufr       sst         nsst        sst                 0.0     0     0
   gpsrobufr      gps_bnd     null        gps                 0.0     0     0
   ssmirrbufr     pcp_ssmi    dmsp        pcp_ssmi            0.0    -1     0
   tmirrbufr      pcp_tmi     trmm        pcp_tmi             0.0    -1     0
   sbuvbufr       sbuv2       n16         sbuv8_n16           0.0     0     0
   sbuvbufr       sbuv2       n17         sbuv8_n17           0.0     0     0
   sbuvbufr       sbuv2       n18         sbuv8_n18           0.0     0     0
   hirs3bufr      hirs3       n17         hirs3_n17           0.0     1     0
   hirs4bufr      hirs4       metop-a     hirs4_metop-a       0.0     1     1
   gimgrbufr      goes_img    g11         imgr_g11            0.0     1     0
   gimgrbufr      goes_img    g12         imgr_g12            0.0     1     0
   airsbufr       airs        aqua        airs_aqua           0.0     1     1
   amsuabufr      amsua       n15         amsua_n15           0.0     1     1
   amsuabufr      amsua       n18         amsua_n18           0.0     1     1
   amsuabufr      amsua       metop-a     amsua_metop-a       0.0     1     1
   airsbufr       amsua       aqua        amsua_aqua          0.0     1     1
   amsubbufr      amsub       n17         amsub_n17           0.0     1     1
   mhsbufr        mhs         n18         mhs_n18             0.0     1     1
   mhsbufr        mhs         metop-a     mhs_metop-a         0.0     1     1
   ssmitbufr      ssmi        f15         ssmi_f15            0.0     1     0
   amsrebufr      amsre_low   aqua        amsre_aqua          0.0     1     0
   amsrebufr      amsre_mid   aqua        amsre_aqua          0.0     1     0
   amsrebufr      amsre_hig   aqua        amsre_aqua          0.0     1     0
   ssmisbufr      ssmis       f16         ssmis_f16           0.0     1     0
   ssmisbufr      ssmis       f17         ssmis_f17           0.0     1     0
   ssmisbufr      ssmis       f18         ssmis_f18           0.0     1     0
   ssmisbufr      ssmis       f19         ssmis_f19           0.0     1     0
   gsnd1bufr      sndrd1      g12         sndrD1_g12          0.0     1     0
   gsnd1bufr      sndrd2      g12         sndrD2_g12          0.0     1     0
   gsnd1bufr      sndrd3      g12         sndrD3_g12          0.0     1     0
   gsnd1bufr      sndrd4      g12         sndrD4_g12          0.0     1     0
   gsnd1bufr      sndrd1      g11         sndrD1_g11          0.0     1     0
   gsnd1bufr      sndrd2      g11         sndrD2_g11          0.0     1     0
   gsnd1bufr      sndrd3      g11         sndrD3_g11          0.0     1     0
   gsnd1bufr      sndrd4      g11         sndrD4_g11          0.0     1     0
   gsnd1bufr      sndrd1      g13         sndrD1_g13          0.0     1     0
   gsnd1bufr      sndrd2      g13         sndrD2_g13          0.0     1     0
   gsnd1bufr      sndrd3      g13         sndrD3_g13          0.0     1     0
   gsnd1bufr      sndrd4      g13         sndrD4_g13          0.0     1     0
   iasibufr       iasi        metop-a     iasi_metop-a        0.0     1     1
   gomebufr       gome        metop-a     gome_metop-a        0.0     2     0
   omibufr        omi         aura        omi_aura            0.0     2     0
   sbuvbufr       sbuv2       n19         sbuv8_n19           0.0     0     0
   hirs4bufr      hirs4       n19         hirs4_n19           0.0     1     1
   amsuabufr      amsua       n19         amsua_n19           0.0     1     1
   mhsbufr        mhs         n19         mhs_n19             0.0     1     1
   tcvitl         tcp         null        tcp                 0.0     0     0
   seviribufr     seviri      m08         seviri_m08          0.0     1     0
   seviribufr     seviri      m09         seviri_m09          0.0     1     0
   seviribufr     seviri      m10         seviri_m10          0.0     1     0
   seviribufr     seviri      m11         seviri_m11          0.0     1     0
   hirs4bufr      hirs4       metop-b     hirs4_metop-b       0.0     1     1
   amsuabufr      amsua       metop-b     amsua_metop-b       0.0     1     1
   mhsbufr        mhs         metop-b     mhs_metop-b         0.0     1     1
   iasibufr       iasi        metop-b     iasi_metop-b        0.0     1     1
   gomebufr       gome        metop-b     gome_metop-b        0.0     2     0
   atmsbufr       atms        npp         atms_npp            0.0     1     0
   crisbufr       cris        npp         cris_npp            0.0     1     0
   crisfsbufr     cris-fsr    npp         cris-fsr_npp        0.0     1     0
   gsnd1bufr      sndrd1      g14         sndrD1_g14          0.0     1     0
   gsnd1bufr      sndrd2      g14         sndrD2_g14          0.0     1     0
   gsnd1bufr      sndrd3      g14         sndrD3_g14          0.0     1     0
   gsnd1bufr      sndrd4      g14         sndrD4_g14          0.0     1     0
   gsnd1bufr      sndrd1      g15         sndrD1_g15          0.0     1     0
   gsnd1bufr      sndrd2      g15         sndrD2_g15          0.0     1     0
   gsnd1bufr      sndrd3      g15         sndrD3_g15          0.0     1     0
   gsnd1bufr      sndrd4      g15         sndrD4_g15          0.0     1     0
   oscatbufr      uv          null        uv                  0.0     0     0
   mlsbufr        mls30       aura        mls30_aura          0.0     0     0
   avhambufr      avhrr       metop-a     avhrr3_metop-a      0.0     1     0
   avhpmbufr      avhrr       n18         avhrr3_n18          0.0     1     0
   amsr2bufr      amsr2       gcom-w1     amsr2_gcom-w1       0.0     3     0
   gmibufr        gmi         gpm         gmi_gpm             0.0     3     0
   saphirbufr     saphir      meghat      saphir_meghat       0.0     3     0
   ahibufr        ahi         himawari8   ahi_himawari8       0.0     3     0
   rapidscatbufr  uv          null        uv                  0.0     0     0
   ompsnpbufr     ompsnp      npp       ompsnp_npp            0.0     0     0
   ompstcbufr     ompstc8     npp       ompstc8_npp           0.0     2     0
   abibufr        abi         g16       abi_g16               0.0     1     0
::
  &SUPEROB_RADAR
   
 /
 &LAG_DATA
   
 /
 &HYBRID_ENSEMBLE
   l_hyb_ens=.true.,n_ens=20,beta_s0=0.25,readin_beta=.false.,s_ens_h=800,s_ens_v=-0.7,generate_ens=.false.,uv_hyb_ens=.true.,jcap_ens=62,
   nlat_ens=96,nlon_ens=192,ANISO_A_EN=.false.,jcap_ens_test=62,oz_univ_static=.true.,readin_localization=.true.,
   write_ens_sprd=.false.,
   
 /
 &RAPIDREFRESH_CLDSURF
   dfi_radar_latent_heat_time_period=30.0,
 /
 &CHEM

 /
 &SINGLEOB_TEST
   maginnov=0.1,magoberr=0.1,oneob_type='\''t'\'',
   oblat=45.,oblon=180.,obpres=1000.,obdattim=,
   obhourset=0.,
   
 /
 &NST
   nst_gsi=3,nstinfo=4,fac_dtl=1,fac_tsl=1,zsea1=0,zsea2=5,
   
 /
'
+ cat
+ berror=/scratch4/NCEPDEV/da/save/Louis.Kouvaris/fv3gfs/sorc/gsi.fd/fix/Big_Endian/global_berror.l64y192.f77
+ emiscoef_IRwater=/scratch4/NCEPDEV/da/save/Michael.Lueken/nwprod/lib/crtm/2.2.3/fix_update/Nalli.IRwater.EmisCoeff.bin
+ emiscoef_IRice=/scratch4/NCEPDEV/da/save/Michael.Lueken/nwprod/lib/crtm/2.2.3/fix_update/NPOESS.IRice.EmisCoeff.bin
+ emiscoef_IRland=/scratch4/NCEPDEV/da/save/Michael.Lueken/nwprod/lib/crtm/2.2.3/fix_update/NPOESS.IRland.EmisCoeff.bin
+ emiscoef_IRsnow=/scratch4/NCEPDEV/da/save/Michael.Lueken/nwprod/lib/crtm/2.2.3/fix_update/NPOESS.IRsnow.EmisCoeff.bin
+ emiscoef_VISice=/scratch4/NCEPDEV/da/save/Michael.Lueken/nwprod/lib/crtm/2.2.3/fix_update/NPOESS.VISice.EmisCoeff.bin
+ emiscoef_VISland=/scratch4/NCEPDEV/da/save/Michael.Lueken/nwprod/lib/crtm/2.2.3/fix_update/NPOESS.VISland.EmisCoeff.bin
+ emiscoef_VISsnow=/scratch4/NCEPDEV/da/save/Michael.Lueken/nwprod/lib/crtm/2.2.3/fix_update/NPOESS.VISsnow.EmisCoeff.bin
+ emiscoef_VISwater=/scratch4/NCEPDEV/da/save/Michael.Lueken/nwprod/lib/crtm/2.2.3/fix_update/NPOESS.VISwater.EmisCoeff.bin
+ emiscoef_MWwater=/scratch4/NCEPDEV/da/save/Michael.Lueken/nwprod/lib/crtm/2.2.3/fix_update/FASTEM6.MWwater.EmisCoeff.bin
+ aercoef=/scratch4/NCEPDEV/da/save/Michael.Lueken/nwprod/lib/crtm/2.2.3/fix_update/AerosolCoeff.bin
+ cldcoef=/scratch4/NCEPDEV/da/save/Michael.Lueken/nwprod/lib/crtm/2.2.3/fix_update/CloudCoeff.bin
+ satangl=/scratch4/NCEPDEV/da/save/Louis.Kouvaris/fv3gfs/sorc/gsi.fd/fix/global_satangbias.txt
+ scaninfo=/scratch4/NCEPDEV/da/save/Louis.Kouvaris/fv3gfs/sorc/gsi.fd/fix/global_scaninfo.txt
+ satinfo=/scratch4/NCEPDEV/da/save/Louis.Kouvaris/fv3gfs/sorc/gsi.fd/fix/global_satinfo.txt
+ cloudyinfo=/scratch4/NCEPDEV/da/save/Louis.Kouvaris/fv3gfs/sorc/gsi.fd/fix/cloudy_radiance_info.txt
+ convinfo=/scratch4/NCEPDEV/da/save/Louis.Kouvaris/fv3gfs/sorc/gsi.fd/fix/global_convinfo_reg_test.txt
+ insituinfo=/scratch4/NCEPDEV/da/save/Louis.Kouvaris/fv3gfs/sorc/gsi.fd/fix/global_insituinfo.txt
+ errtable_pw=/scratch4/NCEPDEV/da/save/Louis.Kouvaris/fv3gfs/sorc/gsi.fd/fix/prepobs_errtable_pw.global
+ errtable_ps=/scratch4/NCEPDEV/da/save/Louis.Kouvaris/fv3gfs/sorc/gsi.fd/fix/prepobs_errtable_ps.global_nqcf
+ errtable_t=/scratch4/NCEPDEV/da/save/Louis.Kouvaris/fv3gfs/sorc/gsi.fd/fix/prepobs_errtable_t.global_nqcf
+ errtable_q=/scratch4/NCEPDEV/da/save/Louis.Kouvaris/fv3gfs/sorc/gsi.fd/fix/prepobs_errtable_q.global_nqcf
+ errtable_uv=/scratch4/NCEPDEV/da/save/Louis.Kouvaris/fv3gfs/sorc/gsi.fd/fix/prepobs_errtable_uv.global_nqcf
+ btable_ps=/scratch4/NCEPDEV/da/save/Louis.Kouvaris/fv3gfs/sorc/gsi.fd/fix/nqc_b_ps.global_nqcf
+ btable_t=/scratch4/NCEPDEV/da/save/Louis.Kouvaris/fv3gfs/sorc/gsi.fd/fix/nqc_b_t.global_nqcf
+ btable_q=/scratch4/NCEPDEV/da/save/Louis.Kouvaris/fv3gfs/sorc/gsi.fd/fix/nqc_b_q.global_nqcf
+ btable_uv=/scratch4/NCEPDEV/da/save/Louis.Kouvaris/fv3gfs/sorc/gsi.fd/fix/nqc_b_uv.global_nqcf
+ anavinfo=/scratch4/NCEPDEV/da/save/Louis.Kouvaris/fv3gfs/sorc/gsi.fd/fix/global_anavinfo.l64.txt
+ ozinfo=/scratch4/NCEPDEV/da/save/Louis.Kouvaris/fv3gfs/sorc/gsi.fd/fix/global_ozinfo.txt
+ pcpinfo=/scratch4/NCEPDEV/da/save/Louis.Kouvaris/fv3gfs/sorc/gsi.fd/fix/global_pcpinfo.txt
+ errtable=/scratch4/NCEPDEV/da/save/Louis.Kouvaris/fv3gfs/sorc/gsi.fd/fix/prepobs_errtable.global
+ hybens_info=/scratch4/NCEPDEV/da/save/Louis.Kouvaris/fv3gfs/sorc/gsi.fd/fix/global_hybens_info.l64.txt
+ atmsbeamdat=/scratch4/NCEPDEV/da/save/Louis.Kouvaris/fv3gfs/sorc/gsi.fd/fix/atms_beamwidth.txt
+ bufrtable=/scratch4/NCEPDEV/da/save/Louis.Kouvaris/fv3gfs/sorc/gsi.fd/fix/prepobs_prep.bufrtable
+ bftab_sst=/scratch4/NCEPDEV/da/save/Louis.Kouvaris/fv3gfs/sorc/gsi.fd/fix/bufrtab.012
+ [[ global_4denvar_T126_loproc_updat == *\u\p\d\a\t* ]]
+ /bin/cp /scratch4/NCEPDEV/da/save/Louis.Kouvaris/fv3gfs/sorc/gsi.fd/exec/global_gsi.x ./gsi.x
+ /bin/cp /scratch4/NCEPDEV/da/save/Louis.Kouvaris/fv3gfs/sorc/gsi.fd/fix/Big_Endian/global_berror.l64y192.f77 ./berror_stats
+ /bin/cp /scratch4/NCEPDEV/da/save/Michael.Lueken/nwprod/lib/crtm/2.2.3/fix_update/Nalli.IRwater.EmisCoeff.bin ./Nalli.IRwater.EmisCoeff.bin
+ /bin/cp /scratch4/NCEPDEV/da/save/Michael.Lueken/nwprod/lib/crtm/2.2.3/fix_update/NPOESS.IRice.EmisCoeff.bin ./NPOESS.IRice.EmisCoeff.bin
+ /bin/cp /scratch4/NCEPDEV/da/save/Michael.Lueken/nwprod/lib/crtm/2.2.3/fix_update/NPOESS.IRsnow.EmisCoeff.bin ./NPOESS.IRsnow.EmisCoeff.bin
+ /bin/cp /scratch4/NCEPDEV/da/save/Michael.Lueken/nwprod/lib/crtm/2.2.3/fix_update/NPOESS.IRland.EmisCoeff.bin ./NPOESS.IRland.EmisCoeff.bin
+ /bin/cp /scratch4/NCEPDEV/da/save/Michael.Lueken/nwprod/lib/crtm/2.2.3/fix_update/NPOESS.VISice.EmisCoeff.bin ./NPOESS.VISice.EmisCoeff.bin
+ /bin/cp /scratch4/NCEPDEV/da/save/Michael.Lueken/nwprod/lib/crtm/2.2.3/fix_update/NPOESS.VISland.EmisCoeff.bin ./NPOESS.VISland.EmisCoeff.bin
+ /bin/cp /scratch4/NCEPDEV/da/save/Michael.Lueken/nwprod/lib/crtm/2.2.3/fix_update/NPOESS.VISsnow.EmisCoeff.bin ./NPOESS.VISsnow.EmisCoeff.bin
+ /bin/cp /scratch4/NCEPDEV/da/save/Michael.Lueken/nwprod/lib/crtm/2.2.3/fix_update/NPOESS.VISwater.EmisCoeff.bin ./NPOESS.VISwater.EmisCoeff.bin
+ /bin/cp /scratch4/NCEPDEV/da/save/Michael.Lueken/nwprod/lib/crtm/2.2.3/fix_update/FASTEM6.MWwater.EmisCoeff.bin ./FASTEM6.MWwater.EmisCoeff.bin
+ /bin/cp /scratch4/NCEPDEV/da/save/Michael.Lueken/nwprod/lib/crtm/2.2.3/fix_update/AerosolCoeff.bin ./AerosolCoeff.bin
+ /bin/cp /scratch4/NCEPDEV/da/save/Michael.Lueken/nwprod/lib/crtm/2.2.3/fix_update/CloudCoeff.bin ./CloudCoeff.bin
+ /bin/cp /scratch4/NCEPDEV/da/save/Louis.Kouvaris/fv3gfs/sorc/gsi.fd/fix/global_satangbias.txt ./satbias_angle
+ /bin/cp /scratch4/NCEPDEV/da/save/Louis.Kouvaris/fv3gfs/sorc/gsi.fd/fix/atms_beamwidth.txt ./atms_beamwidth.txt
+ /bin/cp /scratch4/NCEPDEV/da/save/Louis.Kouvaris/fv3gfs/sorc/gsi.fd/fix/global_scaninfo.txt ./scaninfo
+ /bin/cp /scratch4/NCEPDEV/da/save/Louis.Kouvaris/fv3gfs/sorc/gsi.fd/fix/global_satinfo.txt ./satinfo
+ /bin/cp /scratch4/NCEPDEV/da/save/Louis.Kouvaris/fv3gfs/sorc/gsi.fd/fix/cloudy_radiance_info.txt ./cloudy_radiance_info.txt
+ /bin/cp /scratch4/NCEPDEV/da/save/Louis.Kouvaris/fv3gfs/sorc/gsi.fd/fix/global_pcpinfo.txt ./pcpinfo
+ /bin/cp /scratch4/NCEPDEV/da/save/Louis.Kouvaris/fv3gfs/sorc/gsi.fd/fix/global_ozinfo.txt ./ozinfo
+ /bin/cp /scratch4/NCEPDEV/da/save/Louis.Kouvaris/fv3gfs/sorc/gsi.fd/fix/global_convinfo_reg_test.txt ./convinfo
+ /bin/cp /scratch4/NCEPDEV/da/save/Louis.Kouvaris/fv3gfs/sorc/gsi.fd/fix/global_insituinfo.txt ./insituinfo
+ /bin/cp /scratch4/NCEPDEV/da/save/Louis.Kouvaris/fv3gfs/sorc/gsi.fd/fix/prepobs_errtable.global ./errtable
+ /bin/cp /scratch4/NCEPDEV/da/save/Louis.Kouvaris/fv3gfs/sorc/gsi.fd/fix/global_anavinfo.l64.txt ./anavinfo
+ /bin/cp /scratch4/NCEPDEV/da/save/Louis.Kouvaris/fv3gfs/sorc/gsi.fd/fix/global_hybens_info.l64.txt ./hybens_info
+ /bin/cp /scratch4/NCEPDEV/da/save/Louis.Kouvaris/fv3gfs/sorc/gsi.fd/fix/prepobs_errtable_pw.global ./errtable_pw
+ /bin/cp /scratch4/NCEPDEV/da/save/Louis.Kouvaris/fv3gfs/sorc/gsi.fd/fix/prepobs_errtable_ps.global_nqcf ./errtable_ps
+ /bin/cp /scratch4/NCEPDEV/da/save/Louis.Kouvaris/fv3gfs/sorc/gsi.fd/fix/prepobs_errtable_t.global_nqcf ./errtable_t
+ /bin/cp /scratch4/NCEPDEV/da/save/Louis.Kouvaris/fv3gfs/sorc/gsi.fd/fix/prepobs_errtable_q.global_nqcf ./errtable_q
+ /bin/cp /scratch4/NCEPDEV/da/save/Louis.Kouvaris/fv3gfs/sorc/gsi.fd/fix/prepobs_errtable_uv.global_nqcf ./errtable_uv
+ /bin/cp /scratch4/NCEPDEV/da/save/Louis.Kouvaris/fv3gfs/sorc/gsi.fd/fix/nqc_b_ps.global_nqcf ./btable_ps
+ /bin/cp /scratch4/NCEPDEV/da/save/Louis.Kouvaris/fv3gfs/sorc/gsi.fd/fix/nqc_b_t.global_nqcf ./btable_t
+ /bin/cp /scratch4/NCEPDEV/da/save/Louis.Kouvaris/fv3gfs/sorc/gsi.fd/fix/nqc_b_q.global_nqcf ./btable_q
+ /bin/cp /scratch4/NCEPDEV/da/save/Louis.Kouvaris/fv3gfs/sorc/gsi.fd/fix/nqc_b_uv.global_nqcf ./btable_uv
+ /bin/cp /scratch4/NCEPDEV/da/save/Louis.Kouvaris/fv3gfs/sorc/gsi.fd/fix/prepobs_prep.bufrtable ./prepobs_prep.bufrtable
+ /bin/cp /scratch4/NCEPDEV/da/save/Louis.Kouvaris/fv3gfs/sorc/gsi.fd/fix/bufrtab.012 ./bftab_sstphr
++ awk '{if($1!~"!"){print $1}}' ./satinfo
++ sort
++ uniq
+ for file in '`awk '\''{if($1!~"!"){print $1}}'\'' ./satinfo | sort | uniq`'
+ /bin/cp /scratch4/NCEPDEV/da/save/Michael.Lueken/nwprod/lib/crtm/2.2.3/fix_update/abi_g16.SpcCoeff.bin ./
+ /bin/cp /scratch4/NCEPDEV/da/save/Michael.Lueken/nwprod/lib/crtm/2.2.3/fix_update/abi_g16.TauCoeff.bin ./
+ for file in '`awk '\''{if($1!~"!"){print $1}}'\'' ./satinfo | sort | uniq`'
+ /bin/cp /scratch4/NCEPDEV/da/save/Michael.Lueken/nwprod/lib/crtm/2.2.3/fix_update/abi_g17.SpcCoeff.bin ./
+ /bin/cp /scratch4/NCEPDEV/da/save/Michael.Lueken/nwprod/lib/crtm/2.2.3/fix_update/abi_g17.TauCoeff.bin ./
+ for file in '`awk '\''{if($1!~"!"){print $1}}'\'' ./satinfo | sort | uniq`'
+ /bin/cp /scratch4/NCEPDEV/da/save/Michael.Lueken/nwprod/lib/crtm/2.2.3/fix_update/ahi_himawari8.SpcCoeff.bin ./
+ /bin/cp /scratch4/NCEPDEV/da/save/Michael.Lueken/nwprod/lib/crtm/2.2.3/fix_update/ahi_himawari8.TauCoeff.bin ./
+ for file in '`awk '\''{if($1!~"!"){print $1}}'\'' ./satinfo | sort | uniq`'
+ /bin/cp /scratch4/NCEPDEV/da/save/Michael.Lueken/nwprod/lib/crtm/2.2.3/fix_update/airs_aqua.SpcCoeff.bin ./
+ /bin/cp /scratch4/NCEPDEV/da/save/Michael.Lueken/nwprod/lib/crtm/2.2.3/fix_update/airs_aqua.TauCoeff.bin ./
+ for file in '`awk '\''{if($1!~"!"){print $1}}'\'' ./satinfo | sort | uniq`'
+ /bin/cp /scratch4/NCEPDEV/da/save/Michael.Lueken/nwprod/lib/crtm/2.2.3/fix_update/amsr2_gcom-w1.SpcCoeff.bin ./
+ /bin/cp /scratch4/NCEPDEV/da/save/Michael.Lueken/nwprod/lib/crtm/2.2.3/fix_update/amsr2_gcom-w1.TauCoeff.bin ./
+ for file in '`awk '\''{if($1!~"!"){print $1}}'\'' ./satinfo | sort | uniq`'
+ /bin/cp /scratch4/NCEPDEV/da/save/Michael.Lueken/nwprod/lib/crtm/2.2.3/fix_update/amsre_aqua.SpcCoeff.bin ./
+ /bin/cp /scratch4/NCEPDEV/da/save/Michael.Lueken/nwprod/lib/crtm/2.2.3/fix_update/amsre_aqua.TauCoeff.bin ./
+ for file in '`awk '\''{if($1!~"!"){print $1}}'\'' ./satinfo | sort | uniq`'
+ /bin/cp /scratch4/NCEPDEV/da/save/Michael.Lueken/nwprod/lib/crtm/2.2.3/fix_update/amsua_aqua.SpcCoeff.bin ./
+ /bin/cp /scratch4/NCEPDEV/da/save/Michael.Lueken/nwprod/lib/crtm/2.2.3/fix_update/amsua_aqua.TauCoeff.bin ./
+ for file in '`awk '\''{if($1!~"!"){print $1}}'\'' ./satinfo | sort | uniq`'
+ /bin/cp /scratch4/NCEPDEV/da/save/Michael.Lueken/nwprod/lib/crtm/2.2.3/fix_update/amsua_metop-a.SpcCoeff.bin ./
+ /bin/cp /scratch4/NCEPDEV/da/save/Michael.Lueken/nwprod/lib/crtm/2.2.3/fix_update/amsua_metop-a.TauCoeff.bin ./
+ for file in '`awk '\''{if($1!~"!"){print $1}}'\'' ./satinfo | sort | uniq`'
+ /bin/cp /scratch4/NCEPDEV/da/save/Michael.Lueken/nwprod/lib/crtm/2.2.3/fix_update/amsua_metop-b.SpcCoeff.bin ./
+ /bin/cp /scratch4/NCEPDEV/da/save/Michael.Lueken/nwprod/lib/crtm/2.2.3/fix_update/amsua_metop-b.TauCoeff.bin ./
+ for file in '`awk '\''{if($1!~"!"){print $1}}'\'' ./satinfo | sort | uniq`'
+ /bin/cp /scratch4/NCEPDEV/da/save/Michael.Lueken/nwprod/lib/crtm/2.2.3/fix_update/amsua_metop-c.SpcCoeff.bin ./
+ /bin/cp /scratch4/NCEPDEV/da/save/Michael.Lueken/nwprod/lib/crtm/2.2.3/fix_update/amsua_metop-c.TauCoeff.bin ./
+ for file in '`awk '\''{if($1!~"!"){print $1}}'\'' ./satinfo | sort | uniq`'
+ /bin/cp /scratch4/NCEPDEV/da/save/Michael.Lueken/nwprod/lib/crtm/2.2.3/fix_update/amsua_n15.SpcCoeff.bin ./
+ /bin/cp /scratch4/NCEPDEV/da/save/Michael.Lueken/nwprod/lib/crtm/2.2.3/fix_update/amsua_n15.TauCoeff.bin ./
+ for file in '`awk '\''{if($1!~"!"){print $1}}'\'' ./satinfo | sort | uniq`'
+ /bin/cp /scratch4/NCEPDEV/da/save/Michael.Lueken/nwprod/lib/crtm/2.2.3/fix_update/amsua_n18.SpcCoeff.bin ./
+ /bin/cp /scratch4/NCEPDEV/da/save/Michael.Lueken/nwprod/lib/crtm/2.2.3/fix_update/amsua_n18.TauCoeff.bin ./
+ for file in '`awk '\''{if($1!~"!"){print $1}}'\'' ./satinfo | sort | uniq`'
+ /bin/cp /scratch4/NCEPDEV/da/save/Michael.Lueken/nwprod/lib/crtm/2.2.3/fix_update/amsua_n19.SpcCoeff.bin ./
+ /bin/cp /scratch4/NCEPDEV/da/save/Michael.Lueken/nwprod/lib/crtm/2.2.3/fix_update/amsua_n19.TauCoeff.bin ./
+ for file in '`awk '\''{if($1!~"!"){print $1}}'\'' ./satinfo | sort | uniq`'
+ /bin/cp /scratch4/NCEPDEV/da/save/Michael.Lueken/nwprod/lib/crtm/2.2.3/fix_update/amsub_n17.SpcCoeff.bin ./
+ /bin/cp /scratch4/NCEPDEV/da/save/Michael.Lueken/nwprod/lib/crtm/2.2.3/fix_update/amsub_n17.TauCoeff.bin ./
+ for file in '`awk '\''{if($1!~"!"){print $1}}'\'' ./satinfo | sort | uniq`'
+ /bin/cp /scratch4/NCEPDEV/da/save/Michael.Lueken/nwprod/lib/crtm/2.2.3/fix_update/atms_n20.SpcCoeff.bin ./
+ /bin/cp /scratch4/NCEPDEV/da/save/Michael.Lueken/nwprod/lib/crtm/2.2.3/fix_update/atms_n20.TauCoeff.bin ./
+ for file in '`awk '\''{if($1!~"!"){print $1}}'\'' ./satinfo | sort | uniq`'
+ /bin/cp /scratch4/NCEPDEV/da/save/Michael.Lueken/nwprod/lib/crtm/2.2.3/fix_update/atms_npp.SpcCoeff.bin ./
+ /bin/cp /scratch4/NCEPDEV/da/save/Michael.Lueken/nwprod/lib/crtm/2.2.3/fix_update/atms_npp.TauCoeff.bin ./
+ for file in '`awk '\''{if($1!~"!"){print $1}}'\'' ./satinfo | sort | uniq`'
+ /bin/cp /scratch4/NCEPDEV/da/save/Michael.Lueken/nwprod/lib/crtm/2.2.3/fix_update/avhrr3_metop-a.SpcCoeff.bin ./
+ /bin/cp /scratch4/NCEPDEV/da/save/Michael.Lueken/nwprod/lib/crtm/2.2.3/fix_update/avhrr3_metop-a.TauCoeff.bin ./
+ for file in '`awk '\''{if($1!~"!"){print $1}}'\'' ./satinfo | sort | uniq`'
+ /bin/cp /scratch4/NCEPDEV/da/save/Michael.Lueken/nwprod/lib/crtm/2.2.3/fix_update/avhrr3_metop-b.SpcCoeff.bin ./
+ /bin/cp /scratch4/NCEPDEV/da/save/Michael.Lueken/nwprod/lib/crtm/2.2.3/fix_update/avhrr3_metop-b.TauCoeff.bin ./
+ for file in '`awk '\''{if($1!~"!"){print $1}}'\'' ./satinfo | sort | uniq`'
+ /bin/cp /scratch4/NCEPDEV/da/save/Michael.Lueken/nwprod/lib/crtm/2.2.3/fix_update/avhrr3_metop-c.SpcCoeff.bin ./
/bin/cp: cannot stat ‘/scratch4/NCEPDEV/da/save/Michael.Lueken/nwprod/lib/crtm/2.2.3/fix_update/avhrr3_metop-c.SpcCoeff.bin’: No such file or directory
+ /bin/cp /scratch4/NCEPDEV/da/save/Michael.Lueken/nwprod/lib/crtm/2.2.3/fix_update/avhrr3_metop-c.TauCoeff.bin ./
/bin/cp: cannot stat ‘/scratch4/NCEPDEV/da/save/Michael.Lueken/nwprod/lib/crtm/2.2.3/fix_update/avhrr3_metop-c.TauCoeff.bin’: No such file or directory
+ for file in '`awk '\''{if($1!~"!"){print $1}}'\'' ./satinfo | sort | uniq`'
+ /bin/cp /scratch4/NCEPDEV/da/save/Michael.Lueken/nwprod/lib/crtm/2.2.3/fix_update/avhrr3_n18.SpcCoeff.bin ./
+ /bin/cp /scratch4/NCEPDEV/da/save/Michael.Lueken/nwprod/lib/crtm/2.2.3/fix_update/avhrr3_n18.TauCoeff.bin ./
+ for file in '`awk '\''{if($1!~"!"){print $1}}'\'' ./satinfo | sort | uniq`'
+ /bin/cp /scratch4/NCEPDEV/da/save/Michael.Lueken/nwprod/lib/crtm/2.2.3/fix_update/avhrr3_n19.SpcCoeff.bin ./
+ /bin/cp /scratch4/NCEPDEV/da/save/Michael.Lueken/nwprod/lib/crtm/2.2.3/fix_update/avhrr3_n19.TauCoeff.bin ./
+ for file in '`awk '\''{if($1!~"!"){print $1}}'\'' ./satinfo | sort | uniq`'
+ /bin/cp /scratch4/NCEPDEV/da/save/Michael.Lueken/nwprod/lib/crtm/2.2.3/fix_update/cris-fsr_n20.SpcCoeff.bin ./
+ /bin/cp /scratch4/NCEPDEV/da/save/Michael.Lueken/nwprod/lib/crtm/2.2.3/fix_update/cris-fsr_n20.TauCoeff.bin ./
+ for file in '`awk '\''{if($1!~"!"){print $1}}'\'' ./satinfo | sort | uniq`'
+ /bin/cp /scratch4/NCEPDEV/da/save/Michael.Lueken/nwprod/lib/crtm/2.2.3/fix_update/cris-fsr_npp.SpcCoeff.bin ./
+ /bin/cp /scratch4/NCEPDEV/da/save/Michael.Lueken/nwprod/lib/crtm/2.2.3/fix_update/cris-fsr_npp.TauCoeff.bin ./
+ for file in '`awk '\''{if($1!~"!"){print $1}}'\'' ./satinfo | sort | uniq`'
+ /bin/cp /scratch4/NCEPDEV/da/save/Michael.Lueken/nwprod/lib/crtm/2.2.3/fix_update/gmi_gpm.SpcCoeff.bin ./
+ /bin/cp /scratch4/NCEPDEV/da/save/Michael.Lueken/nwprod/lib/crtm/2.2.3/fix_update/gmi_gpm.TauCoeff.bin ./
+ for file in '`awk '\''{if($1!~"!"){print $1}}'\'' ./satinfo | sort | uniq`'
+ /bin/cp /scratch4/NCEPDEV/da/save/Michael.Lueken/nwprod/lib/crtm/2.2.3/fix_update/hirs3_n17.SpcCoeff.bin ./
+ /bin/cp /scratch4/NCEPDEV/da/save/Michael.Lueken/nwprod/lib/crtm/2.2.3/fix_update/hirs3_n17.TauCoeff.bin ./
+ for file in '`awk '\''{if($1!~"!"){print $1}}'\'' ./satinfo | sort | uniq`'
+ /bin/cp /scratch4/NCEPDEV/da/save/Michael.Lueken/nwprod/lib/crtm/2.2.3/fix_update/hirs4_metop-a.SpcCoeff.bin ./
+ /bin/cp /scratch4/NCEPDEV/da/save/Michael.Lueken/nwprod/lib/crtm/2.2.3/fix_update/hirs4_metop-a.TauCoeff.bin ./
+ for file in '`awk '\''{if($1!~"!"){print $1}}'\'' ./satinfo | sort | uniq`'
+ /bin/cp /scratch4/NCEPDEV/da/save/Michael.Lueken/nwprod/lib/crtm/2.2.3/fix_update/hirs4_metop-b.SpcCoeff.bin ./
+ /bin/cp /scratch4/NCEPDEV/da/save/Michael.Lueken/nwprod/lib/crtm/2.2.3/fix_update/hirs4_metop-b.TauCoeff.bin ./
+ for file in '`awk '\''{if($1!~"!"){print $1}}'\'' ./satinfo | sort | uniq`'
+ /bin/cp /scratch4/NCEPDEV/da/save/Michael.Lueken/nwprod/lib/crtm/2.2.3/fix_update/hirs4_n19.SpcCoeff.bin ./
+ /bin/cp /scratch4/NCEPDEV/da/save/Michael.Lueken/nwprod/lib/crtm/2.2.3/fix_update/hirs4_n19.TauCoeff.bin ./
+ for file in '`awk '\''{if($1!~"!"){print $1}}'\'' ./satinfo | sort | uniq`'
+ /bin/cp /scratch4/NCEPDEV/da/save/Michael.Lueken/nwprod/lib/crtm/2.2.3/fix_update/iasi_metop-a.SpcCoeff.bin ./
+ /bin/cp /scratch4/NCEPDEV/da/save/Michael.Lueken/nwprod/lib/crtm/2.2.3/fix_update/iasi_metop-a.TauCoeff.bin ./
+ for file in '`awk '\''{if($1!~"!"){print $1}}'\'' ./satinfo | sort | uniq`'
+ /bin/cp /scratch4/NCEPDEV/da/save/Michael.Lueken/nwprod/lib/crtm/2.2.3/fix_update/iasi_metop-b.SpcCoeff.bin ./
+ /bin/cp /scratch4/NCEPDEV/da/save/Michael.Lueken/nwprod/lib/crtm/2.2.3/fix_update/iasi_metop-b.TauCoeff.bin ./
+ for file in '`awk '\''{if($1!~"!"){print $1}}'\'' ./satinfo | sort | uniq`'
+ /bin/cp /scratch4/NCEPDEV/da/save/Michael.Lueken/nwprod/lib/crtm/2.2.3/fix_update/iasi_metop-c.SpcCoeff.bin ./
/bin/cp: cannot stat ‘/scratch4/NCEPDEV/da/save/Michael.Lueken/nwprod/lib/crtm/2.2.3/fix_update/iasi_metop-c.SpcCoeff.bin’: No such file or directory
+ /bin/cp /scratch4/NCEPDEV/da/save/Michael.Lueken/nwprod/lib/crtm/2.2.3/fix_update/iasi_metop-c.TauCoeff.bin ./
/bin/cp: cannot stat ‘/scratch4/NCEPDEV/da/save/Michael.Lueken/nwprod/lib/crtm/2.2.3/fix_update/iasi_metop-c.TauCoeff.bin’: No such file or directory
+ for file in '`awk '\''{if($1!~"!"){print $1}}'\'' ./satinfo | sort | uniq`'
+ /bin/cp /scratch4/NCEPDEV/da/save/Michael.Lueken/nwprod/lib/crtm/2.2.3/fix_update/imgr_g11.SpcCoeff.bin ./
+ /bin/cp /scratch4/NCEPDEV/da/save/Michael.Lueken/nwprod/lib/crtm/2.2.3/fix_update/imgr_g11.TauCoeff.bin ./
+ for file in '`awk '\''{if($1!~"!"){print $1}}'\'' ./satinfo | sort | uniq`'
+ /bin/cp /scratch4/NCEPDEV/da/save/Michael.Lueken/nwprod/lib/crtm/2.2.3/fix_update/imgr_g12.SpcCoeff.bin ./
+ /bin/cp /scratch4/NCEPDEV/da/save/Michael.Lueken/nwprod/lib/crtm/2.2.3/fix_update/imgr_g12.TauCoeff.bin ./
+ for file in '`awk '\''{if($1!~"!"){print $1}}'\'' ./satinfo | sort | uniq`'
+ /bin/cp /scratch4/NCEPDEV/da/save/Michael.Lueken/nwprod/lib/crtm/2.2.3/fix_update/imgr_g13.SpcCoeff.bin ./
+ /bin/cp /scratch4/NCEPDEV/da/save/Michael.Lueken/nwprod/lib/crtm/2.2.3/fix_update/imgr_g13.TauCoeff.bin ./
+ for file in '`awk '\''{if($1!~"!"){print $1}}'\'' ./satinfo | sort | uniq`'
+ /bin/cp /scratch4/NCEPDEV/da/save/Michael.Lueken/nwprod/lib/crtm/2.2.3/fix_update/imgr_g14.SpcCoeff.bin ./
+ /bin/cp /scratch4/NCEPDEV/da/save/Michael.Lueken/nwprod/lib/crtm/2.2.3/fix_update/imgr_g14.TauCoeff.bin ./
+ for file in '`awk '\''{if($1!~"!"){print $1}}'\'' ./satinfo | sort | uniq`'
+ /bin/cp /scratch4/NCEPDEV/da/save/Michael.Lueken/nwprod/lib/crtm/2.2.3/fix_update/imgr_g15.SpcCoeff.bin ./
+ /bin/cp /scratch4/NCEPDEV/da/save/Michael.Lueken/nwprod/lib/crtm/2.2.3/fix_update/imgr_g15.TauCoeff.bin ./
+ for file in '`awk '\''{if($1!~"!"){print $1}}'\'' ./satinfo | sort | uniq`'
+ /bin/cp /scratch4/NCEPDEV/da/save/Michael.Lueken/nwprod/lib/crtm/2.2.3/fix_update/mhs_metop-a.SpcCoeff.bin ./
+ /bin/cp /scratch4/NCEPDEV/da/save/Michael.Lueken/nwprod/lib/crtm/2.2.3/fix_update/mhs_metop-a.TauCoeff.bin ./
+ for file in '`awk '\''{if($1!~"!"){print $1}}'\'' ./satinfo | sort | uniq`'
+ /bin/cp /scratch4/NCEPDEV/da/save/Michael.Lueken/nwprod/lib/crtm/2.2.3/fix_update/mhs_metop-b.SpcCoeff.bin ./
+ /bin/cp /scratch4/NCEPDEV/da/save/Michael.Lueken/nwprod/lib/crtm/2.2.3/fix_update/mhs_metop-b.TauCoeff.bin ./
+ for file in '`awk '\''{if($1!~"!"){print $1}}'\'' ./satinfo | sort | uniq`'
+ /bin/cp /scratch4/NCEPDEV/da/save/Michael.Lueken/nwprod/lib/crtm/2.2.3/fix_update/mhs_metop-c.SpcCoeff.bin ./
+ /bin/cp /scratch4/NCEPDEV/da/save/Michael.Lueken/nwprod/lib/crtm/2.2.3/fix_update/mhs_metop-c.TauCoeff.bin ./
+ for file in '`awk '\''{if($1!~"!"){print $1}}'\'' ./satinfo | sort | uniq`'
+ /bin/cp /scratch4/NCEPDEV/da/save/Michael.Lueken/nwprod/lib/crtm/2.2.3/fix_update/mhs_n18.SpcCoeff.bin ./
+ /bin/cp /scratch4/NCEPDEV/da/save/Michael.Lueken/nwprod/lib/crtm/2.2.3/fix_update/mhs_n18.TauCoeff.bin ./
+ for file in '`awk '\''{if($1!~"!"){print $1}}'\'' ./satinfo | sort | uniq`'
+ /bin/cp /scratch4/NCEPDEV/da/save/Michael.Lueken/nwprod/lib/crtm/2.2.3/fix_update/mhs_n19.SpcCoeff.bin ./
+ /bin/cp /scratch4/NCEPDEV/da/save/Michael.Lueken/nwprod/lib/crtm/2.2.3/fix_update/mhs_n19.TauCoeff.bin ./
+ for file in '`awk '\''{if($1!~"!"){print $1}}'\'' ./satinfo | sort | uniq`'
+ /bin/cp /scratch4/NCEPDEV/da/save/Michael.Lueken/nwprod/lib/crtm/2.2.3/fix_update/saphir_meghat.SpcCoeff.bin ./
+ /bin/cp /scratch4/NCEPDEV/da/save/Michael.Lueken/nwprod/lib/crtm/2.2.3/fix_update/saphir_meghat.TauCoeff.bin ./
+ for file in '`awk '\''{if($1!~"!"){print $1}}'\'' ./satinfo | sort | uniq`'
+ /bin/cp /scratch4/NCEPDEV/da/save/Michael.Lueken/nwprod/lib/crtm/2.2.3/fix_update/seviri_m08.SpcCoeff.bin ./
+ /bin/cp /scratch4/NCEPDEV/da/save/Michael.Lueken/nwprod/lib/crtm/2.2.3/fix_update/seviri_m08.TauCoeff.bin ./
+ for file in '`awk '\''{if($1!~"!"){print $1}}'\'' ./satinfo | sort | uniq`'
+ /bin/cp /scratch4/NCEPDEV/da/save/Michael.Lueken/nwprod/lib/crtm/2.2.3/fix_update/seviri_m09.SpcCoeff.bin ./
+ /bin/cp /scratch4/NCEPDEV/da/save/Michael.Lueken/nwprod/lib/crtm/2.2.3/fix_update/seviri_m09.TauCoeff.bin ./
+ for file in '`awk '\''{if($1!~"!"){print $1}}'\'' ./satinfo | sort | uniq`'
+ /bin/cp /scratch4/NCEPDEV/da/save/Michael.Lueken/nwprod/lib/crtm/2.2.3/fix_update/seviri_m10.SpcCoeff.bin ./
+ /bin/cp /scratch4/NCEPDEV/da/save/Michael.Lueken/nwprod/lib/crtm/2.2.3/fix_update/seviri_m10.TauCoeff.bin ./
+ for file in '`awk '\''{if($1!~"!"){print $1}}'\'' ./satinfo | sort | uniq`'
+ /bin/cp /scratch4/NCEPDEV/da/save/Michael.Lueken/nwprod/lib/crtm/2.2.3/fix_update/seviri_m11.SpcCoeff.bin ./
+ /bin/cp /scratch4/NCEPDEV/da/save/Michael.Lueken/nwprod/lib/crtm/2.2.3/fix_update/seviri_m11.TauCoeff.bin ./
+ for file in '`awk '\''{if($1!~"!"){print $1}}'\'' ./satinfo | sort | uniq`'
+ /bin/cp /scratch4/NCEPDEV/da/save/Michael.Lueken/nwprod/lib/crtm/2.2.3/fix_update/sndrD1_g11.SpcCoeff.bin ./
+ /bin/cp /scratch4/NCEPDEV/da/save/Michael.Lueken/nwprod/lib/crtm/2.2.3/fix_update/sndrD1_g11.TauCoeff.bin ./
+ for file in '`awk '\''{if($1!~"!"){print $1}}'\'' ./satinfo | sort | uniq`'
+ /bin/cp /scratch4/NCEPDEV/da/save/Michael.Lueken/nwprod/lib/crtm/2.2.3/fix_update/sndrD1_g12.SpcCoeff.bin ./
+ /bin/cp /scratch4/NCEPDEV/da/save/Michael.Lueken/nwprod/lib/crtm/2.2.3/fix_update/sndrD1_g12.TauCoeff.bin ./
+ for file in '`awk '\''{if($1!~"!"){print $1}}'\'' ./satinfo | sort | uniq`'
+ /bin/cp /scratch4/NCEPDEV/da/save/Michael.Lueken/nwprod/lib/crtm/2.2.3/fix_update/sndrD1_g13.SpcCoeff.bin ./
+ /bin/cp /scratch4/NCEPDEV/da/save/Michael.Lueken/nwprod/lib/crtm/2.2.3/fix_update/sndrD1_g13.TauCoeff.bin ./
+ for file in '`awk '\''{if($1!~"!"){print $1}}'\'' ./satinfo | sort | uniq`'
+ /bin/cp /scratch4/NCEPDEV/da/save/Michael.Lueken/nwprod/lib/crtm/2.2.3/fix_update/sndrD1_g14.SpcCoeff.bin ./
+ /bin/cp /scratch4/NCEPDEV/da/save/Michael.Lueken/nwprod/lib/crtm/2.2.3/fix_update/sndrD1_g14.TauCoeff.bin ./
+ for file in '`awk '\''{if($1!~"!"){print $1}}'\'' ./satinfo | sort | uniq`'
+ /bin/cp /scratch4/NCEPDEV/da/save/Michael.Lueken/nwprod/lib/crtm/2.2.3/fix_update/sndrD1_g15.SpcCoeff.bin ./
+ /bin/cp /scratch4/NCEPDEV/da/save/Michael.Lueken/nwprod/lib/crtm/2.2.3/fix_update/sndrD1_g15.TauCoeff.bin ./
+ for file in '`awk '\''{if($1!~"!"){print $1}}'\'' ./satinfo | sort | uniq`'
+ /bin/cp /scratch4/NCEPDEV/da/save/Michael.Lueken/nwprod/lib/crtm/2.2.3/fix_update/sndrD2_g11.SpcCoeff.bin ./
+ /bin/cp /scratch4/NCEPDEV/da/save/Michael.Lueken/nwprod/lib/crtm/2.2.3/fix_update/sndrD2_g11.TauCoeff.bin ./
+ for file in '`awk '\''{if($1!~"!"){print $1}}'\'' ./satinfo | sort | uniq`'
+ /bin/cp /scratch4/NCEPDEV/da/save/Michael.Lueken/nwprod/lib/crtm/2.2.3/fix_update/sndrD2_g12.SpcCoeff.bin ./
+ /bin/cp /scratch4/NCEPDEV/da/save/Michael.Lueken/nwprod/lib/crtm/2.2.3/fix_update/sndrD2_g12.TauCoeff.bin ./
+ for file in '`awk '\''{if($1!~"!"){print $1}}'\'' ./satinfo | sort | uniq`'
+ /bin/cp /scratch4/NCEPDEV/da/save/Michael.Lueken/nwprod/lib/crtm/2.2.3/fix_update/sndrD2_g13.SpcCoeff.bin ./
+ /bin/cp /scratch4/NCEPDEV/da/save/Michael.Lueken/nwprod/lib/crtm/2.2.3/fix_update/sndrD2_g13.TauCoeff.bin ./
+ for file in '`awk '\''{if($1!~"!"){print $1}}'\'' ./satinfo | sort | uniq`'
+ /bin/cp /scratch4/NCEPDEV/da/save/Michael.Lueken/nwprod/lib/crtm/2.2.3/fix_update/sndrD2_g14.SpcCoeff.bin ./
+ /bin/cp /scratch4/NCEPDEV/da/save/Michael.Lueken/nwprod/lib/crtm/2.2.3/fix_update/sndrD2_g14.TauCoeff.bin ./
+ for file in '`awk '\''{if($1!~"!"){print $1}}'\'' ./satinfo | sort | uniq`'
+ /bin/cp /scratch4/NCEPDEV/da/save/Michael.Lueken/nwprod/lib/crtm/2.2.3/fix_update/sndrD2_g15.SpcCoeff.bin ./
+ /bin/cp /scratch4/NCEPDEV/da/save/Michael.Lueken/nwprod/lib/crtm/2.2.3/fix_update/sndrD2_g15.TauCoeff.bin ./
+ for file in '`awk '\''{if($1!~"!"){print $1}}'\'' ./satinfo | sort | uniq`'
+ /bin/cp /scratch4/NCEPDEV/da/save/Michael.Lueken/nwprod/lib/crtm/2.2.3/fix_update/sndrD3_g11.SpcCoeff.bin ./
+ /bin/cp /scratch4/NCEPDEV/da/save/Michael.Lueken/nwprod/lib/crtm/2.2.3/fix_update/sndrD3_g11.TauCoeff.bin ./
+ for file in '`awk '\''{if($1!~"!"){print $1}}'\'' ./satinfo | sort | uniq`'
+ /bin/cp /scratch4/NCEPDEV/da/save/Michael.Lueken/nwprod/lib/crtm/2.2.3/fix_update/sndrD3_g12.SpcCoeff.bin ./
+ /bin/cp /scratch4/NCEPDEV/da/save/Michael.Lueken/nwprod/lib/crtm/2.2.3/fix_update/sndrD3_g12.TauCoeff.bin ./
+ for file in '`awk '\''{if($1!~"!"){print $1}}'\'' ./satinfo | sort | uniq`'
+ /bin/cp /scratch4/NCEPDEV/da/save/Michael.Lueken/nwprod/lib/crtm/2.2.3/fix_update/sndrD3_g13.SpcCoeff.bin ./
+ /bin/cp /scratch4/NCEPDEV/da/save/Michael.Lueken/nwprod/lib/crtm/2.2.3/fix_update/sndrD3_g13.TauCoeff.bin ./
+ for file in '`awk '\''{if($1!~"!"){print $1}}'\'' ./satinfo | sort | uniq`'
+ /bin/cp /scratch4/NCEPDEV/da/save/Michael.Lueken/nwprod/lib/crtm/2.2.3/fix_update/sndrD3_g14.SpcCoeff.bin ./
+ /bin/cp /scratch4/NCEPDEV/da/save/Michael.Lueken/nwprod/lib/crtm/2.2.3/fix_update/sndrD3_g14.TauCoeff.bin ./
+ for file in '`awk '\''{if($1!~"!"){print $1}}'\'' ./satinfo | sort | uniq`'
+ /bin/cp /scratch4/NCEPDEV/da/save/Michael.Lueken/nwprod/lib/crtm/2.2.3/fix_update/sndrD3_g15.SpcCoeff.bin ./
+ /bin/cp /scratch4/NCEPDEV/da/save/Michael.Lueken/nwprod/lib/crtm/2.2.3/fix_update/sndrD3_g15.TauCoeff.bin ./
+ for file in '`awk '\''{if($1!~"!"){print $1}}'\'' ./satinfo | sort | uniq`'
+ /bin/cp /scratch4/NCEPDEV/da/save/Michael.Lueken/nwprod/lib/crtm/2.2.3/fix_update/sndrD4_g11.SpcCoeff.bin ./
+ /bin/cp /scratch4/NCEPDEV/da/save/Michael.Lueken/nwprod/lib/crtm/2.2.3/fix_update/sndrD4_g11.TauCoeff.bin ./
+ for file in '`awk '\''{if($1!~"!"){print $1}}'\'' ./satinfo | sort | uniq`'
+ /bin/cp /scratch4/NCEPDEV/da/save/Michael.Lueken/nwprod/lib/crtm/2.2.3/fix_update/sndrD4_g12.SpcCoeff.bin ./
+ /bin/cp /scratch4/NCEPDEV/da/save/Michael.Lueken/nwprod/lib/crtm/2.2.3/fix_update/sndrD4_g12.TauCoeff.bin ./
+ for file in '`awk '\''{if($1!~"!"){print $1}}'\'' ./satinfo | sort | uniq`'
+ /bin/cp /scratch4/NCEPDEV/da/save/Michael.Lueken/nwprod/lib/crtm/2.2.3/fix_update/sndrD4_g13.SpcCoeff.bin ./
+ /bin/cp /scratch4/NCEPDEV/da/save/Michael.Lueken/nwprod/lib/crtm/2.2.3/fix_update/sndrD4_g13.TauCoeff.bin ./
+ for file in '`awk '\''{if($1!~"!"){print $1}}'\'' ./satinfo | sort | uniq`'
+ /bin/cp /scratch4/NCEPDEV/da/save/Michael.Lueken/nwprod/lib/crtm/2.2.3/fix_update/sndrD4_g14.SpcCoeff.bin ./
+ /bin/cp /scratch4/NCEPDEV/da/save/Michael.Lueken/nwprod/lib/crtm/2.2.3/fix_update/sndrD4_g14.TauCoeff.bin ./
+ for file in '`awk '\''{if($1!~"!"){print $1}}'\'' ./satinfo | sort | uniq`'
+ /bin/cp /scratch4/NCEPDEV/da/save/Michael.Lueken/nwprod/lib/crtm/2.2.3/fix_update/sndrD4_g15.SpcCoeff.bin ./
+ /bin/cp /scratch4/NCEPDEV/da/save/Michael.Lueken/nwprod/lib/crtm/2.2.3/fix_update/sndrD4_g15.TauCoeff.bin ./
+ for file in '`awk '\''{if($1!~"!"){print $1}}'\'' ./satinfo | sort | uniq`'
+ /bin/cp /scratch4/NCEPDEV/da/save/Michael.Lueken/nwprod/lib/crtm/2.2.3/fix_update/ssmi_f15.SpcCoeff.bin ./
+ /bin/cp /scratch4/NCEPDEV/da/save/Michael.Lueken/nwprod/lib/crtm/2.2.3/fix_update/ssmi_f15.TauCoeff.bin ./
+ for file in '`awk '\''{if($1!~"!"){print $1}}'\'' ./satinfo | sort | uniq`'
+ /bin/cp /scratch4/NCEPDEV/da/save/Michael.Lueken/nwprod/lib/crtm/2.2.3/fix_update/ssmis_f16.SpcCoeff.bin ./
+ /bin/cp /scratch4/NCEPDEV/da/save/Michael.Lueken/nwprod/lib/crtm/2.2.3/fix_update/ssmis_f16.TauCoeff.bin ./
+ for file in '`awk '\''{if($1!~"!"){print $1}}'\'' ./satinfo | sort | uniq`'
+ /bin/cp /scratch4/NCEPDEV/da/save/Michael.Lueken/nwprod/lib/crtm/2.2.3/fix_update/ssmis_f17.SpcCoeff.bin ./
+ /bin/cp /scratch4/NCEPDEV/da/save/Michael.Lueken/nwprod/lib/crtm/2.2.3/fix_update/ssmis_f17.TauCoeff.bin ./
+ for file in '`awk '\''{if($1!~"!"){print $1}}'\'' ./satinfo | sort | uniq`'
+ /bin/cp /scratch4/NCEPDEV/da/save/Michael.Lueken/nwprod/lib/crtm/2.2.3/fix_update/ssmis_f18.SpcCoeff.bin ./
+ /bin/cp /scratch4/NCEPDEV/da/save/Michael.Lueken/nwprod/lib/crtm/2.2.3/fix_update/ssmis_f18.TauCoeff.bin ./
+ for file in '`awk '\''{if($1!~"!"){print $1}}'\'' ./satinfo | sort | uniq`'
+ /bin/cp /scratch4/NCEPDEV/da/save/Michael.Lueken/nwprod/lib/crtm/2.2.3/fix_update/ssmis_f19.SpcCoeff.bin ./
+ /bin/cp /scratch4/NCEPDEV/da/save/Michael.Lueken/nwprod/lib/crtm/2.2.3/fix_update/ssmis_f19.TauCoeff.bin ./
+ for file in '`awk '\''{if($1!~"!"){print $1}}'\'' ./satinfo | sort | uniq`'
+ /bin/cp /scratch4/NCEPDEV/da/save/Michael.Lueken/nwprod/lib/crtm/2.2.3/fix_update/ssmis_f20.SpcCoeff.bin ./
+ /bin/cp /scratch4/NCEPDEV/da/save/Michael.Lueken/nwprod/lib/crtm/2.2.3/fix_update/ssmis_f20.TauCoeff.bin ./
+ /bin/cp /scratch4/NCEPDEV/da/noscrub/Michael.Lueken/CASES/global/sigmap/2019041500/prepqc.gdas.2019041500 ./prepbufr
+ /bin/cp /scratch4/NCEPDEV/da/noscrub/Michael.Lueken/CASES/global/sigmap/2019041500/nsstbufr.gdas.2019041500 ./nsstbufr
+ /bin/cp /scratch4/NCEPDEV/da/noscrub/Michael.Lueken/CASES/global/sigmap/2019041500/prepbufr.acft_profiles.gdas.2019041500 ./prepbufr_profl
+ /bin/cp /scratch4/NCEPDEV/da/noscrub/Michael.Lueken/CASES/global/sigmap/2019041500/satwnd.gdas.2019041500 ./satwndbufr
+ /bin/cp /scratch4/NCEPDEV/da/noscrub/Michael.Lueken/CASES/global/sigmap/2019041500/gpsro.gdas.2019041500 ./gpsrobufr
+ /bin/cp /scratch4/NCEPDEV/da/noscrub/Michael.Lueken/CASES/global/sigmap/2019041500/sptrmm.gdas.2019041500 ./tmirrbufr
/bin/cp: cannot stat ‘/scratch4/NCEPDEV/da/noscrub/Michael.Lueken/CASES/global/sigmap/2019041500/sptrmm.gdas.2019041500’: No such file or directory
+ /bin/cp /scratch4/NCEPDEV/da/noscrub/Michael.Lueken/CASES/global/sigmap/2019041500/osbuv8.gdas.2019041500 ./sbuvbufr
+ /bin/cp /scratch4/NCEPDEV/da/noscrub/Michael.Lueken/CASES/global/sigmap/2019041500/gome.gdas.2019041500 ./gomebufr
+ /bin/cp /scratch4/NCEPDEV/da/noscrub/Michael.Lueken/CASES/global/sigmap/2019041500/omi.gdas.2019041500 ./omibufr
+ /bin/cp /scratch4/NCEPDEV/da/noscrub/Michael.Lueken/CASES/global/sigmap/2019041500/tcvitl.gdas.2019041500 ./tcvitl
/bin/cp: cannot stat ‘/scratch4/NCEPDEV/da/noscrub/Michael.Lueken/CASES/global/sigmap/2019041500/tcvitl.gdas.2019041500’: No such file or directory
+ /bin/cp /scratch4/NCEPDEV/da/noscrub/Michael.Lueken/CASES/global/sigmap/2019041500/goesfv.gdas.2019041500 ./gsnd1bufr
+ /bin/cp /scratch4/NCEPDEV/da/noscrub/Michael.Lueken/CASES/global/sigmap/2019041500/1bamua.gdas.2019041500 ./amsuabufr
+ /bin/cp /scratch4/NCEPDEV/da/noscrub/Michael.Lueken/CASES/global/sigmap/2019041500/1bamub.gdas.2019041500 ./amsubbufr
/bin/cp: cannot stat ‘/scratch4/NCEPDEV/da/noscrub/Michael.Lueken/CASES/global/sigmap/2019041500/1bamub.gdas.2019041500’: No such file or directory
+ /bin/cp /scratch4/NCEPDEV/da/noscrub/Michael.Lueken/CASES/global/sigmap/2019041500/1bhrs3.gdas.2019041500 ./hirs3bufr
/bin/cp: cannot stat ‘/scratch4/NCEPDEV/da/noscrub/Michael.Lueken/CASES/global/sigmap/2019041500/1bhrs3.gdas.2019041500’: No such file or directory
+ /bin/cp /scratch4/NCEPDEV/da/noscrub/Michael.Lueken/CASES/global/sigmap/2019041500/1bhrs4.gdas.2019041500 ./hirs4bufr
+ /bin/cp /scratch4/NCEPDEV/da/noscrub/Michael.Lueken/CASES/global/sigmap/2019041500/airsev.gdas.2019041500 ./airsbufr
+ /bin/cp /scratch4/NCEPDEV/da/noscrub/Michael.Lueken/CASES/global/sigmap/2019041500/mtiasi.gdas.2019041500 ./iasibufr
+ /bin/cp /scratch4/NCEPDEV/da/noscrub/Michael.Lueken/CASES/global/sigmap/2019041500/esamua.gdas.2019041500 ./amsuabufrears
+ /bin/cp /scratch4/NCEPDEV/da/noscrub/Michael.Lueken/CASES/global/sigmap/2019041500/esamub.gdas.2019041500 ./amsubbufrears
/bin/cp: cannot stat ‘/scratch4/NCEPDEV/da/noscrub/Michael.Lueken/CASES/global/sigmap/2019041500/esamub.gdas.2019041500’: No such file or directory
+ /bin/cp /scratch4/NCEPDEV/da/noscrub/Michael.Lueken/CASES/global/sigmap/2019041500/eshrs3.gdas.2019041500 ./hirs3bufrears
+ /bin/cp /scratch4/NCEPDEV/da/noscrub/Michael.Lueken/CASES/global/sigmap/2019041500/avcsam.gdas.2019041500 ./avhambufr
+ /bin/cp /scratch4/NCEPDEV/da/noscrub/Michael.Lueken/CASES/global/sigmap/2019041500/avcspm.gdas.2019041500 ./avhpmbufr
+ '[' .false. = .false. ']'
+ /bin/cp /scratch4/NCEPDEV/da/noscrub/Michael.Lueken/CASES/global/sigmap/2019041500/esiasi.gdas.2019041500 ./iasibufrears
+ /bin/cp /scratch4/NCEPDEV/da/noscrub/Michael.Lueken/CASES/global/sigmap/2019041500/iasidb.gdas.2019041500 ./iasibufr_db
+ /bin/cp /scratch4/NCEPDEV/da/noscrub/Michael.Lueken/CASES/global/sigmap/2019041500/gmi1cr.gdas.2019041500 ./gmibufr
/bin/cp: cannot stat ‘/scratch4/NCEPDEV/da/noscrub/Michael.Lueken/CASES/global/sigmap/2019041500/gmi1cr.gdas.2019041500’: No such file or directory
+ /bin/cp /scratch4/NCEPDEV/da/noscrub/Michael.Lueken/CASES/global/sigmap/2019041500/saphir.gdas.2019041500 ./saphirbufr
+ /bin/cp /scratch4/NCEPDEV/da/noscrub/Michael.Lueken/CASES/global/sigmap/2019041500/cris.gdas.2019041500 ./crisbufr
/bin/cp: cannot stat ‘/scratch4/NCEPDEV/da/noscrub/Michael.Lueken/CASES/global/sigmap/2019041500/cris.gdas.2019041500’: No such file or directory
+ /bin/cp /scratch4/NCEPDEV/da/noscrub/Michael.Lueken/CASES/global/sigmap/2019041500/crisdb.gdas.2019041500 ./crisbufr_db
+ /bin/cp /scratch4/NCEPDEV/da/noscrub/Michael.Lueken/CASES/global/sigmap/2019041500/crisf4.gdas.2019041500 ./crisfsbufr
+ /bin/cp /scratch4/NCEPDEV/da/noscrub/Michael.Lueken/CASES/global/sigmap/2019041500/crisf4db.gdas.2019041500 ./crisfsbufr_db
/bin/cp: cannot stat ‘/scratch4/NCEPDEV/da/noscrub/Michael.Lueken/CASES/global/sigmap/2019041500/crisf4db.gdas.2019041500’: No such file or directory
+ /bin/cp /scratch4/NCEPDEV/da/noscrub/Michael.Lueken/CASES/global/sigmap/2019041500/sevcsr.gdas.2019041500 ./seviribufr
+ /bin/cp /scratch4/NCEPDEV/da/noscrub/Michael.Lueken/CASES/global/sigmap/2019041500/atms.gdas.2019041500 ./atmsbufr
+ /bin/cp /scratch4/NCEPDEV/da/noscrub/Michael.Lueken/CASES/global/sigmap/2019041500/atmsdb.gdas.2019041500 ./atmsbufr_db
+ /bin/cp /scratch4/NCEPDEV/da/noscrub/Michael.Lueken/CASES/global/sigmap/2019041500/ssmisu.gdas.2019041500 ./ssmisbufr
+ /bin/cp /scratch4/NCEPDEV/da/noscrub/Michael.Lueken/CASES/global/sigmap/2019041500/abicsr.gdas.2019041500 ./abibufr
+ /bin/cp /scratch4/NCEPDEV/da/noscrub/Michael.Lueken/CASES/global/sigmap/2019041500/biascr.gdas.2019041418 ./satbias_in
+ /bin/cp /scratch4/NCEPDEV/da/noscrub/Michael.Lueken/CASES/global/sigmap/2019041500/biascr_pc.gdas.2019041418 ./satbias_pc
+ /bin/cp /scratch4/NCEPDEV/da/noscrub/Michael.Lueken/CASES/global/sigmap/2019041500/aircraft_t_bias.gdas.2019041418 ./aircftbias_in
+ /bin/cp /scratch4/NCEPDEV/da/noscrub/Michael.Lueken/CASES/global/sigmap/2019041500/radstat.gdas.2019041418 ./radstat.gdas
++ tar xvf radstat.gdas
++ cut '-d ' -f2
++ grep --color=auto _ges
+ listdiag='diag_sndrd1_g15_ges.2019041418.gz
diag_sndrd2_g15_ges.2019041418.gz
diag_sndrd3_g15_ges.2019041418.gz
diag_sndrd4_g15_ges.2019041418.gz
diag_amsua_n15_ges.2019041418.gz
diag_airs_aqua_ges.2019041418.gz
diag_amsua_aqua_ges.2019041418.gz
diag_hirs4_metop-a_ges.2019041418.gz
diag_amsua_n18_ges.2019041418.gz
diag_amsua_metop-a_ges.2019041418.gz
diag_mhs_metop-a_ges.2019041418.gz
diag_ssmis_f17_ges.2019041418.gz
diag_ssmis_f18_ges.2019041418.gz
diag_iasi_metop-a_ges.2019041418.gz
diag_hirs4_n19_ges.2019041418.gz
diag_amsua_n19_ges.2019041418.gz
diag_mhs_n19_ges.2019041418.gz
diag_seviri_m08_ges.2019041418.gz
diag_cris_npp_ges.2019041418.gz
diag_cris-fsr_n20_ges.2019041418.gz
diag_atms_npp_ges.2019041418.gz
diag_atms_n20_ges.2019041418.gz
diag_hirs4_metop-b_ges.2019041418.gz
diag_amsua_metop-b_ges.2019041418.gz
diag_mhs_metop-b_ges.2019041418.gz
diag_iasi_metop-b_ges.2019041418.gz
diag_avhrr_n18_ges.2019041418.gz
diag_avhrr_metop-a_ges.2019041418.gz
diag_saphir_meghat_ges.2019041418.gz'
+ for type in '$listdiag'
++ echo diag_sndrd1_g15_ges.2019041418.gz
++ cut -d, -f1
+ diag_file=diag_sndrd1_g15_ges.2019041418.gz
++ echo diag_sndrd1_g15_ges.2019041418.gz
++ cut -d. -f1
+ fname=diag_sndrd1_g15_ges
++ echo diag_sndrd1_g15_ges.2019041418.gz
++ cut -d. -f2
+ date=2019041418
+ gunzip diag_sndrd1_g15_ges.2019041418.gz
++ echo diag_sndrd1_g15_ges
++ sed s/_ges//g
+ fnameanl=diag_sndrd1_g15
+ mv diag_sndrd1_g15_ges.2019041418 diag_sndrd1_g15
+ for type in '$listdiag'
++ echo diag_sndrd2_g15_ges.2019041418.gz
++ cut -d, -f1
+ diag_file=diag_sndrd2_g15_ges.2019041418.gz
++ echo diag_sndrd2_g15_ges.2019041418.gz
++ cut -d. -f1
+ fname=diag_sndrd2_g15_ges
++ echo diag_sndrd2_g15_ges.2019041418.gz
++ cut -d. -f2
+ date=2019041418
+ gunzip diag_sndrd2_g15_ges.2019041418.gz
++ echo diag_sndrd2_g15_ges
++ sed s/_ges//g
+ fnameanl=diag_sndrd2_g15
+ mv diag_sndrd2_g15_ges.2019041418 diag_sndrd2_g15
+ for type in '$listdiag'
++ echo diag_sndrd3_g15_ges.2019041418.gz
++ cut -d, -f1
+ diag_file=diag_sndrd3_g15_ges.2019041418.gz
++ echo diag_sndrd3_g15_ges.2019041418.gz
++ cut -d. -f1
+ fname=diag_sndrd3_g15_ges
++ echo diag_sndrd3_g15_ges.2019041418.gz
++ cut -d. -f2
+ date=2019041418
+ gunzip diag_sndrd3_g15_ges.2019041418.gz
++ echo diag_sndrd3_g15_ges
++ sed s/_ges//g
+ fnameanl=diag_sndrd3_g15
+ mv diag_sndrd3_g15_ges.2019041418 diag_sndrd3_g15
+ for type in '$listdiag'
++ echo diag_sndrd4_g15_ges.2019041418.gz
++ cut -d, -f1
+ diag_file=diag_sndrd4_g15_ges.2019041418.gz
++ echo diag_sndrd4_g15_ges.2019041418.gz
++ cut -d. -f1
+ fname=diag_sndrd4_g15_ges
++ echo diag_sndrd4_g15_ges.2019041418.gz
++ cut -d. -f2
+ date=2019041418
+ gunzip diag_sndrd4_g15_ges.2019041418.gz
++ echo diag_sndrd4_g15_ges
++ sed s/_ges//g
+ fnameanl=diag_sndrd4_g15
+ mv diag_sndrd4_g15_ges.2019041418 diag_sndrd4_g15
+ for type in '$listdiag'
++ echo diag_amsua_n15_ges.2019041418.gz
++ cut -d, -f1
+ diag_file=diag_amsua_n15_ges.2019041418.gz
++ echo diag_amsua_n15_ges.2019041418.gz
++ cut -d. -f1
+ fname=diag_amsua_n15_ges
++ echo diag_amsua_n15_ges.2019041418.gz
++ cut -d. -f2
+ date=2019041418
+ gunzip diag_amsua_n15_ges.2019041418.gz
++ echo diag_amsua_n15_ges
++ sed s/_ges//g
+ fnameanl=diag_amsua_n15
+ mv diag_amsua_n15_ges.2019041418 diag_amsua_n15
+ for type in '$listdiag'
++ echo diag_airs_aqua_ges.2019041418.gz
++ cut -d, -f1
+ diag_file=diag_airs_aqua_ges.2019041418.gz
++ echo diag_airs_aqua_ges.2019041418.gz
++ cut -d. -f1
+ fname=diag_airs_aqua_ges
++ echo diag_airs_aqua_ges.2019041418.gz
++ cut -d. -f2
+ date=2019041418
+ gunzip diag_airs_aqua_ges.2019041418.gz
++ echo diag_airs_aqua_ges
++ sed s/_ges//g
+ fnameanl=diag_airs_aqua
+ mv diag_airs_aqua_ges.2019041418 diag_airs_aqua
+ for type in '$listdiag'
++ echo diag_amsua_aqua_ges.2019041418.gz
++ cut -d, -f1
+ diag_file=diag_amsua_aqua_ges.2019041418.gz
++ echo diag_amsua_aqua_ges.2019041418.gz
++ cut -d. -f1
+ fname=diag_amsua_aqua_ges
++ echo diag_amsua_aqua_ges.2019041418.gz
++ cut -d. -f2
+ date=2019041418
+ gunzip diag_amsua_aqua_ges.2019041418.gz
++ echo diag_amsua_aqua_ges
++ sed s/_ges//g
+ fnameanl=diag_amsua_aqua
+ mv diag_amsua_aqua_ges.2019041418 diag_amsua_aqua
+ for type in '$listdiag'
++ echo diag_hirs4_metop-a_ges.2019041418.gz
++ cut -d, -f1
+ diag_file=diag_hirs4_metop-a_ges.2019041418.gz
++ echo diag_hirs4_metop-a_ges.2019041418.gz
++ cut -d. -f1
+ fname=diag_hirs4_metop-a_ges
++ echo diag_hirs4_metop-a_ges.2019041418.gz
++ cut -d. -f2
+ date=2019041418
+ gunzip diag_hirs4_metop-a_ges.2019041418.gz
++ echo diag_hirs4_metop-a_ges
++ sed s/_ges//g
+ fnameanl=diag_hirs4_metop-a
+ mv diag_hirs4_metop-a_ges.2019041418 diag_hirs4_metop-a
+ for type in '$listdiag'
++ echo diag_amsua_n18_ges.2019041418.gz
++ cut -d, -f1
+ diag_file=diag_amsua_n18_ges.2019041418.gz
++ echo diag_amsua_n18_ges.2019041418.gz
++ cut -d. -f1
+ fname=diag_amsua_n18_ges
++ echo diag_amsua_n18_ges.2019041418.gz
++ cut -d. -f2
+ date=2019041418
+ gunzip diag_amsua_n18_ges.2019041418.gz
++ echo diag_amsua_n18_ges
++ sed s/_ges//g
+ fnameanl=diag_amsua_n18
+ mv diag_amsua_n18_ges.2019041418 diag_amsua_n18
+ for type in '$listdiag'
++ echo diag_amsua_metop-a_ges.2019041418.gz
++ cut -d, -f1
+ diag_file=diag_amsua_metop-a_ges.2019041418.gz
++ echo diag_amsua_metop-a_ges.2019041418.gz
++ cut -d. -f1
+ fname=diag_amsua_metop-a_ges
++ echo diag_amsua_metop-a_ges.2019041418.gz
++ cut -d. -f2
+ date=2019041418
+ gunzip diag_amsua_metop-a_ges.2019041418.gz
++ echo diag_amsua_metop-a_ges
++ sed s/_ges//g
+ fnameanl=diag_amsua_metop-a
+ mv diag_amsua_metop-a_ges.2019041418 diag_amsua_metop-a
+ for type in '$listdiag'
++ echo diag_mhs_metop-a_ges.2019041418.gz
++ cut -d, -f1
+ diag_file=diag_mhs_metop-a_ges.2019041418.gz
++ echo diag_mhs_metop-a_ges.2019041418.gz
++ cut -d. -f1
+ fname=diag_mhs_metop-a_ges
++ echo diag_mhs_metop-a_ges.2019041418.gz
++ cut -d. -f2
+ date=2019041418
+ gunzip diag_mhs_metop-a_ges.2019041418.gz
++ echo diag_mhs_metop-a_ges
++ sed s/_ges//g
+ fnameanl=diag_mhs_metop-a
+ mv diag_mhs_metop-a_ges.2019041418 diag_mhs_metop-a
+ for type in '$listdiag'
++ echo diag_ssmis_f17_ges.2019041418.gz
++ cut -d, -f1
+ diag_file=diag_ssmis_f17_ges.2019041418.gz
++ echo diag_ssmis_f17_ges.2019041418.gz
++ cut -d. -f1
+ fname=diag_ssmis_f17_ges
++ echo diag_ssmis_f17_ges.2019041418.gz
++ cut -d. -f2
+ date=2019041418
+ gunzip diag_ssmis_f17_ges.2019041418.gz
++ echo diag_ssmis_f17_ges
++ sed s/_ges//g
+ fnameanl=diag_ssmis_f17
+ mv diag_ssmis_f17_ges.2019041418 diag_ssmis_f17
+ for type in '$listdiag'
++ echo diag_ssmis_f18_ges.2019041418.gz
++ cut -d, -f1
+ diag_file=diag_ssmis_f18_ges.2019041418.gz
++ echo diag_ssmis_f18_ges.2019041418.gz
++ cut -d. -f1
+ fname=diag_ssmis_f18_ges
++ echo diag_ssmis_f18_ges.2019041418.gz
++ cut -d. -f2
+ date=2019041418
+ gunzip diag_ssmis_f18_ges.2019041418.gz
++ echo diag_ssmis_f18_ges
++ sed s/_ges//g
+ fnameanl=diag_ssmis_f18
+ mv diag_ssmis_f18_ges.2019041418 diag_ssmis_f18
+ for type in '$listdiag'
++ echo diag_iasi_metop-a_ges.2019041418.gz
++ cut -d, -f1
+ diag_file=diag_iasi_metop-a_ges.2019041418.gz
++ echo diag_iasi_metop-a_ges.2019041418.gz
++ cut -d. -f1
+ fname=diag_iasi_metop-a_ges
++ echo diag_iasi_metop-a_ges.2019041418.gz
++ cut -d. -f2
+ date=2019041418
+ gunzip diag_iasi_metop-a_ges.2019041418.gz
++ echo diag_iasi_metop-a_ges
++ sed s/_ges//g
+ fnameanl=diag_iasi_metop-a
+ mv diag_iasi_metop-a_ges.2019041418 diag_iasi_metop-a
+ for type in '$listdiag'
++ echo diag_hirs4_n19_ges.2019041418.gz
++ cut -d, -f1
+ diag_file=diag_hirs4_n19_ges.2019041418.gz
++ echo diag_hirs4_n19_ges.2019041418.gz
++ cut -d. -f1
+ fname=diag_hirs4_n19_ges
++ echo diag_hirs4_n19_ges.2019041418.gz
++ cut -d. -f2
+ date=2019041418
+ gunzip diag_hirs4_n19_ges.2019041418.gz
++ echo diag_hirs4_n19_ges
++ sed s/_ges//g
+ fnameanl=diag_hirs4_n19
+ mv diag_hirs4_n19_ges.2019041418 diag_hirs4_n19
+ for type in '$listdiag'
++ echo diag_amsua_n19_ges.2019041418.gz
++ cut -d, -f1
+ diag_file=diag_amsua_n19_ges.2019041418.gz
++ echo diag_amsua_n19_ges.2019041418.gz
++ cut -d. -f1
+ fname=diag_amsua_n19_ges
++ echo diag_amsua_n19_ges.2019041418.gz
++ cut -d. -f2
+ date=2019041418
+ gunzip diag_amsua_n19_ges.2019041418.gz
++ echo diag_amsua_n19_ges
++ sed s/_ges//g
+ fnameanl=diag_amsua_n19
+ mv diag_amsua_n19_ges.2019041418 diag_amsua_n19
+ for type in '$listdiag'
++ echo diag_mhs_n19_ges.2019041418.gz
++ cut -d, -f1
+ diag_file=diag_mhs_n19_ges.2019041418.gz
++ echo diag_mhs_n19_ges.2019041418.gz
++ cut -d. -f1
+ fname=diag_mhs_n19_ges
++ echo diag_mhs_n19_ges.2019041418.gz
++ cut -d. -f2
+ date=2019041418
+ gunzip diag_mhs_n19_ges.2019041418.gz
++ echo diag_mhs_n19_ges
++ sed s/_ges//g
+ fnameanl=diag_mhs_n19
+ mv diag_mhs_n19_ges.2019041418 diag_mhs_n19
+ for type in '$listdiag'
++ echo diag_seviri_m08_ges.2019041418.gz
++ cut -d, -f1
+ diag_file=diag_seviri_m08_ges.2019041418.gz
++ echo diag_seviri_m08_ges.2019041418.gz
++ cut -d. -f1
+ fname=diag_seviri_m08_ges
++ echo diag_seviri_m08_ges.2019041418.gz
++ cut -d. -f2
+ date=2019041418
+ gunzip diag_seviri_m08_ges.2019041418.gz
++ echo diag_seviri_m08_ges
++ sed s/_ges//g
+ fnameanl=diag_seviri_m08
+ mv diag_seviri_m08_ges.2019041418 diag_seviri_m08
+ for type in '$listdiag'
++ echo diag_cris_npp_ges.2019041418.gz
++ cut -d, -f1
+ diag_file=diag_cris_npp_ges.2019041418.gz
++ echo diag_cris_npp_ges.2019041418.gz
++ cut -d. -f1
+ fname=diag_cris_npp_ges
++ echo diag_cris_npp_ges.2019041418.gz
++ cut -d. -f2
+ date=2019041418
+ gunzip diag_cris_npp_ges.2019041418.gz
++ echo diag_cris_npp_ges
++ sed s/_ges//g
+ fnameanl=diag_cris_npp
+ mv diag_cris_npp_ges.2019041418 diag_cris_npp
+ for type in '$listdiag'
++ echo diag_cris-fsr_n20_ges.2019041418.gz
++ cut -d, -f1
+ diag_file=diag_cris-fsr_n20_ges.2019041418.gz
++ echo diag_cris-fsr_n20_ges.2019041418.gz
++ cut -d. -f1
+ fname=diag_cris-fsr_n20_ges
++ echo diag_cris-fsr_n20_ges.2019041418.gz
++ cut -d. -f2
+ date=2019041418
+ gunzip diag_cris-fsr_n20_ges.2019041418.gz
++ echo diag_cris-fsr_n20_ges
++ sed s/_ges//g
+ fnameanl=diag_cris-fsr_n20
+ mv diag_cris-fsr_n20_ges.2019041418 diag_cris-fsr_n20
+ for type in '$listdiag'
++ echo diag_atms_npp_ges.2019041418.gz
++ cut -d, -f1
+ diag_file=diag_atms_npp_ges.2019041418.gz
++ echo diag_atms_npp_ges.2019041418.gz
++ cut -d. -f1
+ fname=diag_atms_npp_ges
++ echo diag_atms_npp_ges.2019041418.gz
++ cut -d. -f2
+ date=2019041418
+ gunzip diag_atms_npp_ges.2019041418.gz
++ echo diag_atms_npp_ges
++ sed s/_ges//g
+ fnameanl=diag_atms_npp
+ mv diag_atms_npp_ges.2019041418 diag_atms_npp
+ for type in '$listdiag'
++ echo diag_atms_n20_ges.2019041418.gz
++ cut -d, -f1
+ diag_file=diag_atms_n20_ges.2019041418.gz
++ echo diag_atms_n20_ges.2019041418.gz
++ cut -d. -f1
+ fname=diag_atms_n20_ges
++ echo diag_atms_n20_ges.2019041418.gz
++ cut -d. -f2
+ date=2019041418
+ gunzip diag_atms_n20_ges.2019041418.gz
++ echo diag_atms_n20_ges
++ sed s/_ges//g
+ fnameanl=diag_atms_n20
+ mv diag_atms_n20_ges.2019041418 diag_atms_n20
+ for type in '$listdiag'
++ echo diag_hirs4_metop-b_ges.2019041418.gz
++ cut -d, -f1
+ diag_file=diag_hirs4_metop-b_ges.2019041418.gz
++ echo diag_hirs4_metop-b_ges.2019041418.gz
++ cut -d. -f1
+ fname=diag_hirs4_metop-b_ges
++ echo diag_hirs4_metop-b_ges.2019041418.gz
++ cut -d. -f2
+ date=2019041418
+ gunzip diag_hirs4_metop-b_ges.2019041418.gz
++ echo diag_hirs4_metop-b_ges
++ sed s/_ges//g
+ fnameanl=diag_hirs4_metop-b
+ mv diag_hirs4_metop-b_ges.2019041418 diag_hirs4_metop-b
+ for type in '$listdiag'
++ echo diag_amsua_metop-b_ges.2019041418.gz
++ cut -d, -f1
+ diag_file=diag_amsua_metop-b_ges.2019041418.gz
++ echo diag_amsua_metop-b_ges.2019041418.gz
++ cut -d. -f1
+ fname=diag_amsua_metop-b_ges
++ echo diag_amsua_metop-b_ges.2019041418.gz
++ cut -d. -f2
+ date=2019041418
+ gunzip diag_amsua_metop-b_ges.2019041418.gz
++ echo diag_amsua_metop-b_ges
++ sed s/_ges//g
+ fnameanl=diag_amsua_metop-b
+ mv diag_amsua_metop-b_ges.2019041418 diag_amsua_metop-b
+ for type in '$listdiag'
++ echo diag_mhs_metop-b_ges.2019041418.gz
++ cut -d, -f1
+ diag_file=diag_mhs_metop-b_ges.2019041418.gz
++ echo diag_mhs_metop-b_ges.2019041418.gz
++ cut -d. -f1
+ fname=diag_mhs_metop-b_ges
++ echo diag_mhs_metop-b_ges.2019041418.gz
++ cut -d. -f2
+ date=2019041418
+ gunzip diag_mhs_metop-b_ges.2019041418.gz
++ echo diag_mhs_metop-b_ges
++ sed s/_ges//g
+ fnameanl=diag_mhs_metop-b
+ mv diag_mhs_metop-b_ges.2019041418 diag_mhs_metop-b
+ for type in '$listdiag'
++ echo diag_iasi_metop-b_ges.2019041418.gz
++ cut -d, -f1
+ diag_file=diag_iasi_metop-b_ges.2019041418.gz
++ echo diag_iasi_metop-b_ges.2019041418.gz
++ cut -d. -f1
+ fname=diag_iasi_metop-b_ges
++ echo diag_iasi_metop-b_ges.2019041418.gz
++ cut -d. -f2
+ date=2019041418
+ gunzip diag_iasi_metop-b_ges.2019041418.gz
++ echo diag_iasi_metop-b_ges
++ sed s/_ges//g
+ fnameanl=diag_iasi_metop-b
+ mv diag_iasi_metop-b_ges.2019041418 diag_iasi_metop-b
+ for type in '$listdiag'
++ echo diag_avhrr_n18_ges.2019041418.gz
++ cut -d, -f1
+ diag_file=diag_avhrr_n18_ges.2019041418.gz
++ echo diag_avhrr_n18_ges.2019041418.gz
++ cut -d. -f1
+ fname=diag_avhrr_n18_ges
++ echo diag_avhrr_n18_ges.2019041418.gz
++ cut -d. -f2
+ date=2019041418
+ gunzip diag_avhrr_n18_ges.2019041418.gz
++ echo diag_avhrr_n18_ges
++ sed s/_ges//g
+ fnameanl=diag_avhrr_n18
+ mv diag_avhrr_n18_ges.2019041418 diag_avhrr_n18
+ for type in '$listdiag'
++ echo diag_avhrr_metop-a_ges.2019041418.gz
++ cut -d, -f1
+ diag_file=diag_avhrr_metop-a_ges.2019041418.gz
++ echo diag_avhrr_metop-a_ges.2019041418.gz
++ cut -d. -f1
+ fname=diag_avhrr_metop-a_ges
++ echo diag_avhrr_metop-a_ges.2019041418.gz
++ cut -d. -f2
+ date=2019041418
+ gunzip diag_avhrr_metop-a_ges.2019041418.gz
++ echo diag_avhrr_metop-a_ges
++ sed s/_ges//g
+ fnameanl=diag_avhrr_metop-a
+ mv diag_avhrr_metop-a_ges.2019041418 diag_avhrr_metop-a
+ for type in '$listdiag'
++ echo diag_saphir_meghat_ges.2019041418.gz
++ cut -d, -f1
+ diag_file=diag_saphir_meghat_ges.2019041418.gz
++ echo diag_saphir_meghat_ges.2019041418.gz
++ cut -d. -f1
+ fname=diag_saphir_meghat_ges
++ echo diag_saphir_meghat_ges.2019041418.gz
++ cut -d. -f2
+ date=2019041418
+ gunzip diag_saphir_meghat_ges.2019041418.gz
++ echo diag_saphir_meghat_ges
++ sed s/_ges//g
+ fnameanl=diag_saphir_meghat
+ mv diag_saphir_meghat_ges.2019041418 diag_saphir_meghat
+ /bin/cp /scratch4/NCEPDEV/da/noscrub/Michael.Lueken/CASES/global/sigmap/2019041500/sfnf03.gdas.2019041418 ./sfcf03
+ /bin/cp /scratch4/NCEPDEV/da/noscrub/Michael.Lueken/CASES/global/sigmap/2019041500/sfnf04.gdas.2019041418 ./sfcf04
+ /bin/cp /scratch4/NCEPDEV/da/noscrub/Michael.Lueken/CASES/global/sigmap/2019041500/sfnf05.gdas.2019041418 ./sfcf05
+ /bin/cp /scratch4/NCEPDEV/da/noscrub/Michael.Lueken/CASES/global/sigmap/2019041500/sfnf06.gdas.2019041418 ./sfcf06
+ /bin/cp /scratch4/NCEPDEV/da/noscrub/Michael.Lueken/CASES/global/sigmap/2019041500/sfnf07.gdas.2019041418 ./sfcf07
+ /bin/cp /scratch4/NCEPDEV/da/noscrub/Michael.Lueken/CASES/global/sigmap/2019041500/sfnf08.gdas.2019041418 ./sfcf08
+ /bin/cp /scratch4/NCEPDEV/da/noscrub/Michael.Lueken/CASES/global/sigmap/2019041500/sfnf09.gdas.2019041418 ./sfcf09
+ /bin/cp /scratch4/NCEPDEV/da/noscrub/Michael.Lueken/CASES/global/sigmap/2019041500/nsnf03.gdas.2019041418 ./nstf03
+ /bin/cp /scratch4/NCEPDEV/da/noscrub/Michael.Lueken/CASES/global/sigmap/2019041500/nsnf04.gdas.2019041418 ./nstf04
+ /bin/cp /scratch4/NCEPDEV/da/noscrub/Michael.Lueken/CASES/global/sigmap/2019041500/nsnf05.gdas.2019041418 ./nstf05
+ /bin/cp /scratch4/NCEPDEV/da/noscrub/Michael.Lueken/CASES/global/sigmap/2019041500/nsnf06.gdas.2019041418 ./nstf06
+ /bin/cp /scratch4/NCEPDEV/da/noscrub/Michael.Lueken/CASES/global/sigmap/2019041500/nsnf07.gdas.2019041418 ./nstf07
+ /bin/cp /scratch4/NCEPDEV/da/noscrub/Michael.Lueken/CASES/global/sigmap/2019041500/nsnf08.gdas.2019041418 ./nstf08
+ /bin/cp /scratch4/NCEPDEV/da/noscrub/Michael.Lueken/CASES/global/sigmap/2019041500/nsnf09.gdas.2019041418 ./nstf09
+ /bin/cp /scratch4/NCEPDEV/da/noscrub/Michael.Lueken/CASES/global/sigmap/2019041500/gfngm3.gdas.2019041500 ./sigf03
+ /bin/cp /scratch4/NCEPDEV/da/noscrub/Michael.Lueken/CASES/global/sigmap/2019041500/gfngm2.gdas.2019041500 ./sigf04
+ /bin/cp /scratch4/NCEPDEV/da/noscrub/Michael.Lueken/CASES/global/sigmap/2019041500/gfngm1.gdas.2019041500 ./sigf05
+ /bin/cp /scratch4/NCEPDEV/da/noscrub/Michael.Lueken/CASES/global/sigmap/2019041500/gfnges.gdas.2019041500 ./sigf06
+ /bin/cp /scratch4/NCEPDEV/da/noscrub/Michael.Lueken/CASES/global/sigmap/2019041500/gfngp1.gdas.2019041500 ./sigf07
+ /bin/cp /scratch4/NCEPDEV/da/noscrub/Michael.Lueken/CASES/global/sigmap/2019041500/gfngp2.gdas.2019041500 ./sigf08
+ /bin/cp /scratch4/NCEPDEV/da/noscrub/Michael.Lueken/CASES/global/sigmap/2019041500/gfngp3.gdas.2019041500 ./sigf09
+ /bin/cp /scratch4/NCEPDEV/da/noscrub/Michael.Lueken/CASES/global/sigmap/2019041500/sfcgcy.gdas.2019041500 ./sfcgcy
+ list='001 002 003 004 005 006 007 008 009 010 011 012 013 014 015 016 017 018 019 020'
+ for file in '$list'
+ ln -s /scratch4/NCEPDEV/da/noscrub/Michael.Lueken/CASES/global/sigmap/2019041500/sfg_2019041418_fhr03s_mem001 ./sigf03_ens_mem001
+ ln -s /scratch4/NCEPDEV/da/noscrub/Michael.Lueken/CASES/global/sigmap/2019041500/sfg_2019041418_fhr04s_mem001 ./sigf04_ens_mem001
+ ln -s /scratch4/NCEPDEV/da/noscrub/Michael.Lueken/CASES/global/sigmap/2019041500/sfg_2019041418_fhr05s_mem001 ./sigf05_ens_mem001
+ ln -s /scratch4/NCEPDEV/da/noscrub/Michael.Lueken/CASES/global/sigmap/2019041500/sfg_2019041418_fhr06s_mem001 ./sigf06_ens_mem001
+ ln -s /scratch4/NCEPDEV/da/noscrub/Michael.Lueken/CASES/global/sigmap/2019041500/sfg_2019041418_fhr07s_mem001 ./sigf07_ens_mem001
+ ln -s /scratch4/NCEPDEV/da/noscrub/Michael.Lueken/CASES/global/sigmap/2019041500/sfg_2019041418_fhr08s_mem001 ./sigf08_ens_mem001
+ ln -s /scratch4/NCEPDEV/da/noscrub/Michael.Lueken/CASES/global/sigmap/2019041500/sfg_2019041418_fhr09s_mem001 ./sigf09_ens_mem001
+ for file in '$list'
+ ln -s /scratch4/NCEPDEV/da/noscrub/Michael.Lueken/CASES/global/sigmap/2019041500/sfg_2019041418_fhr03s_mem002 ./sigf03_ens_mem002
+ ln -s /scratch4/NCEPDEV/da/noscrub/Michael.Lueken/CASES/global/sigmap/2019041500/sfg_2019041418_fhr04s_mem002 ./sigf04_ens_mem002
+ ln -s /scratch4/NCEPDEV/da/noscrub/Michael.Lueken/CASES/global/sigmap/2019041500/sfg_2019041418_fhr05s_mem002 ./sigf05_ens_mem002
+ ln -s /scratch4/NCEPDEV/da/noscrub/Michael.Lueken/CASES/global/sigmap/2019041500/sfg_2019041418_fhr06s_mem002 ./sigf06_ens_mem002
+ ln -s /scratch4/NCEPDEV/da/noscrub/Michael.Lueken/CASES/global/sigmap/2019041500/sfg_2019041418_fhr07s_mem002 ./sigf07_ens_mem002
+ ln -s /scratch4/NCEPDEV/da/noscrub/Michael.Lueken/CASES/global/sigmap/2019041500/sfg_2019041418_fhr08s_mem002 ./sigf08_ens_mem002
+ ln -s /scratch4/NCEPDEV/da/noscrub/Michael.Lueken/CASES/global/sigmap/2019041500/sfg_2019041418_fhr09s_mem002 ./sigf09_ens_mem002
+ for file in '$list'
+ ln -s /scratch4/NCEPDEV/da/noscrub/Michael.Lueken/CASES/global/sigmap/2019041500/sfg_2019041418_fhr03s_mem003 ./sigf03_ens_mem003
+ ln -s /scratch4/NCEPDEV/da/noscrub/Michael.Lueken/CASES/global/sigmap/2019041500/sfg_2019041418_fhr04s_mem003 ./sigf04_ens_mem003
+ ln -s /scratch4/NCEPDEV/da/noscrub/Michael.Lueken/CASES/global/sigmap/2019041500/sfg_2019041418_fhr05s_mem003 ./sigf05_ens_mem003
+ ln -s /scratch4/NCEPDEV/da/noscrub/Michael.Lueken/CASES/global/sigmap/2019041500/sfg_2019041418_fhr06s_mem003 ./sigf06_ens_mem003
+ ln -s /scratch4/NCEPDEV/da/noscrub/Michael.Lueken/CASES/global/sigmap/2019041500/sfg_2019041418_fhr07s_mem003 ./sigf07_ens_mem003
+ ln -s /scratch4/NCEPDEV/da/noscrub/Michael.Lueken/CASES/global/sigmap/2019041500/sfg_2019041418_fhr08s_mem003 ./sigf08_ens_mem003
+ ln -s /scratch4/NCEPDEV/da/noscrub/Michael.Lueken/CASES/global/sigmap/2019041500/sfg_2019041418_fhr09s_mem003 ./sigf09_ens_mem003
+ for file in '$list'
+ ln -s /scratch4/NCEPDEV/da/noscrub/Michael.Lueken/CASES/global/sigmap/2019041500/sfg_2019041418_fhr03s_mem004 ./sigf03_ens_mem004
+ ln -s /scratch4/NCEPDEV/da/noscrub/Michael.Lueken/CASES/global/sigmap/2019041500/sfg_2019041418_fhr04s_mem004 ./sigf04_ens_mem004
+ ln -s /scratch4/NCEPDEV/da/noscrub/Michael.Lueken/CASES/global/sigmap/2019041500/sfg_2019041418_fhr05s_mem004 ./sigf05_ens_mem004
+ ln -s /scratch4/NCEPDEV/da/noscrub/Michael.Lueken/CASES/global/sigmap/2019041500/sfg_2019041418_fhr06s_mem004 ./sigf06_ens_mem004
+ ln -s /scratch4/NCEPDEV/da/noscrub/Michael.Lueken/CASES/global/sigmap/2019041500/sfg_2019041418_fhr07s_mem004 ./sigf07_ens_mem004
+ ln -s /scratch4/NCEPDEV/da/noscrub/Michael.Lueken/CASES/global/sigmap/2019041500/sfg_2019041418_fhr08s_mem004 ./sigf08_ens_mem004
+ ln -s /scratch4/NCEPDEV/da/noscrub/Michael.Lueken/CASES/global/sigmap/2019041500/sfg_2019041418_fhr09s_mem004 ./sigf09_ens_mem004
+ for file in '$list'
+ ln -s /scratch4/NCEPDEV/da/noscrub/Michael.Lueken/CASES/global/sigmap/2019041500/sfg_2019041418_fhr03s_mem005 ./sigf03_ens_mem005
+ ln -s /scratch4/NCEPDEV/da/noscrub/Michael.Lueken/CASES/global/sigmap/2019041500/sfg_2019041418_fhr04s_mem005 ./sigf04_ens_mem005
+ ln -s /scratch4/NCEPDEV/da/noscrub/Michael.Lueken/CASES/global/sigmap/2019041500/sfg_2019041418_fhr05s_mem005 ./sigf05_ens_mem005
+ ln -s /scratch4/NCEPDEV/da/noscrub/Michael.Lueken/CASES/global/sigmap/2019041500/sfg_2019041418_fhr06s_mem005 ./sigf06_ens_mem005
+ ln -s /scratch4/NCEPDEV/da/noscrub/Michael.Lueken/CASES/global/sigmap/2019041500/sfg_2019041418_fhr07s_mem005 ./sigf07_ens_mem005
+ ln -s /scratch4/NCEPDEV/da/noscrub/Michael.Lueken/CASES/global/sigmap/2019041500/sfg_2019041418_fhr08s_mem005 ./sigf08_ens_mem005
+ ln -s /scratch4/NCEPDEV/da/noscrub/Michael.Lueken/CASES/global/sigmap/2019041500/sfg_2019041418_fhr09s_mem005 ./sigf09_ens_mem005
+ for file in '$list'
+ ln -s /scratch4/NCEPDEV/da/noscrub/Michael.Lueken/CASES/global/sigmap/2019041500/sfg_2019041418_fhr03s_mem006 ./sigf03_ens_mem006
+ ln -s /scratch4/NCEPDEV/da/noscrub/Michael.Lueken/CASES/global/sigmap/2019041500/sfg_2019041418_fhr04s_mem006 ./sigf04_ens_mem006
+ ln -s /scratch4/NCEPDEV/da/noscrub/Michael.Lueken/CASES/global/sigmap/2019041500/sfg_2019041418_fhr05s_mem006 ./sigf05_ens_mem006
+ ln -s /scratch4/NCEPDEV/da/noscrub/Michael.Lueken/CASES/global/sigmap/2019041500/sfg_2019041418_fhr06s_mem006 ./sigf06_ens_mem006
+ ln -s /scratch4/NCEPDEV/da/noscrub/Michael.Lueken/CASES/global/sigmap/2019041500/sfg_2019041418_fhr07s_mem006 ./sigf07_ens_mem006
+ ln -s /scratch4/NCEPDEV/da/noscrub/Michael.Lueken/CASES/global/sigmap/2019041500/sfg_2019041418_fhr08s_mem006 ./sigf08_ens_mem006
+ ln -s /scratch4/NCEPDEV/da/noscrub/Michael.Lueken/CASES/global/sigmap/2019041500/sfg_2019041418_fhr09s_mem006 ./sigf09_ens_mem006
+ for file in '$list'
+ ln -s /scratch4/NCEPDEV/da/noscrub/Michael.Lueken/CASES/global/sigmap/2019041500/sfg_2019041418_fhr03s_mem007 ./sigf03_ens_mem007
+ ln -s /scratch4/NCEPDEV/da/noscrub/Michael.Lueken/CASES/global/sigmap/2019041500/sfg_2019041418_fhr04s_mem007 ./sigf04_ens_mem007
+ ln -s /scratch4/NCEPDEV/da/noscrub/Michael.Lueken/CASES/global/sigmap/2019041500/sfg_2019041418_fhr05s_mem007 ./sigf05_ens_mem007
+ ln -s /scratch4/NCEPDEV/da/noscrub/Michael.Lueken/CASES/global/sigmap/2019041500/sfg_2019041418_fhr06s_mem007 ./sigf06_ens_mem007
+ ln -s /scratch4/NCEPDEV/da/noscrub/Michael.Lueken/CASES/global/sigmap/2019041500/sfg_2019041418_fhr07s_mem007 ./sigf07_ens_mem007
+ ln -s /scratch4/NCEPDEV/da/noscrub/Michael.Lueken/CASES/global/sigmap/2019041500/sfg_2019041418_fhr08s_mem007 ./sigf08_ens_mem007
+ ln -s /scratch4/NCEPDEV/da/noscrub/Michael.Lueken/CASES/global/sigmap/2019041500/sfg_2019041418_fhr09s_mem007 ./sigf09_ens_mem007
+ for file in '$list'
+ ln -s /scratch4/NCEPDEV/da/noscrub/Michael.Lueken/CASES/global/sigmap/2019041500/sfg_2019041418_fhr03s_mem008 ./sigf03_ens_mem008
+ ln -s /scratch4/NCEPDEV/da/noscrub/Michael.Lueken/CASES/global/sigmap/2019041500/sfg_2019041418_fhr04s_mem008 ./sigf04_ens_mem008
+ ln -s /scratch4/NCEPDEV/da/noscrub/Michael.Lueken/CASES/global/sigmap/2019041500/sfg_2019041418_fhr05s_mem008 ./sigf05_ens_mem008
+ ln -s /scratch4/NCEPDEV/da/noscrub/Michael.Lueken/CASES/global/sigmap/2019041500/sfg_2019041418_fhr06s_mem008 ./sigf06_ens_mem008
+ ln -s /scratch4/NCEPDEV/da/noscrub/Michael.Lueken/CASES/global/sigmap/2019041500/sfg_2019041418_fhr07s_mem008 ./sigf07_ens_mem008
+ ln -s /scratch4/NCEPDEV/da/noscrub/Michael.Lueken/CASES/global/sigmap/2019041500/sfg_2019041418_fhr08s_mem008 ./sigf08_ens_mem008
+ ln -s /scratch4/NCEPDEV/da/noscrub/Michael.Lueken/CASES/global/sigmap/2019041500/sfg_2019041418_fhr09s_mem008 ./sigf09_ens_mem008
+ for file in '$list'
+ ln -s /scratch4/NCEPDEV/da/noscrub/Michael.Lueken/CASES/global/sigmap/2019041500/sfg_2019041418_fhr03s_mem009 ./sigf03_ens_mem009
+ ln -s /scratch4/NCEPDEV/da/noscrub/Michael.Lueken/CASES/global/sigmap/2019041500/sfg_2019041418_fhr04s_mem009 ./sigf04_ens_mem009
+ ln -s /scratch4/NCEPDEV/da/noscrub/Michael.Lueken/CASES/global/sigmap/2019041500/sfg_2019041418_fhr05s_mem009 ./sigf05_ens_mem009
+ ln -s /scratch4/NCEPDEV/da/noscrub/Michael.Lueken/CASES/global/sigmap/2019041500/sfg_2019041418_fhr06s_mem009 ./sigf06_ens_mem009
+ ln -s /scratch4/NCEPDEV/da/noscrub/Michael.Lueken/CASES/global/sigmap/2019041500/sfg_2019041418_fhr07s_mem009 ./sigf07_ens_mem009
+ ln -s /scratch4/NCEPDEV/da/noscrub/Michael.Lueken/CASES/global/sigmap/2019041500/sfg_2019041418_fhr08s_mem009 ./sigf08_ens_mem009
+ ln -s /scratch4/NCEPDEV/da/noscrub/Michael.Lueken/CASES/global/sigmap/2019041500/sfg_2019041418_fhr09s_mem009 ./sigf09_ens_mem009
+ for file in '$list'
+ ln -s /scratch4/NCEPDEV/da/noscrub/Michael.Lueken/CASES/global/sigmap/2019041500/sfg_2019041418_fhr03s_mem010 ./sigf03_ens_mem010
+ ln -s /scratch4/NCEPDEV/da/noscrub/Michael.Lueken/CASES/global/sigmap/2019041500/sfg_2019041418_fhr04s_mem010 ./sigf04_ens_mem010
+ ln -s /scratch4/NCEPDEV/da/noscrub/Michael.Lueken/CASES/global/sigmap/2019041500/sfg_2019041418_fhr05s_mem010 ./sigf05_ens_mem010
+ ln -s /scratch4/NCEPDEV/da/noscrub/Michael.Lueken/CASES/global/sigmap/2019041500/sfg_2019041418_fhr06s_mem010 ./sigf06_ens_mem010
+ ln -s /scratch4/NCEPDEV/da/noscrub/Michael.Lueken/CASES/global/sigmap/2019041500/sfg_2019041418_fhr07s_mem010 ./sigf07_ens_mem010
+ ln -s /scratch4/NCEPDEV/da/noscrub/Michael.Lueken/CASES/global/sigmap/2019041500/sfg_2019041418_fhr08s_mem010 ./sigf08_ens_mem010
+ ln -s /scratch4/NCEPDEV/da/noscrub/Michael.Lueken/CASES/global/sigmap/2019041500/sfg_2019041418_fhr09s_mem010 ./sigf09_ens_mem010
+ for file in '$list'
+ ln -s /scratch4/NCEPDEV/da/noscrub/Michael.Lueken/CASES/global/sigmap/2019041500/sfg_2019041418_fhr03s_mem011 ./sigf03_ens_mem011
+ ln -s /scratch4/NCEPDEV/da/noscrub/Michael.Lueken/CASES/global/sigmap/2019041500/sfg_2019041418_fhr04s_mem011 ./sigf04_ens_mem011
+ ln -s /scratch4/NCEPDEV/da/noscrub/Michael.Lueken/CASES/global/sigmap/2019041500/sfg_2019041418_fhr05s_mem011 ./sigf05_ens_mem011
+ ln -s /scratch4/NCEPDEV/da/noscrub/Michael.Lueken/CASES/global/sigmap/2019041500/sfg_2019041418_fhr06s_mem011 ./sigf06_ens_mem011
+ ln -s /scratch4/NCEPDEV/da/noscrub/Michael.Lueken/CASES/global/sigmap/2019041500/sfg_2019041418_fhr07s_mem011 ./sigf07_ens_mem011
+ ln -s /scratch4/NCEPDEV/da/noscrub/Michael.Lueken/CASES/global/sigmap/2019041500/sfg_2019041418_fhr08s_mem011 ./sigf08_ens_mem011
+ ln -s /scratch4/NCEPDEV/da/noscrub/Michael.Lueken/CASES/global/sigmap/2019041500/sfg_2019041418_fhr09s_mem011 ./sigf09_ens_mem011
+ for file in '$list'
+ ln -s /scratch4/NCEPDEV/da/noscrub/Michael.Lueken/CASES/global/sigmap/2019041500/sfg_2019041418_fhr03s_mem012 ./sigf03_ens_mem012
+ ln -s /scratch4/NCEPDEV/da/noscrub/Michael.Lueken/CASES/global/sigmap/2019041500/sfg_2019041418_fhr04s_mem012 ./sigf04_ens_mem012
+ ln -s /scratch4/NCEPDEV/da/noscrub/Michael.Lueken/CASES/global/sigmap/2019041500/sfg_2019041418_fhr05s_mem012 ./sigf05_ens_mem012
+ ln -s /scratch4/NCEPDEV/da/noscrub/Michael.Lueken/CASES/global/sigmap/2019041500/sfg_2019041418_fhr06s_mem012 ./sigf06_ens_mem012
+ ln -s /scratch4/NCEPDEV/da/noscrub/Michael.Lueken/CASES/global/sigmap/2019041500/sfg_2019041418_fhr07s_mem012 ./sigf07_ens_mem012
+ ln -s /scratch4/NCEPDEV/da/noscrub/Michael.Lueken/CASES/global/sigmap/2019041500/sfg_2019041418_fhr08s_mem012 ./sigf08_ens_mem012
+ ln -s /scratch4/NCEPDEV/da/noscrub/Michael.Lueken/CASES/global/sigmap/2019041500/sfg_2019041418_fhr09s_mem012 ./sigf09_ens_mem012
+ for file in '$list'
+ ln -s /scratch4/NCEPDEV/da/noscrub/Michael.Lueken/CASES/global/sigmap/2019041500/sfg_2019041418_fhr03s_mem013 ./sigf03_ens_mem013
+ ln -s /scratch4/NCEPDEV/da/noscrub/Michael.Lueken/CASES/global/sigmap/2019041500/sfg_2019041418_fhr04s_mem013 ./sigf04_ens_mem013
+ ln -s /scratch4/NCEPDEV/da/noscrub/Michael.Lueken/CASES/global/sigmap/2019041500/sfg_2019041418_fhr05s_mem013 ./sigf05_ens_mem013
+ ln -s /scratch4/NCEPDEV/da/noscrub/Michael.Lueken/CASES/global/sigmap/2019041500/sfg_2019041418_fhr06s_mem013 ./sigf06_ens_mem013
+ ln -s /scratch4/NCEPDEV/da/noscrub/Michael.Lueken/CASES/global/sigmap/2019041500/sfg_2019041418_fhr07s_mem013 ./sigf07_ens_mem013
+ ln -s /scratch4/NCEPDEV/da/noscrub/Michael.Lueken/CASES/global/sigmap/2019041500/sfg_2019041418_fhr08s_mem013 ./sigf08_ens_mem013
+ ln -s /scratch4/NCEPDEV/da/noscrub/Michael.Lueken/CASES/global/sigmap/2019041500/sfg_2019041418_fhr09s_mem013 ./sigf09_ens_mem013
+ for file in '$list'
+ ln -s /scratch4/NCEPDEV/da/noscrub/Michael.Lueken/CASES/global/sigmap/2019041500/sfg_2019041418_fhr03s_mem014 ./sigf03_ens_mem014
+ ln -s /scratch4/NCEPDEV/da/noscrub/Michael.Lueken/CASES/global/sigmap/2019041500/sfg_2019041418_fhr04s_mem014 ./sigf04_ens_mem014
+ ln -s /scratch4/NCEPDEV/da/noscrub/Michael.Lueken/CASES/global/sigmap/2019041500/sfg_2019041418_fhr05s_mem014 ./sigf05_ens_mem014
+ ln -s /scratch4/NCEPDEV/da/noscrub/Michael.Lueken/CASES/global/sigmap/2019041500/sfg_2019041418_fhr06s_mem014 ./sigf06_ens_mem014
+ ln -s /scratch4/NCEPDEV/da/noscrub/Michael.Lueken/CASES/global/sigmap/2019041500/sfg_2019041418_fhr07s_mem014 ./sigf07_ens_mem014
+ ln -s /scratch4/NCEPDEV/da/noscrub/Michael.Lueken/CASES/global/sigmap/2019041500/sfg_2019041418_fhr08s_mem014 ./sigf08_ens_mem014
+ ln -s /scratch4/NCEPDEV/da/noscrub/Michael.Lueken/CASES/global/sigmap/2019041500/sfg_2019041418_fhr09s_mem014 ./sigf09_ens_mem014
+ for file in '$list'
+ ln -s /scratch4/NCEPDEV/da/noscrub/Michael.Lueken/CASES/global/sigmap/2019041500/sfg_2019041418_fhr03s_mem015 ./sigf03_ens_mem015
+ ln -s /scratch4/NCEPDEV/da/noscrub/Michael.Lueken/CASES/global/sigmap/2019041500/sfg_2019041418_fhr04s_mem015 ./sigf04_ens_mem015
+ ln -s /scratch4/NCEPDEV/da/noscrub/Michael.Lueken/CASES/global/sigmap/2019041500/sfg_2019041418_fhr05s_mem015 ./sigf05_ens_mem015
+ ln -s /scratch4/NCEPDEV/da/noscrub/Michael.Lueken/CASES/global/sigmap/2019041500/sfg_2019041418_fhr06s_mem015 ./sigf06_ens_mem015
+ ln -s /scratch4/NCEPDEV/da/noscrub/Michael.Lueken/CASES/global/sigmap/2019041500/sfg_2019041418_fhr07s_mem015 ./sigf07_ens_mem015
+ ln -s /scratch4/NCEPDEV/da/noscrub/Michael.Lueken/CASES/global/sigmap/2019041500/sfg_2019041418_fhr08s_mem015 ./sigf08_ens_mem015
+ ln -s /scratch4/NCEPDEV/da/noscrub/Michael.Lueken/CASES/global/sigmap/2019041500/sfg_2019041418_fhr09s_mem015 ./sigf09_ens_mem015
+ for file in '$list'
+ ln -s /scratch4/NCEPDEV/da/noscrub/Michael.Lueken/CASES/global/sigmap/2019041500/sfg_2019041418_fhr03s_mem016 ./sigf03_ens_mem016
+ ln -s /scratch4/NCEPDEV/da/noscrub/Michael.Lueken/CASES/global/sigmap/2019041500/sfg_2019041418_fhr04s_mem016 ./sigf04_ens_mem016
+ ln -s /scratch4/NCEPDEV/da/noscrub/Michael.Lueken/CASES/global/sigmap/2019041500/sfg_2019041418_fhr05s_mem016 ./sigf05_ens_mem016
+ ln -s /scratch4/NCEPDEV/da/noscrub/Michael.Lueken/CASES/global/sigmap/2019041500/sfg_2019041418_fhr06s_mem016 ./sigf06_ens_mem016
+ ln -s /scratch4/NCEPDEV/da/noscrub/Michael.Lueken/CASES/global/sigmap/2019041500/sfg_2019041418_fhr07s_mem016 ./sigf07_ens_mem016
+ ln -s /scratch4/NCEPDEV/da/noscrub/Michael.Lueken/CASES/global/sigmap/2019041500/sfg_2019041418_fhr08s_mem016 ./sigf08_ens_mem016
+ ln -s /scratch4/NCEPDEV/da/noscrub/Michael.Lueken/CASES/global/sigmap/2019041500/sfg_2019041418_fhr09s_mem016 ./sigf09_ens_mem016
+ for file in '$list'
+ ln -s /scratch4/NCEPDEV/da/noscrub/Michael.Lueken/CASES/global/sigmap/2019041500/sfg_2019041418_fhr03s_mem017 ./sigf03_ens_mem017
+ ln -s /scratch4/NCEPDEV/da/noscrub/Michael.Lueken/CASES/global/sigmap/2019041500/sfg_2019041418_fhr04s_mem017 ./sigf04_ens_mem017
+ ln -s /scratch4/NCEPDEV/da/noscrub/Michael.Lueken/CASES/global/sigmap/2019041500/sfg_2019041418_fhr05s_mem017 ./sigf05_ens_mem017
+ ln -s /scratch4/NCEPDEV/da/noscrub/Michael.Lueken/CASES/global/sigmap/2019041500/sfg_2019041418_fhr06s_mem017 ./sigf06_ens_mem017
+ ln -s /scratch4/NCEPDEV/da/noscrub/Michael.Lueken/CASES/global/sigmap/2019041500/sfg_2019041418_fhr07s_mem017 ./sigf07_ens_mem017
+ ln -s /scratch4/NCEPDEV/da/noscrub/Michael.Lueken/CASES/global/sigmap/2019041500/sfg_2019041418_fhr08s_mem017 ./sigf08_ens_mem017
+ ln -s /scratch4/NCEPDEV/da/noscrub/Michael.Lueken/CASES/global/sigmap/2019041500/sfg_2019041418_fhr09s_mem017 ./sigf09_ens_mem017
+ for file in '$list'
+ ln -s /scratch4/NCEPDEV/da/noscrub/Michael.Lueken/CASES/global/sigmap/2019041500/sfg_2019041418_fhr03s_mem018 ./sigf03_ens_mem018
+ ln -s /scratch4/NCEPDEV/da/noscrub/Michael.Lueken/CASES/global/sigmap/2019041500/sfg_2019041418_fhr04s_mem018 ./sigf04_ens_mem018
+ ln -s /scratch4/NCEPDEV/da/noscrub/Michael.Lueken/CASES/global/sigmap/2019041500/sfg_2019041418_fhr05s_mem018 ./sigf05_ens_mem018
+ ln -s /scratch4/NCEPDEV/da/noscrub/Michael.Lueken/CASES/global/sigmap/2019041500/sfg_2019041418_fhr06s_mem018 ./sigf06_ens_mem018
+ ln -s /scratch4/NCEPDEV/da/noscrub/Michael.Lueken/CASES/global/sigmap/2019041500/sfg_2019041418_fhr07s_mem018 ./sigf07_ens_mem018
+ ln -s /scratch4/NCEPDEV/da/noscrub/Michael.Lueken/CASES/global/sigmap/2019041500/sfg_2019041418_fhr08s_mem018 ./sigf08_ens_mem018
+ ln -s /scratch4/NCEPDEV/da/noscrub/Michael.Lueken/CASES/global/sigmap/2019041500/sfg_2019041418_fhr09s_mem018 ./sigf09_ens_mem018
+ for file in '$list'
+ ln -s /scratch4/NCEPDEV/da/noscrub/Michael.Lueken/CASES/global/sigmap/2019041500/sfg_2019041418_fhr03s_mem019 ./sigf03_ens_mem019
+ ln -s /scratch4/NCEPDEV/da/noscrub/Michael.Lueken/CASES/global/sigmap/2019041500/sfg_2019041418_fhr04s_mem019 ./sigf04_ens_mem019
+ ln -s /scratch4/NCEPDEV/da/noscrub/Michael.Lueken/CASES/global/sigmap/2019041500/sfg_2019041418_fhr05s_mem019 ./sigf05_ens_mem019
+ ln -s /scratch4/NCEPDEV/da/noscrub/Michael.Lueken/CASES/global/sigmap/2019041500/sfg_2019041418_fhr06s_mem019 ./sigf06_ens_mem019
+ ln -s /scratch4/NCEPDEV/da/noscrub/Michael.Lueken/CASES/global/sigmap/2019041500/sfg_2019041418_fhr07s_mem019 ./sigf07_ens_mem019
+ ln -s /scratch4/NCEPDEV/da/noscrub/Michael.Lueken/CASES/global/sigmap/2019041500/sfg_2019041418_fhr08s_mem019 ./sigf08_ens_mem019
+ ln -s /scratch4/NCEPDEV/da/noscrub/Michael.Lueken/CASES/global/sigmap/2019041500/sfg_2019041418_fhr09s_mem019 ./sigf09_ens_mem019
+ for file in '$list'
+ ln -s /scratch4/NCEPDEV/da/noscrub/Michael.Lueken/CASES/global/sigmap/2019041500/sfg_2019041418_fhr03s_mem020 ./sigf03_ens_mem020
+ ln -s /scratch4/NCEPDEV/da/noscrub/Michael.Lueken/CASES/global/sigmap/2019041500/sfg_2019041418_fhr04s_mem020 ./sigf04_ens_mem020
+ ln -s /scratch4/NCEPDEV/da/noscrub/Michael.Lueken/CASES/global/sigmap/2019041500/sfg_2019041418_fhr05s_mem020 ./sigf05_ens_mem020
+ ln -s /scratch4/NCEPDEV/da/noscrub/Michael.Lueken/CASES/global/sigmap/2019041500/sfg_2019041418_fhr06s_mem020 ./sigf06_ens_mem020
+ ln -s /scratch4/NCEPDEV/da/noscrub/Michael.Lueken/CASES/global/sigmap/2019041500/sfg_2019041418_fhr07s_mem020 ./sigf07_ens_mem020
+ ln -s /scratch4/NCEPDEV/da/noscrub/Michael.Lueken/CASES/global/sigmap/2019041500/sfg_2019041418_fhr08s_mem020 ./sigf08_ens_mem020
+ ln -s /scratch4/NCEPDEV/da/noscrub/Michael.Lueken/CASES/global/sigmap/2019041500/sfg_2019041418_fhr09s_mem020 ./sigf09_ens_mem020
+ cd /scratch4/NCEPDEV/stmp3/Louis.Kouvaris/_scratch4_NCEPDEV_da_save_Louis.Kouvaris_fv3gfs_sorc_gsi.fd_build/tmpreg_global_4denvar_T126/global_4denvar_T126_loproc_updat
+ echo 'run gsi now'
run gsi now
+ eval 'srun /scratch4/NCEPDEV/stmp3/Louis.Kouvaris/_scratch4_NCEPDEV_da_save_Louis.Kouvaris_fv3gfs_sorc_gsi.fd_build/tmpreg_global_4denvar_T126/global_4denvar_T126_loproc_updat/gsi.x > stdout 2>&1'
++ srun /scratch4/NCEPDEV/stmp3/Louis.Kouvaris/_scratch4_NCEPDEV_da_save_Louis.Kouvaris_fv3gfs_sorc_gsi.fd_build/tmpreg_global_4denvar_T126/global_4denvar_T126_loproc_updat/gsi.x
+ rc=0
+ exit 0
_______________________________________________________________
Start Epilog v19.07.23 on node t0382 for job 2014941 :: Mon Aug 19 20:07:24 UTC 2019
Job 2014941 (not serial) finished for user Louis.Kouvaris in partition theia with exit code 0:0
_______________________________________________________________
End Epilogue v19.07.23 Mon Aug 19 20:07:24 UTC 2019
