Start prolog.task v19.07.23 on node t1085 for job 2015391 :: Mon Aug 19 20:12:59 GMT 2019
_______________________________________________________________
End prolog.task v19.07.23 Mon Aug 19 20:12:59 GMT 2019
_scratch4_NCEPDEV_da_save_Louis.Kouvaris_fv3gfs_sorc_gsi.fd_build
beginning regression_var.sh, machine is Theia
machine is set to 'Theia'
done loading modules

Currently Loaded Modules:
  1) intel/15.6.233    6) nemsio/v2.2.1  11) w3emc/v2.3.0
  2) mvapich2/2.1rc1   7) sfcio/v1.0.0   12) bacio/v2.0.2
  3) hdf5/1.8.14       8) sigio/v2.0.1   13) crtm/v2.2.3
  4) netcdf/4.3.0      9) sp/v2.0.2      14) prod_util/1.0.18
  5) bufr/v10.2.5     10) w3nco/v2.0.6   15) cmake/3.12.3-gcc-8.2.0

 

+ adate=2012102812
+ io_format=netcdf
+ [[ netcdf = \b\i\n\a\r\y ]]
+ [[ netcdf = \n\e\t\c\d\f ]]
+ NETCDF=.true.
+ FORMAT=netcdf
+ exp=hwrf_nmm_d2_loproc_contrl
+ export LEVS=60
+ LEVS=60
+ export JCAP_B=62
+ JCAP_B=62
+ export DELTIM=1200
+ DELTIM=1200
+ tmpdir=/scratch4/NCEPDEV/stmp3/Louis.Kouvaris/_scratch4_NCEPDEV_da_save_Louis.Kouvaris_fv3gfs_sorc_gsi.fd_build/tmpreg_hwrf_nmm_d2/hwrf_nmm_d2_loproc_contrl
+ savdir=/scratch4/NCEPDEV/stmp3/Louis.Kouvaris/_scratch4_NCEPDEV_da_save_Louis.Kouvaris_fv3gfs_sorc_gsi.fd_build/outreg_hwrf_nmm_d2/hwrf_nmm_d2_loproc_contrl
+ fixcrtm=/scratch4/NCEPDEV/da/save/Michael.Lueken/nwprod/lib/crtm/2.2.3/fix_update
+ CLEAN=NO
+ ncp=/bin/cp
+ lnsf='ln -sf'
+ NX2=166
+ NY2=336
+ export NLAT=335
+ NLAT=335
+ export NLON=165
+ NLON=165
++ /scratch4/NCEPDEV/da/save/Michael.Lueken/nwprod/util/exec/ndate -06 2012102812
+ gdate=2012102806
++ echo 2012102812
++ cut -c9-10
+ hha=12
++ echo 2012102806
++ cut -c9-10
+ hhg=06
+ prefixa=gfs.t12z
+ prefixo=gdas1.t12z
+ suffix=tm00.bufr_d
+ rm -rf /scratch4/NCEPDEV/stmp3/Louis.Kouvaris/_scratch4_NCEPDEV_da_save_Louis.Kouvaris_fv3gfs_sorc_gsi.fd_build/tmpreg_hwrf_nmm_d2/hwrf_nmm_d2_loproc_contrl
+ mkdir -p /scratch4/NCEPDEV/stmp3/Louis.Kouvaris/_scratch4_NCEPDEV_da_save_Louis.Kouvaris_fv3gfs_sorc_gsi.fd_build/tmpreg_hwrf_nmm_d2/hwrf_nmm_d2_loproc_contrl
+ cd /scratch4/NCEPDEV/stmp3/Louis.Kouvaris/_scratch4_NCEPDEV_da_save_Louis.Kouvaris_fv3gfs_sorc_gsi.fd_build/tmpreg_hwrf_nmm_d2/hwrf_nmm_d2_loproc_contrl
+ rm -rf 'core*'
+ . /scratch4/NCEPDEV/da/save/Louis.Kouvaris/fv3gfs/sorc/gsi.fd/regression/regression_nl_update.sh
+++ expr substr hwrf_nmm_d2_loproc_contrl 1 6
++ [[ hwrf_n = \g\l\o\b\a\l ]]
+++ expr substr hwrf_nmm_d2_loproc_contrl 1 4
++ [[ hwrf = \r\t\m\a ]]
++ export OBSQC_update=
++ OBSQC_update=
++ export GRIDOPTS_update=
++ GRIDOPTS_update=
++ export BKGVERR_update=
++ BKGVERR_update=
++ export ANBKGERR_update=
++ ANBKGERR_update=
++ export JCOPTS_update=
++ JCOPTS_update=
+++ expr substr hwrf_nmm_d2_loproc_contrl 1 6
++ [[ hwrf_n = \g\l\o\b\a\l ]]
++ export OBSINPUT_update=
++ OBSINPUT_update=
++ export SUPERRAD_update=
++ SUPERRAD_update=
++ export SINGLEOB_update=
++ SINGLEOB_update=
+ GRIDOPTS=
+ BKGVERR=
+ ANBKGERR=
+ JCOPTS=
+ STRONGOPTS=
+ OBSQC=
+ OBSINPUT=
+ SUPERRAD=
+ SINGLEOB=
+ export 'SETUP=newpc4pred=.true., adp_anglebc=.true., angord=4,               passive_bc=.false., use_edges=.false., emiss_bc=.true.,               diag_precon=.true., step_start=1.e-3, upd_pred(1)=0,               upd_pred(2)=0,upd_pred(3)=0,upd_pred(4)=0,               upd_pred(5)=0,upd_pred(6)=0,upd_pred(7)=0,               upd_pred(8)=0,upd_pred(9)=0,upd_pred(10)=0,               upd_pred(11)=0,upd_pred(12)=0,'
+ SETUP='newpc4pred=.true., adp_anglebc=.true., angord=4,               passive_bc=.false., use_edges=.false., emiss_bc=.true.,               diag_precon=.true., step_start=1.e-3, upd_pred(1)=0,               upd_pred(2)=0,upd_pred(3)=0,upd_pred(4)=0,               upd_pred(5)=0,upd_pred(6)=0,upd_pred(7)=0,               upd_pred(8)=0,upd_pred(9)=0,upd_pred(10)=0,               upd_pred(11)=0,upd_pred(12)=0,'
+ export USE_GFS_STRATOSPHERE=.true.
+ USE_GFS_STRATOSPHERE=.true.
+ export USE_GFS_OZONE=.true.
+ USE_GFS_OZONE=.true.
+ export REGIONAL_OZONE=.false.
+ REGIONAL_OZONE=.false.
+ '[' .false. = .false. ']'
+ . /scratch4/NCEPDEV/da/save/Louis.Kouvaris/fv3gfs/sorc/gsi.fd/regression/regression_namelists.sh hwrf_nmm_d2
++ regtest=hwrf_nmm_d2
++ case $regtest in
++ export 'gsi_namelist=

 &SETUP
   miter=2,niter(1)=50,niter(2)=50,niter_no_qc(1)=20,niter_no_qc(2)=0,
   write_diag(1)=.true.,write_diag(2)=.false.,write_diag(3)=.true.,
   gencode=78,qoption=2,
   factqmin=0.0,factqmax=0.0,deltim=1200,
   iguess=-1,
   oneobtest=.false.,retrieval=.false.,
   nhr_assimilation=6,l_foto=.false.,
   use_pbl=.true.,use_compress=.false.,
   print_diag_pcg=.true.,
   use_gfs_stratosphere=.true.,
   use_gfs_ozone=.true.,
   regional_ozone=.false.,
   nsig_ext=12,gpstop=50.,
   newpc4pred=.true., adp_anglebc=.true., angord=4,               passive_bc=.false., use_edges=.false., emiss_bc=.true.,               diag_precon=.true., step_start=1.e-3, upd_pred(1)=0,               upd_pred(2)=0,upd_pred(3)=0,upd_pred(4)=0,               upd_pred(5)=0,upd_pred(6)=0,upd_pred(7)=0,               upd_pred(8)=0,upd_pred(9)=0,upd_pred(10)=0,               upd_pred(11)=0,upd_pred(12)=0,
 /
 &GRIDOPTS
   JCAP=62,JCAP_B=62,NLAT=335,NLON=165,nsig=60,
   wrf_nmm_regional=.true.,wrf_mass_regional=.false.,
   diagnostic_reg=.false.,
   filled_grid=.false.,half_grid=.true.,netcdf=.true.,
 /
 &BKGERR
   hzscl=0.25,0.5,1.0,
   vs=0.6,bw=0.,fstat=.false.,
 /
 &ANBKGERR
   anisotropic=.false.,an_vs=1.0,ngauss=1,
   an_flen_u=-5.,an_flen_t=3.,an_flen_z=-200.,
   ifilt_ord=2,npass=3,normal=-200,grid_ratio=4.,nord_f2a=4,
 /
 &JCOPTS
 /
 &STRONGOPTS
   tlnmc_option=0,reg_tlnmc_type=1,nstrong=1,nvmodes_keep=8,period_max=6.,
   period_width=1.5,baldiag_full=.false.,baldiag_inc=.false.,
 /
 &OBSQC
   dfact=0.75,dfact1=3.0,erradar_inflate=1.0,tdrerr_inflate=.true.,
   noiqc=.true.,c_varqc=0.02,vadfile='\''prepbufr'\'',oberrflg=.false.,njqc=.false.,vqc=.true.,
 /
 &OBS_INPUT
   dmesh(1)=90.0,dmesh(2)=45.0,dmesh(3)=45.0,dmesh(4)=45.0,dmesh(5)=90,time_window_max=3.0,l_foreaft_thin=.false.,
 /
OBS_INPUT::
!  dfile          dtype       dplat     dsis                dval    dthin  dsfcalc
   prepbufr       ps          null      ps                  0.0      0     0
   prepbufr       t           null      t                   0.0      0     0
   prepbufr       q           null      q                   0.0      0     0
   prepbufr       pw          null      pw                  0.0      0     0
   prepbufr       uv          null      uv                  0.0      0     0
   satwndbufr     uv          null      uv                  0.0      0     0
   prepbufr       spd         null      spd                 0.0      0     0
   prepbufr       dw          null      dw                  0.0      0     0
   radarbufr      rw          null      l3rw                0.0      0     0
   l2rwbufr       rw          null      l2rw                0.0      0     0
   prepbufr       sst         null      sst                 0.0      0     0
   tcvitl         tcp         null      tcp                 0.0      0     0
   tldplrbufr     rw          null      rw                  0.0      0     0
   hdobbufr       uv          null      uv                  0.0      0     0
   hdobbufr       t           null      t                   0.0      0     0
   hdobbufr       q           null      q                   0.0      0     0
   hdobbufr       spd         null      spd                 0.0      0     0
   gpsrobufr      gps_bnd     null      gps                 0.0      0     0
   ssmirrbufr     pcp_ssmi    dmsp      pcp_ssmi            0.0     -1     0
   tmirrbufr      pcp_tmi     trmm      pcp_tmi             0.0     -1     0
   sbuvbufr       sbuv2       n16       sbuv8_n16           0.0      0     0
   sbuvbufr       sbuv2       n17       sbuv8_n17           0.0      0     0
   sbuvbufr       sbuv2       n18       sbuv8_n18           0.0      0     0
   hirs3bufr      hirs3       n17       hirs3_n17           0.0      1     0
   hirs4bufr      hirs4       metop-a   hirs4_metop-a       0.0      1     1
   gimgrbufr      goes_img    g11       imgr_g11            0.0      1     0
   gimgrbufr      goes_img    g12       imgr_g12            0.0      1     0
   airsbufr       airs        aqua      airs_aqua           0.0      1     1
   amsuabufr      amsua       n15       amsua_n15           0.0      2     1
   amsuabufr      amsua       n18       amsua_n18           0.0      2     1
   amsuabufr      amsua       metop-a   amsua_metop-a       0.0      2     1
   airsbufr       amsua       aqua      amsua_aqua          0.0      2     1
   amsubbufr      amsub       n17       amsub_n17           0.0      3     1
   mhsbufr        mhs         n18       mhs_n18             0.0      3     1
   mhsbufr        mhs         metop-a   mhs_metop-a         0.0      3     1
   ssmitbufr      ssmi        f15       ssmi_f15            0.0      1     0
   amsrebufr      amsre_low   aqua      amsre_aqua          0.0      4     0
   amsrebufr      amsre_mid   aqua      amsre_aqua          0.0      4     0
   amsrebufr      amsre_hig   aqua      amsre_aqua          0.0      4     0
   ssmisbufr      ssmis       f16       ssmis_f16           0.0      4     0
   ssmisbufr      ssmis       f17       ssmis_f17           0.0      4     0
   ssmisbufr      ssmis       f18       ssmis_f18           0.0      4     0
   ssmisbufr      ssmis       f19       ssmis_f19           0.0      4     0
   gsnd1bufr      sndrd1      g12       sndrD1_g12          0.0      5     0
   gsnd1bufr      sndrd2      g12       sndrD2_g12          0.0      5     0
   gsnd1bufr      sndrd3      g12       sndrD3_g12          0.0      5     0
   gsnd1bufr      sndrd4      g12       sndrD4_g12          0.0      5     0
   gsnd1bufr      sndrd1      g11       sndrD1_g11          0.0      5     0
   gsnd1bufr      sndrd2      g11       sndrD2_g11          0.0      5     0
   gsnd1bufr      sndrd3      g11       sndrD3_g11          0.0      5     0
   gsnd1bufr      sndrd4      g11       sndrD4_g11          0.0      5     0
   gsnd1bufr      sndrd1      g13       sndrD1_g13          0.0      5     0
   gsnd1bufr      sndrd2      g13       sndrD2_g13          0.0      5     0
   gsnd1bufr      sndrd3      g13       sndrD3_g13          0.0      5     0
   gsnd1bufr      sndrd4      g13       sndrD4_g13          0.0      5     0
   iasibufr       iasi        metop-a   iasi_metop-a        0.0      1     1
   gomebufr       gome        metop-a   gome_metop-a        0.0      2     0
   omibufr        omi         aura      omi_aura            0.0      2     0
   sbuvbufr       sbuv2       n19       sbuv8_n19           0.0      0     0
   hirs4bufr      hirs4       n19       hirs4_n19           0.0      1     1
   amsuabufr      amsua       n19       amsua_n19           0.0      2     1
   mhsbufr        mhs         n19       mhs_n19             0.0      3     1
   seviribufr     seviri      m08       seviri_m08          0.0      1     0
   seviribufr     seviri      m09       seviri_m09          0.0      1     0
   seviribufr     seviri      m10       seviri_m10          0.0      1     0
   seviribufr     seviri      m11       seviri_m11          0.0      1     0
   hirs4bufr      hirs4       metop-b   hirs4_metop-b       0.0      1     0
   amsuabufr      amsua       metop-b   amsua_metop-b       0.0      2     0
   mhsbufr        mhs         metop-b   mhs_metop-b         0.0      3     0
   iasibufr       iasi        metop-b   iasi_metop-b        0.0      1     0
   gomebufr       gome        metop-b   gome_metop-b        0.0      2     0
   atmsbufr       atms        npp       atms_npp            0.0      2     0
   atmsbufr       atms        n20       atms_n20            0.0      2     0
   crisbufr       cris        npp       cris_npp            0.0      1     0
   crisfsbufr     cris-fsr    npp       cris-fsr_npp        0.0      1     0
   crisfsbufr     cris-fsr    n20       cris-fsr_n20        0.0      1     0
   gsnd1bufr      sndrd1      g14       sndrD1_g14          0.0      5     0
   gsnd1bufr      sndrd2      g14       sndrD2_g14          0.0      5     0
   gsnd1bufr      sndrd3      g14       sndrD3_g14          0.0      5     0
   gsnd1bufr      sndrd4      g14       sndrD4_g14          0.0      5     0
   gsnd1bufr      sndrd1      g15       sndrD1_g15          0.0      5     0
   gsnd1bufr      sndrd2      g15       sndrD2_g15          0.0      5     0
   gsnd1bufr      sndrd3      g15       sndrD3_g15          0.0      5     0
   gsnd1bufr      sndrd4      g15       sndrD4_g15          0.0      5     0
   ompsnpbufr     ompsnp      npp       ompsnp_npp           0.0     0     0
   ompstcbufr     ompstc8     npp       ompstc8_npp          0.0     2     0
::
 &SUPEROB_RADAR
   del_azimuth=5.,del_elev=.25,del_range=5000.,del_time=.5,elev_angle_max=5.,minnum=50,range_max=100000.,
   l2superob_only=.false.,
 /
 &LAG_DATA
 /
 &HYBRID_ENSEMBLE
   l_hyb_ens=.true.,n_ens=80,uv_hyb_ens=.true.,beta_s0=0.2,
   readin_beta=.true.,
   s_ens_h=300,s_ens_v=-0.5,readin_localization=.false.,
   generate_ens=.false.,regional_ensemble_option=1,grid_ratio_ens=1,
   pseudo_hybens=.false.,merge_two_grid_ensperts=.false.,
   pwgtflg=.false.,aniso_a_en=.false.,
   nlon_ens=165,nlat_ens=335,jcap_ens=0,jcap_ens_test=0,
 /
 &RAPIDREFRESH_CLDSURF
   dfi_radar_latent_heat_time_period=30.0,
 /
 &CHEM
 /
 &SINGLEOB_TEST
   maginnov=1.0,magoberr=0.8,oneob_type='\''t'\'',
   oblat=38.,oblon=279.,obpres=500.,obdattim=2012102812,
   obhourset=0.,
 /
 &NST
 /
'
++ gsi_namelist='

 &SETUP
   miter=2,niter(1)=50,niter(2)=50,niter_no_qc(1)=20,niter_no_qc(2)=0,
   write_diag(1)=.true.,write_diag(2)=.false.,write_diag(3)=.true.,
   gencode=78,qoption=2,
   factqmin=0.0,factqmax=0.0,deltim=1200,
   iguess=-1,
   oneobtest=.false.,retrieval=.false.,
   nhr_assimilation=6,l_foto=.false.,
   use_pbl=.true.,use_compress=.false.,
   print_diag_pcg=.true.,
   use_gfs_stratosphere=.true.,
   use_gfs_ozone=.true.,
   regional_ozone=.false.,
   nsig_ext=12,gpstop=50.,
   newpc4pred=.true., adp_anglebc=.true., angord=4,               passive_bc=.false., use_edges=.false., emiss_bc=.true.,               diag_precon=.true., step_start=1.e-3, upd_pred(1)=0,               upd_pred(2)=0,upd_pred(3)=0,upd_pred(4)=0,               upd_pred(5)=0,upd_pred(6)=0,upd_pred(7)=0,               upd_pred(8)=0,upd_pred(9)=0,upd_pred(10)=0,               upd_pred(11)=0,upd_pred(12)=0,
 /
 &GRIDOPTS
   JCAP=62,JCAP_B=62,NLAT=335,NLON=165,nsig=60,
   wrf_nmm_regional=.true.,wrf_mass_regional=.false.,
   diagnostic_reg=.false.,
   filled_grid=.false.,half_grid=.true.,netcdf=.true.,
 /
 &BKGERR
   hzscl=0.25,0.5,1.0,
   vs=0.6,bw=0.,fstat=.false.,
 /
 &ANBKGERR
   anisotropic=.false.,an_vs=1.0,ngauss=1,
   an_flen_u=-5.,an_flen_t=3.,an_flen_z=-200.,
   ifilt_ord=2,npass=3,normal=-200,grid_ratio=4.,nord_f2a=4,
 /
 &JCOPTS
 /
 &STRONGOPTS
   tlnmc_option=0,reg_tlnmc_type=1,nstrong=1,nvmodes_keep=8,period_max=6.,
   period_width=1.5,baldiag_full=.false.,baldiag_inc=.false.,
 /
 &OBSQC
   dfact=0.75,dfact1=3.0,erradar_inflate=1.0,tdrerr_inflate=.true.,
   noiqc=.true.,c_varqc=0.02,vadfile='\''prepbufr'\'',oberrflg=.false.,njqc=.false.,vqc=.true.,
 /
 &OBS_INPUT
   dmesh(1)=90.0,dmesh(2)=45.0,dmesh(3)=45.0,dmesh(4)=45.0,dmesh(5)=90,time_window_max=3.0,l_foreaft_thin=.false.,
 /
OBS_INPUT::
!  dfile          dtype       dplat     dsis                dval    dthin  dsfcalc
   prepbufr       ps          null      ps                  0.0      0     0
   prepbufr       t           null      t                   0.0      0     0
   prepbufr       q           null      q                   0.0      0     0
   prepbufr       pw          null      pw                  0.0      0     0
   prepbufr       uv          null      uv                  0.0      0     0
   satwndbufr     uv          null      uv                  0.0      0     0
   prepbufr       spd         null      spd                 0.0      0     0
   prepbufr       dw          null      dw                  0.0      0     0
   radarbufr      rw          null      l3rw                0.0      0     0
   l2rwbufr       rw          null      l2rw                0.0      0     0
   prepbufr       sst         null      sst                 0.0      0     0
   tcvitl         tcp         null      tcp                 0.0      0     0
   tldplrbufr     rw          null      rw                  0.0      0     0
   hdobbufr       uv          null      uv                  0.0      0     0
   hdobbufr       t           null      t                   0.0      0     0
   hdobbufr       q           null      q                   0.0      0     0
   hdobbufr       spd         null      spd                 0.0      0     0
   gpsrobufr      gps_bnd     null      gps                 0.0      0     0
   ssmirrbufr     pcp_ssmi    dmsp      pcp_ssmi            0.0     -1     0
   tmirrbufr      pcp_tmi     trmm      pcp_tmi             0.0     -1     0
   sbuvbufr       sbuv2       n16       sbuv8_n16           0.0      0     0
   sbuvbufr       sbuv2       n17       sbuv8_n17           0.0      0     0
   sbuvbufr       sbuv2       n18       sbuv8_n18           0.0      0     0
   hirs3bufr      hirs3       n17       hirs3_n17           0.0      1     0
   hirs4bufr      hirs4       metop-a   hirs4_metop-a       0.0      1     1
   gimgrbufr      goes_img    g11       imgr_g11            0.0      1     0
   gimgrbufr      goes_img    g12       imgr_g12            0.0      1     0
   airsbufr       airs        aqua      airs_aqua           0.0      1     1
   amsuabufr      amsua       n15       amsua_n15           0.0      2     1
   amsuabufr      amsua       n18       amsua_n18           0.0      2     1
   amsuabufr      amsua       metop-a   amsua_metop-a       0.0      2     1
   airsbufr       amsua       aqua      amsua_aqua          0.0      2     1
   amsubbufr      amsub       n17       amsub_n17           0.0      3     1
   mhsbufr        mhs         n18       mhs_n18             0.0      3     1
   mhsbufr        mhs         metop-a   mhs_metop-a         0.0      3     1
   ssmitbufr      ssmi        f15       ssmi_f15            0.0      1     0
   amsrebufr      amsre_low   aqua      amsre_aqua          0.0      4     0
   amsrebufr      amsre_mid   aqua      amsre_aqua          0.0      4     0
   amsrebufr      amsre_hig   aqua      amsre_aqua          0.0      4     0
   ssmisbufr      ssmis       f16       ssmis_f16           0.0      4     0
   ssmisbufr      ssmis       f17       ssmis_f17           0.0      4     0
   ssmisbufr      ssmis       f18       ssmis_f18           0.0      4     0
   ssmisbufr      ssmis       f19       ssmis_f19           0.0      4     0
   gsnd1bufr      sndrd1      g12       sndrD1_g12          0.0      5     0
   gsnd1bufr      sndrd2      g12       sndrD2_g12          0.0      5     0
   gsnd1bufr      sndrd3      g12       sndrD3_g12          0.0      5     0
   gsnd1bufr      sndrd4      g12       sndrD4_g12          0.0      5     0
   gsnd1bufr      sndrd1      g11       sndrD1_g11          0.0      5     0
   gsnd1bufr      sndrd2      g11       sndrD2_g11          0.0      5     0
   gsnd1bufr      sndrd3      g11       sndrD3_g11          0.0      5     0
   gsnd1bufr      sndrd4      g11       sndrD4_g11          0.0      5     0
   gsnd1bufr      sndrd1      g13       sndrD1_g13          0.0      5     0
   gsnd1bufr      sndrd2      g13       sndrD2_g13          0.0      5     0
   gsnd1bufr      sndrd3      g13       sndrD3_g13          0.0      5     0
   gsnd1bufr      sndrd4      g13       sndrD4_g13          0.0      5     0
   iasibufr       iasi        metop-a   iasi_metop-a        0.0      1     1
   gomebufr       gome        metop-a   gome_metop-a        0.0      2     0
   omibufr        omi         aura      omi_aura            0.0      2     0
   sbuvbufr       sbuv2       n19       sbuv8_n19           0.0      0     0
   hirs4bufr      hirs4       n19       hirs4_n19           0.0      1     1
   amsuabufr      amsua       n19       amsua_n19           0.0      2     1
   mhsbufr        mhs         n19       mhs_n19             0.0      3     1
   seviribufr     seviri      m08       seviri_m08          0.0      1     0
   seviribufr     seviri      m09       seviri_m09          0.0      1     0
   seviribufr     seviri      m10       seviri_m10          0.0      1     0
   seviribufr     seviri      m11       seviri_m11          0.0      1     0
   hirs4bufr      hirs4       metop-b   hirs4_metop-b       0.0      1     0
   amsuabufr      amsua       metop-b   amsua_metop-b       0.0      2     0
   mhsbufr        mhs         metop-b   mhs_metop-b         0.0      3     0
   iasibufr       iasi        metop-b   iasi_metop-b        0.0      1     0
   gomebufr       gome        metop-b   gome_metop-b        0.0      2     0
   atmsbufr       atms        npp       atms_npp            0.0      2     0
   atmsbufr       atms        n20       atms_n20            0.0      2     0
   crisbufr       cris        npp       cris_npp            0.0      1     0
   crisfsbufr     cris-fsr    npp       cris-fsr_npp        0.0      1     0
   crisfsbufr     cris-fsr    n20       cris-fsr_n20        0.0      1     0
   gsnd1bufr      sndrd1      g14       sndrD1_g14          0.0      5     0
   gsnd1bufr      sndrd2      g14       sndrD2_g14          0.0      5     0
   gsnd1bufr      sndrd3      g14       sndrD3_g14          0.0      5     0
   gsnd1bufr      sndrd4      g14       sndrD4_g14          0.0      5     0
   gsnd1bufr      sndrd1      g15       sndrD1_g15          0.0      5     0
   gsnd1bufr      sndrd2      g15       sndrD2_g15          0.0      5     0
   gsnd1bufr      sndrd3      g15       sndrD3_g15          0.0      5     0
   gsnd1bufr      sndrd4      g15       sndrD4_g15          0.0      5     0
   ompsnpbufr     ompsnp      npp       ompsnp_npp           0.0     0     0
   ompstcbufr     ompstc8     npp       ompstc8_npp          0.0     2     0
::
 &SUPEROB_RADAR
   del_azimuth=5.,del_elev=.25,del_range=5000.,del_time=.5,elev_angle_max=5.,minnum=50,range_max=100000.,
   l2superob_only=.false.,
 /
 &LAG_DATA
 /
 &HYBRID_ENSEMBLE
   l_hyb_ens=.true.,n_ens=80,uv_hyb_ens=.true.,beta_s0=0.2,
   readin_beta=.true.,
   s_ens_h=300,s_ens_v=-0.5,readin_localization=.false.,
   generate_ens=.false.,regional_ensemble_option=1,grid_ratio_ens=1,
   pseudo_hybens=.false.,merge_two_grid_ensperts=.false.,
   pwgtflg=.false.,aniso_a_en=.false.,
   nlon_ens=165,nlat_ens=335,jcap_ens=0,jcap_ens_test=0,
 /
 &RAPIDREFRESH_CLDSURF
   dfi_radar_latent_heat_time_period=30.0,
 /
 &CHEM
 /
 &SINGLEOB_TEST
   maginnov=1.0,magoberr=0.8,oneob_type='\''t'\'',
   oblat=38.,oblon=279.,obpres=500.,obdattim=2012102812,
   obhourset=0.,
 /
 &NST
 /
'
+ cat
+ anavinfo=/scratch4/NCEPDEV/da/save/Louis.Kouvaris/fv3gfs/sorc/gsi.fd/fix/anavinfo_hwrf_L75
+ berror=/scratch4/NCEPDEV/da/save/Louis.Kouvaris/fv3gfs/sorc/gsi.fd/fix/Big_Endian/nam_glb_berror.f77.gcv
+ emiscoef_IRwater=/scratch4/NCEPDEV/da/save/Michael.Lueken/nwprod/lib/crtm/2.2.3/fix_update/Nalli.IRwater.EmisCoeff.bin
+ emiscoef_IRice=/scratch4/NCEPDEV/da/save/Michael.Lueken/nwprod/lib/crtm/2.2.3/fix_update/NPOESS.IRice.EmisCoeff.bin
+ emiscoef_IRland=/scratch4/NCEPDEV/da/save/Michael.Lueken/nwprod/lib/crtm/2.2.3/fix_update/NPOESS.IRland.EmisCoeff.bin
+ emiscoef_IRsnow=/scratch4/NCEPDEV/da/save/Michael.Lueken/nwprod/lib/crtm/2.2.3/fix_update/NPOESS.IRsnow.EmisCoeff.bin
+ emiscoef_VISice=/scratch4/NCEPDEV/da/save/Michael.Lueken/nwprod/lib/crtm/2.2.3/fix_update/NPOESS.VISice.EmisCoeff.bin
+ emiscoef_VISland=/scratch4/NCEPDEV/da/save/Michael.Lueken/nwprod/lib/crtm/2.2.3/fix_update/NPOESS.VISland.EmisCoeff.bin
+ emiscoef_VISsnow=/scratch4/NCEPDEV/da/save/Michael.Lueken/nwprod/lib/crtm/2.2.3/fix_update/NPOESS.VISsnow.EmisCoeff.bin
+ emiscoef_VISwater=/scratch4/NCEPDEV/da/save/Michael.Lueken/nwprod/lib/crtm/2.2.3/fix_update/NPOESS.VISwater.EmisCoeff.bin
+ emiscoef_MWwater=/scratch4/NCEPDEV/da/save/Michael.Lueken/nwprod/lib/crtm/2.2.3/fix_update/FASTEM6.MWwater.EmisCoeff.bin
+ aercoef=/scratch4/NCEPDEV/da/save/Michael.Lueken/nwprod/lib/crtm/2.2.3/fix_update/AerosolCoeff.bin
+ cldcoef=/scratch4/NCEPDEV/da/save/Michael.Lueken/nwprod/lib/crtm/2.2.3/fix_update/CloudCoeff.bin
+ satinfo=/scratch4/NCEPDEV/da/save/Louis.Kouvaris/fv3gfs/sorc/gsi.fd/fix/hwrf_satinfo.txt
+ cloudyinfo=/scratch4/NCEPDEV/da/save/Louis.Kouvaris/fv3gfs/sorc/gsi.fd/fix/cloudy_radiance_info.txt
+ atmsbeaminfo=/scratch4/NCEPDEV/da/save/Louis.Kouvaris/fv3gfs/sorc/gsi.fd/fix/atms_beamwidth.txt
+ scaninfo=/scratch4/NCEPDEV/da/save/Louis.Kouvaris/fv3gfs/sorc/gsi.fd/fix/global_scaninfo.txt
+ pcpinfo=/scratch4/NCEPDEV/da/save/Louis.Kouvaris/fv3gfs/sorc/gsi.fd/fix/nam_global_pcpinfo.txt
+ ozinfo=/scratch4/NCEPDEV/da/save/Louis.Kouvaris/fv3gfs/sorc/gsi.fd/fix/global_ozinfo.txt
+ errtable=/scratch4/NCEPDEV/da/save/Louis.Kouvaris/fv3gfs/sorc/gsi.fd/fix/hwrf_nam_errtable.r3dv
+ convinfo=/scratch4/NCEPDEV/da/save/Louis.Kouvaris/fv3gfs/sorc/gsi.fd/fix/hwrf_convinfo.txt
+ errtable_pw=/scratch4/NCEPDEV/da/save/Louis.Kouvaris/fv3gfs/sorc/gsi.fd/fix/prepobs_errtable_pw.global
+ errtable_ps=/scratch4/NCEPDEV/da/save/Louis.Kouvaris/fv3gfs/sorc/gsi.fd/fix/prepobs_errtable_ps.global_nqcf
+ errtable_t=/scratch4/NCEPDEV/da/save/Louis.Kouvaris/fv3gfs/sorc/gsi.fd/fix/prepobs_errtable_t.global_nqcf
+ errtable_q=/scratch4/NCEPDEV/da/save/Louis.Kouvaris/fv3gfs/sorc/gsi.fd/fix/prepobs_errtable_q.global_nqcf
+ errtable_uv=/scratch4/NCEPDEV/da/save/Louis.Kouvaris/fv3gfs/sorc/gsi.fd/fix/prepobs_errtable_uv.global_nqcf
+ btable_ps=/scratch4/NCEPDEV/da/save/Louis.Kouvaris/fv3gfs/sorc/gsi.fd/fix/nqc_b_ps.global_nqcf
+ btable_t=/scratch4/NCEPDEV/da/save/Louis.Kouvaris/fv3gfs/sorc/gsi.fd/fix/nqc_b_t.global_nqcf
+ btable_q=/scratch4/NCEPDEV/da/save/Louis.Kouvaris/fv3gfs/sorc/gsi.fd/fix/nqc_b_q.global_nqcf
+ btable_uv=/scratch4/NCEPDEV/da/save/Louis.Kouvaris/fv3gfs/sorc/gsi.fd/fix/nqc_b_uv.global_nqcf
+ hybens_info=/scratch4/NCEPDEV/da/save/Louis.Kouvaris/fv3gfs/sorc/gsi.fd/fix/hwrf_hybens_d2_info
+ bufrtable=/scratch4/NCEPDEV/da/save/Louis.Kouvaris/fv3gfs/sorc/gsi.fd/fix/prepobs_prep.bufrtable
+ bftab_sst=/scratch4/NCEPDEV/da/save/Louis.Kouvaris/fv3gfs/sorc/gsi.fd/fix/bufrtab.012
+ [[ hwrf_nmm_d2_loproc_contrl == *\u\p\d\a\t* ]]
+ [[ hwrf_nmm_d2_loproc_contrl == *\c\o\n\t\r\l* ]]
+ /bin/cp /scratch4/NCEPDEV/da/save/Michael.Lueken/svn1_old/build/bin/gsi.x ./gsi.x
+ /bin/cp /scratch4/NCEPDEV/da/save/Louis.Kouvaris/fv3gfs/sorc/gsi.fd/fix/anavinfo_hwrf_L75 ./anavinfo
+ /bin/cp /scratch4/NCEPDEV/da/save/Louis.Kouvaris/fv3gfs/sorc/gsi.fd/fix/Big_Endian/nam_glb_berror.f77.gcv ./berror_stats
+ /bin/cp /scratch4/NCEPDEV/da/save/Michael.Lueken/nwprod/lib/crtm/2.2.3/fix_update/Nalli.IRwater.EmisCoeff.bin ./Nalli.IRwater.EmisCoeff.bin
+ /bin/cp /scratch4/NCEPDEV/da/save/Michael.Lueken/nwprod/lib/crtm/2.2.3/fix_update/NPOESS.IRice.EmisCoeff.bin ./NPOESS.IRice.EmisCoeff.bin
+ /bin/cp /scratch4/NCEPDEV/da/save/Michael.Lueken/nwprod/lib/crtm/2.2.3/fix_update/NPOESS.IRsnow.EmisCoeff.bin ./NPOESS.IRsnow.EmisCoeff.bin
+ /bin/cp /scratch4/NCEPDEV/da/save/Michael.Lueken/nwprod/lib/crtm/2.2.3/fix_update/NPOESS.IRland.EmisCoeff.bin ./NPOESS.IRland.EmisCoeff.bin
+ /bin/cp /scratch4/NCEPDEV/da/save/Michael.Lueken/nwprod/lib/crtm/2.2.3/fix_update/NPOESS.VISice.EmisCoeff.bin ./NPOESS.VISice.EmisCoeff.bin
+ /bin/cp /scratch4/NCEPDEV/da/save/Michael.Lueken/nwprod/lib/crtm/2.2.3/fix_update/NPOESS.VISland.EmisCoeff.bin ./NPOESS.VISland.EmisCoeff.bin
+ /bin/cp /scratch4/NCEPDEV/da/save/Michael.Lueken/nwprod/lib/crtm/2.2.3/fix_update/NPOESS.VISsnow.EmisCoeff.bin ./NPOESS.VISsnow.EmisCoeff.bin
+ /bin/cp /scratch4/NCEPDEV/da/save/Michael.Lueken/nwprod/lib/crtm/2.2.3/fix_update/NPOESS.VISwater.EmisCoeff.bin ./NPOESS.VISwater.EmisCoeff.bin
+ /bin/cp /scratch4/NCEPDEV/da/save/Michael.Lueken/nwprod/lib/crtm/2.2.3/fix_update/FASTEM6.MWwater.EmisCoeff.bin ./FASTEM6.MWwater.EmisCoeff.bin
+ /bin/cp /scratch4/NCEPDEV/da/save/Michael.Lueken/nwprod/lib/crtm/2.2.3/fix_update/AerosolCoeff.bin ./AerosolCoeff.bin
+ /bin/cp /scratch4/NCEPDEV/da/save/Michael.Lueken/nwprod/lib/crtm/2.2.3/fix_update/CloudCoeff.bin ./CloudCoeff.bin
+ /bin/cp /scratch4/NCEPDEV/da/save/Louis.Kouvaris/fv3gfs/sorc/gsi.fd/fix/hwrf_satinfo.txt ./satinfo
+ /bin/cp /scratch4/NCEPDEV/da/save/Louis.Kouvaris/fv3gfs/sorc/gsi.fd/fix/cloudy_radiance_info.txt ./cloudy_radiance_info.txt
+ /bin/cp /scratch4/NCEPDEV/da/save/Louis.Kouvaris/fv3gfs/sorc/gsi.fd/fix/global_scaninfo.txt ./scaninfo
+ /bin/cp /scratch4/NCEPDEV/da/save/Louis.Kouvaris/fv3gfs/sorc/gsi.fd/fix/nam_global_pcpinfo.txt ./pcpinfo
+ /bin/cp /scratch4/NCEPDEV/da/save/Louis.Kouvaris/fv3gfs/sorc/gsi.fd/fix/global_ozinfo.txt ./ozinfo
+ /bin/cp /scratch4/NCEPDEV/da/save/Louis.Kouvaris/fv3gfs/sorc/gsi.fd/fix/hwrf_convinfo.txt ./convinfo
+ /bin/cp /scratch4/NCEPDEV/da/save/Louis.Kouvaris/fv3gfs/sorc/gsi.fd/fix/hwrf_nam_errtable.r3dv ./errtable
+ /bin/cp /scratch4/NCEPDEV/da/save/Louis.Kouvaris/fv3gfs/sorc/gsi.fd/fix/atms_beamwidth.txt ./atms_beamwidth.txt
+ /bin/cp /scratch4/NCEPDEV/da/save/Louis.Kouvaris/fv3gfs/sorc/gsi.fd/fix/prepobs_errtable_pw.global ./errtable_pw
+ /bin/cp /scratch4/NCEPDEV/da/save/Louis.Kouvaris/fv3gfs/sorc/gsi.fd/fix/prepobs_errtable_ps.global_nqcf ./errtable_ps
+ /bin/cp /scratch4/NCEPDEV/da/save/Louis.Kouvaris/fv3gfs/sorc/gsi.fd/fix/prepobs_errtable_t.global_nqcf ./errtable_t
+ /bin/cp /scratch4/NCEPDEV/da/save/Louis.Kouvaris/fv3gfs/sorc/gsi.fd/fix/prepobs_errtable_q.global_nqcf ./errtable_q
+ /bin/cp /scratch4/NCEPDEV/da/save/Louis.Kouvaris/fv3gfs/sorc/gsi.fd/fix/prepobs_errtable_uv.global_nqcf ./errtable_uv
+ /bin/cp /scratch4/NCEPDEV/da/save/Louis.Kouvaris/fv3gfs/sorc/gsi.fd/fix/nqc_b_ps.global_nqcf ./btable_ps
+ /bin/cp /scratch4/NCEPDEV/da/save/Louis.Kouvaris/fv3gfs/sorc/gsi.fd/fix/nqc_b_t.global_nqcf ./btable_t
+ /bin/cp /scratch4/NCEPDEV/da/save/Louis.Kouvaris/fv3gfs/sorc/gsi.fd/fix/nqc_b_q.global_nqcf ./btable_q
+ /bin/cp /scratch4/NCEPDEV/da/save/Louis.Kouvaris/fv3gfs/sorc/gsi.fd/fix/nqc_b_uv.global_nqcf ./btable_uv
+ /bin/cp /scratch4/NCEPDEV/da/save/Louis.Kouvaris/fv3gfs/sorc/gsi.fd/fix/hwrf_hybens_d2_info ./hybens_info
+ /bin/cp /scratch4/NCEPDEV/da/save/Louis.Kouvaris/fv3gfs/sorc/gsi.fd/fix/prepobs_prep.bufrtable ./prepobs_prep.bufrtable
+ /bin/cp /scratch4/NCEPDEV/da/save/Louis.Kouvaris/fv3gfs/sorc/gsi.fd/fix/bufrtab.012 ./bftab_sstphr
++ awk '{if($1!~"!"){print $1}}' ./satinfo
++ sort
++ uniq
+ for file in '`awk '\''{if($1!~"!"){print $1}}'\'' ./satinfo | sort | uniq`'
+ /bin/cp /scratch4/NCEPDEV/da/save/Michael.Lueken/nwprod/lib/crtm/2.2.3/fix_update/ahi_himawari8.SpcCoeff.bin ./
+ /bin/cp /scratch4/NCEPDEV/da/save/Michael.Lueken/nwprod/lib/crtm/2.2.3/fix_update/ahi_himawari8.TauCoeff.bin ./
+ for file in '`awk '\''{if($1!~"!"){print $1}}'\'' ./satinfo | sort | uniq`'
+ /bin/cp /scratch4/NCEPDEV/da/save/Michael.Lueken/nwprod/lib/crtm/2.2.3/fix_update/airs_aqua.SpcCoeff.bin ./
+ /bin/cp /scratch4/NCEPDEV/da/save/Michael.Lueken/nwprod/lib/crtm/2.2.3/fix_update/airs_aqua.TauCoeff.bin ./
+ for file in '`awk '\''{if($1!~"!"){print $1}}'\'' ./satinfo | sort | uniq`'
+ /bin/cp /scratch4/NCEPDEV/da/save/Michael.Lueken/nwprod/lib/crtm/2.2.3/fix_update/amsr2_gcom-w1.SpcCoeff.bin ./
+ /bin/cp /scratch4/NCEPDEV/da/save/Michael.Lueken/nwprod/lib/crtm/2.2.3/fix_update/amsr2_gcom-w1.TauCoeff.bin ./
+ for file in '`awk '\''{if($1!~"!"){print $1}}'\'' ./satinfo | sort | uniq`'
+ /bin/cp /scratch4/NCEPDEV/da/save/Michael.Lueken/nwprod/lib/crtm/2.2.3/fix_update/amsre_aqua.SpcCoeff.bin ./
+ /bin/cp /scratch4/NCEPDEV/da/save/Michael.Lueken/nwprod/lib/crtm/2.2.3/fix_update/amsre_aqua.TauCoeff.bin ./
+ for file in '`awk '\''{if($1!~"!"){print $1}}'\'' ./satinfo | sort | uniq`'
+ /bin/cp /scratch4/NCEPDEV/da/save/Michael.Lueken/nwprod/lib/crtm/2.2.3/fix_update/amsua_aqua.SpcCoeff.bin ./
+ /bin/cp /scratch4/NCEPDEV/da/save/Michael.Lueken/nwprod/lib/crtm/2.2.3/fix_update/amsua_aqua.TauCoeff.bin ./
+ for file in '`awk '\''{if($1!~"!"){print $1}}'\'' ./satinfo | sort | uniq`'
+ /bin/cp /scratch4/NCEPDEV/da/save/Michael.Lueken/nwprod/lib/crtm/2.2.3/fix_update/amsua_metop-a.SpcCoeff.bin ./
+ /bin/cp /scratch4/NCEPDEV/da/save/Michael.Lueken/nwprod/lib/crtm/2.2.3/fix_update/amsua_metop-a.TauCoeff.bin ./
+ for file in '`awk '\''{if($1!~"!"){print $1}}'\'' ./satinfo | sort | uniq`'
+ /bin/cp /scratch4/NCEPDEV/da/save/Michael.Lueken/nwprod/lib/crtm/2.2.3/fix_update/amsua_metop-b.SpcCoeff.bin ./
+ /bin/cp /scratch4/NCEPDEV/da/save/Michael.Lueken/nwprod/lib/crtm/2.2.3/fix_update/amsua_metop-b.TauCoeff.bin ./
+ for file in '`awk '\''{if($1!~"!"){print $1}}'\'' ./satinfo | sort | uniq`'
+ /bin/cp /scratch4/NCEPDEV/da/save/Michael.Lueken/nwprod/lib/crtm/2.2.3/fix_update/amsua_n15.SpcCoeff.bin ./
+ /bin/cp /scratch4/NCEPDEV/da/save/Michael.Lueken/nwprod/lib/crtm/2.2.3/fix_update/amsua_n15.TauCoeff.bin ./
+ for file in '`awk '\''{if($1!~"!"){print $1}}'\'' ./satinfo | sort | uniq`'
+ /bin/cp /scratch4/NCEPDEV/da/save/Michael.Lueken/nwprod/lib/crtm/2.2.3/fix_update/amsua_n18.SpcCoeff.bin ./
+ /bin/cp /scratch4/NCEPDEV/da/save/Michael.Lueken/nwprod/lib/crtm/2.2.3/fix_update/amsua_n18.TauCoeff.bin ./
+ for file in '`awk '\''{if($1!~"!"){print $1}}'\'' ./satinfo | sort | uniq`'
+ /bin/cp /scratch4/NCEPDEV/da/save/Michael.Lueken/nwprod/lib/crtm/2.2.3/fix_update/amsua_n19.SpcCoeff.bin ./
+ /bin/cp /scratch4/NCEPDEV/da/save/Michael.Lueken/nwprod/lib/crtm/2.2.3/fix_update/amsua_n19.TauCoeff.bin ./
+ for file in '`awk '\''{if($1!~"!"){print $1}}'\'' ./satinfo | sort | uniq`'
+ /bin/cp /scratch4/NCEPDEV/da/save/Michael.Lueken/nwprod/lib/crtm/2.2.3/fix_update/amsub_n17.SpcCoeff.bin ./
+ /bin/cp /scratch4/NCEPDEV/da/save/Michael.Lueken/nwprod/lib/crtm/2.2.3/fix_update/amsub_n17.TauCoeff.bin ./
+ for file in '`awk '\''{if($1!~"!"){print $1}}'\'' ./satinfo | sort | uniq`'
+ /bin/cp /scratch4/NCEPDEV/da/save/Michael.Lueken/nwprod/lib/crtm/2.2.3/fix_update/atms_npp.SpcCoeff.bin ./
+ /bin/cp /scratch4/NCEPDEV/da/save/Michael.Lueken/nwprod/lib/crtm/2.2.3/fix_update/atms_npp.TauCoeff.bin ./
+ for file in '`awk '\''{if($1!~"!"){print $1}}'\'' ./satinfo | sort | uniq`'
+ /bin/cp /scratch4/NCEPDEV/da/save/Michael.Lueken/nwprod/lib/crtm/2.2.3/fix_update/avhrr3_metop-a.SpcCoeff.bin ./
+ /bin/cp /scratch4/NCEPDEV/da/save/Michael.Lueken/nwprod/lib/crtm/2.2.3/fix_update/avhrr3_metop-a.TauCoeff.bin ./
+ for file in '`awk '\''{if($1!~"!"){print $1}}'\'' ./satinfo | sort | uniq`'
+ /bin/cp /scratch4/NCEPDEV/da/save/Michael.Lueken/nwprod/lib/crtm/2.2.3/fix_update/avhrr3_metop-b.SpcCoeff.bin ./
+ /bin/cp /scratch4/NCEPDEV/da/save/Michael.Lueken/nwprod/lib/crtm/2.2.3/fix_update/avhrr3_metop-b.TauCoeff.bin ./
+ for file in '`awk '\''{if($1!~"!"){print $1}}'\'' ./satinfo | sort | uniq`'
+ /bin/cp /scratch4/NCEPDEV/da/save/Michael.Lueken/nwprod/lib/crtm/2.2.3/fix_update/avhrr3_n18.SpcCoeff.bin ./
+ /bin/cp /scratch4/NCEPDEV/da/save/Michael.Lueken/nwprod/lib/crtm/2.2.3/fix_update/avhrr3_n18.TauCoeff.bin ./
+ for file in '`awk '\''{if($1!~"!"){print $1}}'\'' ./satinfo | sort | uniq`'
+ /bin/cp /scratch4/NCEPDEV/da/save/Michael.Lueken/nwprod/lib/crtm/2.2.3/fix_update/avhrr3_n19.SpcCoeff.bin ./
+ /bin/cp /scratch4/NCEPDEV/da/save/Michael.Lueken/nwprod/lib/crtm/2.2.3/fix_update/avhrr3_n19.TauCoeff.bin ./
+ for file in '`awk '\''{if($1!~"!"){print $1}}'\'' ./satinfo | sort | uniq`'
+ /bin/cp /scratch4/NCEPDEV/da/save/Michael.Lueken/nwprod/lib/crtm/2.2.3/fix_update/cris-fsr_npp.SpcCoeff.bin ./
+ /bin/cp /scratch4/NCEPDEV/da/save/Michael.Lueken/nwprod/lib/crtm/2.2.3/fix_update/cris-fsr_npp.TauCoeff.bin ./
+ for file in '`awk '\''{if($1!~"!"){print $1}}'\'' ./satinfo | sort | uniq`'
+ /bin/cp /scratch4/NCEPDEV/da/save/Michael.Lueken/nwprod/lib/crtm/2.2.3/fix_update/cris_npp.SpcCoeff.bin ./
+ /bin/cp /scratch4/NCEPDEV/da/save/Michael.Lueken/nwprod/lib/crtm/2.2.3/fix_update/cris_npp.TauCoeff.bin ./
+ for file in '`awk '\''{if($1!~"!"){print $1}}'\'' ./satinfo | sort | uniq`'
+ /bin/cp /scratch4/NCEPDEV/da/save/Michael.Lueken/nwprod/lib/crtm/2.2.3/fix_update/gmi_gpm.SpcCoeff.bin ./
+ /bin/cp /scratch4/NCEPDEV/da/save/Michael.Lueken/nwprod/lib/crtm/2.2.3/fix_update/gmi_gpm.TauCoeff.bin ./
+ for file in '`awk '\''{if($1!~"!"){print $1}}'\'' ./satinfo | sort | uniq`'
+ /bin/cp /scratch4/NCEPDEV/da/save/Michael.Lueken/nwprod/lib/crtm/2.2.3/fix_update/hirs3_n17.SpcCoeff.bin ./
+ /bin/cp /scratch4/NCEPDEV/da/save/Michael.Lueken/nwprod/lib/crtm/2.2.3/fix_update/hirs3_n17.TauCoeff.bin ./
+ for file in '`awk '\''{if($1!~"!"){print $1}}'\'' ./satinfo | sort | uniq`'
+ /bin/cp /scratch4/NCEPDEV/da/save/Michael.Lueken/nwprod/lib/crtm/2.2.3/fix_update/hirs4_metop-a.SpcCoeff.bin ./
+ /bin/cp /scratch4/NCEPDEV/da/save/Michael.Lueken/nwprod/lib/crtm/2.2.3/fix_update/hirs4_metop-a.TauCoeff.bin ./
+ for file in '`awk '\''{if($1!~"!"){print $1}}'\'' ./satinfo | sort | uniq`'
+ /bin/cp /scratch4/NCEPDEV/da/save/Michael.Lueken/nwprod/lib/crtm/2.2.3/fix_update/hirs4_metop-b.SpcCoeff.bin ./
+ /bin/cp /scratch4/NCEPDEV/da/save/Michael.Lueken/nwprod/lib/crtm/2.2.3/fix_update/hirs4_metop-b.TauCoeff.bin ./
+ for file in '`awk '\''{if($1!~"!"){print $1}}'\'' ./satinfo | sort | uniq`'
+ /bin/cp /scratch4/NCEPDEV/da/save/Michael.Lueken/nwprod/lib/crtm/2.2.3/fix_update/hirs4_n19.SpcCoeff.bin ./
+ /bin/cp /scratch4/NCEPDEV/da/save/Michael.Lueken/nwprod/lib/crtm/2.2.3/fix_update/hirs4_n19.TauCoeff.bin ./
+ for file in '`awk '\''{if($1!~"!"){print $1}}'\'' ./satinfo | sort | uniq`'
+ /bin/cp /scratch4/NCEPDEV/da/save/Michael.Lueken/nwprod/lib/crtm/2.2.3/fix_update/iasi_metop-a.SpcCoeff.bin ./
+ /bin/cp /scratch4/NCEPDEV/da/save/Michael.Lueken/nwprod/lib/crtm/2.2.3/fix_update/iasi_metop-a.TauCoeff.bin ./
+ for file in '`awk '\''{if($1!~"!"){print $1}}'\'' ./satinfo | sort | uniq`'
+ /bin/cp /scratch4/NCEPDEV/da/save/Michael.Lueken/nwprod/lib/crtm/2.2.3/fix_update/iasi_metop-b.SpcCoeff.bin ./
+ /bin/cp /scratch4/NCEPDEV/da/save/Michael.Lueken/nwprod/lib/crtm/2.2.3/fix_update/iasi_metop-b.TauCoeff.bin ./
+ for file in '`awk '\''{if($1!~"!"){print $1}}'\'' ./satinfo | sort | uniq`'
+ /bin/cp /scratch4/NCEPDEV/da/save/Michael.Lueken/nwprod/lib/crtm/2.2.3/fix_update/imgr_g11.SpcCoeff.bin ./
+ /bin/cp /scratch4/NCEPDEV/da/save/Michael.Lueken/nwprod/lib/crtm/2.2.3/fix_update/imgr_g11.TauCoeff.bin ./
+ for file in '`awk '\''{if($1!~"!"){print $1}}'\'' ./satinfo | sort | uniq`'
+ /bin/cp /scratch4/NCEPDEV/da/save/Michael.Lueken/nwprod/lib/crtm/2.2.3/fix_update/imgr_g12.SpcCoeff.bin ./
+ /bin/cp /scratch4/NCEPDEV/da/save/Michael.Lueken/nwprod/lib/crtm/2.2.3/fix_update/imgr_g12.TauCoeff.bin ./
+ for file in '`awk '\''{if($1!~"!"){print $1}}'\'' ./satinfo | sort | uniq`'
+ /bin/cp /scratch4/NCEPDEV/da/save/Michael.Lueken/nwprod/lib/crtm/2.2.3/fix_update/imgr_g13.SpcCoeff.bin ./
+ /bin/cp /scratch4/NCEPDEV/da/save/Michael.Lueken/nwprod/lib/crtm/2.2.3/fix_update/imgr_g13.TauCoeff.bin ./
+ for file in '`awk '\''{if($1!~"!"){print $1}}'\'' ./satinfo | sort | uniq`'
+ /bin/cp /scratch4/NCEPDEV/da/save/Michael.Lueken/nwprod/lib/crtm/2.2.3/fix_update/imgr_g14.SpcCoeff.bin ./
+ /bin/cp /scratch4/NCEPDEV/da/save/Michael.Lueken/nwprod/lib/crtm/2.2.3/fix_update/imgr_g14.TauCoeff.bin ./
+ for file in '`awk '\''{if($1!~"!"){print $1}}'\'' ./satinfo | sort | uniq`'
+ /bin/cp /scratch4/NCEPDEV/da/save/Michael.Lueken/nwprod/lib/crtm/2.2.3/fix_update/imgr_g15.SpcCoeff.bin ./
+ /bin/cp /scratch4/NCEPDEV/da/save/Michael.Lueken/nwprod/lib/crtm/2.2.3/fix_update/imgr_g15.TauCoeff.bin ./
+ for file in '`awk '\''{if($1!~"!"){print $1}}'\'' ./satinfo | sort | uniq`'
+ /bin/cp /scratch4/NCEPDEV/da/save/Michael.Lueken/nwprod/lib/crtm/2.2.3/fix_update/mhs_metop-a.SpcCoeff.bin ./
+ /bin/cp /scratch4/NCEPDEV/da/save/Michael.Lueken/nwprod/lib/crtm/2.2.3/fix_update/mhs_metop-a.TauCoeff.bin ./
+ for file in '`awk '\''{if($1!~"!"){print $1}}'\'' ./satinfo | sort | uniq`'
+ /bin/cp /scratch4/NCEPDEV/da/save/Michael.Lueken/nwprod/lib/crtm/2.2.3/fix_update/mhs_metop-b.SpcCoeff.bin ./
+ /bin/cp /scratch4/NCEPDEV/da/save/Michael.Lueken/nwprod/lib/crtm/2.2.3/fix_update/mhs_metop-b.TauCoeff.bin ./
+ for file in '`awk '\''{if($1!~"!"){print $1}}'\'' ./satinfo | sort | uniq`'
+ /bin/cp /scratch4/NCEPDEV/da/save/Michael.Lueken/nwprod/lib/crtm/2.2.3/fix_update/mhs_n18.SpcCoeff.bin ./
+ /bin/cp /scratch4/NCEPDEV/da/save/Michael.Lueken/nwprod/lib/crtm/2.2.3/fix_update/mhs_n18.TauCoeff.bin ./
+ for file in '`awk '\''{if($1!~"!"){print $1}}'\'' ./satinfo | sort | uniq`'
+ /bin/cp /scratch4/NCEPDEV/da/save/Michael.Lueken/nwprod/lib/crtm/2.2.3/fix_update/mhs_n19.SpcCoeff.bin ./
+ /bin/cp /scratch4/NCEPDEV/da/save/Michael.Lueken/nwprod/lib/crtm/2.2.3/fix_update/mhs_n19.TauCoeff.bin ./
+ for file in '`awk '\''{if($1!~"!"){print $1}}'\'' ./satinfo | sort | uniq`'
+ /bin/cp /scratch4/NCEPDEV/da/save/Michael.Lueken/nwprod/lib/crtm/2.2.3/fix_update/saphir_meghat.SpcCoeff.bin ./
+ /bin/cp /scratch4/NCEPDEV/da/save/Michael.Lueken/nwprod/lib/crtm/2.2.3/fix_update/saphir_meghat.TauCoeff.bin ./
+ for file in '`awk '\''{if($1!~"!"){print $1}}'\'' ./satinfo | sort | uniq`'
+ /bin/cp /scratch4/NCEPDEV/da/save/Michael.Lueken/nwprod/lib/crtm/2.2.3/fix_update/seviri_m08.SpcCoeff.bin ./
+ /bin/cp /scratch4/NCEPDEV/da/save/Michael.Lueken/nwprod/lib/crtm/2.2.3/fix_update/seviri_m08.TauCoeff.bin ./
+ for file in '`awk '\''{if($1!~"!"){print $1}}'\'' ./satinfo | sort | uniq`'
+ /bin/cp /scratch4/NCEPDEV/da/save/Michael.Lueken/nwprod/lib/crtm/2.2.3/fix_update/seviri_m09.SpcCoeff.bin ./
+ /bin/cp /scratch4/NCEPDEV/da/save/Michael.Lueken/nwprod/lib/crtm/2.2.3/fix_update/seviri_m09.TauCoeff.bin ./
+ for file in '`awk '\''{if($1!~"!"){print $1}}'\'' ./satinfo | sort | uniq`'
+ /bin/cp /scratch4/NCEPDEV/da/save/Michael.Lueken/nwprod/lib/crtm/2.2.3/fix_update/seviri_m10.SpcCoeff.bin ./
+ /bin/cp /scratch4/NCEPDEV/da/save/Michael.Lueken/nwprod/lib/crtm/2.2.3/fix_update/seviri_m10.TauCoeff.bin ./
+ for file in '`awk '\''{if($1!~"!"){print $1}}'\'' ./satinfo | sort | uniq`'
+ /bin/cp /scratch4/NCEPDEV/da/save/Michael.Lueken/nwprod/lib/crtm/2.2.3/fix_update/sndrD1_g11.SpcCoeff.bin ./
+ /bin/cp /scratch4/NCEPDEV/da/save/Michael.Lueken/nwprod/lib/crtm/2.2.3/fix_update/sndrD1_g11.TauCoeff.bin ./
+ for file in '`awk '\''{if($1!~"!"){print $1}}'\'' ./satinfo | sort | uniq`'
+ /bin/cp /scratch4/NCEPDEV/da/save/Michael.Lueken/nwprod/lib/crtm/2.2.3/fix_update/sndrD1_g12.SpcCoeff.bin ./
+ /bin/cp /scratch4/NCEPDEV/da/save/Michael.Lueken/nwprod/lib/crtm/2.2.3/fix_update/sndrD1_g12.TauCoeff.bin ./
+ for file in '`awk '\''{if($1!~"!"){print $1}}'\'' ./satinfo | sort | uniq`'
+ /bin/cp /scratch4/NCEPDEV/da/save/Michael.Lueken/nwprod/lib/crtm/2.2.3/fix_update/sndrD1_g13.SpcCoeff.bin ./
+ /bin/cp /scratch4/NCEPDEV/da/save/Michael.Lueken/nwprod/lib/crtm/2.2.3/fix_update/sndrD1_g13.TauCoeff.bin ./
+ for file in '`awk '\''{if($1!~"!"){print $1}}'\'' ./satinfo | sort | uniq`'
+ /bin/cp /scratch4/NCEPDEV/da/save/Michael.Lueken/nwprod/lib/crtm/2.2.3/fix_update/sndrD1_g14.SpcCoeff.bin ./
+ /bin/cp /scratch4/NCEPDEV/da/save/Michael.Lueken/nwprod/lib/crtm/2.2.3/fix_update/sndrD1_g14.TauCoeff.bin ./
+ for file in '`awk '\''{if($1!~"!"){print $1}}'\'' ./satinfo | sort | uniq`'
+ /bin/cp /scratch4/NCEPDEV/da/save/Michael.Lueken/nwprod/lib/crtm/2.2.3/fix_update/sndrD1_g15.SpcCoeff.bin ./
+ /bin/cp /scratch4/NCEPDEV/da/save/Michael.Lueken/nwprod/lib/crtm/2.2.3/fix_update/sndrD1_g15.TauCoeff.bin ./
+ for file in '`awk '\''{if($1!~"!"){print $1}}'\'' ./satinfo | sort | uniq`'
+ /bin/cp /scratch4/NCEPDEV/da/save/Michael.Lueken/nwprod/lib/crtm/2.2.3/fix_update/sndrD2_g11.SpcCoeff.bin ./
+ /bin/cp /scratch4/NCEPDEV/da/save/Michael.Lueken/nwprod/lib/crtm/2.2.3/fix_update/sndrD2_g11.TauCoeff.bin ./
+ for file in '`awk '\''{if($1!~"!"){print $1}}'\'' ./satinfo | sort | uniq`'
+ /bin/cp /scratch4/NCEPDEV/da/save/Michael.Lueken/nwprod/lib/crtm/2.2.3/fix_update/sndrD2_g12.SpcCoeff.bin ./
+ /bin/cp /scratch4/NCEPDEV/da/save/Michael.Lueken/nwprod/lib/crtm/2.2.3/fix_update/sndrD2_g12.TauCoeff.bin ./
+ for file in '`awk '\''{if($1!~"!"){print $1}}'\'' ./satinfo | sort | uniq`'
+ /bin/cp /scratch4/NCEPDEV/da/save/Michael.Lueken/nwprod/lib/crtm/2.2.3/fix_update/sndrD2_g13.SpcCoeff.bin ./
+ /bin/cp /scratch4/NCEPDEV/da/save/Michael.Lueken/nwprod/lib/crtm/2.2.3/fix_update/sndrD2_g13.TauCoeff.bin ./
+ for file in '`awk '\''{if($1!~"!"){print $1}}'\'' ./satinfo | sort | uniq`'
+ /bin/cp /scratch4/NCEPDEV/da/save/Michael.Lueken/nwprod/lib/crtm/2.2.3/fix_update/sndrD2_g14.SpcCoeff.bin ./
+ /bin/cp /scratch4/NCEPDEV/da/save/Michael.Lueken/nwprod/lib/crtm/2.2.3/fix_update/sndrD2_g14.TauCoeff.bin ./
+ for file in '`awk '\''{if($1!~"!"){print $1}}'\'' ./satinfo | sort | uniq`'
+ /bin/cp /scratch4/NCEPDEV/da/save/Michael.Lueken/nwprod/lib/crtm/2.2.3/fix_update/sndrD2_g15.SpcCoeff.bin ./
+ /bin/cp /scratch4/NCEPDEV/da/save/Michael.Lueken/nwprod/lib/crtm/2.2.3/fix_update/sndrD2_g15.TauCoeff.bin ./
+ for file in '`awk '\''{if($1!~"!"){print $1}}'\'' ./satinfo | sort | uniq`'
+ /bin/cp /scratch4/NCEPDEV/da/save/Michael.Lueken/nwprod/lib/crtm/2.2.3/fix_update/sndrD3_g11.SpcCoeff.bin ./
+ /bin/cp /scratch4/NCEPDEV/da/save/Michael.Lueken/nwprod/lib/crtm/2.2.3/fix_update/sndrD3_g11.TauCoeff.bin ./
+ for file in '`awk '\''{if($1!~"!"){print $1}}'\'' ./satinfo | sort | uniq`'
+ /bin/cp /scratch4/NCEPDEV/da/save/Michael.Lueken/nwprod/lib/crtm/2.2.3/fix_update/sndrD3_g12.SpcCoeff.bin ./
+ /bin/cp /scratch4/NCEPDEV/da/save/Michael.Lueken/nwprod/lib/crtm/2.2.3/fix_update/sndrD3_g12.TauCoeff.bin ./
+ for file in '`awk '\''{if($1!~"!"){print $1}}'\'' ./satinfo | sort | uniq`'
+ /bin/cp /scratch4/NCEPDEV/da/save/Michael.Lueken/nwprod/lib/crtm/2.2.3/fix_update/sndrD3_g13.SpcCoeff.bin ./
+ /bin/cp /scratch4/NCEPDEV/da/save/Michael.Lueken/nwprod/lib/crtm/2.2.3/fix_update/sndrD3_g13.TauCoeff.bin ./
+ for file in '`awk '\''{if($1!~"!"){print $1}}'\'' ./satinfo | sort | uniq`'
+ /bin/cp /scratch4/NCEPDEV/da/save/Michael.Lueken/nwprod/lib/crtm/2.2.3/fix_update/sndrD3_g14.SpcCoeff.bin ./
+ /bin/cp /scratch4/NCEPDEV/da/save/Michael.Lueken/nwprod/lib/crtm/2.2.3/fix_update/sndrD3_g14.TauCoeff.bin ./
+ for file in '`awk '\''{if($1!~"!"){print $1}}'\'' ./satinfo | sort | uniq`'
+ /bin/cp /scratch4/NCEPDEV/da/save/Michael.Lueken/nwprod/lib/crtm/2.2.3/fix_update/sndrD3_g15.SpcCoeff.bin ./
+ /bin/cp /scratch4/NCEPDEV/da/save/Michael.Lueken/nwprod/lib/crtm/2.2.3/fix_update/sndrD3_g15.TauCoeff.bin ./
+ for file in '`awk '\''{if($1!~"!"){print $1}}'\'' ./satinfo | sort | uniq`'
+ /bin/cp /scratch4/NCEPDEV/da/save/Michael.Lueken/nwprod/lib/crtm/2.2.3/fix_update/sndrD4_g11.SpcCoeff.bin ./
+ /bin/cp /scratch4/NCEPDEV/da/save/Michael.Lueken/nwprod/lib/crtm/2.2.3/fix_update/sndrD4_g11.TauCoeff.bin ./
+ for file in '`awk '\''{if($1!~"!"){print $1}}'\'' ./satinfo | sort | uniq`'
+ /bin/cp /scratch4/NCEPDEV/da/save/Michael.Lueken/nwprod/lib/crtm/2.2.3/fix_update/sndrD4_g12.SpcCoeff.bin ./
+ /bin/cp /scratch4/NCEPDEV/da/save/Michael.Lueken/nwprod/lib/crtm/2.2.3/fix_update/sndrD4_g12.TauCoeff.bin ./
+ for file in '`awk '\''{if($1!~"!"){print $1}}'\'' ./satinfo | sort | uniq`'
+ /bin/cp /scratch4/NCEPDEV/da/save/Michael.Lueken/nwprod/lib/crtm/2.2.3/fix_update/sndrD4_g13.SpcCoeff.bin ./
+ /bin/cp /scratch4/NCEPDEV/da/save/Michael.Lueken/nwprod/lib/crtm/2.2.3/fix_update/sndrD4_g13.TauCoeff.bin ./
+ for file in '`awk '\''{if($1!~"!"){print $1}}'\'' ./satinfo | sort | uniq`'
+ /bin/cp /scratch4/NCEPDEV/da/save/Michael.Lueken/nwprod/lib/crtm/2.2.3/fix_update/sndrD4_g14.SpcCoeff.bin ./
+ /bin/cp /scratch4/NCEPDEV/da/save/Michael.Lueken/nwprod/lib/crtm/2.2.3/fix_update/sndrD4_g14.TauCoeff.bin ./
+ for file in '`awk '\''{if($1!~"!"){print $1}}'\'' ./satinfo | sort | uniq`'
+ /bin/cp /scratch4/NCEPDEV/da/save/Michael.Lueken/nwprod/lib/crtm/2.2.3/fix_update/sndrD4_g15.SpcCoeff.bin ./
+ /bin/cp /scratch4/NCEPDEV/da/save/Michael.Lueken/nwprod/lib/crtm/2.2.3/fix_update/sndrD4_g15.TauCoeff.bin ./
+ for file in '`awk '\''{if($1!~"!"){print $1}}'\'' ./satinfo | sort | uniq`'
+ /bin/cp /scratch4/NCEPDEV/da/save/Michael.Lueken/nwprod/lib/crtm/2.2.3/fix_update/ssmi_f15.SpcCoeff.bin ./
+ /bin/cp /scratch4/NCEPDEV/da/save/Michael.Lueken/nwprod/lib/crtm/2.2.3/fix_update/ssmi_f15.TauCoeff.bin ./
+ for file in '`awk '\''{if($1!~"!"){print $1}}'\'' ./satinfo | sort | uniq`'
+ /bin/cp /scratch4/NCEPDEV/da/save/Michael.Lueken/nwprod/lib/crtm/2.2.3/fix_update/ssmis_f16.SpcCoeff.bin ./
+ /bin/cp /scratch4/NCEPDEV/da/save/Michael.Lueken/nwprod/lib/crtm/2.2.3/fix_update/ssmis_f16.TauCoeff.bin ./
+ for file in '`awk '\''{if($1!~"!"){print $1}}'\'' ./satinfo | sort | uniq`'
+ /bin/cp /scratch4/NCEPDEV/da/save/Michael.Lueken/nwprod/lib/crtm/2.2.3/fix_update/ssmis_f17.SpcCoeff.bin ./
+ /bin/cp /scratch4/NCEPDEV/da/save/Michael.Lueken/nwprod/lib/crtm/2.2.3/fix_update/ssmis_f17.TauCoeff.bin ./
+ for file in '`awk '\''{if($1!~"!"){print $1}}'\'' ./satinfo | sort | uniq`'
+ /bin/cp /scratch4/NCEPDEV/da/save/Michael.Lueken/nwprod/lib/crtm/2.2.3/fix_update/ssmis_f18.SpcCoeff.bin ./
+ /bin/cp /scratch4/NCEPDEV/da/save/Michael.Lueken/nwprod/lib/crtm/2.2.3/fix_update/ssmis_f18.TauCoeff.bin ./
+ for file in '`awk '\''{if($1!~"!"){print $1}}'\'' ./satinfo | sort | uniq`'
+ /bin/cp /scratch4/NCEPDEV/da/save/Michael.Lueken/nwprod/lib/crtm/2.2.3/fix_update/ssmis_f19.SpcCoeff.bin ./
+ /bin/cp /scratch4/NCEPDEV/da/save/Michael.Lueken/nwprod/lib/crtm/2.2.3/fix_update/ssmis_f19.TauCoeff.bin ./
+ for file in '`awk '\''{if($1!~"!"){print $1}}'\'' ./satinfo | sort | uniq`'
+ /bin/cp /scratch4/NCEPDEV/da/save/Michael.Lueken/nwprod/lib/crtm/2.2.3/fix_update/ssmis_f20.SpcCoeff.bin ./
+ /bin/cp /scratch4/NCEPDEV/da/save/Michael.Lueken/nwprod/lib/crtm/2.2.3/fix_update/ssmis_f20.TauCoeff.bin ./
+ ln -sf /scratch4/NCEPDEV/da/noscrub/Michael.Lueken/CASES/regional/hwrf_nmm/2012102812/gfs.t12z.prepbufr ./prepbufr
+ ln -sf /scratch4/NCEPDEV/da/noscrub/Michael.Lueken/CASES/regional/hwrf_nmm/2012102812/gfs.t12z.satwnd.tm00.bufr_d ./satwndbufr
+ ln -sf /scratch4/NCEPDEV/da/noscrub/Michael.Lueken/CASES/regional/hwrf_nmm/2012102812/gfs.t12z.gpsro.tm00.bufr_d ./gpsrobufr
+ ln -sf /scratch4/NCEPDEV/da/noscrub/Michael.Lueken/CASES/regional/hwrf_nmm/2012102812/gfs.t12z.goesfv.tm00.bufr_d ./gsnd1bufr
+ ln -sf /scratch4/NCEPDEV/da/noscrub/Michael.Lueken/CASES/regional/hwrf_nmm/2012102812/gfs.t12z.1bamua.tm00.bufr_d ./amsuabufr
+ ln -sf /scratch4/NCEPDEV/da/noscrub/Michael.Lueken/CASES/regional/hwrf_nmm/2012102812/gfs.t12z.1bhrs4.tm00.bufr_d ./hirs4bufr
+ ln -sf /scratch4/NCEPDEV/da/noscrub/Michael.Lueken/CASES/regional/hwrf_nmm/2012102812/gfs.t12z.1bmhs.tm00.bufr_d ./mhsbufr
+ ln -sf /scratch4/NCEPDEV/da/noscrub/Michael.Lueken/CASES/regional/hwrf_nmm/2012102812/gfs.t12z.airsev.tm00.bufr_d ./airsbufr
+ ln -sf /scratch4/NCEPDEV/da/noscrub/Michael.Lueken/CASES/regional/hwrf_nmm/2012102812/gfs.t12z.sevcsr.tm00.bufr_d ./seviribufr
+ ln -sf /scratch4/NCEPDEV/da/noscrub/Michael.Lueken/CASES/regional/hwrf_nmm/2012102812/gfs.t12z.mtiasi.tm00.bufr_d ./iasibufr
+ ln -sf /scratch4/NCEPDEV/da/noscrub/Michael.Lueken/CASES/regional/hwrf_nmm/2012102812/gfs.t12z.esamua.tm00.bufr_d ./amsuabufrears
+ ln -sf /scratch4/NCEPDEV/da/noscrub/Michael.Lueken/CASES/regional/hwrf_nmm/2012102812/gfs.t12z.esamub.tm00.bufr_d ./amsubbufrears
+ ln -sf /scratch4/NCEPDEV/da/noscrub/Michael.Lueken/CASES/regional/hwrf_nmm/2012102812/gfs.t12z.eshrs3.tm00.bufr_d ./hirs3bufrears
+ ln -sf /scratch4/NCEPDEV/da/noscrub/Michael.Lueken/CASES/regional/hwrf_nmm/2012102812/gfs.t12z.atms.tm00.bufr_d ./atmsbufr
+ ln -sf /scratch4/NCEPDEV/da/noscrub/Michael.Lueken/CASES/regional/hwrf_nmm/2012102812/gfs.t12z.cris.tm00.bufr_d ./crisbufr
+ ln -sf /scratch4/NCEPDEV/da/noscrub/Michael.Lueken/CASES/regional/hwrf_nmm/2012102812/gfs.t12z.crisf4.tm00.bufr_d ./crisfsbufr
+ ln -sf /scratch4/NCEPDEV/da/noscrub/Michael.Lueken/CASES/regional/hwrf_nmm/2012102812/gdas1.t12z.tldplr.tm00.bufr_d ./tldplrbufr
+ ln -sf /scratch4/NCEPDEV/da/noscrub/Michael.Lueken/CASES/regional/hwrf_nmm/2012102812/gdas1.t06z.abias ./satbias_in
+ ln -sf /scratch4/NCEPDEV/da/noscrub/Michael.Lueken/CASES/regional/hwrf_nmm/2012102812/gdas1.t06z.abias_pc ./satbias_pc
+ /bin/cp /scratch4/NCEPDEV/da/noscrub/Michael.Lueken/CASES/regional/hwrf_nmm/2012102812/wrfghost_d02_03 ./wrf_inou3
+ /bin/cp /scratch4/NCEPDEV/da/noscrub/Michael.Lueken/CASES/regional/hwrf_nmm/2012102812/wrfghost_d02_06 ./wrf_inout
+ /bin/cp /scratch4/NCEPDEV/da/noscrub/Michael.Lueken/CASES/regional/hwrf_nmm/2012102812/wrfghost_d02_09 ./wrf_inou9
+ /bin/cp /scratch4/NCEPDEV/da/noscrub/Michael.Lueken/CASES/regional/hwrf_nmm/2012102812/gdas1.t06z.sf03 ./gfs_sigf03
+ /bin/cp /scratch4/NCEPDEV/da/noscrub/Michael.Lueken/CASES/regional/hwrf_nmm/2012102812/gdas1.t06z.sf06 ./gfs_sigf06
+ /bin/cp /scratch4/NCEPDEV/da/noscrub/Michael.Lueken/CASES/regional/hwrf_nmm/2012102812/gdas1.t06z.sf09 ./gfs_sigf09
+ export ENSEMBLE_SIZE_REGIONAL=80
+ ENSEMBLE_SIZE_REGIONAL=80
+ n=1
+ [[ 1 -le 80 ]]
++ printf sfg_2012102806_fhr06s_mem%03d 1
++ printf sfg_2012102806_fhr06s_mem%03d 1
+ ln -sf /scratch4/NCEPDEV/da/noscrub/Michael.Lueken/CASES/regional/hwrf_nmm/2012102812/sfg_2012102806_fhr06s_mem001 ./sfg_2012102806_fhr06s_mem001
++ printf sfg_2012102806_fhr06s_mem%03d 1
+ ls ./sfg_2012102806_fhr06s_mem001
+ n=2
+ [[ 2 -le 80 ]]
++ printf sfg_2012102806_fhr06s_mem%03d 2
++ printf sfg_2012102806_fhr06s_mem%03d 2
+ ln -sf /scratch4/NCEPDEV/da/noscrub/Michael.Lueken/CASES/regional/hwrf_nmm/2012102812/sfg_2012102806_fhr06s_mem002 ./sfg_2012102806_fhr06s_mem002
++ printf sfg_2012102806_fhr06s_mem%03d 2
+ ls ./sfg_2012102806_fhr06s_mem002
+ n=3
+ [[ 3 -le 80 ]]
++ printf sfg_2012102806_fhr06s_mem%03d 3
++ printf sfg_2012102806_fhr06s_mem%03d 3
+ ln -sf /scratch4/NCEPDEV/da/noscrub/Michael.Lueken/CASES/regional/hwrf_nmm/2012102812/sfg_2012102806_fhr06s_mem003 ./sfg_2012102806_fhr06s_mem003
++ printf sfg_2012102806_fhr06s_mem%03d 3
+ ls ./sfg_2012102806_fhr06s_mem003
+ n=4
+ [[ 4 -le 80 ]]
++ printf sfg_2012102806_fhr06s_mem%03d 4
++ printf sfg_2012102806_fhr06s_mem%03d 4
+ ln -sf /scratch4/NCEPDEV/da/noscrub/Michael.Lueken/CASES/regional/hwrf_nmm/2012102812/sfg_2012102806_fhr06s_mem004 ./sfg_2012102806_fhr06s_mem004
++ printf sfg_2012102806_fhr06s_mem%03d 4
+ ls ./sfg_2012102806_fhr06s_mem004
+ n=5
+ [[ 5 -le 80 ]]
++ printf sfg_2012102806_fhr06s_mem%03d 5
++ printf sfg_2012102806_fhr06s_mem%03d 5
+ ln -sf /scratch4/NCEPDEV/da/noscrub/Michael.Lueken/CASES/regional/hwrf_nmm/2012102812/sfg_2012102806_fhr06s_mem005 ./sfg_2012102806_fhr06s_mem005
++ printf sfg_2012102806_fhr06s_mem%03d 5
+ ls ./sfg_2012102806_fhr06s_mem005
+ n=6
+ [[ 6 -le 80 ]]
++ printf sfg_2012102806_fhr06s_mem%03d 6
++ printf sfg_2012102806_fhr06s_mem%03d 6
+ ln -sf /scratch4/NCEPDEV/da/noscrub/Michael.Lueken/CASES/regional/hwrf_nmm/2012102812/sfg_2012102806_fhr06s_mem006 ./sfg_2012102806_fhr06s_mem006
++ printf sfg_2012102806_fhr06s_mem%03d 6
+ ls ./sfg_2012102806_fhr06s_mem006
+ n=7
+ [[ 7 -le 80 ]]
++ printf sfg_2012102806_fhr06s_mem%03d 7
++ printf sfg_2012102806_fhr06s_mem%03d 7
+ ln -sf /scratch4/NCEPDEV/da/noscrub/Michael.Lueken/CASES/regional/hwrf_nmm/2012102812/sfg_2012102806_fhr06s_mem007 ./sfg_2012102806_fhr06s_mem007
++ printf sfg_2012102806_fhr06s_mem%03d 7
+ ls ./sfg_2012102806_fhr06s_mem007
+ n=8
+ [[ 8 -le 80 ]]
++ printf sfg_2012102806_fhr06s_mem%03d 8
++ printf sfg_2012102806_fhr06s_mem%03d 8
+ ln -sf /scratch4/NCEPDEV/da/noscrub/Michael.Lueken/CASES/regional/hwrf_nmm/2012102812/sfg_2012102806_fhr06s_mem008 ./sfg_2012102806_fhr06s_mem008
++ printf sfg_2012102806_fhr06s_mem%03d 8
+ ls ./sfg_2012102806_fhr06s_mem008
+ n=9
+ [[ 9 -le 80 ]]
++ printf sfg_2012102806_fhr06s_mem%03d 9
++ printf sfg_2012102806_fhr06s_mem%03d 9
+ ln -sf /scratch4/NCEPDEV/da/noscrub/Michael.Lueken/CASES/regional/hwrf_nmm/2012102812/sfg_2012102806_fhr06s_mem009 ./sfg_2012102806_fhr06s_mem009
++ printf sfg_2012102806_fhr06s_mem%03d 9
+ ls ./sfg_2012102806_fhr06s_mem009
+ n=10
+ [[ 10 -le 80 ]]
++ printf sfg_2012102806_fhr06s_mem%03d 10
++ printf sfg_2012102806_fhr06s_mem%03d 10
+ ln -sf /scratch4/NCEPDEV/da/noscrub/Michael.Lueken/CASES/regional/hwrf_nmm/2012102812/sfg_2012102806_fhr06s_mem010 ./sfg_2012102806_fhr06s_mem010
++ printf sfg_2012102806_fhr06s_mem%03d 10
+ ls ./sfg_2012102806_fhr06s_mem010
+ n=11
+ [[ 11 -le 80 ]]
++ printf sfg_2012102806_fhr06s_mem%03d 11
++ printf sfg_2012102806_fhr06s_mem%03d 11
+ ln -sf /scratch4/NCEPDEV/da/noscrub/Michael.Lueken/CASES/regional/hwrf_nmm/2012102812/sfg_2012102806_fhr06s_mem011 ./sfg_2012102806_fhr06s_mem011
++ printf sfg_2012102806_fhr06s_mem%03d 11
+ ls ./sfg_2012102806_fhr06s_mem011
+ n=12
+ [[ 12 -le 80 ]]
++ printf sfg_2012102806_fhr06s_mem%03d 12
++ printf sfg_2012102806_fhr06s_mem%03d 12
+ ln -sf /scratch4/NCEPDEV/da/noscrub/Michael.Lueken/CASES/regional/hwrf_nmm/2012102812/sfg_2012102806_fhr06s_mem012 ./sfg_2012102806_fhr06s_mem012
++ printf sfg_2012102806_fhr06s_mem%03d 12
+ ls ./sfg_2012102806_fhr06s_mem012
+ n=13
+ [[ 13 -le 80 ]]
++ printf sfg_2012102806_fhr06s_mem%03d 13
++ printf sfg_2012102806_fhr06s_mem%03d 13
+ ln -sf /scratch4/NCEPDEV/da/noscrub/Michael.Lueken/CASES/regional/hwrf_nmm/2012102812/sfg_2012102806_fhr06s_mem013 ./sfg_2012102806_fhr06s_mem013
++ printf sfg_2012102806_fhr06s_mem%03d 13
+ ls ./sfg_2012102806_fhr06s_mem013
+ n=14
+ [[ 14 -le 80 ]]
++ printf sfg_2012102806_fhr06s_mem%03d 14
++ printf sfg_2012102806_fhr06s_mem%03d 14
+ ln -sf /scratch4/NCEPDEV/da/noscrub/Michael.Lueken/CASES/regional/hwrf_nmm/2012102812/sfg_2012102806_fhr06s_mem014 ./sfg_2012102806_fhr06s_mem014
++ printf sfg_2012102806_fhr06s_mem%03d 14
+ ls ./sfg_2012102806_fhr06s_mem014
+ n=15
+ [[ 15 -le 80 ]]
++ printf sfg_2012102806_fhr06s_mem%03d 15
++ printf sfg_2012102806_fhr06s_mem%03d 15
+ ln -sf /scratch4/NCEPDEV/da/noscrub/Michael.Lueken/CASES/regional/hwrf_nmm/2012102812/sfg_2012102806_fhr06s_mem015 ./sfg_2012102806_fhr06s_mem015
++ printf sfg_2012102806_fhr06s_mem%03d 15
+ ls ./sfg_2012102806_fhr06s_mem015
+ n=16
+ [[ 16 -le 80 ]]
++ printf sfg_2012102806_fhr06s_mem%03d 16
++ printf sfg_2012102806_fhr06s_mem%03d 16
+ ln -sf /scratch4/NCEPDEV/da/noscrub/Michael.Lueken/CASES/regional/hwrf_nmm/2012102812/sfg_2012102806_fhr06s_mem016 ./sfg_2012102806_fhr06s_mem016
++ printf sfg_2012102806_fhr06s_mem%03d 16
+ ls ./sfg_2012102806_fhr06s_mem016
+ n=17
+ [[ 17 -le 80 ]]
++ printf sfg_2012102806_fhr06s_mem%03d 17
++ printf sfg_2012102806_fhr06s_mem%03d 17
+ ln -sf /scratch4/NCEPDEV/da/noscrub/Michael.Lueken/CASES/regional/hwrf_nmm/2012102812/sfg_2012102806_fhr06s_mem017 ./sfg_2012102806_fhr06s_mem017
++ printf sfg_2012102806_fhr06s_mem%03d 17
+ ls ./sfg_2012102806_fhr06s_mem017
+ n=18
+ [[ 18 -le 80 ]]
++ printf sfg_2012102806_fhr06s_mem%03d 18
++ printf sfg_2012102806_fhr06s_mem%03d 18
+ ln -sf /scratch4/NCEPDEV/da/noscrub/Michael.Lueken/CASES/regional/hwrf_nmm/2012102812/sfg_2012102806_fhr06s_mem018 ./sfg_2012102806_fhr06s_mem018
++ printf sfg_2012102806_fhr06s_mem%03d 18
+ ls ./sfg_2012102806_fhr06s_mem018
+ n=19
+ [[ 19 -le 80 ]]
++ printf sfg_2012102806_fhr06s_mem%03d 19
++ printf sfg_2012102806_fhr06s_mem%03d 19
+ ln -sf /scratch4/NCEPDEV/da/noscrub/Michael.Lueken/CASES/regional/hwrf_nmm/2012102812/sfg_2012102806_fhr06s_mem019 ./sfg_2012102806_fhr06s_mem019
++ printf sfg_2012102806_fhr06s_mem%03d 19
+ ls ./sfg_2012102806_fhr06s_mem019
+ n=20
+ [[ 20 -le 80 ]]
++ printf sfg_2012102806_fhr06s_mem%03d 20
++ printf sfg_2012102806_fhr06s_mem%03d 20
+ ln -sf /scratch4/NCEPDEV/da/noscrub/Michael.Lueken/CASES/regional/hwrf_nmm/2012102812/sfg_2012102806_fhr06s_mem020 ./sfg_2012102806_fhr06s_mem020
++ printf sfg_2012102806_fhr06s_mem%03d 20
+ ls ./sfg_2012102806_fhr06s_mem020
+ n=21
+ [[ 21 -le 80 ]]
++ printf sfg_2012102806_fhr06s_mem%03d 21
++ printf sfg_2012102806_fhr06s_mem%03d 21
+ ln -sf /scratch4/NCEPDEV/da/noscrub/Michael.Lueken/CASES/regional/hwrf_nmm/2012102812/sfg_2012102806_fhr06s_mem021 ./sfg_2012102806_fhr06s_mem021
++ printf sfg_2012102806_fhr06s_mem%03d 21
+ ls ./sfg_2012102806_fhr06s_mem021
+ n=22
+ [[ 22 -le 80 ]]
++ printf sfg_2012102806_fhr06s_mem%03d 22
++ printf sfg_2012102806_fhr06s_mem%03d 22
+ ln -sf /scratch4/NCEPDEV/da/noscrub/Michael.Lueken/CASES/regional/hwrf_nmm/2012102812/sfg_2012102806_fhr06s_mem022 ./sfg_2012102806_fhr06s_mem022
++ printf sfg_2012102806_fhr06s_mem%03d 22
+ ls ./sfg_2012102806_fhr06s_mem022
+ n=23
+ [[ 23 -le 80 ]]
++ printf sfg_2012102806_fhr06s_mem%03d 23
++ printf sfg_2012102806_fhr06s_mem%03d 23
+ ln -sf /scratch4/NCEPDEV/da/noscrub/Michael.Lueken/CASES/regional/hwrf_nmm/2012102812/sfg_2012102806_fhr06s_mem023 ./sfg_2012102806_fhr06s_mem023
++ printf sfg_2012102806_fhr06s_mem%03d 23
+ ls ./sfg_2012102806_fhr06s_mem023
+ n=24
+ [[ 24 -le 80 ]]
++ printf sfg_2012102806_fhr06s_mem%03d 24
++ printf sfg_2012102806_fhr06s_mem%03d 24
+ ln -sf /scratch4/NCEPDEV/da/noscrub/Michael.Lueken/CASES/regional/hwrf_nmm/2012102812/sfg_2012102806_fhr06s_mem024 ./sfg_2012102806_fhr06s_mem024
++ printf sfg_2012102806_fhr06s_mem%03d 24
+ ls ./sfg_2012102806_fhr06s_mem024
+ n=25
+ [[ 25 -le 80 ]]
++ printf sfg_2012102806_fhr06s_mem%03d 25
++ printf sfg_2012102806_fhr06s_mem%03d 25
+ ln -sf /scratch4/NCEPDEV/da/noscrub/Michael.Lueken/CASES/regional/hwrf_nmm/2012102812/sfg_2012102806_fhr06s_mem025 ./sfg_2012102806_fhr06s_mem025
++ printf sfg_2012102806_fhr06s_mem%03d 25
+ ls ./sfg_2012102806_fhr06s_mem025
+ n=26
+ [[ 26 -le 80 ]]
++ printf sfg_2012102806_fhr06s_mem%03d 26
++ printf sfg_2012102806_fhr06s_mem%03d 26
+ ln -sf /scratch4/NCEPDEV/da/noscrub/Michael.Lueken/CASES/regional/hwrf_nmm/2012102812/sfg_2012102806_fhr06s_mem026 ./sfg_2012102806_fhr06s_mem026
++ printf sfg_2012102806_fhr06s_mem%03d 26
+ ls ./sfg_2012102806_fhr06s_mem026
+ n=27
+ [[ 27 -le 80 ]]
++ printf sfg_2012102806_fhr06s_mem%03d 27
++ printf sfg_2012102806_fhr06s_mem%03d 27
+ ln -sf /scratch4/NCEPDEV/da/noscrub/Michael.Lueken/CASES/regional/hwrf_nmm/2012102812/sfg_2012102806_fhr06s_mem027 ./sfg_2012102806_fhr06s_mem027
++ printf sfg_2012102806_fhr06s_mem%03d 27
+ ls ./sfg_2012102806_fhr06s_mem027
+ n=28
+ [[ 28 -le 80 ]]
++ printf sfg_2012102806_fhr06s_mem%03d 28
++ printf sfg_2012102806_fhr06s_mem%03d 28
+ ln -sf /scratch4/NCEPDEV/da/noscrub/Michael.Lueken/CASES/regional/hwrf_nmm/2012102812/sfg_2012102806_fhr06s_mem028 ./sfg_2012102806_fhr06s_mem028
++ printf sfg_2012102806_fhr06s_mem%03d 28
+ ls ./sfg_2012102806_fhr06s_mem028
+ n=29
+ [[ 29 -le 80 ]]
++ printf sfg_2012102806_fhr06s_mem%03d 29
++ printf sfg_2012102806_fhr06s_mem%03d 29
+ ln -sf /scratch4/NCEPDEV/da/noscrub/Michael.Lueken/CASES/regional/hwrf_nmm/2012102812/sfg_2012102806_fhr06s_mem029 ./sfg_2012102806_fhr06s_mem029
++ printf sfg_2012102806_fhr06s_mem%03d 29
+ ls ./sfg_2012102806_fhr06s_mem029
+ n=30
+ [[ 30 -le 80 ]]
++ printf sfg_2012102806_fhr06s_mem%03d 30
++ printf sfg_2012102806_fhr06s_mem%03d 30
+ ln -sf /scratch4/NCEPDEV/da/noscrub/Michael.Lueken/CASES/regional/hwrf_nmm/2012102812/sfg_2012102806_fhr06s_mem030 ./sfg_2012102806_fhr06s_mem030
++ printf sfg_2012102806_fhr06s_mem%03d 30
+ ls ./sfg_2012102806_fhr06s_mem030
+ n=31
+ [[ 31 -le 80 ]]
++ printf sfg_2012102806_fhr06s_mem%03d 31
++ printf sfg_2012102806_fhr06s_mem%03d 31
+ ln -sf /scratch4/NCEPDEV/da/noscrub/Michael.Lueken/CASES/regional/hwrf_nmm/2012102812/sfg_2012102806_fhr06s_mem031 ./sfg_2012102806_fhr06s_mem031
++ printf sfg_2012102806_fhr06s_mem%03d 31
+ ls ./sfg_2012102806_fhr06s_mem031
+ n=32
+ [[ 32 -le 80 ]]
++ printf sfg_2012102806_fhr06s_mem%03d 32
++ printf sfg_2012102806_fhr06s_mem%03d 32
+ ln -sf /scratch4/NCEPDEV/da/noscrub/Michael.Lueken/CASES/regional/hwrf_nmm/2012102812/sfg_2012102806_fhr06s_mem032 ./sfg_2012102806_fhr06s_mem032
++ printf sfg_2012102806_fhr06s_mem%03d 32
+ ls ./sfg_2012102806_fhr06s_mem032
+ n=33
+ [[ 33 -le 80 ]]
++ printf sfg_2012102806_fhr06s_mem%03d 33
++ printf sfg_2012102806_fhr06s_mem%03d 33
+ ln -sf /scratch4/NCEPDEV/da/noscrub/Michael.Lueken/CASES/regional/hwrf_nmm/2012102812/sfg_2012102806_fhr06s_mem033 ./sfg_2012102806_fhr06s_mem033
++ printf sfg_2012102806_fhr06s_mem%03d 33
+ ls ./sfg_2012102806_fhr06s_mem033
+ n=34
+ [[ 34 -le 80 ]]
++ printf sfg_2012102806_fhr06s_mem%03d 34
++ printf sfg_2012102806_fhr06s_mem%03d 34
+ ln -sf /scratch4/NCEPDEV/da/noscrub/Michael.Lueken/CASES/regional/hwrf_nmm/2012102812/sfg_2012102806_fhr06s_mem034 ./sfg_2012102806_fhr06s_mem034
++ printf sfg_2012102806_fhr06s_mem%03d 34
+ ls ./sfg_2012102806_fhr06s_mem034
+ n=35
+ [[ 35 -le 80 ]]
++ printf sfg_2012102806_fhr06s_mem%03d 35
++ printf sfg_2012102806_fhr06s_mem%03d 35
+ ln -sf /scratch4/NCEPDEV/da/noscrub/Michael.Lueken/CASES/regional/hwrf_nmm/2012102812/sfg_2012102806_fhr06s_mem035 ./sfg_2012102806_fhr06s_mem035
++ printf sfg_2012102806_fhr06s_mem%03d 35
+ ls ./sfg_2012102806_fhr06s_mem035
+ n=36
+ [[ 36 -le 80 ]]
++ printf sfg_2012102806_fhr06s_mem%03d 36
++ printf sfg_2012102806_fhr06s_mem%03d 36
+ ln -sf /scratch4/NCEPDEV/da/noscrub/Michael.Lueken/CASES/regional/hwrf_nmm/2012102812/sfg_2012102806_fhr06s_mem036 ./sfg_2012102806_fhr06s_mem036
++ printf sfg_2012102806_fhr06s_mem%03d 36
+ ls ./sfg_2012102806_fhr06s_mem036
+ n=37
+ [[ 37 -le 80 ]]
++ printf sfg_2012102806_fhr06s_mem%03d 37
++ printf sfg_2012102806_fhr06s_mem%03d 37
+ ln -sf /scratch4/NCEPDEV/da/noscrub/Michael.Lueken/CASES/regional/hwrf_nmm/2012102812/sfg_2012102806_fhr06s_mem037 ./sfg_2012102806_fhr06s_mem037
++ printf sfg_2012102806_fhr06s_mem%03d 37
+ ls ./sfg_2012102806_fhr06s_mem037
+ n=38
+ [[ 38 -le 80 ]]
++ printf sfg_2012102806_fhr06s_mem%03d 38
++ printf sfg_2012102806_fhr06s_mem%03d 38
+ ln -sf /scratch4/NCEPDEV/da/noscrub/Michael.Lueken/CASES/regional/hwrf_nmm/2012102812/sfg_2012102806_fhr06s_mem038 ./sfg_2012102806_fhr06s_mem038
++ printf sfg_2012102806_fhr06s_mem%03d 38
+ ls ./sfg_2012102806_fhr06s_mem038
+ n=39
+ [[ 39 -le 80 ]]
++ printf sfg_2012102806_fhr06s_mem%03d 39
++ printf sfg_2012102806_fhr06s_mem%03d 39
+ ln -sf /scratch4/NCEPDEV/da/noscrub/Michael.Lueken/CASES/regional/hwrf_nmm/2012102812/sfg_2012102806_fhr06s_mem039 ./sfg_2012102806_fhr06s_mem039
++ printf sfg_2012102806_fhr06s_mem%03d 39
+ ls ./sfg_2012102806_fhr06s_mem039
+ n=40
+ [[ 40 -le 80 ]]
++ printf sfg_2012102806_fhr06s_mem%03d 40
++ printf sfg_2012102806_fhr06s_mem%03d 40
+ ln -sf /scratch4/NCEPDEV/da/noscrub/Michael.Lueken/CASES/regional/hwrf_nmm/2012102812/sfg_2012102806_fhr06s_mem040 ./sfg_2012102806_fhr06s_mem040
++ printf sfg_2012102806_fhr06s_mem%03d 40
+ ls ./sfg_2012102806_fhr06s_mem040
+ n=41
+ [[ 41 -le 80 ]]
++ printf sfg_2012102806_fhr06s_mem%03d 41
++ printf sfg_2012102806_fhr06s_mem%03d 41
+ ln -sf /scratch4/NCEPDEV/da/noscrub/Michael.Lueken/CASES/regional/hwrf_nmm/2012102812/sfg_2012102806_fhr06s_mem041 ./sfg_2012102806_fhr06s_mem041
++ printf sfg_2012102806_fhr06s_mem%03d 41
+ ls ./sfg_2012102806_fhr06s_mem041
+ n=42
+ [[ 42 -le 80 ]]
++ printf sfg_2012102806_fhr06s_mem%03d 42
++ printf sfg_2012102806_fhr06s_mem%03d 42
+ ln -sf /scratch4/NCEPDEV/da/noscrub/Michael.Lueken/CASES/regional/hwrf_nmm/2012102812/sfg_2012102806_fhr06s_mem042 ./sfg_2012102806_fhr06s_mem042
++ printf sfg_2012102806_fhr06s_mem%03d 42
+ ls ./sfg_2012102806_fhr06s_mem042
+ n=43
+ [[ 43 -le 80 ]]
++ printf sfg_2012102806_fhr06s_mem%03d 43
++ printf sfg_2012102806_fhr06s_mem%03d 43
+ ln -sf /scratch4/NCEPDEV/da/noscrub/Michael.Lueken/CASES/regional/hwrf_nmm/2012102812/sfg_2012102806_fhr06s_mem043 ./sfg_2012102806_fhr06s_mem043
++ printf sfg_2012102806_fhr06s_mem%03d 43
+ ls ./sfg_2012102806_fhr06s_mem043
+ n=44
+ [[ 44 -le 80 ]]
++ printf sfg_2012102806_fhr06s_mem%03d 44
++ printf sfg_2012102806_fhr06s_mem%03d 44
+ ln -sf /scratch4/NCEPDEV/da/noscrub/Michael.Lueken/CASES/regional/hwrf_nmm/2012102812/sfg_2012102806_fhr06s_mem044 ./sfg_2012102806_fhr06s_mem044
++ printf sfg_2012102806_fhr06s_mem%03d 44
+ ls ./sfg_2012102806_fhr06s_mem044
+ n=45
+ [[ 45 -le 80 ]]
++ printf sfg_2012102806_fhr06s_mem%03d 45
++ printf sfg_2012102806_fhr06s_mem%03d 45
+ ln -sf /scratch4/NCEPDEV/da/noscrub/Michael.Lueken/CASES/regional/hwrf_nmm/2012102812/sfg_2012102806_fhr06s_mem045 ./sfg_2012102806_fhr06s_mem045
++ printf sfg_2012102806_fhr06s_mem%03d 45
+ ls ./sfg_2012102806_fhr06s_mem045
+ n=46
+ [[ 46 -le 80 ]]
++ printf sfg_2012102806_fhr06s_mem%03d 46
++ printf sfg_2012102806_fhr06s_mem%03d 46
+ ln -sf /scratch4/NCEPDEV/da/noscrub/Michael.Lueken/CASES/regional/hwrf_nmm/2012102812/sfg_2012102806_fhr06s_mem046 ./sfg_2012102806_fhr06s_mem046
++ printf sfg_2012102806_fhr06s_mem%03d 46
+ ls ./sfg_2012102806_fhr06s_mem046
+ n=47
+ [[ 47 -le 80 ]]
++ printf sfg_2012102806_fhr06s_mem%03d 47
++ printf sfg_2012102806_fhr06s_mem%03d 47
+ ln -sf /scratch4/NCEPDEV/da/noscrub/Michael.Lueken/CASES/regional/hwrf_nmm/2012102812/sfg_2012102806_fhr06s_mem047 ./sfg_2012102806_fhr06s_mem047
++ printf sfg_2012102806_fhr06s_mem%03d 47
+ ls ./sfg_2012102806_fhr06s_mem047
+ n=48
+ [[ 48 -le 80 ]]
++ printf sfg_2012102806_fhr06s_mem%03d 48
++ printf sfg_2012102806_fhr06s_mem%03d 48
+ ln -sf /scratch4/NCEPDEV/da/noscrub/Michael.Lueken/CASES/regional/hwrf_nmm/2012102812/sfg_2012102806_fhr06s_mem048 ./sfg_2012102806_fhr06s_mem048
++ printf sfg_2012102806_fhr06s_mem%03d 48
+ ls ./sfg_2012102806_fhr06s_mem048
+ n=49
+ [[ 49 -le 80 ]]
++ printf sfg_2012102806_fhr06s_mem%03d 49
++ printf sfg_2012102806_fhr06s_mem%03d 49
+ ln -sf /scratch4/NCEPDEV/da/noscrub/Michael.Lueken/CASES/regional/hwrf_nmm/2012102812/sfg_2012102806_fhr06s_mem049 ./sfg_2012102806_fhr06s_mem049
++ printf sfg_2012102806_fhr06s_mem%03d 49
+ ls ./sfg_2012102806_fhr06s_mem049
+ n=50
+ [[ 50 -le 80 ]]
++ printf sfg_2012102806_fhr06s_mem%03d 50
++ printf sfg_2012102806_fhr06s_mem%03d 50
+ ln -sf /scratch4/NCEPDEV/da/noscrub/Michael.Lueken/CASES/regional/hwrf_nmm/2012102812/sfg_2012102806_fhr06s_mem050 ./sfg_2012102806_fhr06s_mem050
++ printf sfg_2012102806_fhr06s_mem%03d 50
+ ls ./sfg_2012102806_fhr06s_mem050
+ n=51
+ [[ 51 -le 80 ]]
++ printf sfg_2012102806_fhr06s_mem%03d 51
++ printf sfg_2012102806_fhr06s_mem%03d 51
+ ln -sf /scratch4/NCEPDEV/da/noscrub/Michael.Lueken/CASES/regional/hwrf_nmm/2012102812/sfg_2012102806_fhr06s_mem051 ./sfg_2012102806_fhr06s_mem051
++ printf sfg_2012102806_fhr06s_mem%03d 51
+ ls ./sfg_2012102806_fhr06s_mem051
+ n=52
+ [[ 52 -le 80 ]]
++ printf sfg_2012102806_fhr06s_mem%03d 52
++ printf sfg_2012102806_fhr06s_mem%03d 52
+ ln -sf /scratch4/NCEPDEV/da/noscrub/Michael.Lueken/CASES/regional/hwrf_nmm/2012102812/sfg_2012102806_fhr06s_mem052 ./sfg_2012102806_fhr06s_mem052
++ printf sfg_2012102806_fhr06s_mem%03d 52
+ ls ./sfg_2012102806_fhr06s_mem052
+ n=53
+ [[ 53 -le 80 ]]
++ printf sfg_2012102806_fhr06s_mem%03d 53
++ printf sfg_2012102806_fhr06s_mem%03d 53
+ ln -sf /scratch4/NCEPDEV/da/noscrub/Michael.Lueken/CASES/regional/hwrf_nmm/2012102812/sfg_2012102806_fhr06s_mem053 ./sfg_2012102806_fhr06s_mem053
++ printf sfg_2012102806_fhr06s_mem%03d 53
+ ls ./sfg_2012102806_fhr06s_mem053
+ n=54
+ [[ 54 -le 80 ]]
++ printf sfg_2012102806_fhr06s_mem%03d 54
++ printf sfg_2012102806_fhr06s_mem%03d 54
+ ln -sf /scratch4/NCEPDEV/da/noscrub/Michael.Lueken/CASES/regional/hwrf_nmm/2012102812/sfg_2012102806_fhr06s_mem054 ./sfg_2012102806_fhr06s_mem054
++ printf sfg_2012102806_fhr06s_mem%03d 54
+ ls ./sfg_2012102806_fhr06s_mem054
+ n=55
+ [[ 55 -le 80 ]]
++ printf sfg_2012102806_fhr06s_mem%03d 55
++ printf sfg_2012102806_fhr06s_mem%03d 55
+ ln -sf /scratch4/NCEPDEV/da/noscrub/Michael.Lueken/CASES/regional/hwrf_nmm/2012102812/sfg_2012102806_fhr06s_mem055 ./sfg_2012102806_fhr06s_mem055
++ printf sfg_2012102806_fhr06s_mem%03d 55
+ ls ./sfg_2012102806_fhr06s_mem055
+ n=56
+ [[ 56 -le 80 ]]
++ printf sfg_2012102806_fhr06s_mem%03d 56
++ printf sfg_2012102806_fhr06s_mem%03d 56
+ ln -sf /scratch4/NCEPDEV/da/noscrub/Michael.Lueken/CASES/regional/hwrf_nmm/2012102812/sfg_2012102806_fhr06s_mem056 ./sfg_2012102806_fhr06s_mem056
++ printf sfg_2012102806_fhr06s_mem%03d 56
+ ls ./sfg_2012102806_fhr06s_mem056
+ n=57
+ [[ 57 -le 80 ]]
++ printf sfg_2012102806_fhr06s_mem%03d 57
++ printf sfg_2012102806_fhr06s_mem%03d 57
+ ln -sf /scratch4/NCEPDEV/da/noscrub/Michael.Lueken/CASES/regional/hwrf_nmm/2012102812/sfg_2012102806_fhr06s_mem057 ./sfg_2012102806_fhr06s_mem057
++ printf sfg_2012102806_fhr06s_mem%03d 57
+ ls ./sfg_2012102806_fhr06s_mem057
+ n=58
+ [[ 58 -le 80 ]]
++ printf sfg_2012102806_fhr06s_mem%03d 58
++ printf sfg_2012102806_fhr06s_mem%03d 58
+ ln -sf /scratch4/NCEPDEV/da/noscrub/Michael.Lueken/CASES/regional/hwrf_nmm/2012102812/sfg_2012102806_fhr06s_mem058 ./sfg_2012102806_fhr06s_mem058
++ printf sfg_2012102806_fhr06s_mem%03d 58
+ ls ./sfg_2012102806_fhr06s_mem058
+ n=59
+ [[ 59 -le 80 ]]
++ printf sfg_2012102806_fhr06s_mem%03d 59
++ printf sfg_2012102806_fhr06s_mem%03d 59
+ ln -sf /scratch4/NCEPDEV/da/noscrub/Michael.Lueken/CASES/regional/hwrf_nmm/2012102812/sfg_2012102806_fhr06s_mem059 ./sfg_2012102806_fhr06s_mem059
++ printf sfg_2012102806_fhr06s_mem%03d 59
+ ls ./sfg_2012102806_fhr06s_mem059
+ n=60
+ [[ 60 -le 80 ]]
++ printf sfg_2012102806_fhr06s_mem%03d 60
++ printf sfg_2012102806_fhr06s_mem%03d 60
+ ln -sf /scratch4/NCEPDEV/da/noscrub/Michael.Lueken/CASES/regional/hwrf_nmm/2012102812/sfg_2012102806_fhr06s_mem060 ./sfg_2012102806_fhr06s_mem060
++ printf sfg_2012102806_fhr06s_mem%03d 60
+ ls ./sfg_2012102806_fhr06s_mem060
+ n=61
+ [[ 61 -le 80 ]]
++ printf sfg_2012102806_fhr06s_mem%03d 61
++ printf sfg_2012102806_fhr06s_mem%03d 61
+ ln -sf /scratch4/NCEPDEV/da/noscrub/Michael.Lueken/CASES/regional/hwrf_nmm/2012102812/sfg_2012102806_fhr06s_mem061 ./sfg_2012102806_fhr06s_mem061
++ printf sfg_2012102806_fhr06s_mem%03d 61
+ ls ./sfg_2012102806_fhr06s_mem061
+ n=62
+ [[ 62 -le 80 ]]
++ printf sfg_2012102806_fhr06s_mem%03d 62
++ printf sfg_2012102806_fhr06s_mem%03d 62
+ ln -sf /scratch4/NCEPDEV/da/noscrub/Michael.Lueken/CASES/regional/hwrf_nmm/2012102812/sfg_2012102806_fhr06s_mem062 ./sfg_2012102806_fhr06s_mem062
++ printf sfg_2012102806_fhr06s_mem%03d 62
+ ls ./sfg_2012102806_fhr06s_mem062
+ n=63
+ [[ 63 -le 80 ]]
++ printf sfg_2012102806_fhr06s_mem%03d 63
++ printf sfg_2012102806_fhr06s_mem%03d 63
+ ln -sf /scratch4/NCEPDEV/da/noscrub/Michael.Lueken/CASES/regional/hwrf_nmm/2012102812/sfg_2012102806_fhr06s_mem063 ./sfg_2012102806_fhr06s_mem063
++ printf sfg_2012102806_fhr06s_mem%03d 63
+ ls ./sfg_2012102806_fhr06s_mem063
+ n=64
+ [[ 64 -le 80 ]]
++ printf sfg_2012102806_fhr06s_mem%03d 64
++ printf sfg_2012102806_fhr06s_mem%03d 64
+ ln -sf /scratch4/NCEPDEV/da/noscrub/Michael.Lueken/CASES/regional/hwrf_nmm/2012102812/sfg_2012102806_fhr06s_mem064 ./sfg_2012102806_fhr06s_mem064
++ printf sfg_2012102806_fhr06s_mem%03d 64
+ ls ./sfg_2012102806_fhr06s_mem064
+ n=65
+ [[ 65 -le 80 ]]
++ printf sfg_2012102806_fhr06s_mem%03d 65
++ printf sfg_2012102806_fhr06s_mem%03d 65
+ ln -sf /scratch4/NCEPDEV/da/noscrub/Michael.Lueken/CASES/regional/hwrf_nmm/2012102812/sfg_2012102806_fhr06s_mem065 ./sfg_2012102806_fhr06s_mem065
++ printf sfg_2012102806_fhr06s_mem%03d 65
+ ls ./sfg_2012102806_fhr06s_mem065
+ n=66
+ [[ 66 -le 80 ]]
++ printf sfg_2012102806_fhr06s_mem%03d 66
++ printf sfg_2012102806_fhr06s_mem%03d 66
+ ln -sf /scratch4/NCEPDEV/da/noscrub/Michael.Lueken/CASES/regional/hwrf_nmm/2012102812/sfg_2012102806_fhr06s_mem066 ./sfg_2012102806_fhr06s_mem066
++ printf sfg_2012102806_fhr06s_mem%03d 66
+ ls ./sfg_2012102806_fhr06s_mem066
+ n=67
+ [[ 67 -le 80 ]]
++ printf sfg_2012102806_fhr06s_mem%03d 67
++ printf sfg_2012102806_fhr06s_mem%03d 67
+ ln -sf /scratch4/NCEPDEV/da/noscrub/Michael.Lueken/CASES/regional/hwrf_nmm/2012102812/sfg_2012102806_fhr06s_mem067 ./sfg_2012102806_fhr06s_mem067
++ printf sfg_2012102806_fhr06s_mem%03d 67
+ ls ./sfg_2012102806_fhr06s_mem067
+ n=68
+ [[ 68 -le 80 ]]
++ printf sfg_2012102806_fhr06s_mem%03d 68
++ printf sfg_2012102806_fhr06s_mem%03d 68
+ ln -sf /scratch4/NCEPDEV/da/noscrub/Michael.Lueken/CASES/regional/hwrf_nmm/2012102812/sfg_2012102806_fhr06s_mem068 ./sfg_2012102806_fhr06s_mem068
++ printf sfg_2012102806_fhr06s_mem%03d 68
+ ls ./sfg_2012102806_fhr06s_mem068
+ n=69
+ [[ 69 -le 80 ]]
++ printf sfg_2012102806_fhr06s_mem%03d 69
++ printf sfg_2012102806_fhr06s_mem%03d 69
+ ln -sf /scratch4/NCEPDEV/da/noscrub/Michael.Lueken/CASES/regional/hwrf_nmm/2012102812/sfg_2012102806_fhr06s_mem069 ./sfg_2012102806_fhr06s_mem069
++ printf sfg_2012102806_fhr06s_mem%03d 69
+ ls ./sfg_2012102806_fhr06s_mem069
+ n=70
+ [[ 70 -le 80 ]]
++ printf sfg_2012102806_fhr06s_mem%03d 70
++ printf sfg_2012102806_fhr06s_mem%03d 70
+ ln -sf /scratch4/NCEPDEV/da/noscrub/Michael.Lueken/CASES/regional/hwrf_nmm/2012102812/sfg_2012102806_fhr06s_mem070 ./sfg_2012102806_fhr06s_mem070
++ printf sfg_2012102806_fhr06s_mem%03d 70
+ ls ./sfg_2012102806_fhr06s_mem070
+ n=71
+ [[ 71 -le 80 ]]
++ printf sfg_2012102806_fhr06s_mem%03d 71
++ printf sfg_2012102806_fhr06s_mem%03d 71
+ ln -sf /scratch4/NCEPDEV/da/noscrub/Michael.Lueken/CASES/regional/hwrf_nmm/2012102812/sfg_2012102806_fhr06s_mem071 ./sfg_2012102806_fhr06s_mem071
++ printf sfg_2012102806_fhr06s_mem%03d 71
+ ls ./sfg_2012102806_fhr06s_mem071
+ n=72
+ [[ 72 -le 80 ]]
++ printf sfg_2012102806_fhr06s_mem%03d 72
++ printf sfg_2012102806_fhr06s_mem%03d 72
+ ln -sf /scratch4/NCEPDEV/da/noscrub/Michael.Lueken/CASES/regional/hwrf_nmm/2012102812/sfg_2012102806_fhr06s_mem072 ./sfg_2012102806_fhr06s_mem072
++ printf sfg_2012102806_fhr06s_mem%03d 72
+ ls ./sfg_2012102806_fhr06s_mem072
+ n=73
+ [[ 73 -le 80 ]]
++ printf sfg_2012102806_fhr06s_mem%03d 73
++ printf sfg_2012102806_fhr06s_mem%03d 73
+ ln -sf /scratch4/NCEPDEV/da/noscrub/Michael.Lueken/CASES/regional/hwrf_nmm/2012102812/sfg_2012102806_fhr06s_mem073 ./sfg_2012102806_fhr06s_mem073
++ printf sfg_2012102806_fhr06s_mem%03d 73
+ ls ./sfg_2012102806_fhr06s_mem073
+ n=74
+ [[ 74 -le 80 ]]
++ printf sfg_2012102806_fhr06s_mem%03d 74
++ printf sfg_2012102806_fhr06s_mem%03d 74
+ ln -sf /scratch4/NCEPDEV/da/noscrub/Michael.Lueken/CASES/regional/hwrf_nmm/2012102812/sfg_2012102806_fhr06s_mem074 ./sfg_2012102806_fhr06s_mem074
++ printf sfg_2012102806_fhr06s_mem%03d 74
+ ls ./sfg_2012102806_fhr06s_mem074
+ n=75
+ [[ 75 -le 80 ]]
++ printf sfg_2012102806_fhr06s_mem%03d 75
++ printf sfg_2012102806_fhr06s_mem%03d 75
+ ln -sf /scratch4/NCEPDEV/da/noscrub/Michael.Lueken/CASES/regional/hwrf_nmm/2012102812/sfg_2012102806_fhr06s_mem075 ./sfg_2012102806_fhr06s_mem075
++ printf sfg_2012102806_fhr06s_mem%03d 75
+ ls ./sfg_2012102806_fhr06s_mem075
+ n=76
+ [[ 76 -le 80 ]]
++ printf sfg_2012102806_fhr06s_mem%03d 76
++ printf sfg_2012102806_fhr06s_mem%03d 76
+ ln -sf /scratch4/NCEPDEV/da/noscrub/Michael.Lueken/CASES/regional/hwrf_nmm/2012102812/sfg_2012102806_fhr06s_mem076 ./sfg_2012102806_fhr06s_mem076
++ printf sfg_2012102806_fhr06s_mem%03d 76
+ ls ./sfg_2012102806_fhr06s_mem076
+ n=77
+ [[ 77 -le 80 ]]
++ printf sfg_2012102806_fhr06s_mem%03d 77
++ printf sfg_2012102806_fhr06s_mem%03d 77
+ ln -sf /scratch4/NCEPDEV/da/noscrub/Michael.Lueken/CASES/regional/hwrf_nmm/2012102812/sfg_2012102806_fhr06s_mem077 ./sfg_2012102806_fhr06s_mem077
++ printf sfg_2012102806_fhr06s_mem%03d 77
+ ls ./sfg_2012102806_fhr06s_mem077
+ n=78
+ [[ 78 -le 80 ]]
++ printf sfg_2012102806_fhr06s_mem%03d 78
++ printf sfg_2012102806_fhr06s_mem%03d 78
+ ln -sf /scratch4/NCEPDEV/da/noscrub/Michael.Lueken/CASES/regional/hwrf_nmm/2012102812/sfg_2012102806_fhr06s_mem078 ./sfg_2012102806_fhr06s_mem078
++ printf sfg_2012102806_fhr06s_mem%03d 78
+ ls ./sfg_2012102806_fhr06s_mem078
+ n=79
+ [[ 79 -le 80 ]]
++ printf sfg_2012102806_fhr06s_mem%03d 79
++ printf sfg_2012102806_fhr06s_mem%03d 79
+ ln -sf /scratch4/NCEPDEV/da/noscrub/Michael.Lueken/CASES/regional/hwrf_nmm/2012102812/sfg_2012102806_fhr06s_mem079 ./sfg_2012102806_fhr06s_mem079
++ printf sfg_2012102806_fhr06s_mem%03d 79
+ ls ./sfg_2012102806_fhr06s_mem079
+ n=80
+ [[ 80 -le 80 ]]
++ printf sfg_2012102806_fhr06s_mem%03d 80
++ printf sfg_2012102806_fhr06s_mem%03d 80
+ ln -sf /scratch4/NCEPDEV/da/noscrub/Michael.Lueken/CASES/regional/hwrf_nmm/2012102812/sfg_2012102806_fhr06s_mem080 ./sfg_2012102806_fhr06s_mem080
++ printf sfg_2012102806_fhr06s_mem%03d 80
+ ls ./sfg_2012102806_fhr06s_mem080
+ n=81
+ [[ 81 -le 80 ]]
+ cd /scratch4/NCEPDEV/stmp3/Louis.Kouvaris/_scratch4_NCEPDEV_da_save_Louis.Kouvaris_fv3gfs_sorc_gsi.fd_build/tmpreg_hwrf_nmm_d2/hwrf_nmm_d2_loproc_contrl
+ echo 'run gsi now'
run gsi now
+ eval 'srun /scratch4/NCEPDEV/stmp3/Louis.Kouvaris/_scratch4_NCEPDEV_da_save_Louis.Kouvaris_fv3gfs_sorc_gsi.fd_build/tmpreg_hwrf_nmm_d2/hwrf_nmm_d2_loproc_contrl/gsi.x > stdout 2>&1'
++ srun /scratch4/NCEPDEV/stmp3/Louis.Kouvaris/_scratch4_NCEPDEV_da_save_Louis.Kouvaris_fv3gfs_sorc_gsi.fd_build/tmpreg_hwrf_nmm_d2/hwrf_nmm_d2_loproc_contrl/gsi.x
+ rc=0
+ exit 0
_______________________________________________________________
Start Epilog v19.07.23 on node t1085 for job 2015391 :: Mon Aug 19 20:19:40 UTC 2019
Job 2015391 (not serial) finished for user Louis.Kouvaris in partition theia with exit code 0:0
_______________________________________________________________
End Epilogue v19.07.23 Mon Aug 19 20:19:40 UTC 2019
