Start prolog.task v19.07.23 on node t0625 for job 2014933 :: Mon Aug 19 20:10:11 GMT 2019
_______________________________________________________________
End prolog.task v19.07.23 Mon Aug 19 20:10:11 GMT 2019
_scratch4_NCEPDEV_da_save_Louis.Kouvaris_fv3gfs_sorc_gsi.fd_build
beginning regression_var.sh, machine is Theia
machine is set to 'Theia'
done loading modules

Currently Loaded Modules:
  1) intel/15.6.233    6) nemsio/v2.2.1  11) w3emc/v2.3.0
  2) mvapich2/2.1rc1   7) sfcio/v1.0.0   12) bacio/v2.0.2
  3) hdf5/1.8.14       8) sigio/v2.0.1   13) crtm/v2.2.3
  4) netcdf/4.3.0      9) sp/v2.0.2      14) prod_util/1.0.18
  5) bufr/v10.2.5     10) w3nco/v2.0.6   15) cmake/3.12.3-gcc-8.2.0

 

+ io_format=binary
+ [[ binary = \b\i\n\a\r\y ]]
+ NETCDF=.false.
+ FORMAT=binary
+ exp=nmm_binary_loproc_updat
+ export LEVS=60
+ LEVS=60
+ export JCAP_B=62
+ JCAP_B=62
+ [[ binary = \b\i\n\a\r\y ]]
+ export LEVS=60
+ LEVS=60
+ export DELTIM=1200
+ DELTIM=1200
+ tmpdir=/scratch4/NCEPDEV/stmp3/Louis.Kouvaris/_scratch4_NCEPDEV_da_save_Louis.Kouvaris_fv3gfs_sorc_gsi.fd_build/tmpreg_nmm_binary/nmm_binary_loproc_updat
+ savdir=/scratch4/NCEPDEV/stmp3/Louis.Kouvaris/_scratch4_NCEPDEV_da_save_Louis.Kouvaris_fv3gfs_sorc_gsi.fd_build/outreg/nmm_binary/nmm_binary_loproc_updat
+ fixcrtm=/scratch4/NCEPDEV/da/save/Michael.Lueken/nwprod/lib/crtm/2.2.3/fix_update
+ CLEAN=NO
+ ncp=/bin/cp
++ echo 2010021600
++ cut -c1-8
+ sdate=20100216
++ /scratch4/NCEPDEV/da/save/Michael.Lueken/nwprod/util/exec/ndate +12 2010021600
+ odate=2010021612
++ echo 2010021600
++ cut -c9-10
+ hha=00
++ echo 2010021612
++ cut -c9-10
+ hho=12
+ prefixo=ndas.t12z
+ prefixa=ndas.t00z
+ suffix=tm12.bufr_d
+ rm -rf /scratch4/NCEPDEV/stmp3/Louis.Kouvaris/_scratch4_NCEPDEV_da_save_Louis.Kouvaris_fv3gfs_sorc_gsi.fd_build/tmpreg_nmm_binary/nmm_binary_loproc_updat
+ mkdir -p /scratch4/NCEPDEV/stmp3/Louis.Kouvaris/_scratch4_NCEPDEV_da_save_Louis.Kouvaris_fv3gfs_sorc_gsi.fd_build/tmpreg_nmm_binary/nmm_binary_loproc_updat
+ chgrp rstprod /scratch4/NCEPDEV/stmp3/Louis.Kouvaris/_scratch4_NCEPDEV_da_save_Louis.Kouvaris_fv3gfs_sorc_gsi.fd_build/tmpreg_nmm_binary/nmm_binary_loproc_updat
+ chmod 750 /scratch4/NCEPDEV/stmp3/Louis.Kouvaris/_scratch4_NCEPDEV_da_save_Louis.Kouvaris_fv3gfs_sorc_gsi.fd_build/tmpreg_nmm_binary/nmm_binary_loproc_updat
+ cd /scratch4/NCEPDEV/stmp3/Louis.Kouvaris/_scratch4_NCEPDEV_da_save_Louis.Kouvaris_fv3gfs_sorc_gsi.fd_build/tmpreg_nmm_binary/nmm_binary_loproc_updat
+ rm -rf 'core*'
+ ICO2=0
+ '[' 0 -gt 0 ']'
+ . /scratch4/NCEPDEV/da/save/Louis.Kouvaris/fv3gfs/sorc/gsi.fd/regression/regression_nl_update.sh
+++ expr substr nmm_binary_loproc_updat 1 6
++ [[ nmm_bi = \g\l\o\b\a\l ]]
+++ expr substr nmm_binary_loproc_updat 1 4
++ [[ nmm_ = \r\t\m\a ]]
++ export OBSQC_update=
++ OBSQC_update=
++ export GRIDOPTS_update=
++ GRIDOPTS_update=
++ export BKGVERR_update=
++ BKGVERR_update=
++ export ANBKGERR_update=
++ ANBKGERR_update=
++ export JCOPTS_update=
++ JCOPTS_update=
+++ expr substr nmm_binary_loproc_updat 1 6
++ [[ nmm_bi = \g\l\o\b\a\l ]]
++ export OBSINPUT_update=
++ OBSINPUT_update=
++ export SUPERRAD_update=
++ SUPERRAD_update=
++ export SINGLEOB_update=
++ SINGLEOB_update=
+ SETUP=
+ GRIDOPTS=
+ BKGVERR=
+ ANBKGERR=
+ JCOPTS=
+ STRONGOPTS=
+ OBSQC=
+ OBSINPUT=
+ SUPERRAD=
+ SINGLEOB=
+ '[' .false. = .false. ']'
+ . /scratch4/NCEPDEV/da/save/Louis.Kouvaris/fv3gfs/sorc/gsi.fd/regression/regression_namelists.sh nmm_binary
++ regtest=nmm_binary
++ case $regtest in
++ export 'gsi_namelist=

 &SETUP
   miter=2,niter(1)=50,niter(2)=50,
   write_diag(1)=.true.,write_diag(2)=.false.,write_diag(3)=.true.,
   gencode=78,qoption=2,
   factqmin=0.0,factqmax=0.0,deltim=1200,
   iguess=-1,
   oneobtest=.false.,retrieval=.false.,
   nhr_assimilation=3,l_foto=.false.,
   use_pbl=.false.,use_compress=.false.,nsig_ext=13,gpstop=30.,
   lrun_subdirs=.true.,
   
 /
 &GRIDOPTS
   JCAP=62,JCAP_B=62,NLAT=,NLON=,nsig=60,
   wrf_nmm_regional=.true.,wrf_mass_regional=.false.,diagnostic_reg=.false.,
   filled_grid=.false.,half_grid=.true.,netcdf=.false.,
 /
 &BKGERR
   hzscl=0.373,0.746,1.50,
   vs=1.0,bw=0.,fstat=.true.,
 /
 &ANBKGERR
   anisotropic=.false.,an_vs=1.0,ngauss=1,
   an_flen_u=-5.,an_flen_t=3.,an_flen_z=-200.,
   ifilt_ord=2,npass=3,normal=-200,grid_ratio=4.,nord_f2a=4,
 /
 &JCOPTS
 /
 &STRONGOPTS
   nstrong=0,nvmodes_keep=20,period_max=3.,
   baldiag_full=.true.,baldiag_inc=.true.,
 /
 &OBSQC
   dfact=0.75,dfact1=3.0,noiqc=.true.,c_varqc=0.02,vadfile='\''prepbufr'\'',oberrflg=.false.,njqc=.false.,vqc=.true.,
 /
 &OBS_INPUT
   dmesh(1)=120.0,dmesh(2)=60.0,dmesh(3)=60.0,dmesh(4)=60.0,dmesh(5)=120,time_window_max=1.5,
 /
OBS_INPUT::
!  dfile          dtype       dplat       dsis                  dval    dthin  dsfcalc
   prepbufr       ps          null        ps                    1.0      0       0
   prepbufr       t           null        t                     1.0      0       0
   prepbufr       q           null        q                     1.0      0       0
   prepbufr       uv          null        uv                    1.0      0       0
   satwndbufr     uv          null        uv                    1.0      0       0
   prepbufr       spd         null        spd                   1.0      0       0
   radarbufr      rw          null        l3rw                  1.0      0       0
   l2rwbufr       rw          null        l2rw                  1.0      0       0
   prepbufr       dw          null        dw                    1.0      0       0
   prepbufr       sst         null        sst                   1.0      0       0
   prepbufr       pw          null        pw                    1.0      0       0
   gpsrobufr      gps_bnd  null        gps                   1.0      0       0
   ssmirrbufr     pcp_ssmi    dmsp        pcp_ssmi              1.0     -1       0
   tmirrbufr      pcp_tmi     trmm        pcp_tmi               1.0     -1       0
   sbuvbufr       sbuv2       n16         sbuv8_n16             1.0      0       0
   sbuvbufr       sbuv2       n17         sbuv8_n17             1.0      0       0
   sbuvbufr       sbuv2       n18         sbuv8_n18             1.0      0       0
   omi            omi         aura        omi_aura              1.0      6       0
   hirs2bufr      hirs2       n14         hirs2_n14             6.0      1       1
   hirs3bufr      hirs3       n16         hirs3_n16             0.0      1       1
   hirs3bufr      hirs3       n17         hirs3_n17             0.0      1       1
   hirs4bufr      hirs4       n18         hirs4_n18             0.0      1       1
   hirs4bufr      hirs4       metop-a     hirs4_metop-a         6.0      1       1
   gsndrbufr      sndr        g11         sndr_g11              0.0      1       0
   gsndrbufr      sndr        g12         sndr_g12              0.0      1       0
   gimgrbufr      goes_img    g11         imgr_g11              0.0      1       0
   gimgrbufr      goes_img    g12         imgr_g12              0.0      1       0
   airsbufr       airs        aqua        airs_aqua            20.0      1       1
   msubufr        msu         n14         msu_n14               2.0      2       1
   amsuabufr      amsua       n15         amsua_n15            10.0      2       1
   amsuabufr      amsua       n16         amsua_n16             0.0      2       1
   amsuabufr      amsua       n17         amsua_n17             0.0      2       1
   amsuabufr      amsua       n18         amsua_n18            10.0      2       1
   amsuabufr      amsua       metop-a     amsua_metop-a        10.0      2       1
   airsbufr       amsua       aqua        amsua_aqua            5.0      2       1
   amsubbufr      amsub       n15         amsub_n15             3.0      3       1
   amsubbufr      amsub       n16         amsub_n16             3.0      3       1
   amsubbufr      amsub       n17         amsub_n17             3.0      3       1
   mhsbufr        mhs         n18         mhs_n18               3.0      3       1
   mhsbufr        mhs         metop-a     mhs_metop-a           3.0      3       1
   ssmitbufr      ssmi        f13         ssmi_f13              0.0      4       0
   ssmitbufr      ssmi        f15         ssmi_f15              0.0      4       0
   amsrebufr      amsre_low   aqua        amsre_aqua            0.0      4       1
   amsrebufr      amsre_mid   aqua        amsre_aqua            0.0      4       1
   amsrebufr      amsre_hig   aqua        amsre_aqua            0.0      4       1
   ssmisbufr      ssmis       f16         ssmis_f16             0.0      4       1
   gsnd1bufr      sndrd1      g12         sndrD1_g12            1.5      5       0
   gsnd1bufr      sndrd2      g12         sndrD2_g12            1.5      5       0
   gsnd1bufr      sndrd3      g12         sndrD3_g12            1.5      5       0
   gsnd1bufr      sndrd4      g12         sndrD4_g12            1.5      5       0
   gsnd1bufr      sndrd1      g11         sndrD1_g11            1.5      5       0
   gsnd1bufr      sndrd2      g11         sndrD2_g11            1.5      5       0
   gsnd1bufr      sndrd3      g11         sndrD3_g11            1.5      5       0
   gsnd1bufr      sndrd4      g11         sndrD4_g11            1.5      5       0
   gsnd1bufr      sndrd1      g13         sndrD1_g13            1.5      5       0
   gsnd1bufr      sndrd2      g13         sndrD2_g13            1.5      5       0
   gsnd1bufr      sndrd3      g13         sndrD3_g13            1.5      5       0
   gsnd1bufr      sndrd4      g13         sndrD4_g13            1.5      5       0
   iasibufr       iasi        metop-a     iasi_metop-a         20.0      1       1
   gomebufr       gome        metop-a     gome_metop-a          1.0      6       0
   mlsbufr        mls30       aura        mls30_aura            1.0      0       0
   oscatbufr      uv          null        uv                    1.0      0       0
   ompsnpbufr     ompsnp      npp       ompsnp_npp              1.0      0       0
   ompstcbufr     ompstc8     npp       ompstc8_npp             1.0      6       0
::
 &SUPEROB_RADAR
   del_azimuth=5.,del_elev=.25,del_range=5000.,del_time=.5,elev_angle_max=5.,minnum=50,range_max=100000.,
   l2superob_only=.false.,
 /
 &LAG_DATA
 /
 &HYBRID_ENSEMBLE
   l_hyb_ens=.false.,
   n_ens=10,
   uv_hyb_ens=.true.,
   beta_s0=0.5,
   readin_beta=.false.,
   s_ens_h=1500,
   s_ens_v=20,
   generate_ens=.true.,
   aniso_a_en=.false.,
   nlon_ens=0,
   nlat_ens=0,
   jcap_ens=0,
   jcap_ens_test=0,
 /
 &RAPIDREFRESH_CLDSURF
   dfi_radar_latent_heat_time_period=30.0,
 /
 &CHEM
 /
 &SINGLEOB_TEST
   maginnov=0.1,magoberr=0.1,oneob_type='\''t'\'',
   oblat=45.,oblon=270.,obpres=850.,obdattim=,
   obhourset=0.,
 /
 &NST
 /
'
++ gsi_namelist='

 &SETUP
   miter=2,niter(1)=50,niter(2)=50,
   write_diag(1)=.true.,write_diag(2)=.false.,write_diag(3)=.true.,
   gencode=78,qoption=2,
   factqmin=0.0,factqmax=0.0,deltim=1200,
   iguess=-1,
   oneobtest=.false.,retrieval=.false.,
   nhr_assimilation=3,l_foto=.false.,
   use_pbl=.false.,use_compress=.false.,nsig_ext=13,gpstop=30.,
   lrun_subdirs=.true.,
   
 /
 &GRIDOPTS
   JCAP=62,JCAP_B=62,NLAT=,NLON=,nsig=60,
   wrf_nmm_regional=.true.,wrf_mass_regional=.false.,diagnostic_reg=.false.,
   filled_grid=.false.,half_grid=.true.,netcdf=.false.,
 /
 &BKGERR
   hzscl=0.373,0.746,1.50,
   vs=1.0,bw=0.,fstat=.true.,
 /
 &ANBKGERR
   anisotropic=.false.,an_vs=1.0,ngauss=1,
   an_flen_u=-5.,an_flen_t=3.,an_flen_z=-200.,
   ifilt_ord=2,npass=3,normal=-200,grid_ratio=4.,nord_f2a=4,
 /
 &JCOPTS
 /
 &STRONGOPTS
   nstrong=0,nvmodes_keep=20,period_max=3.,
   baldiag_full=.true.,baldiag_inc=.true.,
 /
 &OBSQC
   dfact=0.75,dfact1=3.0,noiqc=.true.,c_varqc=0.02,vadfile='\''prepbufr'\'',oberrflg=.false.,njqc=.false.,vqc=.true.,
 /
 &OBS_INPUT
   dmesh(1)=120.0,dmesh(2)=60.0,dmesh(3)=60.0,dmesh(4)=60.0,dmesh(5)=120,time_window_max=1.5,
 /
OBS_INPUT::
!  dfile          dtype       dplat       dsis                  dval    dthin  dsfcalc
   prepbufr       ps          null        ps                    1.0      0       0
   prepbufr       t           null        t                     1.0      0       0
   prepbufr       q           null        q                     1.0      0       0
   prepbufr       uv          null        uv                    1.0      0       0
   satwndbufr     uv          null        uv                    1.0      0       0
   prepbufr       spd         null        spd                   1.0      0       0
   radarbufr      rw          null        l3rw                  1.0      0       0
   l2rwbufr       rw          null        l2rw                  1.0      0       0
   prepbufr       dw          null        dw                    1.0      0       0
   prepbufr       sst         null        sst                   1.0      0       0
   prepbufr       pw          null        pw                    1.0      0       0
   gpsrobufr      gps_bnd  null        gps                   1.0      0       0
   ssmirrbufr     pcp_ssmi    dmsp        pcp_ssmi              1.0     -1       0
   tmirrbufr      pcp_tmi     trmm        pcp_tmi               1.0     -1       0
   sbuvbufr       sbuv2       n16         sbuv8_n16             1.0      0       0
   sbuvbufr       sbuv2       n17         sbuv8_n17             1.0      0       0
   sbuvbufr       sbuv2       n18         sbuv8_n18             1.0      0       0
   omi            omi         aura        omi_aura              1.0      6       0
   hirs2bufr      hirs2       n14         hirs2_n14             6.0      1       1
   hirs3bufr      hirs3       n16         hirs3_n16             0.0      1       1
   hirs3bufr      hirs3       n17         hirs3_n17             0.0      1       1
   hirs4bufr      hirs4       n18         hirs4_n18             0.0      1       1
   hirs4bufr      hirs4       metop-a     hirs4_metop-a         6.0      1       1
   gsndrbufr      sndr        g11         sndr_g11              0.0      1       0
   gsndrbufr      sndr        g12         sndr_g12              0.0      1       0
   gimgrbufr      goes_img    g11         imgr_g11              0.0      1       0
   gimgrbufr      goes_img    g12         imgr_g12              0.0      1       0
   airsbufr       airs        aqua        airs_aqua            20.0      1       1
   msubufr        msu         n14         msu_n14               2.0      2       1
   amsuabufr      amsua       n15         amsua_n15            10.0      2       1
   amsuabufr      amsua       n16         amsua_n16             0.0      2       1
   amsuabufr      amsua       n17         amsua_n17             0.0      2       1
   amsuabufr      amsua       n18         amsua_n18            10.0      2       1
   amsuabufr      amsua       metop-a     amsua_metop-a        10.0      2       1
   airsbufr       amsua       aqua        amsua_aqua            5.0      2       1
   amsubbufr      amsub       n15         amsub_n15             3.0      3       1
   amsubbufr      amsub       n16         amsub_n16             3.0      3       1
   amsubbufr      amsub       n17         amsub_n17             3.0      3       1
   mhsbufr        mhs         n18         mhs_n18               3.0      3       1
   mhsbufr        mhs         metop-a     mhs_metop-a           3.0      3       1
   ssmitbufr      ssmi        f13         ssmi_f13              0.0      4       0
   ssmitbufr      ssmi        f15         ssmi_f15              0.0      4       0
   amsrebufr      amsre_low   aqua        amsre_aqua            0.0      4       1
   amsrebufr      amsre_mid   aqua        amsre_aqua            0.0      4       1
   amsrebufr      amsre_hig   aqua        amsre_aqua            0.0      4       1
   ssmisbufr      ssmis       f16         ssmis_f16             0.0      4       1
   gsnd1bufr      sndrd1      g12         sndrD1_g12            1.5      5       0
   gsnd1bufr      sndrd2      g12         sndrD2_g12            1.5      5       0
   gsnd1bufr      sndrd3      g12         sndrD3_g12            1.5      5       0
   gsnd1bufr      sndrd4      g12         sndrD4_g12            1.5      5       0
   gsnd1bufr      sndrd1      g11         sndrD1_g11            1.5      5       0
   gsnd1bufr      sndrd2      g11         sndrD2_g11            1.5      5       0
   gsnd1bufr      sndrd3      g11         sndrD3_g11            1.5      5       0
   gsnd1bufr      sndrd4      g11         sndrD4_g11            1.5      5       0
   gsnd1bufr      sndrd1      g13         sndrD1_g13            1.5      5       0
   gsnd1bufr      sndrd2      g13         sndrD2_g13            1.5      5       0
   gsnd1bufr      sndrd3      g13         sndrD3_g13            1.5      5       0
   gsnd1bufr      sndrd4      g13         sndrD4_g13            1.5      5       0
   iasibufr       iasi        metop-a     iasi_metop-a         20.0      1       1
   gomebufr       gome        metop-a     gome_metop-a          1.0      6       0
   mlsbufr        mls30       aura        mls30_aura            1.0      0       0
   oscatbufr      uv          null        uv                    1.0      0       0
   ompsnpbufr     ompsnp      npp       ompsnp_npp              1.0      0       0
   ompstcbufr     ompstc8     npp       ompstc8_npp             1.0      6       0
::
 &SUPEROB_RADAR
   del_azimuth=5.,del_elev=.25,del_range=5000.,del_time=.5,elev_angle_max=5.,minnum=50,range_max=100000.,
   l2superob_only=.false.,
 /
 &LAG_DATA
 /
 &HYBRID_ENSEMBLE
   l_hyb_ens=.false.,
   n_ens=10,
   uv_hyb_ens=.true.,
   beta_s0=0.5,
   readin_beta=.false.,
   s_ens_h=1500,
   s_ens_v=20,
   generate_ens=.true.,
   aniso_a_en=.false.,
   nlon_ens=0,
   nlat_ens=0,
   jcap_ens=0,
   jcap_ens_test=0,
 /
 &RAPIDREFRESH_CLDSURF
   dfi_radar_latent_heat_time_period=30.0,
 /
 &CHEM
 /
 &SINGLEOB_TEST
   maginnov=0.1,magoberr=0.1,oneob_type='\''t'\'',
   oblat=45.,oblon=270.,obpres=850.,obdattim=,
   obhourset=0.,
 /
 &NST
 /
'
+ cat
+ anavinfo=/scratch4/NCEPDEV/da/save/Louis.Kouvaris/fv3gfs/sorc/gsi.fd/fix/anavinfo_ndas_binary
+ [[ binary = \b\i\n\a\r\y ]]
+ berror=/scratch4/NCEPDEV/da/save/Louis.Kouvaris/fv3gfs/sorc/gsi.fd/fix/Big_Endian/nam_nmmstat_na.gcv
+ emiscoef_IRwater=/scratch4/NCEPDEV/da/save/Michael.Lueken/nwprod/lib/crtm/2.2.3/fix_update/Nalli.IRwater.EmisCoeff.bin
+ emiscoef_IRice=/scratch4/NCEPDEV/da/save/Michael.Lueken/nwprod/lib/crtm/2.2.3/fix_update/NPOESS.IRice.EmisCoeff.bin
+ emiscoef_IRland=/scratch4/NCEPDEV/da/save/Michael.Lueken/nwprod/lib/crtm/2.2.3/fix_update/NPOESS.IRland.EmisCoeff.bin
+ emiscoef_IRsnow=/scratch4/NCEPDEV/da/save/Michael.Lueken/nwprod/lib/crtm/2.2.3/fix_update/NPOESS.IRsnow.EmisCoeff.bin
+ emiscoef_VISice=/scratch4/NCEPDEV/da/save/Michael.Lueken/nwprod/lib/crtm/2.2.3/fix_update/NPOESS.VISice.EmisCoeff.bin
+ emiscoef_VISland=/scratch4/NCEPDEV/da/save/Michael.Lueken/nwprod/lib/crtm/2.2.3/fix_update/NPOESS.VISland.EmisCoeff.bin
+ emiscoef_VISsnow=/scratch4/NCEPDEV/da/save/Michael.Lueken/nwprod/lib/crtm/2.2.3/fix_update/NPOESS.VISsnow.EmisCoeff.bin
+ emiscoef_VISwater=/scratch4/NCEPDEV/da/save/Michael.Lueken/nwprod/lib/crtm/2.2.3/fix_update/NPOESS.VISwater.EmisCoeff.bin
+ emiscoef_MWwater=/scratch4/NCEPDEV/da/save/Michael.Lueken/nwprod/lib/crtm/2.2.3/fix_update/FASTEM6.MWwater.EmisCoeff.bin
+ aercoef=/scratch4/NCEPDEV/da/save/Michael.Lueken/nwprod/lib/crtm/2.2.3/fix_update/AerosolCoeff.bin
+ cldcoef=/scratch4/NCEPDEV/da/save/Michael.Lueken/nwprod/lib/crtm/2.2.3/fix_update/CloudCoeff.bin
+ satinfo=/scratch4/NCEPDEV/da/save/Louis.Kouvaris/fv3gfs/sorc/gsi.fd/fix/nam_regional_satinfo.txt
+ cloudyinfo=/scratch4/NCEPDEV/da/save/Louis.Kouvaris/fv3gfs/sorc/gsi.fd/fix/cloudy_radiance_info.txt
+ scaninfo=/scratch4/NCEPDEV/da/save/Louis.Kouvaris/fv3gfs/sorc/gsi.fd/fix/global_scaninfo.txt
+ satangl=/scratch4/NCEPDEV/da/save/Louis.Kouvaris/fv3gfs/sorc/gsi.fd/fix/nam_global_satangbias.txt
+ atmsbeamdat=/scratch4/NCEPDEV/da/save/Louis.Kouvaris/fv3gfs/sorc/gsi.fd/fix/atms_beamwidth.txt
+ pcpinfo=/scratch4/NCEPDEV/da/save/Louis.Kouvaris/fv3gfs/sorc/gsi.fd/fix/nam_global_pcpinfo.txt
+ ozinfo=/scratch4/NCEPDEV/da/save/Louis.Kouvaris/fv3gfs/sorc/gsi.fd/fix/nam_global_ozinfo.txt
+ errtable=/scratch4/NCEPDEV/da/save/Louis.Kouvaris/fv3gfs/sorc/gsi.fd/fix/nam_errtable.r3dv
+ convinfo=/scratch4/NCEPDEV/da/save/Louis.Kouvaris/fv3gfs/sorc/gsi.fd/fix/nam_regional_convinfo_reg_test.txt
+ errtable_pw=/scratch4/NCEPDEV/da/save/Louis.Kouvaris/fv3gfs/sorc/gsi.fd/fix/prepobs_errtable_pw.global
+ errtable_ps=/scratch4/NCEPDEV/da/save/Louis.Kouvaris/fv3gfs/sorc/gsi.fd/fix/prepobs_errtable_ps.global_nqcf
+ errtable_t=/scratch4/NCEPDEV/da/save/Louis.Kouvaris/fv3gfs/sorc/gsi.fd/fix/prepobs_errtable_t.global_nqcf
+ errtable_q=/scratch4/NCEPDEV/da/save/Louis.Kouvaris/fv3gfs/sorc/gsi.fd/fix/prepobs_errtable_q.global_nqcf
+ errtable_uv=/scratch4/NCEPDEV/da/save/Louis.Kouvaris/fv3gfs/sorc/gsi.fd/fix/prepobs_errtable_uv.global_nqcf
+ btable_ps=/scratch4/NCEPDEV/da/save/Louis.Kouvaris/fv3gfs/sorc/gsi.fd/fix/nqc_b_ps.global_nqcf
+ btable_t=/scratch4/NCEPDEV/da/save/Louis.Kouvaris/fv3gfs/sorc/gsi.fd/fix/nqc_b_t.global_nqcf
+ btable_q=/scratch4/NCEPDEV/da/save/Louis.Kouvaris/fv3gfs/sorc/gsi.fd/fix/nqc_b_q.global_nqcf
+ btable_uv=/scratch4/NCEPDEV/da/save/Louis.Kouvaris/fv3gfs/sorc/gsi.fd/fix/nqc_b_uv.global_nqcf
+ mesonetuselist=/scratch4/NCEPDEV/da/save/Louis.Kouvaris/fv3gfs/sorc/gsi.fd/fix/nam_mesonet_uselist.txt
+ bufrtable=/scratch4/NCEPDEV/da/save/Louis.Kouvaris/fv3gfs/sorc/gsi.fd/fix/prepobs_prep.bufrtable
+ bftab_sst=/scratch4/NCEPDEV/da/save/Louis.Kouvaris/fv3gfs/sorc/gsi.fd/fix/bufrtab.012
+ [[ nmm_binary_loproc_updat == *\u\p\d\a\t* ]]
+ /bin/cp /scratch4/NCEPDEV/da/save/Louis.Kouvaris/fv3gfs/sorc/gsi.fd/exec/global_gsi.x ./gsi.x
+ /bin/cp /scratch4/NCEPDEV/da/save/Louis.Kouvaris/fv3gfs/sorc/gsi.fd/fix/anavinfo_ndas_binary ./anavinfo
+ /bin/cp /scratch4/NCEPDEV/da/save/Louis.Kouvaris/fv3gfs/sorc/gsi.fd/fix/Big_Endian/nam_nmmstat_na.gcv ./berror_stats
+ /bin/cp /scratch4/NCEPDEV/da/save/Michael.Lueken/nwprod/lib/crtm/2.2.3/fix_update/Nalli.IRwater.EmisCoeff.bin ./Nalli.IRwater.EmisCoeff.bin
+ /bin/cp /scratch4/NCEPDEV/da/save/Michael.Lueken/nwprod/lib/crtm/2.2.3/fix_update/NPOESS.IRice.EmisCoeff.bin ./NPOESS.IRice.EmisCoeff.bin
+ /bin/cp /scratch4/NCEPDEV/da/save/Michael.Lueken/nwprod/lib/crtm/2.2.3/fix_update/NPOESS.IRsnow.EmisCoeff.bin ./NPOESS.IRsnow.EmisCoeff.bin
+ /bin/cp /scratch4/NCEPDEV/da/save/Michael.Lueken/nwprod/lib/crtm/2.2.3/fix_update/NPOESS.IRland.EmisCoeff.bin ./NPOESS.IRland.EmisCoeff.bin
+ /bin/cp /scratch4/NCEPDEV/da/save/Michael.Lueken/nwprod/lib/crtm/2.2.3/fix_update/NPOESS.VISice.EmisCoeff.bin ./NPOESS.VISice.EmisCoeff.bin
+ /bin/cp /scratch4/NCEPDEV/da/save/Michael.Lueken/nwprod/lib/crtm/2.2.3/fix_update/NPOESS.VISland.EmisCoeff.bin ./NPOESS.VISland.EmisCoeff.bin
+ /bin/cp /scratch4/NCEPDEV/da/save/Michael.Lueken/nwprod/lib/crtm/2.2.3/fix_update/NPOESS.VISsnow.EmisCoeff.bin ./NPOESS.VISsnow.EmisCoeff.bin
+ /bin/cp /scratch4/NCEPDEV/da/save/Michael.Lueken/nwprod/lib/crtm/2.2.3/fix_update/NPOESS.VISwater.EmisCoeff.bin ./NPOESS.VISwater.EmisCoeff.bin
+ /bin/cp /scratch4/NCEPDEV/da/save/Michael.Lueken/nwprod/lib/crtm/2.2.3/fix_update/FASTEM6.MWwater.EmisCoeff.bin ./FASTEM6.MWwater.EmisCoeff.bin
+ /bin/cp /scratch4/NCEPDEV/da/save/Michael.Lueken/nwprod/lib/crtm/2.2.3/fix_update/AerosolCoeff.bin ./AerosolCoeff.bin
+ /bin/cp /scratch4/NCEPDEV/da/save/Michael.Lueken/nwprod/lib/crtm/2.2.3/fix_update/CloudCoeff.bin ./CloudCoeff.bin
+ /bin/cp /scratch4/NCEPDEV/da/save/Louis.Kouvaris/fv3gfs/sorc/gsi.fd/fix/nam_global_satangbias.txt ./satbias_angle
+ /bin/cp /scratch4/NCEPDEV/da/save/Louis.Kouvaris/fv3gfs/sorc/gsi.fd/fix/atms_beamwidth.txt ./atms_beamwidth.txt
+ /bin/cp /scratch4/NCEPDEV/da/save/Louis.Kouvaris/fv3gfs/sorc/gsi.fd/fix/nam_regional_satinfo.txt ./satinfo
+ /bin/cp /scratch4/NCEPDEV/da/save/Louis.Kouvaris/fv3gfs/sorc/gsi.fd/fix/cloudy_radiance_info.txt ./cloudy_radiance_info.txt
+ /bin/cp /scratch4/NCEPDEV/da/save/Louis.Kouvaris/fv3gfs/sorc/gsi.fd/fix/global_scaninfo.txt ./scaninfo
+ /bin/cp /scratch4/NCEPDEV/da/save/Louis.Kouvaris/fv3gfs/sorc/gsi.fd/fix/nam_global_pcpinfo.txt ./pcpinfo
+ /bin/cp /scratch4/NCEPDEV/da/save/Louis.Kouvaris/fv3gfs/sorc/gsi.fd/fix/nam_global_ozinfo.txt ./ozinfo
+ /bin/cp /scratch4/NCEPDEV/da/save/Louis.Kouvaris/fv3gfs/sorc/gsi.fd/fix/nam_regional_convinfo_reg_test.txt ./convinfo
+ /bin/cp /scratch4/NCEPDEV/da/save/Louis.Kouvaris/fv3gfs/sorc/gsi.fd/fix/nam_errtable.r3dv ./errtable
+ /bin/cp /scratch4/NCEPDEV/da/save/Louis.Kouvaris/fv3gfs/sorc/gsi.fd/fix/nam_mesonet_uselist.txt ./mesonetuselist
+ /bin/cp /scratch4/NCEPDEV/da/save/Louis.Kouvaris/fv3gfs/sorc/gsi.fd/fix/prepobs_errtable_pw.global ./errtable_pw
+ /bin/cp /scratch4/NCEPDEV/da/save/Louis.Kouvaris/fv3gfs/sorc/gsi.fd/fix/prepobs_errtable_ps.global_nqcf ./errtable_ps
+ /bin/cp /scratch4/NCEPDEV/da/save/Louis.Kouvaris/fv3gfs/sorc/gsi.fd/fix/prepobs_errtable_t.global_nqcf ./errtable_t
+ /bin/cp /scratch4/NCEPDEV/da/save/Louis.Kouvaris/fv3gfs/sorc/gsi.fd/fix/prepobs_errtable_q.global_nqcf ./errtable_q
+ /bin/cp /scratch4/NCEPDEV/da/save/Louis.Kouvaris/fv3gfs/sorc/gsi.fd/fix/prepobs_errtable_uv.global_nqcf ./errtable_uv
+ /bin/cp /scratch4/NCEPDEV/da/save/Louis.Kouvaris/fv3gfs/sorc/gsi.fd/fix/nqc_b_ps.global_nqcf ./btable_ps
+ /bin/cp /scratch4/NCEPDEV/da/save/Louis.Kouvaris/fv3gfs/sorc/gsi.fd/fix/nqc_b_t.global_nqcf ./btable_t
+ /bin/cp /scratch4/NCEPDEV/da/save/Louis.Kouvaris/fv3gfs/sorc/gsi.fd/fix/nqc_b_q.global_nqcf ./btable_q
+ /bin/cp /scratch4/NCEPDEV/da/save/Louis.Kouvaris/fv3gfs/sorc/gsi.fd/fix/nqc_b_uv.global_nqcf ./btable_uv
+ /bin/cp /scratch4/NCEPDEV/da/save/Louis.Kouvaris/fv3gfs/sorc/gsi.fd/fix/prepobs_prep.bufrtable ./prepobs_prep.bufrtable
+ /bin/cp /scratch4/NCEPDEV/da/save/Louis.Kouvaris/fv3gfs/sorc/gsi.fd/fix/bufrtab.012 ./bftab_sstphr
++ awk '{if($1!~"!"){print $1}}' ./satinfo
++ sort
++ uniq
+ for file in '`awk '\''{if($1!~"!"){print $1}}'\'' ./satinfo | sort | uniq`'
+ /bin/cp /scratch4/NCEPDEV/da/save/Michael.Lueken/nwprod/lib/crtm/2.2.3/fix_update/airs_aqua.SpcCoeff.bin ./
+ /bin/cp /scratch4/NCEPDEV/da/save/Michael.Lueken/nwprod/lib/crtm/2.2.3/fix_update/airs_aqua.TauCoeff.bin ./
+ for file in '`awk '\''{if($1!~"!"){print $1}}'\'' ./satinfo | sort | uniq`'
+ /bin/cp /scratch4/NCEPDEV/da/save/Michael.Lueken/nwprod/lib/crtm/2.2.3/fix_update/amsre_aqua.SpcCoeff.bin ./
+ /bin/cp /scratch4/NCEPDEV/da/save/Michael.Lueken/nwprod/lib/crtm/2.2.3/fix_update/amsre_aqua.TauCoeff.bin ./
+ for file in '`awk '\''{if($1!~"!"){print $1}}'\'' ./satinfo | sort | uniq`'
+ /bin/cp /scratch4/NCEPDEV/da/save/Michael.Lueken/nwprod/lib/crtm/2.2.3/fix_update/amsua_aqua.SpcCoeff.bin ./
+ /bin/cp /scratch4/NCEPDEV/da/save/Michael.Lueken/nwprod/lib/crtm/2.2.3/fix_update/amsua_aqua.TauCoeff.bin ./
+ for file in '`awk '\''{if($1!~"!"){print $1}}'\'' ./satinfo | sort | uniq`'
+ /bin/cp /scratch4/NCEPDEV/da/save/Michael.Lueken/nwprod/lib/crtm/2.2.3/fix_update/amsua_metop-a.SpcCoeff.bin ./
+ /bin/cp /scratch4/NCEPDEV/da/save/Michael.Lueken/nwprod/lib/crtm/2.2.3/fix_update/amsua_metop-a.TauCoeff.bin ./
+ for file in '`awk '\''{if($1!~"!"){print $1}}'\'' ./satinfo | sort | uniq`'
+ /bin/cp /scratch4/NCEPDEV/da/save/Michael.Lueken/nwprod/lib/crtm/2.2.3/fix_update/amsua_metop-b.SpcCoeff.bin ./
+ /bin/cp /scratch4/NCEPDEV/da/save/Michael.Lueken/nwprod/lib/crtm/2.2.3/fix_update/amsua_metop-b.TauCoeff.bin ./
+ for file in '`awk '\''{if($1!~"!"){print $1}}'\'' ./satinfo | sort | uniq`'
+ /bin/cp /scratch4/NCEPDEV/da/save/Michael.Lueken/nwprod/lib/crtm/2.2.3/fix_update/amsua_n15.SpcCoeff.bin ./
+ /bin/cp /scratch4/NCEPDEV/da/save/Michael.Lueken/nwprod/lib/crtm/2.2.3/fix_update/amsua_n15.TauCoeff.bin ./
+ for file in '`awk '\''{if($1!~"!"){print $1}}'\'' ./satinfo | sort | uniq`'
+ /bin/cp /scratch4/NCEPDEV/da/save/Michael.Lueken/nwprod/lib/crtm/2.2.3/fix_update/amsua_n18.SpcCoeff.bin ./
+ /bin/cp /scratch4/NCEPDEV/da/save/Michael.Lueken/nwprod/lib/crtm/2.2.3/fix_update/amsua_n18.TauCoeff.bin ./
+ for file in '`awk '\''{if($1!~"!"){print $1}}'\'' ./satinfo | sort | uniq`'
+ /bin/cp /scratch4/NCEPDEV/da/save/Michael.Lueken/nwprod/lib/crtm/2.2.3/fix_update/amsua_n19.SpcCoeff.bin ./
+ /bin/cp /scratch4/NCEPDEV/da/save/Michael.Lueken/nwprod/lib/crtm/2.2.3/fix_update/amsua_n19.TauCoeff.bin ./
+ for file in '`awk '\''{if($1!~"!"){print $1}}'\'' ./satinfo | sort | uniq`'
+ /bin/cp /scratch4/NCEPDEV/da/save/Michael.Lueken/nwprod/lib/crtm/2.2.3/fix_update/amsub_n17.SpcCoeff.bin ./
+ /bin/cp /scratch4/NCEPDEV/da/save/Michael.Lueken/nwprod/lib/crtm/2.2.3/fix_update/amsub_n17.TauCoeff.bin ./
+ for file in '`awk '\''{if($1!~"!"){print $1}}'\'' ./satinfo | sort | uniq`'
+ /bin/cp /scratch4/NCEPDEV/da/save/Michael.Lueken/nwprod/lib/crtm/2.2.3/fix_update/atms_npp.SpcCoeff.bin ./
+ /bin/cp /scratch4/NCEPDEV/da/save/Michael.Lueken/nwprod/lib/crtm/2.2.3/fix_update/atms_npp.TauCoeff.bin ./
+ for file in '`awk '\''{if($1!~"!"){print $1}}'\'' ./satinfo | sort | uniq`'
+ /bin/cp /scratch4/NCEPDEV/da/save/Michael.Lueken/nwprod/lib/crtm/2.2.3/fix_update/avhrr3_metop-a.SpcCoeff.bin ./
+ /bin/cp /scratch4/NCEPDEV/da/save/Michael.Lueken/nwprod/lib/crtm/2.2.3/fix_update/avhrr3_metop-a.TauCoeff.bin ./
+ for file in '`awk '\''{if($1!~"!"){print $1}}'\'' ./satinfo | sort | uniq`'
+ /bin/cp /scratch4/NCEPDEV/da/save/Michael.Lueken/nwprod/lib/crtm/2.2.3/fix_update/avhrr3_metop-b.SpcCoeff.bin ./
+ /bin/cp /scratch4/NCEPDEV/da/save/Michael.Lueken/nwprod/lib/crtm/2.2.3/fix_update/avhrr3_metop-b.TauCoeff.bin ./
+ for file in '`awk '\''{if($1!~"!"){print $1}}'\'' ./satinfo | sort | uniq`'
+ /bin/cp /scratch4/NCEPDEV/da/save/Michael.Lueken/nwprod/lib/crtm/2.2.3/fix_update/avhrr3_n18.SpcCoeff.bin ./
+ /bin/cp /scratch4/NCEPDEV/da/save/Michael.Lueken/nwprod/lib/crtm/2.2.3/fix_update/avhrr3_n18.TauCoeff.bin ./
+ for file in '`awk '\''{if($1!~"!"){print $1}}'\'' ./satinfo | sort | uniq`'
+ /bin/cp /scratch4/NCEPDEV/da/save/Michael.Lueken/nwprod/lib/crtm/2.2.3/fix_update/avhrr3_n19.SpcCoeff.bin ./
+ /bin/cp /scratch4/NCEPDEV/da/save/Michael.Lueken/nwprod/lib/crtm/2.2.3/fix_update/avhrr3_n19.TauCoeff.bin ./
+ for file in '`awk '\''{if($1!~"!"){print $1}}'\'' ./satinfo | sort | uniq`'
+ /bin/cp /scratch4/NCEPDEV/da/save/Michael.Lueken/nwprod/lib/crtm/2.2.3/fix_update/cris-fsr_npp.SpcCoeff.bin ./
+ /bin/cp /scratch4/NCEPDEV/da/save/Michael.Lueken/nwprod/lib/crtm/2.2.3/fix_update/cris-fsr_npp.TauCoeff.bin ./
+ for file in '`awk '\''{if($1!~"!"){print $1}}'\'' ./satinfo | sort | uniq`'
+ /bin/cp /scratch4/NCEPDEV/da/save/Michael.Lueken/nwprod/lib/crtm/2.2.3/fix_update/cris_npp.SpcCoeff.bin ./
+ /bin/cp /scratch4/NCEPDEV/da/save/Michael.Lueken/nwprod/lib/crtm/2.2.3/fix_update/cris_npp.TauCoeff.bin ./
+ for file in '`awk '\''{if($1!~"!"){print $1}}'\'' ./satinfo | sort | uniq`'
+ /bin/cp /scratch4/NCEPDEV/da/save/Michael.Lueken/nwprod/lib/crtm/2.2.3/fix_update/hirs3_n17.SpcCoeff.bin ./
+ /bin/cp /scratch4/NCEPDEV/da/save/Michael.Lueken/nwprod/lib/crtm/2.2.3/fix_update/hirs3_n17.TauCoeff.bin ./
+ for file in '`awk '\''{if($1!~"!"){print $1}}'\'' ./satinfo | sort | uniq`'
+ /bin/cp /scratch4/NCEPDEV/da/save/Michael.Lueken/nwprod/lib/crtm/2.2.3/fix_update/hirs4_metop-a.SpcCoeff.bin ./
+ /bin/cp /scratch4/NCEPDEV/da/save/Michael.Lueken/nwprod/lib/crtm/2.2.3/fix_update/hirs4_metop-a.TauCoeff.bin ./
+ for file in '`awk '\''{if($1!~"!"){print $1}}'\'' ./satinfo | sort | uniq`'
+ /bin/cp /scratch4/NCEPDEV/da/save/Michael.Lueken/nwprod/lib/crtm/2.2.3/fix_update/hirs4_metop-b.SpcCoeff.bin ./
+ /bin/cp /scratch4/NCEPDEV/da/save/Michael.Lueken/nwprod/lib/crtm/2.2.3/fix_update/hirs4_metop-b.TauCoeff.bin ./
+ for file in '`awk '\''{if($1!~"!"){print $1}}'\'' ./satinfo | sort | uniq`'
+ /bin/cp /scratch4/NCEPDEV/da/save/Michael.Lueken/nwprod/lib/crtm/2.2.3/fix_update/hirs4_n19.SpcCoeff.bin ./
+ /bin/cp /scratch4/NCEPDEV/da/save/Michael.Lueken/nwprod/lib/crtm/2.2.3/fix_update/hirs4_n19.TauCoeff.bin ./
+ for file in '`awk '\''{if($1!~"!"){print $1}}'\'' ./satinfo | sort | uniq`'
+ /bin/cp /scratch4/NCEPDEV/da/save/Michael.Lueken/nwprod/lib/crtm/2.2.3/fix_update/iasi_metop-a.SpcCoeff.bin ./
+ /bin/cp /scratch4/NCEPDEV/da/save/Michael.Lueken/nwprod/lib/crtm/2.2.3/fix_update/iasi_metop-a.TauCoeff.bin ./
+ for file in '`awk '\''{if($1!~"!"){print $1}}'\'' ./satinfo | sort | uniq`'
+ /bin/cp /scratch4/NCEPDEV/da/save/Michael.Lueken/nwprod/lib/crtm/2.2.3/fix_update/iasi_metop-b.SpcCoeff.bin ./
+ /bin/cp /scratch4/NCEPDEV/da/save/Michael.Lueken/nwprod/lib/crtm/2.2.3/fix_update/iasi_metop-b.TauCoeff.bin ./
+ for file in '`awk '\''{if($1!~"!"){print $1}}'\'' ./satinfo | sort | uniq`'
+ /bin/cp /scratch4/NCEPDEV/da/save/Michael.Lueken/nwprod/lib/crtm/2.2.3/fix_update/imgr_g11.SpcCoeff.bin ./
+ /bin/cp /scratch4/NCEPDEV/da/save/Michael.Lueken/nwprod/lib/crtm/2.2.3/fix_update/imgr_g11.TauCoeff.bin ./
+ for file in '`awk '\''{if($1!~"!"){print $1}}'\'' ./satinfo | sort | uniq`'
+ /bin/cp /scratch4/NCEPDEV/da/save/Michael.Lueken/nwprod/lib/crtm/2.2.3/fix_update/imgr_g12.SpcCoeff.bin ./
+ /bin/cp /scratch4/NCEPDEV/da/save/Michael.Lueken/nwprod/lib/crtm/2.2.3/fix_update/imgr_g12.TauCoeff.bin ./
+ for file in '`awk '\''{if($1!~"!"){print $1}}'\'' ./satinfo | sort | uniq`'
+ /bin/cp /scratch4/NCEPDEV/da/save/Michael.Lueken/nwprod/lib/crtm/2.2.3/fix_update/imgr_g13.SpcCoeff.bin ./
+ /bin/cp /scratch4/NCEPDEV/da/save/Michael.Lueken/nwprod/lib/crtm/2.2.3/fix_update/imgr_g13.TauCoeff.bin ./
+ for file in '`awk '\''{if($1!~"!"){print $1}}'\'' ./satinfo | sort | uniq`'
+ /bin/cp /scratch4/NCEPDEV/da/save/Michael.Lueken/nwprod/lib/crtm/2.2.3/fix_update/imgr_g14.SpcCoeff.bin ./
+ /bin/cp /scratch4/NCEPDEV/da/save/Michael.Lueken/nwprod/lib/crtm/2.2.3/fix_update/imgr_g14.TauCoeff.bin ./
+ for file in '`awk '\''{if($1!~"!"){print $1}}'\'' ./satinfo | sort | uniq`'
+ /bin/cp /scratch4/NCEPDEV/da/save/Michael.Lueken/nwprod/lib/crtm/2.2.3/fix_update/imgr_g15.SpcCoeff.bin ./
+ /bin/cp /scratch4/NCEPDEV/da/save/Michael.Lueken/nwprod/lib/crtm/2.2.3/fix_update/imgr_g15.TauCoeff.bin ./
+ for file in '`awk '\''{if($1!~"!"){print $1}}'\'' ./satinfo | sort | uniq`'
+ /bin/cp /scratch4/NCEPDEV/da/save/Michael.Lueken/nwprod/lib/crtm/2.2.3/fix_update/mhs_metop-a.SpcCoeff.bin ./
+ /bin/cp /scratch4/NCEPDEV/da/save/Michael.Lueken/nwprod/lib/crtm/2.2.3/fix_update/mhs_metop-a.TauCoeff.bin ./
+ for file in '`awk '\''{if($1!~"!"){print $1}}'\'' ./satinfo | sort | uniq`'
+ /bin/cp /scratch4/NCEPDEV/da/save/Michael.Lueken/nwprod/lib/crtm/2.2.3/fix_update/mhs_metop-b.SpcCoeff.bin ./
+ /bin/cp /scratch4/NCEPDEV/da/save/Michael.Lueken/nwprod/lib/crtm/2.2.3/fix_update/mhs_metop-b.TauCoeff.bin ./
+ for file in '`awk '\''{if($1!~"!"){print $1}}'\'' ./satinfo | sort | uniq`'
+ /bin/cp /scratch4/NCEPDEV/da/save/Michael.Lueken/nwprod/lib/crtm/2.2.3/fix_update/mhs_n18.SpcCoeff.bin ./
+ /bin/cp /scratch4/NCEPDEV/da/save/Michael.Lueken/nwprod/lib/crtm/2.2.3/fix_update/mhs_n18.TauCoeff.bin ./
+ for file in '`awk '\''{if($1!~"!"){print $1}}'\'' ./satinfo | sort | uniq`'
+ /bin/cp /scratch4/NCEPDEV/da/save/Michael.Lueken/nwprod/lib/crtm/2.2.3/fix_update/mhs_n19.SpcCoeff.bin ./
+ /bin/cp /scratch4/NCEPDEV/da/save/Michael.Lueken/nwprod/lib/crtm/2.2.3/fix_update/mhs_n19.TauCoeff.bin ./
+ for file in '`awk '\''{if($1!~"!"){print $1}}'\'' ./satinfo | sort | uniq`'
+ /bin/cp /scratch4/NCEPDEV/da/save/Michael.Lueken/nwprod/lib/crtm/2.2.3/fix_update/seviri_m08.SpcCoeff.bin ./
+ /bin/cp /scratch4/NCEPDEV/da/save/Michael.Lueken/nwprod/lib/crtm/2.2.3/fix_update/seviri_m08.TauCoeff.bin ./
+ for file in '`awk '\''{if($1!~"!"){print $1}}'\'' ./satinfo | sort | uniq`'
+ /bin/cp /scratch4/NCEPDEV/da/save/Michael.Lueken/nwprod/lib/crtm/2.2.3/fix_update/seviri_m09.SpcCoeff.bin ./
+ /bin/cp /scratch4/NCEPDEV/da/save/Michael.Lueken/nwprod/lib/crtm/2.2.3/fix_update/seviri_m09.TauCoeff.bin ./
+ for file in '`awk '\''{if($1!~"!"){print $1}}'\'' ./satinfo | sort | uniq`'
+ /bin/cp /scratch4/NCEPDEV/da/save/Michael.Lueken/nwprod/lib/crtm/2.2.3/fix_update/seviri_m10.SpcCoeff.bin ./
+ /bin/cp /scratch4/NCEPDEV/da/save/Michael.Lueken/nwprod/lib/crtm/2.2.3/fix_update/seviri_m10.TauCoeff.bin ./
+ for file in '`awk '\''{if($1!~"!"){print $1}}'\'' ./satinfo | sort | uniq`'
+ /bin/cp /scratch4/NCEPDEV/da/save/Michael.Lueken/nwprod/lib/crtm/2.2.3/fix_update/sndrD1_g11.SpcCoeff.bin ./
+ /bin/cp /scratch4/NCEPDEV/da/save/Michael.Lueken/nwprod/lib/crtm/2.2.3/fix_update/sndrD1_g11.TauCoeff.bin ./
+ for file in '`awk '\''{if($1!~"!"){print $1}}'\'' ./satinfo | sort | uniq`'
+ /bin/cp /scratch4/NCEPDEV/da/save/Michael.Lueken/nwprod/lib/crtm/2.2.3/fix_update/sndrD1_g12.SpcCoeff.bin ./
+ /bin/cp /scratch4/NCEPDEV/da/save/Michael.Lueken/nwprod/lib/crtm/2.2.3/fix_update/sndrD1_g12.TauCoeff.bin ./
+ for file in '`awk '\''{if($1!~"!"){print $1}}'\'' ./satinfo | sort | uniq`'
+ /bin/cp /scratch4/NCEPDEV/da/save/Michael.Lueken/nwprod/lib/crtm/2.2.3/fix_update/sndrD1_g13.SpcCoeff.bin ./
+ /bin/cp /scratch4/NCEPDEV/da/save/Michael.Lueken/nwprod/lib/crtm/2.2.3/fix_update/sndrD1_g13.TauCoeff.bin ./
+ for file in '`awk '\''{if($1!~"!"){print $1}}'\'' ./satinfo | sort | uniq`'
+ /bin/cp /scratch4/NCEPDEV/da/save/Michael.Lueken/nwprod/lib/crtm/2.2.3/fix_update/sndrD1_g14.SpcCoeff.bin ./
+ /bin/cp /scratch4/NCEPDEV/da/save/Michael.Lueken/nwprod/lib/crtm/2.2.3/fix_update/sndrD1_g14.TauCoeff.bin ./
+ for file in '`awk '\''{if($1!~"!"){print $1}}'\'' ./satinfo | sort | uniq`'
+ /bin/cp /scratch4/NCEPDEV/da/save/Michael.Lueken/nwprod/lib/crtm/2.2.3/fix_update/sndrD1_g15.SpcCoeff.bin ./
+ /bin/cp /scratch4/NCEPDEV/da/save/Michael.Lueken/nwprod/lib/crtm/2.2.3/fix_update/sndrD1_g15.TauCoeff.bin ./
+ for file in '`awk '\''{if($1!~"!"){print $1}}'\'' ./satinfo | sort | uniq`'
+ /bin/cp /scratch4/NCEPDEV/da/save/Michael.Lueken/nwprod/lib/crtm/2.2.3/fix_update/sndrD2_g11.SpcCoeff.bin ./
+ /bin/cp /scratch4/NCEPDEV/da/save/Michael.Lueken/nwprod/lib/crtm/2.2.3/fix_update/sndrD2_g11.TauCoeff.bin ./
+ for file in '`awk '\''{if($1!~"!"){print $1}}'\'' ./satinfo | sort | uniq`'
+ /bin/cp /scratch4/NCEPDEV/da/save/Michael.Lueken/nwprod/lib/crtm/2.2.3/fix_update/sndrD2_g12.SpcCoeff.bin ./
+ /bin/cp /scratch4/NCEPDEV/da/save/Michael.Lueken/nwprod/lib/crtm/2.2.3/fix_update/sndrD2_g12.TauCoeff.bin ./
+ for file in '`awk '\''{if($1!~"!"){print $1}}'\'' ./satinfo | sort | uniq`'
+ /bin/cp /scratch4/NCEPDEV/da/save/Michael.Lueken/nwprod/lib/crtm/2.2.3/fix_update/sndrD2_g13.SpcCoeff.bin ./
+ /bin/cp /scratch4/NCEPDEV/da/save/Michael.Lueken/nwprod/lib/crtm/2.2.3/fix_update/sndrD2_g13.TauCoeff.bin ./
+ for file in '`awk '\''{if($1!~"!"){print $1}}'\'' ./satinfo | sort | uniq`'
+ /bin/cp /scratch4/NCEPDEV/da/save/Michael.Lueken/nwprod/lib/crtm/2.2.3/fix_update/sndrD2_g14.SpcCoeff.bin ./
+ /bin/cp /scratch4/NCEPDEV/da/save/Michael.Lueken/nwprod/lib/crtm/2.2.3/fix_update/sndrD2_g14.TauCoeff.bin ./
+ for file in '`awk '\''{if($1!~"!"){print $1}}'\'' ./satinfo | sort | uniq`'
+ /bin/cp /scratch4/NCEPDEV/da/save/Michael.Lueken/nwprod/lib/crtm/2.2.3/fix_update/sndrD2_g15.SpcCoeff.bin ./
+ /bin/cp /scratch4/NCEPDEV/da/save/Michael.Lueken/nwprod/lib/crtm/2.2.3/fix_update/sndrD2_g15.TauCoeff.bin ./
+ for file in '`awk '\''{if($1!~"!"){print $1}}'\'' ./satinfo | sort | uniq`'
+ /bin/cp /scratch4/NCEPDEV/da/save/Michael.Lueken/nwprod/lib/crtm/2.2.3/fix_update/sndrD3_g11.SpcCoeff.bin ./
+ /bin/cp /scratch4/NCEPDEV/da/save/Michael.Lueken/nwprod/lib/crtm/2.2.3/fix_update/sndrD3_g11.TauCoeff.bin ./
+ for file in '`awk '\''{if($1!~"!"){print $1}}'\'' ./satinfo | sort | uniq`'
+ /bin/cp /scratch4/NCEPDEV/da/save/Michael.Lueken/nwprod/lib/crtm/2.2.3/fix_update/sndrD3_g12.SpcCoeff.bin ./
+ /bin/cp /scratch4/NCEPDEV/da/save/Michael.Lueken/nwprod/lib/crtm/2.2.3/fix_update/sndrD3_g12.TauCoeff.bin ./
+ for file in '`awk '\''{if($1!~"!"){print $1}}'\'' ./satinfo | sort | uniq`'
+ /bin/cp /scratch4/NCEPDEV/da/save/Michael.Lueken/nwprod/lib/crtm/2.2.3/fix_update/sndrD3_g13.SpcCoeff.bin ./
+ /bin/cp /scratch4/NCEPDEV/da/save/Michael.Lueken/nwprod/lib/crtm/2.2.3/fix_update/sndrD3_g13.TauCoeff.bin ./
+ for file in '`awk '\''{if($1!~"!"){print $1}}'\'' ./satinfo | sort | uniq`'
+ /bin/cp /scratch4/NCEPDEV/da/save/Michael.Lueken/nwprod/lib/crtm/2.2.3/fix_update/sndrD3_g14.SpcCoeff.bin ./
+ /bin/cp /scratch4/NCEPDEV/da/save/Michael.Lueken/nwprod/lib/crtm/2.2.3/fix_update/sndrD3_g14.TauCoeff.bin ./
+ for file in '`awk '\''{if($1!~"!"){print $1}}'\'' ./satinfo | sort | uniq`'
+ /bin/cp /scratch4/NCEPDEV/da/save/Michael.Lueken/nwprod/lib/crtm/2.2.3/fix_update/sndrD3_g15.SpcCoeff.bin ./
+ /bin/cp /scratch4/NCEPDEV/da/save/Michael.Lueken/nwprod/lib/crtm/2.2.3/fix_update/sndrD3_g15.TauCoeff.bin ./
+ for file in '`awk '\''{if($1!~"!"){print $1}}'\'' ./satinfo | sort | uniq`'
+ /bin/cp /scratch4/NCEPDEV/da/save/Michael.Lueken/nwprod/lib/crtm/2.2.3/fix_update/sndrD4_g11.SpcCoeff.bin ./
+ /bin/cp /scratch4/NCEPDEV/da/save/Michael.Lueken/nwprod/lib/crtm/2.2.3/fix_update/sndrD4_g11.TauCoeff.bin ./
+ for file in '`awk '\''{if($1!~"!"){print $1}}'\'' ./satinfo | sort | uniq`'
+ /bin/cp /scratch4/NCEPDEV/da/save/Michael.Lueken/nwprod/lib/crtm/2.2.3/fix_update/sndrD4_g12.SpcCoeff.bin ./
+ /bin/cp /scratch4/NCEPDEV/da/save/Michael.Lueken/nwprod/lib/crtm/2.2.3/fix_update/sndrD4_g12.TauCoeff.bin ./
+ for file in '`awk '\''{if($1!~"!"){print $1}}'\'' ./satinfo | sort | uniq`'
+ /bin/cp /scratch4/NCEPDEV/da/save/Michael.Lueken/nwprod/lib/crtm/2.2.3/fix_update/sndrD4_g13.SpcCoeff.bin ./
+ /bin/cp /scratch4/NCEPDEV/da/save/Michael.Lueken/nwprod/lib/crtm/2.2.3/fix_update/sndrD4_g13.TauCoeff.bin ./
+ for file in '`awk '\''{if($1!~"!"){print $1}}'\'' ./satinfo | sort | uniq`'
+ /bin/cp /scratch4/NCEPDEV/da/save/Michael.Lueken/nwprod/lib/crtm/2.2.3/fix_update/sndrD4_g14.SpcCoeff.bin ./
+ /bin/cp /scratch4/NCEPDEV/da/save/Michael.Lueken/nwprod/lib/crtm/2.2.3/fix_update/sndrD4_g14.TauCoeff.bin ./
+ for file in '`awk '\''{if($1!~"!"){print $1}}'\'' ./satinfo | sort | uniq`'
+ /bin/cp /scratch4/NCEPDEV/da/save/Michael.Lueken/nwprod/lib/crtm/2.2.3/fix_update/sndrD4_g15.SpcCoeff.bin ./
+ /bin/cp /scratch4/NCEPDEV/da/save/Michael.Lueken/nwprod/lib/crtm/2.2.3/fix_update/sndrD4_g15.TauCoeff.bin ./
+ for file in '`awk '\''{if($1!~"!"){print $1}}'\'' ./satinfo | sort | uniq`'
+ /bin/cp /scratch4/NCEPDEV/da/save/Michael.Lueken/nwprod/lib/crtm/2.2.3/fix_update/ssmi_f15.SpcCoeff.bin ./
+ /bin/cp /scratch4/NCEPDEV/da/save/Michael.Lueken/nwprod/lib/crtm/2.2.3/fix_update/ssmi_f15.TauCoeff.bin ./
+ for file in '`awk '\''{if($1!~"!"){print $1}}'\'' ./satinfo | sort | uniq`'
+ /bin/cp /scratch4/NCEPDEV/da/save/Michael.Lueken/nwprod/lib/crtm/2.2.3/fix_update/ssmis_f16.SpcCoeff.bin ./
+ /bin/cp /scratch4/NCEPDEV/da/save/Michael.Lueken/nwprod/lib/crtm/2.2.3/fix_update/ssmis_f16.TauCoeff.bin ./
+ for file in '`awk '\''{if($1!~"!"){print $1}}'\'' ./satinfo | sort | uniq`'
+ /bin/cp /scratch4/NCEPDEV/da/save/Michael.Lueken/nwprod/lib/crtm/2.2.3/fix_update/ssmis_f17.SpcCoeff.bin ./
+ /bin/cp /scratch4/NCEPDEV/da/save/Michael.Lueken/nwprod/lib/crtm/2.2.3/fix_update/ssmis_f17.TauCoeff.bin ./
+ for file in '`awk '\''{if($1!~"!"){print $1}}'\'' ./satinfo | sort | uniq`'
+ /bin/cp /scratch4/NCEPDEV/da/save/Michael.Lueken/nwprod/lib/crtm/2.2.3/fix_update/ssmis_f18.SpcCoeff.bin ./
+ /bin/cp /scratch4/NCEPDEV/da/save/Michael.Lueken/nwprod/lib/crtm/2.2.3/fix_update/ssmis_f18.TauCoeff.bin ./
+ for file in '`awk '\''{if($1!~"!"){print $1}}'\'' ./satinfo | sort | uniq`'
+ /bin/cp /scratch4/NCEPDEV/da/save/Michael.Lueken/nwprod/lib/crtm/2.2.3/fix_update/ssmis_f19.SpcCoeff.bin ./
+ /bin/cp /scratch4/NCEPDEV/da/save/Michael.Lueken/nwprod/lib/crtm/2.2.3/fix_update/ssmis_f19.TauCoeff.bin ./
+ for file in '`awk '\''{if($1!~"!"){print $1}}'\'' ./satinfo | sort | uniq`'
+ /bin/cp /scratch4/NCEPDEV/da/save/Michael.Lueken/nwprod/lib/crtm/2.2.3/fix_update/ssmis_f20.SpcCoeff.bin ./
+ /bin/cp /scratch4/NCEPDEV/da/save/Michael.Lueken/nwprod/lib/crtm/2.2.3/fix_update/ssmis_f20.TauCoeff.bin ./
+ /bin/cp /scratch4/NCEPDEV/da/noscrub/Michael.Lueken/CASES/regional/ndas_binary/2010021600/ndas.t12z.prepbufr.tm12 ./prepbufr
+ /bin/cp /scratch4/NCEPDEV/da/noscrub/Michael.Lueken/CASES/regional/ndas_binary/2010021600/ndas.t12z.satwnd.tm12.bufr_d ./satwndbufr
+ /bin/cp /scratch4/NCEPDEV/da/noscrub/Michael.Lueken/CASES/regional/ndas_binary/2010021600/ndas.t12z.gpsro.tm12.bufr_d ./gpsrobufr
+ /bin/cp /scratch4/NCEPDEV/da/noscrub/Michael.Lueken/CASES/regional/ndas_binary/2010021600/ndas.t12z.1bhrs3.tm12.bufr_d ./hirs3bufr
+ /bin/cp /scratch4/NCEPDEV/da/noscrub/Michael.Lueken/CASES/regional/ndas_binary/2010021600/ndas.t12z.1bhrs4.tm12.bufr_d ./hirs4bufr
+ /bin/cp /scratch4/NCEPDEV/da/noscrub/Michael.Lueken/CASES/regional/ndas_binary/2010021600/ndas.t12z.1bamua.tm12.bufr_d ./amsuabufr
+ /bin/cp /scratch4/NCEPDEV/da/noscrub/Michael.Lueken/CASES/regional/ndas_binary/2010021600/ndas.t12z.1bamub.tm12.bufr_d ./amsubbufr
+ /bin/cp /scratch4/NCEPDEV/da/noscrub/Michael.Lueken/CASES/regional/ndas_binary/2010021600/ndas.t12z.1bmhs.tm12.bufr_d ./mhsbufr
+ /bin/cp /scratch4/NCEPDEV/da/noscrub/Michael.Lueken/CASES/regional/ndas_binary/2010021600/ndas.t12z.goesfv.tm12.bufr_d ./gsnd1bufr
+ /bin/cp /scratch4/NCEPDEV/da/noscrub/Michael.Lueken/CASES/regional/ndas_binary/2010021600/ndas.t12z.airsev.tm12.bufr_d ./airsbufr
+ /bin/cp /scratch4/NCEPDEV/da/noscrub/Michael.Lueken/CASES/regional/ndas_binary/2010021600/ndas.t12z.radwnd.tm12.bufr_d ./radarbufr
+ /bin/cp /scratch4/NCEPDEV/da/noscrub/Michael.Lueken/CASES/regional/ndas_binary/2010021600/ndas.t12z.nexrad.tm12.bufr_d ./l2rwbufr
+ /bin/cp /scratch4/NCEPDEV/da/noscrub/Michael.Lueken/CASES/regional/ndas_binary/2010021600/ndas.t12z.satbias.tm12 ./satbias_in
+ /bin/cp /scratch4/NCEPDEV/da/noscrub/Michael.Lueken/CASES/regional/ndas_binary/2010021600/ndas.t12z.satang.tm12 ./satbias_angle
+ [[ binary = \b\i\n\a\r\y ]]
+ /bin/cp /scratch4/NCEPDEV/da/noscrub/Michael.Lueken/CASES/regional/ndas_binary/2010021600/ndas.t12z.wrfinput_d01.init ./wrf_inout
+ cp wrf_inout wrf_ges
+ cd /scratch4/NCEPDEV/stmp3/Louis.Kouvaris/_scratch4_NCEPDEV_da_save_Louis.Kouvaris_fv3gfs_sorc_gsi.fd_build/tmpreg_nmm_binary/nmm_binary_loproc_updat
+ echo 'run gsi now'
run gsi now
+ eval 'srun /scratch4/NCEPDEV/stmp3/Louis.Kouvaris/_scratch4_NCEPDEV_da_save_Louis.Kouvaris_fv3gfs_sorc_gsi.fd_build/tmpreg_nmm_binary/nmm_binary_loproc_updat/gsi.x > stdout 2>&1'
++ srun /scratch4/NCEPDEV/stmp3/Louis.Kouvaris/_scratch4_NCEPDEV_da_save_Louis.Kouvaris_fv3gfs_sorc_gsi.fd_build/tmpreg_nmm_binary/nmm_binary_loproc_updat/gsi.x
+ rc=0
+ exit 0
_______________________________________________________________
Start Epilog v19.07.23 on node t0625 for job 2014933 :: Mon Aug 19 20:20:12 UTC 2019
Job 2014933 (not serial) finished for user Louis.Kouvaris in partition theia with exit code 0:0
_______________________________________________________________
End Epilogue v19.07.23 Mon Aug 19 20:20:12 UTC 2019
