Start prolog.task v19.07.23 on node t0289 for job 2014940 :: Mon Aug 19 19:43:10 GMT 2019
_______________________________________________________________
End prolog.task v19.07.23 Mon Aug 19 19:43:10 GMT 2019
_scratch4_NCEPDEV_da_save_Louis.Kouvaris_fv3gfs_sorc_gsi.fd_build
beginning regression_var.sh, machine is Theia
machine is set to 'Theia'
done loading modules

Currently Loaded Modules:
  1) intel/15.6.233    6) nemsio/v2.2.1  11) w3emc/v2.3.0
  2) mvapich2/2.1rc1   7) sfcio/v1.0.0   12) bacio/v2.0.2
  3) hdf5/1.8.14       8) sigio/v2.0.1   13) crtm/v2.2.3
  4) netcdf/4.3.0      9) sp/v2.0.2      14) prod_util/1.0.18
  5) bufr/v10.2.5     10) w3nco/v2.0.6   15) cmake/3.12.3-gcc-8.2.0

 

+ exp=rtma_loproc_updat
+ export LEVS=60
+ LEVS=60
+ export JCAP_B=62
+ JCAP_B=62
+ export DELTIM=1200
+ DELTIM=1200
+ tmpdir=/scratch4/NCEPDEV/stmp3/Louis.Kouvaris/_scratch4_NCEPDEV_da_save_Louis.Kouvaris_fv3gfs_sorc_gsi.fd_build/tmpreg_rtma/rtma_loproc_updat
+ savdir=/scratch4/NCEPDEV/stmp3/Louis.Kouvaris/_scratch4_NCEPDEV_da_save_Louis.Kouvaris_fv3gfs_sorc_gsi.fd_build/outreg/rtma/rtma_loproc_updat
+ CLEAN=NO
+ ncp=/bin/cp
++ /scratch4/NCEPDEV/da/save/Michael.Lueken/nwprod/util/exec/ndate -12 2017031218
+ gdate=2017031206
++ echo 2017031218
++ cut -c9-10
+ cya=18
++ echo 2017031206
++ cut -c9-10
+ cyg=06
++ echo 2017031206
++ cut -c1-8
+ cymd=20170312
+ echo ' cymd 20170312 '
 cymd 20170312 
+ echo ' cyg 06'
 cyg 06
+ cyc_mxtm=08
+ cyc_mitm=20
+ prefixa=nam.t18z
+ prefixg=na12snmm.t06z
+ suffix=tm00.bufr_d
+ rm -rf /scratch4/NCEPDEV/stmp3/Louis.Kouvaris/_scratch4_NCEPDEV_da_save_Louis.Kouvaris_fv3gfs_sorc_gsi.fd_build/tmpreg_rtma/rtma_loproc_updat
+ mkdir -p /scratch4/NCEPDEV/stmp3/Louis.Kouvaris/_scratch4_NCEPDEV_da_save_Louis.Kouvaris_fv3gfs_sorc_gsi.fd_build/tmpreg_rtma/rtma_loproc_updat
+ chgrp rstprod /scratch4/NCEPDEV/stmp3/Louis.Kouvaris/_scratch4_NCEPDEV_da_save_Louis.Kouvaris_fv3gfs_sorc_gsi.fd_build/tmpreg_rtma/rtma_loproc_updat
+ chmod 750 /scratch4/NCEPDEV/stmp3/Louis.Kouvaris/_scratch4_NCEPDEV_da_save_Louis.Kouvaris_fv3gfs_sorc_gsi.fd_build/tmpreg_rtma/rtma_loproc_updat
+ cd /scratch4/NCEPDEV/stmp3/Louis.Kouvaris/_scratch4_NCEPDEV_da_save_Louis.Kouvaris_fv3gfs_sorc_gsi.fd_build/tmpreg_rtma/rtma_loproc_updat
+ rm -rf 'core*'
+ ICO2=0
+ '[' 0 -gt 0 ']'
+ . /scratch4/NCEPDEV/da/save/Louis.Kouvaris/fv3gfs/sorc/gsi.fd/regression/regression_nl_update.sh
+++ expr substr rtma_loproc_updat 1 6
++ [[ rtma_l = \g\l\o\b\a\l ]]
+++ expr substr rtma_loproc_updat 1 4
++ [[ rtma = \r\t\m\a ]]
++ export OBSQC_update=pvis=0.2,pcldch=0.1,scale_cv=1.0,estvisoe=2.61,estcldchoe=2.3716,vis_thres=16000.,cldch_thres=16000.,
++ OBSQC_update=pvis=0.2,pcldch=0.1,scale_cv=1.0,estvisoe=2.61,estcldchoe=2.3716,vis_thres=16000.,cldch_thres=16000.,
++ export GRIDOPTS_update=
++ GRIDOPTS_update=
++ export BKGVERR_update=
++ BKGVERR_update=
++ export ANBKGERR_update=
++ ANBKGERR_update=
++ export JCOPTS_update=
++ JCOPTS_update=
+++ expr substr rtma_loproc_updat 1 6
++ [[ rtma_l = \g\l\o\b\a\l ]]
++ export OBSINPUT_update=
++ OBSINPUT_update=
++ export SUPERRAD_update=
++ SUPERRAD_update=
++ export SINGLEOB_update=
++ SINGLEOB_update=
+ SETUP=
+ GRIDOPTS=
+ BKGVERR=
+ ANBKGERR=
+ JCOPTS=
+ STRONGOPTS=
+ OBSQC=pvis=0.2,pcldch=0.1,scale_cv=1.0,estvisoe=2.61,estcldchoe=2.3716,vis_thres=16000.,cldch_thres=16000.,
+ OBSINPUT=
+ SUPERRAD=
+ SINGLEOB=
+ '[' .false. = .false. ']'
+ . /scratch4/NCEPDEV/da/save/Louis.Kouvaris/fv3gfs/sorc/gsi.fd/regression/regression_namelists.sh RTMA
++ regtest=RTMA
++ case $regtest in
++ export 'gsi_namelist=

 &SETUP
   miter=2,niter(1)=10,niter(2)=10,
   write_diag(1)=.true.,write_diag(2)=.true.,write_diag(3)=.true.,
   gencode=78,qoption=1,tsensible=.true.
   factqmin=1.0,factqmax=1.0,factv=0.0,factcldch=0.0,factw10m=1.0,deltim=1200,
   iguess=-1,
   oneobtest=.false.,retrieval=.false.,
   diag_rad=.false.,diag_pcp=.false.,diag_ozone=.false.,diag_aero=.false.,
   nhr_assimilation=6,min_offset=180,use_compress=.false.,lrun_subdirs=.true.,
   use_prepb_satwnd=.false.,
   
 /
 &GRIDOPTS
   JCAP=62,JCAP_B=62,NLAT=,NLON=,nsig=60,
   wrf_nmm_regional=.false.,wrf_mass_regional=.false.,twodvar_regional=.true.,
   diagnostic_reg=.false.,
   filled_grid=.false.,half_grid=.true.,netcdf=.false.,
 /
 &BKGERR
   hzscl=1.414,1.000,0.707,
   vs=0.5,bw=0.0,
 /
 &ANBKGERR
   anisotropic=.true.,an_vs=0.5,ngauss=1,
   an_flen_u=-5.,an_flen_t=3.,an_flen_z=-200.,
   ifilt_ord=2,npass=3,normal=-200,grid_ratio=1.,nord_f2a=4,
   rtma_subdomain_option=.true.,triad4=.true.,nsmooth=0,nsmooth_shapiro=0,lreadnorm=.true.,
 /
 &JCOPTS
 /
 &STRONGOPTS
   nstrong=1,nvmodes_keep=20,period_max=3.,
   baldiag_full=.true.,baldiag_inc=.true.,
 /
 &OBSQC
   dfact=0.75,dfact1=3.0,noiqc=.true.,c_varqc=0.02,vadfile='\''prepbufr'\'',hilbert_curve=.true.,
   buddycheck_t=.false.,buddydiag_save=.false.,oberrflg=.true.,njqc=.true.,vqc=.false.,
   pvis=0.2,pcldch=0.1,scale_cv=1.0,estvisoe=2.61,estcldchoe=2.3716,vis_thres=16000.,cldch_thres=16000.,
 /
 &OBS_INPUT
   dmesh(1)=60.0,dmesh(2)=60.0,dmesh(3)=60.0,dmesh(4)=60.0,time_window_max=3.0,
 /
OBS_INPUT::
!  dfile          dtype     dplat     dsis     dval    dthin  dsfcalc
   prepbufr       ps        null      ps       1.0     0      0
   prepbufr       t         null      t        1.0     0      0
   prepbufr       q         null      q        1.0     0      0
   prepbufr       uv        null      uv       1.0     0      0
   satwndbufr     uv        null      uv       1.0     0      0
   prepbufr       spd       null      spd      1.0     0      0
   prepbufr       wspd10m   null      wspd10m  1.0     0      0
   satwnd         wspd10m   null      wspd10m  1.0     0      0
   prepbufr       uwnd10m   null      uwnd10m  1.0     0      0
   satwnd         uwnd10m   null      uwnd10m  1.0     0      0
   prepbufr       vwnd10m   null      vwnd10m  1.0     0      0
   satwnd         vwnd10m   null      vwnd10m  1.0     0      0
   prepbufr       gust      null      gust     1.0     0      0
   prepbufr       vis       null      vis      1.0     0      0
   prepbufr       td2m      null      td2m     1.0     0      0
   mxtmdat        mxtm      null      mxtm     1.0     0      0
   mitmdat        mitm      null      mitm     1.0     0      0
   prepbufr       mxtm      null      mxtm     1.0     0      0
   prepbufr       mitm      null      mitm      1.0     0      0
   prepbufr       pmsl      null      pmsl     1.0     0      0
   prepbufr       howv      null      howv     1.0     0      0
   satmar         howv      null      howv     1.0     0      0
   prepbufr       tcamt     null      tcamt    1.0     0      0
   goessky        tcamt     null      tcamt    1.0     0      0
   prepbufr       cldch     null      cldch    1.0     0      0
::
 &SUPEROB_RADAR
 /
 &LAG_DATA
 /
 &HYBRID_ENSEMBLE
 /
 &RAPIDREFRESH_CLDSURF
   dfi_radar_latent_heat_time_period=30.0,
 /
 &CHEM
 /
 &SINGLEOB_TEST
   maginnov=0.1,magoberr=0.1,oneob_type='\''t'\'',
   oblat=36.,oblon=260.,obpres=1000.,obdattim=,
   obhourset=0.,
 /
 &NST
 /
'
++ gsi_namelist='

 &SETUP
   miter=2,niter(1)=10,niter(2)=10,
   write_diag(1)=.true.,write_diag(2)=.true.,write_diag(3)=.true.,
   gencode=78,qoption=1,tsensible=.true.
   factqmin=1.0,factqmax=1.0,factv=0.0,factcldch=0.0,factw10m=1.0,deltim=1200,
   iguess=-1,
   oneobtest=.false.,retrieval=.false.,
   diag_rad=.false.,diag_pcp=.false.,diag_ozone=.false.,diag_aero=.false.,
   nhr_assimilation=6,min_offset=180,use_compress=.false.,lrun_subdirs=.true.,
   use_prepb_satwnd=.false.,
   
 /
 &GRIDOPTS
   JCAP=62,JCAP_B=62,NLAT=,NLON=,nsig=60,
   wrf_nmm_regional=.false.,wrf_mass_regional=.false.,twodvar_regional=.true.,
   diagnostic_reg=.false.,
   filled_grid=.false.,half_grid=.true.,netcdf=.false.,
 /
 &BKGERR
   hzscl=1.414,1.000,0.707,
   vs=0.5,bw=0.0,
 /
 &ANBKGERR
   anisotropic=.true.,an_vs=0.5,ngauss=1,
   an_flen_u=-5.,an_flen_t=3.,an_flen_z=-200.,
   ifilt_ord=2,npass=3,normal=-200,grid_ratio=1.,nord_f2a=4,
   rtma_subdomain_option=.true.,triad4=.true.,nsmooth=0,nsmooth_shapiro=0,lreadnorm=.true.,
 /
 &JCOPTS
 /
 &STRONGOPTS
   nstrong=1,nvmodes_keep=20,period_max=3.,
   baldiag_full=.true.,baldiag_inc=.true.,
 /
 &OBSQC
   dfact=0.75,dfact1=3.0,noiqc=.true.,c_varqc=0.02,vadfile='\''prepbufr'\'',hilbert_curve=.true.,
   buddycheck_t=.false.,buddydiag_save=.false.,oberrflg=.true.,njqc=.true.,vqc=.false.,
   pvis=0.2,pcldch=0.1,scale_cv=1.0,estvisoe=2.61,estcldchoe=2.3716,vis_thres=16000.,cldch_thres=16000.,
 /
 &OBS_INPUT
   dmesh(1)=60.0,dmesh(2)=60.0,dmesh(3)=60.0,dmesh(4)=60.0,time_window_max=3.0,
 /
OBS_INPUT::
!  dfile          dtype     dplat     dsis     dval    dthin  dsfcalc
   prepbufr       ps        null      ps       1.0     0      0
   prepbufr       t         null      t        1.0     0      0
   prepbufr       q         null      q        1.0     0      0
   prepbufr       uv        null      uv       1.0     0      0
   satwndbufr     uv        null      uv       1.0     0      0
   prepbufr       spd       null      spd      1.0     0      0
   prepbufr       wspd10m   null      wspd10m  1.0     0      0
   satwnd         wspd10m   null      wspd10m  1.0     0      0
   prepbufr       uwnd10m   null      uwnd10m  1.0     0      0
   satwnd         uwnd10m   null      uwnd10m  1.0     0      0
   prepbufr       vwnd10m   null      vwnd10m  1.0     0      0
   satwnd         vwnd10m   null      vwnd10m  1.0     0      0
   prepbufr       gust      null      gust     1.0     0      0
   prepbufr       vis       null      vis      1.0     0      0
   prepbufr       td2m      null      td2m     1.0     0      0
   mxtmdat        mxtm      null      mxtm     1.0     0      0
   mitmdat        mitm      null      mitm     1.0     0      0
   prepbufr       mxtm      null      mxtm     1.0     0      0
   prepbufr       mitm      null      mitm      1.0     0      0
   prepbufr       pmsl      null      pmsl     1.0     0      0
   prepbufr       howv      null      howv     1.0     0      0
   satmar         howv      null      howv     1.0     0      0
   prepbufr       tcamt     null      tcamt    1.0     0      0
   goessky        tcamt     null      tcamt    1.0     0      0
   prepbufr       cldch     null      cldch    1.0     0      0
::
 &SUPEROB_RADAR
 /
 &LAG_DATA
 /
 &HYBRID_ENSEMBLE
 /
 &RAPIDREFRESH_CLDSURF
   dfi_radar_latent_heat_time_period=30.0,
 /
 &CHEM
 /
 &SINGLEOB_TEST
   maginnov=0.1,magoberr=0.1,oneob_type='\''t'\'',
   oblat=36.,oblon=260.,obpres=1000.,obdattim=,
   obhourset=0.,
 /
 &NST
 /
'
+ cat
+ anavinfo=/scratch4/NCEPDEV/da/save/Louis.Kouvaris/fv3gfs/sorc/gsi.fd/fix/anavinfo_rtma
+ berror=/scratch4/NCEPDEV/da/save/Louis.Kouvaris/fv3gfs/sorc/gsi.fd/fix/Big_Endian/rtma_regional_nmm_berror.f77.gcv
+ howvvar_berr=/scratch4/NCEPDEV/da/save/Louis.Kouvaris/fv3gfs/sorc/gsi.fd/fix/urma2p5_howv_var_lat.bin
+ howvlng_berr=/scratch4/NCEPDEV/da/save/Louis.Kouvaris/fv3gfs/sorc/gsi.fd/fix/urma2p5_howv_lng_lat.bin
+ errtable=/scratch4/NCEPDEV/da/save/Louis.Kouvaris/fv3gfs/sorc/gsi.fd/fix/rtma_errtable.r3dv
+ convinfo=/scratch4/NCEPDEV/da/save/Louis.Kouvaris/fv3gfs/sorc/gsi.fd/fix/rtma_convinfo.txt
+ mesonetuselist=/scratch4/NCEPDEV/da/save/Louis.Kouvaris/fv3gfs/sorc/gsi.fd/fix/rtma_mesonet_uselist.txt
+ mesonet_stnuselist=/scratch4/NCEPDEV/da/save/Louis.Kouvaris/fv3gfs/sorc/gsi.fd/fix/rtma_ruc2_wind-uselist-noMETAR.dat
+ mesonet_stnuselist_for_vis=/scratch4/NCEPDEV/da/save/Louis.Kouvaris/fv3gfs/sorc/gsi.fd/fix/rtma_mesonet_vis_uselist.txt
+ wbinuselist=/scratch4/NCEPDEV/da/save/Louis.Kouvaris/fv3gfs/sorc/gsi.fd/fix/rtma_wbinuselist
+ slmask=/scratch4/NCEPDEV/da/save/Louis.Kouvaris/fv3gfs/sorc/gsi.fd/fix/Big_Endian/rtma_conus_slmask.dat
+ terrain=/scratch4/NCEPDEV/da/save/Louis.Kouvaris/fv3gfs/sorc/gsi.fd/fix/Big_Endian/rtma_conus_terrain.dat
+ bufrtable=/scratch4/NCEPDEV/da/save/Louis.Kouvaris/fv3gfs/sorc/gsi.fd/fix/rtma_prepobs_prep.bufrtable
+ errtable_pw=/scratch4/NCEPDEV/da/save/Louis.Kouvaris/fv3gfs/sorc/gsi.fd/fix/urma2p5.prepobs_errtable_pw.njqc
+ errtable_ps=/scratch4/NCEPDEV/da/save/Louis.Kouvaris/fv3gfs/sorc/gsi.fd/fix/urma2p5.prepobs_errtable_ps.njqc
+ errtable_t=/scratch4/NCEPDEV/da/save/Louis.Kouvaris/fv3gfs/sorc/gsi.fd/fix/urma2p5.prepobs_errtable_t.njqc
+ errtable_q=/scratch4/NCEPDEV/da/save/Louis.Kouvaris/fv3gfs/sorc/gsi.fd/fix/urma2p5.prepobs_errtable_q.njqc
+ errtable_uv=/scratch4/NCEPDEV/da/save/Louis.Kouvaris/fv3gfs/sorc/gsi.fd/fix/urma2p5.prepobs_errtable_uv.njqc
+ btable_ps=/scratch4/NCEPDEV/da/save/Louis.Kouvaris/fv3gfs/sorc/gsi.fd/fix/urma2p5.nlqc_b_ps.njqc
+ btable_t=/scratch4/NCEPDEV/da/save/Louis.Kouvaris/fv3gfs/sorc/gsi.fd/fix/urma2p5.nlqc_b_t.njqc
+ btable_q=/scratch4/NCEPDEV/da/save/Louis.Kouvaris/fv3gfs/sorc/gsi.fd/fix/urma2p5.nlqc_b_q.njqc
+ btable_uv=/scratch4/NCEPDEV/da/save/Louis.Kouvaris/fv3gfs/sorc/gsi.fd/fix/urma2p5.nlqc_b_uv.njqc
+ t_rejectlist=/scratch4/NCEPDEV/da/save/Louis.Kouvaris/fv3gfs/sorc/gsi.fd/fix/rtma_t_rejectlist
+ p_rejectlist=/scratch4/NCEPDEV/da/save/Louis.Kouvaris/fv3gfs/sorc/gsi.fd/fix/rtma_p_rejectlist
+ q_rejectlist=/scratch4/NCEPDEV/da/save/Louis.Kouvaris/fv3gfs/sorc/gsi.fd/fix/rtma_q_rejectlist
+ w_rejectlist=/scratch4/NCEPDEV/da/save/Louis.Kouvaris/fv3gfs/sorc/gsi.fd/fix/rtma_w_rejectlist
+ t_day_rejectlist=/scratch4/NCEPDEV/da/save/Louis.Kouvaris/fv3gfs/sorc/gsi.fd/fix/rtma_t_day_rejectlist
+ t_night_rejectlist=/scratch4/NCEPDEV/da/save/Louis.Kouvaris/fv3gfs/sorc/gsi.fd/fix/rtma_t_night_rejectlist
+ q_day_rejectlist=/scratch4/NCEPDEV/da/save/Louis.Kouvaris/fv3gfs/sorc/gsi.fd/fix/rtma_q_day_rejectlist
+ q_night_rejectlist=/scratch4/NCEPDEV/da/save/Louis.Kouvaris/fv3gfs/sorc/gsi.fd/fix/rtma_q_night_rejectlist
+ [[ Big_Endian = \L\i\t\t\l\e\_\E\n\d\i\a\n ]]
+ [[ Big_Endian = \B\i\g\_\E\n\d\i\a\n ]]
+ random_flips=/scratch4/NCEPDEV/da/save/Louis.Kouvaris/fv3gfs/sorc/gsi.fd/fix/rtma_random_flips
+ flt_psi=/scratch4/NCEPDEV/da/save/Louis.Kouvaris/fv3gfs/sorc/gsi.fd/fix/Big_Endian/rtma_fltnorm.dat_psi
+ flt_chi=/scratch4/NCEPDEV/da/save/Louis.Kouvaris/fv3gfs/sorc/gsi.fd/fix/Big_Endian/rtma_fltnorm.dat_chi
+ flt_ps=/scratch4/NCEPDEV/da/save/Louis.Kouvaris/fv3gfs/sorc/gsi.fd/fix/Big_Endian/rtma_fltnorm.dat_ps
+ flt_pseudorh=/scratch4/NCEPDEV/da/save/Louis.Kouvaris/fv3gfs/sorc/gsi.fd/fix/Big_Endian/rtma_fltnorm.dat_pseudorh
+ flt_t=/scratch4/NCEPDEV/da/save/Louis.Kouvaris/fv3gfs/sorc/gsi.fd/fix/Big_Endian/rtma_fltnorm.dat_t
+ flt_gust=/scratch4/NCEPDEV/da/save/Louis.Kouvaris/fv3gfs/sorc/gsi.fd/fix/Big_Endian/rtma_fltnorm.dat_gust
+ flt_vis=/scratch4/NCEPDEV/da/save/Louis.Kouvaris/fv3gfs/sorc/gsi.fd/fix/Big_Endian/rtma_fltnorm.dat_vis
+ flt_sfwter=/scratch4/NCEPDEV/da/save/Louis.Kouvaris/fv3gfs/sorc/gsi.fd/fix/Big_Endian/rtma_fltnorm.dat_sfwter
+ flt_vpwter=/scratch4/NCEPDEV/da/save/Louis.Kouvaris/fv3gfs/sorc/gsi.fd/fix/Big_Endian/rtma_fltnorm.dat_vpwter
+ flt_pswter=/scratch4/NCEPDEV/da/save/Louis.Kouvaris/fv3gfs/sorc/gsi.fd/fix/Big_Endian/rtma_fltnorm.dat_pswter
+ flt_qwter=/scratch4/NCEPDEV/da/save/Louis.Kouvaris/fv3gfs/sorc/gsi.fd/fix/Big_Endian/rtma_fltnorm.dat_qwter
+ flt_twter=/scratch4/NCEPDEV/da/save/Louis.Kouvaris/fv3gfs/sorc/gsi.fd/fix/Big_Endian/rtma_fltnorm.dat_twter
+ flt_gustwter=/scratch4/NCEPDEV/da/save/Louis.Kouvaris/fv3gfs/sorc/gsi.fd/fix/Big_Endian/rtma_fltnorm.dat_gustwter
+ flt_wspd10m=/scratch4/NCEPDEV/da/save/Louis.Kouvaris/fv3gfs/sorc/gsi.fd/fix/Big_Endian/rtma_fltnorm.dat_wspd10m
+ flt_wspd10mwter=/scratch4/NCEPDEV/da/save/Louis.Kouvaris/fv3gfs/sorc/gsi.fd/fix/Big_Endian/rtma_fltnorm.dat_wspd10mwter
+ flt_td2m=/scratch4/NCEPDEV/da/save/Louis.Kouvaris/fv3gfs/sorc/gsi.fd/fix/Big_Endian/rtma_fltnorm.dat_td2m
+ flt_td2mwter=/scratch4/NCEPDEV/da/save/Louis.Kouvaris/fv3gfs/sorc/gsi.fd/fix/Big_Endian/rtma_fltnorm.dat_td2mwter
+ flt_mitm=/scratch4/NCEPDEV/da/save/Louis.Kouvaris/fv3gfs/sorc/gsi.fd/fix/Big_Endian/rtma_fltnorm.dat_mitm
+ flt_mitmwter=/scratch4/NCEPDEV/da/save/Louis.Kouvaris/fv3gfs/sorc/gsi.fd/fix/Big_Endian/rtma_fltnorm.dat_mitmwter
+ flt_mxtm=/scratch4/NCEPDEV/da/save/Louis.Kouvaris/fv3gfs/sorc/gsi.fd/fix/Big_Endian/rtma_fltnorm.dat_mxtm
+ flt_mxtmwter=/scratch4/NCEPDEV/da/save/Louis.Kouvaris/fv3gfs/sorc/gsi.fd/fix/Big_Endian/rtma_fltnorm.dat_mxtmwter
+ flt_pmsl=/scratch4/NCEPDEV/da/save/Louis.Kouvaris/fv3gfs/sorc/gsi.fd/fix/Big_Endian/rtma_fltnorm.dat_pmsl
+ flt_howv=/scratch4/NCEPDEV/da/save/Louis.Kouvaris/fv3gfs/sorc/gsi.fd/fix/Big_Endian/rtma_fltnorm.dat_howv
+ flt_tcamt=/scratch4/NCEPDEV/da/save/Louis.Kouvaris/fv3gfs/sorc/gsi.fd/fix/Big_Endian/rtma_fltnorm.dat_tcamt
+ flt_cldch=/scratch4/NCEPDEV/da/save/Louis.Kouvaris/fv3gfs/sorc/gsi.fd/fix/Big_Endian/rtma_fltnorm.dat_cldch
+ flt_uwnd10m=/scratch4/NCEPDEV/da/save/Louis.Kouvaris/fv3gfs/sorc/gsi.fd/fix/Big_Endian/rtma_fltnorm.dat_uwnd10m
+ flt_vwnd10m=/scratch4/NCEPDEV/da/save/Louis.Kouvaris/fv3gfs/sorc/gsi.fd/fix/Big_Endian/rtma_fltnorm.dat_vwnd10m
+ flt_uwnd10mwter=/scratch4/NCEPDEV/da/save/Louis.Kouvaris/fv3gfs/sorc/gsi.fd/fix/Big_Endian/rtma_fltnorm.dat_uwnd10mwter
+ flt_vwnd10mwter=/scratch4/NCEPDEV/da/save/Louis.Kouvaris/fv3gfs/sorc/gsi.fd/fix/Big_Endian/rtma_fltnorm.dat_vwnd10mwter
+ prmcard=/scratch4/NCEPDEV/da/save/Louis.Kouvaris/fv3gfs/sorc/gsi.fd/fix/rtma_parmcard_input
+ [[ rtma_loproc_updat == *\u\p\d\a\t* ]]
+ /bin/cp /scratch4/NCEPDEV/da/save/Louis.Kouvaris/fv3gfs/sorc/gsi.fd/exec/global_gsi.x ./gsi.x
+ /bin/cp /scratch4/NCEPDEV/da/save/Louis.Kouvaris/fv3gfs/sorc/gsi.fd/fix/anavinfo_rtma ./anavinfo
+ /bin/cp /scratch4/NCEPDEV/da/save/Louis.Kouvaris/fv3gfs/sorc/gsi.fd/fix/Big_Endian/rtma_regional_nmm_berror.f77.gcv ./berror_stats
+ /bin/cp /scratch4/NCEPDEV/da/save/Louis.Kouvaris/fv3gfs/sorc/gsi.fd/fix/rtma_convinfo.txt ./convinfo
+ /bin/cp /scratch4/NCEPDEV/da/save/Louis.Kouvaris/fv3gfs/sorc/gsi.fd/fix/rtma_errtable.r3dv ./errtable
+ /bin/cp /scratch4/NCEPDEV/da/save/Louis.Kouvaris/fv3gfs/sorc/gsi.fd/fix/rtma_mesonet_uselist.txt ./mesonetuselist
+ /bin/cp /scratch4/NCEPDEV/da/save/Louis.Kouvaris/fv3gfs/sorc/gsi.fd/fix/rtma_ruc2_wind-uselist-noMETAR.dat ./mesonet_stnuselist
+ /bin/cp /scratch4/NCEPDEV/da/save/Louis.Kouvaris/fv3gfs/sorc/gsi.fd/fix/rtma_mesonet_vis_uselist.txt ./mesonet_stnuselist_for_vis
+ /bin/cp /scratch4/NCEPDEV/da/save/Louis.Kouvaris/fv3gfs/sorc/gsi.fd/fix/rtma_wbinuselist ./wbinuselist
+ /bin/cp /scratch4/NCEPDEV/da/save/Louis.Kouvaris/fv3gfs/sorc/gsi.fd/fix/Big_Endian/rtma_conus_slmask.dat ./rtma_slmask.dat
+ /bin/cp /scratch4/NCEPDEV/da/save/Louis.Kouvaris/fv3gfs/sorc/gsi.fd/fix/Big_Endian/rtma_conus_terrain.dat ./rtma_terrain.dat
+ /bin/cp /scratch4/NCEPDEV/da/save/Louis.Kouvaris/fv3gfs/sorc/gsi.fd/fix/rtma_prepobs_prep.bufrtable ./prepobs_prep.bufrtable
+ /bin/cp /scratch4/NCEPDEV/da/save/Louis.Kouvaris/fv3gfs/sorc/gsi.fd/fix/urma2p5.prepobs_errtable_pw.njqc ./errtable_pw
+ /bin/cp /scratch4/NCEPDEV/da/save/Louis.Kouvaris/fv3gfs/sorc/gsi.fd/fix/urma2p5.prepobs_errtable_ps.njqc ./errtable_ps
+ /bin/cp /scratch4/NCEPDEV/da/save/Louis.Kouvaris/fv3gfs/sorc/gsi.fd/fix/urma2p5.prepobs_errtable_t.njqc ./errtable_t
+ /bin/cp /scratch4/NCEPDEV/da/save/Louis.Kouvaris/fv3gfs/sorc/gsi.fd/fix/urma2p5.prepobs_errtable_q.njqc ./errtable_q
+ /bin/cp /scratch4/NCEPDEV/da/save/Louis.Kouvaris/fv3gfs/sorc/gsi.fd/fix/urma2p5.prepobs_errtable_uv.njqc ./errtable_uv
+ /bin/cp /scratch4/NCEPDEV/da/save/Louis.Kouvaris/fv3gfs/sorc/gsi.fd/fix/urma2p5.nlqc_b_ps.njqc ./btable_ps
+ /bin/cp /scratch4/NCEPDEV/da/save/Louis.Kouvaris/fv3gfs/sorc/gsi.fd/fix/urma2p5.nlqc_b_t.njqc ./btable_t
+ /bin/cp /scratch4/NCEPDEV/da/save/Louis.Kouvaris/fv3gfs/sorc/gsi.fd/fix/urma2p5.nlqc_b_q.njqc ./btable_q
+ /bin/cp /scratch4/NCEPDEV/da/save/Louis.Kouvaris/fv3gfs/sorc/gsi.fd/fix/urma2p5.nlqc_b_uv.njqc ./btable_uv
+ /bin/cp /scratch4/NCEPDEV/da/save/Louis.Kouvaris/fv3gfs/sorc/gsi.fd/fix/rtma_t_rejectlist ./t_rejectlist
+ /bin/cp /scratch4/NCEPDEV/da/save/Louis.Kouvaris/fv3gfs/sorc/gsi.fd/fix/rtma_p_rejectlist ./p_rejectlist
+ /bin/cp /scratch4/NCEPDEV/da/save/Louis.Kouvaris/fv3gfs/sorc/gsi.fd/fix/rtma_q_rejectlist ./q_rejectlist
+ /bin/cp /scratch4/NCEPDEV/da/save/Louis.Kouvaris/fv3gfs/sorc/gsi.fd/fix/rtma_w_rejectlist ./w_rejectlist
+ /bin/cp /scratch4/NCEPDEV/da/save/Louis.Kouvaris/fv3gfs/sorc/gsi.fd/fix/rtma_t_day_rejectlist ./t_day_rejectlist
+ /bin/cp /scratch4/NCEPDEV/da/save/Louis.Kouvaris/fv3gfs/sorc/gsi.fd/fix/rtma_t_night_rejectlist ./t_night_rejectlist
+ /bin/cp /scratch4/NCEPDEV/da/save/Louis.Kouvaris/fv3gfs/sorc/gsi.fd/fix/rtma_q_day_rejectlist ./q_day_rejectlist
+ /bin/cp /scratch4/NCEPDEV/da/save/Louis.Kouvaris/fv3gfs/sorc/gsi.fd/fix/rtma_q_night_rejectlist ./q_night_rejectlist
+ /bin/cp /scratch4/NCEPDEV/da/save/Louis.Kouvaris/fv3gfs/sorc/gsi.fd/fix/rtma_random_flips ./random_flips
+ /bin/cp /scratch4/NCEPDEV/da/save/Louis.Kouvaris/fv3gfs/sorc/gsi.fd/fix/Big_Endian/rtma_fltnorm.dat_psi ./fltnorm.dat_psi
+ /bin/cp /scratch4/NCEPDEV/da/save/Louis.Kouvaris/fv3gfs/sorc/gsi.fd/fix/Big_Endian/rtma_fltnorm.dat_chi ./fltnorm.dat_chi
+ /bin/cp /scratch4/NCEPDEV/da/save/Louis.Kouvaris/fv3gfs/sorc/gsi.fd/fix/Big_Endian/rtma_fltnorm.dat_ps ./fltnorm.dat_ps
+ /bin/cp /scratch4/NCEPDEV/da/save/Louis.Kouvaris/fv3gfs/sorc/gsi.fd/fix/Big_Endian/rtma_fltnorm.dat_pseudorh ./fltnorm.dat_pseudorh
+ /bin/cp /scratch4/NCEPDEV/da/save/Louis.Kouvaris/fv3gfs/sorc/gsi.fd/fix/Big_Endian/rtma_fltnorm.dat_t ./fltnorm.dat_t
+ /bin/cp /scratch4/NCEPDEV/da/save/Louis.Kouvaris/fv3gfs/sorc/gsi.fd/fix/Big_Endian/rtma_fltnorm.dat_gust ./fltnorm.dat_gust
+ /bin/cp /scratch4/NCEPDEV/da/save/Louis.Kouvaris/fv3gfs/sorc/gsi.fd/fix/Big_Endian/rtma_fltnorm.dat_vis ./fltnorm.dat_vis
+ /bin/cp /scratch4/NCEPDEV/da/save/Louis.Kouvaris/fv3gfs/sorc/gsi.fd/fix/Big_Endian/rtma_fltnorm.dat_sfwter ./fltnorm.dat_sfwter
+ /bin/cp /scratch4/NCEPDEV/da/save/Louis.Kouvaris/fv3gfs/sorc/gsi.fd/fix/Big_Endian/rtma_fltnorm.dat_vpwter ./fltnorm.dat_vpwter
+ /bin/cp /scratch4/NCEPDEV/da/save/Louis.Kouvaris/fv3gfs/sorc/gsi.fd/fix/Big_Endian/rtma_fltnorm.dat_pswter ./fltnorm.dat_pswter
+ /bin/cp /scratch4/NCEPDEV/da/save/Louis.Kouvaris/fv3gfs/sorc/gsi.fd/fix/Big_Endian/rtma_fltnorm.dat_qwter ./fltnorm.dat_qwter
+ /bin/cp /scratch4/NCEPDEV/da/save/Louis.Kouvaris/fv3gfs/sorc/gsi.fd/fix/Big_Endian/rtma_fltnorm.dat_twter ./fltnorm.dat_twter
+ /bin/cp /scratch4/NCEPDEV/da/save/Louis.Kouvaris/fv3gfs/sorc/gsi.fd/fix/Big_Endian/rtma_fltnorm.dat_gustwter ./fltnorm.dat_gustwter
+ /bin/cp /scratch4/NCEPDEV/da/save/Louis.Kouvaris/fv3gfs/sorc/gsi.fd/fix/Big_Endian/rtma_fltnorm.dat_wspd10m ./fltnorm.dat_wspd10m
+ /bin/cp /scratch4/NCEPDEV/da/save/Louis.Kouvaris/fv3gfs/sorc/gsi.fd/fix/Big_Endian/rtma_fltnorm.dat_cldch ./fltnorm.dat_cldch
+ /bin/cp /scratch4/NCEPDEV/da/save/Louis.Kouvaris/fv3gfs/sorc/gsi.fd/fix/Big_Endian/rtma_fltnorm.dat_wspd10mwter ./fltnorm.dat_wspd10mwter
+ /bin/cp /scratch4/NCEPDEV/da/save/Louis.Kouvaris/fv3gfs/sorc/gsi.fd/fix/Big_Endian/rtma_fltnorm.dat_td2m ./fltnorm.dat_td2m
+ /bin/cp /scratch4/NCEPDEV/da/save/Louis.Kouvaris/fv3gfs/sorc/gsi.fd/fix/Big_Endian/rtma_fltnorm.dat_td2mwter ./fltnorm.dat_td2mwter
+ /bin/cp /scratch4/NCEPDEV/da/save/Louis.Kouvaris/fv3gfs/sorc/gsi.fd/fix/Big_Endian/rtma_fltnorm.dat_mitm ./fltnorm.dat_mitm
+ /bin/cp /scratch4/NCEPDEV/da/save/Louis.Kouvaris/fv3gfs/sorc/gsi.fd/fix/Big_Endian/rtma_fltnorm.dat_mitmwter ./fltnorm.dat_mitmwter
+ /bin/cp /scratch4/NCEPDEV/da/save/Louis.Kouvaris/fv3gfs/sorc/gsi.fd/fix/Big_Endian/rtma_fltnorm.dat_mxtm ./fltnorm.dat_mxtm
+ /bin/cp /scratch4/NCEPDEV/da/save/Louis.Kouvaris/fv3gfs/sorc/gsi.fd/fix/Big_Endian/rtma_fltnorm.dat_mxtmwter ./fltnorm.dat_mxtmwter
+ /bin/cp /scratch4/NCEPDEV/da/save/Louis.Kouvaris/fv3gfs/sorc/gsi.fd/fix/Big_Endian/rtma_fltnorm.dat_pmsl ./fltnorm.dat_pmsl
+ /bin/cp /scratch4/NCEPDEV/da/save/Louis.Kouvaris/fv3gfs/sorc/gsi.fd/fix/Big_Endian/rtma_fltnorm.dat_howv ./fltnorm.dat_howv
+ /bin/cp /scratch4/NCEPDEV/da/save/Louis.Kouvaris/fv3gfs/sorc/gsi.fd/fix/Big_Endian/rtma_fltnorm.dat_tcamt ./fltnorm.dat_tcamt
+ /bin/cp /scratch4/NCEPDEV/da/save/Louis.Kouvaris/fv3gfs/sorc/gsi.fd/fix/Big_Endian/rtma_fltnorm.dat_uwnd10m ./fltnorm.dat_uwnd10m
+ /bin/cp /scratch4/NCEPDEV/da/save/Louis.Kouvaris/fv3gfs/sorc/gsi.fd/fix/Big_Endian/rtma_fltnorm.dat_vwnd10m ./fltnorm.dat_vwnd10m
+ /bin/cp /scratch4/NCEPDEV/da/save/Louis.Kouvaris/fv3gfs/sorc/gsi.fd/fix/Big_Endian/rtma_fltnorm.dat_uwnd10mwter ./fltnorm.dat_uwnd10mwter
+ /bin/cp /scratch4/NCEPDEV/da/save/Louis.Kouvaris/fv3gfs/sorc/gsi.fd/fix/Big_Endian/rtma_fltnorm.dat_vwnd10mwter ./fltnorm.dat_vwnd10mwter
+ /bin/cp /scratch4/NCEPDEV/da/save/Louis.Kouvaris/fv3gfs/sorc/gsi.fd/fix/urma2p5_howv_var_lat.bin ./howv_var_berr.bin
+ /bin/cp /scratch4/NCEPDEV/da/save/Louis.Kouvaris/fv3gfs/sorc/gsi.fd/fix/urma2p5_howv_lng_lat.bin ./howv_lng_berr.bin
+ /bin/cp /scratch4/NCEPDEV/da/save/Louis.Kouvaris/fv3gfs/sorc/gsi.fd/fix/rtma_parmcard_input ./parmcard_input
+ /bin/cp /scratch4/NCEPDEV/da/noscrub/Michael.Lueken/CASES/regional/rtma_binary/2017031218/urma.t18z.prepbufr.tm00 ./prepbufr
+ /bin/cp /scratch4/NCEPDEV/da/noscrub/Michael.Lueken/CASES/regional/rtma_binary/2017031218/urma.t18z.satwnd.tm00.bufr_d ./satwndbufr
+ /bin/cp /scratch4/NCEPDEV/da/noscrub/Michael.Lueken/CASES/regional/rtma_binary/2017031218/urma.t18z.goessky.bufr_d ./goessky
+ echo 'NEW MAX/MIN DATA /scratch4/NCEPDEV/da/noscrub/Michael.Lueken/CASES/regional/rtma_binary/2017031218/rtma.maxt/mintobs.dat '
NEW MAX/MIN DATA /scratch4/NCEPDEV/da/noscrub/Michael.Lueken/CASES/regional/rtma_binary/2017031218/rtma.maxt/mintobs.dat 
+ ls -lt /scratch4/NCEPDEV/da/noscrub/Michael.Lueken/CASES/regional/rtma_binary/2017031218/urma.20170312.maxtobs.dat /scratch4/NCEPDEV/da/noscrub/Michael.Lueken/CASES/regional/rtma_binary/2017031218/urma.20170312.mintobs.dat
-rw-r--r-- 1 Michael.Lueken da 2353962 Mar 13  2017 /scratch4/NCEPDEV/da/noscrub/Michael.Lueken/CASES/regional/rtma_binary/2017031218/urma.20170312.maxtobs.dat
-rw-r--r-- 1 Michael.Lueken da 2168871 Mar 13  2017 /scratch4/NCEPDEV/da/noscrub/Michael.Lueken/CASES/regional/rtma_binary/2017031218/urma.20170312.mintobs.dat
+ echo '/scratch4/NCEPDEV/da/noscrub/Michael.Lueken/CASES/regional/rtma_binary/2017031218/urma*tobs.dat'
/scratch4/NCEPDEV/da/noscrub/Michael.Lueken/CASES/regional/rtma_binary/2017031218/urma*tobs.dat
+ /bin/cp /scratch4/NCEPDEV/da/noscrub/Michael.Lueken/CASES/regional/rtma_binary/2017031218/urma.20170312.mintobs.dat ./mitmdat
+ /bin/cp /scratch4/NCEPDEV/da/noscrub/Michael.Lueken/CASES/regional/rtma_binary/2017031218/urma.20170312.maxtobs.dat ./mxtmdat
+ echo 'observation data: satmar for howv '
observation data: satmar for howv 
+ /bin/cp /scratch4/NCEPDEV/da/noscrub/Michael.Lueken/CASES/regional/rtma_binary/2017031218/satmar ./satmar
+ /bin/cp /scratch4/NCEPDEV/da/noscrub/Michael.Lueken/CASES/regional/rtma_binary/2017031218/urma2p5.t18z.2dvar_input ./wrf_inout
+ cp wrf_inout wrf_ges
+ cd /scratch4/NCEPDEV/stmp3/Louis.Kouvaris/_scratch4_NCEPDEV_da_save_Louis.Kouvaris_fv3gfs_sorc_gsi.fd_build/tmpreg_rtma/rtma_loproc_updat
+ echo 'run gsi now'
run gsi now
+ eval 'srun /scratch4/NCEPDEV/stmp3/Louis.Kouvaris/_scratch4_NCEPDEV_da_save_Louis.Kouvaris_fv3gfs_sorc_gsi.fd_build/tmpreg_rtma/rtma_loproc_updat/gsi.x > stdout 2>&1'
++ srun /scratch4/NCEPDEV/stmp3/Louis.Kouvaris/_scratch4_NCEPDEV_da_save_Louis.Kouvaris_fv3gfs_sorc_gsi.fd_build/tmpreg_rtma/rtma_loproc_updat/gsi.x
+ rc=0
+ exit 0
_______________________________________________________________
Start Epilog v19.07.23 on node t0289 for job 2014940 :: Mon Aug 19 19:58:12 UTC 2019
Job 2014940 (not serial) finished for user Louis.Kouvaris in partition theia with exit code 0:0
_______________________________________________________________
End Epilogue v19.07.23 Mon Aug 19 19:58:12 UTC 2019
