
------------------------------------------------------------
Sender: LSF System <lsfadmin@nid01532>
Subject: Job 577648: <gsi1534> in cluster <NCEP-RESTON> Exited

Job <gsi1534> was submitted from host <llogin2> by user <Emily.Liu> in cluster <NCEP-RESTON> at Thu Apr 11 16:35:02 2019.
Job was executed on host(s) <1*nid01532>, in queue <debug>, as user <Emily.Liu> in cluster <NCEP-RESTON> at Thu Apr 11 16:55:47 2019.
                            <24*nid00054>
                            <24*nid00059>
                            <24*nid00076>
                            <24*nid00078>
                            <24*nid00095>
                            <24*nid00152>
                            <24*nid00153>
                            <24*nid00155>
                            <24*nid00163>
                            <24*nid00166>
                            <24*nid00169>
                            <24*nid00172>
                            <24*nid00179>
                            <24*nid00182>
                            <24*nid00200>
                            <24*nid00201>
                            <24*nid00204>
                            <24*nid00238>
                            <24*nid00239>
                            <24*nid00240>
                            <24*nid00241>
                            <24*nid00364>
                            <24*nid00395>
                            <24*nid00416>
                            <24*nid00438>
                            <24*nid00476>
                            <24*nid00481>
                            <24*nid00482>
                            <24*nid00483>
                            <24*nid00484>
                            <24*nid00485>
                            <24*nid00486>
                            <24*nid00491>
                            <24*nid00492>
                            <24*nid00545>
                            <24*nid00546>
                            <24*nid00547>
                            <24*nid00548>
                            <24*nid00549>
                            <24*nid00550>
                            <24*nid00551>
                            <24*nid00552>
                            <24*nid00553>
                            <24*nid00557>
                            <24*nid00558>
                            <24*nid00559>
                            <24*nid00560>
                            <24*nid00562>
                            <24*nid00568>
                            <24*nid00571>
                            <24*nid00573>
                            <24*nid00574>
                            <24*nid00591>
                            <24*nid02137>
                            <24*nid02138>
                            <24*nid02139>
                            <24*nid02140>
                            <24*nid02141>
                            <24*nid02142>
                            <24*nid02143>
</u/Emily.Liu> was used as the home directory.
</gpfs/hps3/emc/da/noscrub/Emily.Liu/GSI/ProdGSI-clddet/scripts_eliu/cray> was used as the working directory.
Started at Thu Apr 11 16:55:47 2019.
Terminated at Thu Apr 11 16:59:10 2019.
Results reported at Thu Apr 11 16:59:10 2019.

Your job looked like:

------------------------------------------------------------
# LSBATCH: User input
#!/bin/sh --login

#BSUB -L /bin/sh
#BSUB -P GFS-T2O
#BSUB -o gsi1534.%J.log
#BSUB -e gsi1534.%J.log
#BSUB -J gsi1534
##BSUB -q dev 
#BSUB -q debug 
#BSUB -M 3072
#BSUB -extsched 'CRAYLINUX[]'
##BSUB -W 02:00
#BSUB -W 00:30
##BSUB -cwd /gpfs/hps3/emc/da/noscrub/Emily.Liu/GSI/ProdGSI-clddet/scripts_eliu/cray

set -x

#>>orig
export NODES=60
ntasks=360
ptile=6
#<<orig
#>>emily
#emily: need to increase the nodes handle more hydrometers
#export NODES=80
#ntasks=480
#ptile=6
#<<emily
threads=4

ulimit -s unlimited
ulimit -a

. $MODULESHOME/init/sh
module load PrgEnv-intel
module load cray-mpich
module load prod_util
module load prod_envir
module load cfp-intel-sandybridge
#module load crtm-intel/2.2.6

module list


export KMP_AFFINITY=disabled
export OMP_STACKSIZE=2G
export OMP_NUM_THREADS=$threads
export FORT_BUFFERED=true



(... more ...)
------------------------------------------------------------

TERM_OWNER: job killed by owner.
Exited with exit code 143.

Resource usage summary:

    CPU time :                                   5.00 sec.
    Max Memory :                                 34 MB
    Average Memory :                             19.67 MB
    Total Requested Memory :                     3072.00 MB
    Delta Memory :                               3038.00 MB
    Max Swap :                                   -
    Max Processes :                              4
    Max Threads :                                5
    Run time :                                   192 sec.
    Turnaround time :                            1449 sec.

The output (if any) is above this job summary.

Data collected from /ufs/RUR/output/rur.output.NCEP-RESTON@577648
------------------------------------------------------------------------

ALPS Resource Utilization Report (RUR) Summary for LSF Job: 577648

STATUS:


          APP START:                 2019-04-11:16:56:14 UTC
          APP STOP:                  2019-04-11:16:58:58 UTC
          exit codes:                1 0
          core files:                0

CPU:


          stime:                    1417.360000 s
          utime:                    69035.168000 s

MEMORY:


          max_rss:                  2915.05 MiB
          accumulated max_rss:      2915.05 MiB
          active(anon):             1596.30 MiB
          active(file):             83.76 MiB
          inactive(anon):           47.56 MiB
          inactive(file):           421.42 MiB
          majfaults:                1182
          minfaults:                477095813
          pageswpcnt:               0

I/O: 


          rcalls:                   871844
          wcalls:                   334395
          rchar:                    167979.41 MiB
          wchar:                    5013.92 MiB
          bkiowait:                 5.0799547360 s
