The system is: Linux - 3.10.0-862.9.1.el7.x86_64 - x86_64
Compiling the C compiler identification source file "CMakeCCompilerId.c" succeeded.
Compiler: /apps/intel/composer_xe_2013_sp1.2.144/bin/intel64/icc 
Build flags: 
Id flags: 

The output was:
0


Compilation of the C compiler identification source "CMakeCCompilerId.c" produced "a.out"

The C compiler identification is Intel, found in "/scratch4/NCEPDEV/da/save/David.Groff/David.Groff/version_revised_fv3efsoi/ProdGSI/build_efsoi/CMakeFiles/2.8.12.2/CompilerIdC/a.out"

Compiling the CXX compiler identification source file "CMakeCXXCompilerId.cpp" succeeded.
Compiler: /apps/intel/composer_xe_2013_sp1.2.144/bin/intel64/icpc 
Build flags: 
Id flags: 

The output was:
0


Compilation of the CXX compiler identification source "CMakeCXXCompilerId.cpp" produced "a.out"

The CXX compiler identification is Intel, found in "/scratch4/NCEPDEV/da/save/David.Groff/David.Groff/version_revised_fv3efsoi/ProdGSI/build_efsoi/CMakeFiles/2.8.12.2/CompilerIdCXX/a.out"

Determining if the C compiler works passed with the following output:
Change Dir: /scratch4/NCEPDEV/da/save/David.Groff/David.Groff/version_revised_fv3efsoi/ProdGSI/build_efsoi/CMakeFiles/CMakeTmp

Run Build Command:/bin/gmake "cmTryCompileExec452169343/fast"
/bin/gmake -f CMakeFiles/cmTryCompileExec452169343.dir/build.make CMakeFiles/cmTryCompileExec452169343.dir/build
gmake[1]: Entering directory `/scratch4/NCEPDEV/da/save/David.Groff/David.Groff/version_revised_fv3efsoi/ProdGSI/build_efsoi/CMakeFiles/CMakeTmp'
/usr/bin/cmake -E cmake_progress_report /scratch4/NCEPDEV/da/save/David.Groff/David.Groff/version_revised_fv3efsoi/ProdGSI/build_efsoi/CMakeFiles/CMakeTmp/CMakeFiles 1
Building C object CMakeFiles/cmTryCompileExec452169343.dir/testCCompiler.c.o
/apps/intel/composer_xe_2013_sp1.2.144/bin/intel64/icc    -o CMakeFiles/cmTryCompileExec452169343.dir/testCCompiler.c.o   -c /scratch4/NCEPDEV/da/save/David.Groff/David.Groff/version_revised_fv3efsoi/ProdGSI/build_efsoi/CMakeFiles/CMakeTmp/testCCompiler.c
Linking C executable cmTryCompileExec452169343
/usr/bin/cmake -E cmake_link_script CMakeFiles/cmTryCompileExec452169343.dir/link.txt --verbose=1
/apps/intel/composer_xe_2013_sp1.2.144/bin/intel64/icc       CMakeFiles/cmTryCompileExec452169343.dir/testCCompiler.c.o  -o cmTryCompileExec452169343 -rdynamic 
gmake[1]: Leaving directory `/scratch4/NCEPDEV/da/save/David.Groff/David.Groff/version_revised_fv3efsoi/ProdGSI/build_efsoi/CMakeFiles/CMakeTmp'


Detecting C compiler ABI info compiled with the following output:
Change Dir: /scratch4/NCEPDEV/da/save/David.Groff/David.Groff/version_revised_fv3efsoi/ProdGSI/build_efsoi/CMakeFiles/CMakeTmp

Run Build Command:/bin/gmake "cmTryCompileExec501454853/fast"
/bin/gmake -f CMakeFiles/cmTryCompileExec501454853.dir/build.make CMakeFiles/cmTryCompileExec501454853.dir/build
gmake[1]: Entering directory `/scratch4/NCEPDEV/da/save/David.Groff/David.Groff/version_revised_fv3efsoi/ProdGSI/build_efsoi/CMakeFiles/CMakeTmp'
/usr/bin/cmake -E cmake_progress_report /scratch4/NCEPDEV/da/save/David.Groff/David.Groff/version_revised_fv3efsoi/ProdGSI/build_efsoi/CMakeFiles/CMakeTmp/CMakeFiles 1
Building C object CMakeFiles/cmTryCompileExec501454853.dir/CMakeCCompilerABI.c.o
/apps/intel/composer_xe_2013_sp1.2.144/bin/intel64/icc    -o CMakeFiles/cmTryCompileExec501454853.dir/CMakeCCompilerABI.c.o   -c /usr/share/cmake/Modules/CMakeCCompilerABI.c
Linking C executable cmTryCompileExec501454853
/usr/bin/cmake -E cmake_link_script CMakeFiles/cmTryCompileExec501454853.dir/link.txt --verbose=1
/apps/intel/composer_xe_2013_sp1.2.144/bin/intel64/icc     -v CMakeFiles/cmTryCompileExec501454853.dir/CMakeCCompilerABI.c.o  -o cmTryCompileExec501454853 -rdynamic  
icc version 14.0.2 (gcc version 4.8.0 compatibility)
/apps/intel/composer_xe_2013_sp1.2.144/bin/intel64/mcpcom    -mP1OPT_version=14.0-intel64 -mGLOB_diag_file=CMakeFiles/cmTryCompileExec501454853.dir/CMakeCCompilerABI.c.diag -mP1OPT_print_version=FALSE -mCG_use_gas_got_workaround=F -mP2OPT_align_option_used=TRUE -mGLOB_gcc_version=480 "-mGLOB_options_string=-v -o cmTryCompileExec501454853 -rdynamic" -mGLOB_cxx_limited_range=FALSE -mCG_extend_parms=FALSE -mGLOB_compiler_bin_directory=/apps/intel/composer_xe_2013_sp1.2.144/bin/intel64 -mGLOB_as_output_backup_file_name=/tmp/icc7Wjgt6as_.s -mIPOPT_activate -mGLOB_em64t -mGLOB_product_id_code=0x22006d91 -mP3OPT_use_mspp_call_convention -mPGOPTI_value_profile_use=T -mP2OPT_il0_array_sections=TRUE -mGLOB_offload_mode=1 -mP2OPT_offload_unique_var_string=icc1500153394LoAKRn -mP2OPT_hlo -mP2OPT_hpo_rtt_control=0 -mIPOPT_args_in_regs=0 -mP2OPT_disam_assume_nonstd_intent_in=FALSE -mGLOB_imf_mapping_library=/apps/intel/composer_xe_2013_sp1.2.144/bin/intel64/libiml_attr.so -mIPOPT_link -mIPOPT_ipo_activate -mIPOPT_mo_activate -mIPOPT_source_files_list=/tmp/iccslisoK6xW5 -mIPOPT_mo_global_data -mIPOPT_link_script_file=/tmp/iccscript9s4XrL "-mIPOPT_cmdline_link="/usr/lib/gcc/x86_64-redhat-linux/4.8.5/../../../../lib64/crt1.o" "/usr/lib/gcc/x86_64-redhat-linux/4.8.5/../../../../lib64/crti.o" "/usr/lib/gcc/x86_64-redhat-linux/4.8.5/crtbegin.o" "-export-dynamic" "--eh-frame-hdr" "--build-id" "-dynamic-linker" "/lib64/ld-linux-x86-64.so.2" "-o" "cmTryCompileExec501454853" "-L/apps/intel/composer_xe_2013_sp1.2.144/compiler/lib/intel64" "-L/apps/intel/composer_xe_2013_sp1.2.144/ipp/intel64" "-L/apps/intel/composer_xe_2013_sp1.2.144/mkl/lib/intel64" "-L/apps/intel/composer_xe_2013_sp1.2.144/tbb/lib/intel64/gcc4.4" "-L/apps/intel/composer_xe_2013_sp1.2.144/compiler/lib/intel64" "-L/usr/lib/gcc/x86_64-redhat-linux/4.8.5/" "-L/usr/lib/gcc/x86_64-redhat-linux/4.8.5/../../../../lib64" "-L/usr/lib/gcc/x86_64-redhat-linux/4.8.5/../../../../lib64/" "-L/lib/../lib64" "-L/lib/../lib64/" "-L/usr/lib/../lib64" "-L/usr/lib/../lib64/" "-L/apps/intel/composer_xe_2013_sp1.2.144/compiler/lib/intel64/" "-L/apps/intel/composer_xe_2013_sp1.2.144/mkl/lib/intel64/" "-L/apps/intel/composer_xe_2013_sp1.2.144/tbb/lib/intel64/gcc4.4/" "-L/usr/lib/gcc/x86_64-redhat-linux/4.8.5/../../../" "-L/lib64" "-L/lib/" "-L/usr/lib64" "-L/usr/lib" "CMakeFiles/cmTryCompileExec501454853.dir/CMakeCCompilerABI.c.o" "-Bdynamic" "-Bstatic" "-limf" "-lsvml" "-lirng" "-Bdynamic" "-lm" "-Bstatic" "-lipgo" "-ldecimal" "--as-needed" "-Bdynamic" "-lcilkrts" "-lstdc++" "--no-as-needed" "-lgcc" "-lgcc_s" "-Bstatic" "-lirc" "-lsvml" "-Bdynamic" "-lc" "-lgcc" "-lgcc_s" "-Bstatic" "-lirc_s" "-Bdynamic" "-ldl" "-lc" "/usr/lib/gcc/x86_64-redhat-linux/4.8.5/crtend.o" "/usr/lib/gcc/x86_64-redhat-linux/4.8.5/../../../../lib64/crtn.o"" -mIPOPT_il_in_obj -mIPOPT_ipo_activate_warn=FALSE -mIPOPT_obj_output_file_name=/tmp/ipo_iccMwO9T4.o -mIPOPT_whole_archive_fixup_file_name=/tmp/iccwarche5EiX8 -mGLOB_linker_version=2.27 -mGLOB_long_size_64 -mGLOB_routine_pointer_size_64 -mGLOB_driver_tempfile_name=/tmp/icctempfileFzyvwO -mP3OPT_asm_target=P3OPT_ASM_TARGET_GAS -mGLOB_async_unwind_tables=TRUE -mGLOB_obj_output_file=/tmp/ipo_iccMwO9T4.o -mGLOB_source_dialect=GLOB_SOURCE_DIALECT_NONE -mP1OPT_source_file_name=ipo_out.c CMakeFiles/cmTryCompileExec501454853.dir/CMakeCCompilerABI.c.o -mIPOPT_object_files=T -mIPOPT_assembly_files=/tmp/iccalisl5zWUp -mIPOPT_generated_tempfiles=/tmp/iccelisbQjlq5 -mIPOPT_embedded_object_base_name=/tmp/icceobjK6KJVK -mIPOPT_cmdline_link_new_name=/tmp/iccllisIRW8qq
ld    /usr/lib/gcc/x86_64-redhat-linux/4.8.5/../../../../lib64/crt1.o /usr/lib/gcc/x86_64-redhat-linux/4.8.5/../../../../lib64/crti.o /usr/lib/gcc/x86_64-redhat-linux/4.8.5/crtbegin.o -export-dynamic --eh-frame-hdr --build-id -dynamic-linker /lib64/ld-linux-x86-64.so.2 -o cmTryCompileExec501454853 -L/apps/intel/composer_xe_2013_sp1.2.144/compiler/lib/intel64 -L/apps/intel/composer_xe_2013_sp1.2.144/ipp/intel64 -L/apps/intel/composer_xe_2013_sp1.2.144/mkl/lib/intel64 -L/apps/intel/composer_xe_2013_sp1.2.144/tbb/lib/intel64/gcc4.4 -L/apps/intel/composer_xe_2013_sp1.2.144/compiler/lib/intel64 -L/usr/lib/gcc/x86_64-redhat-linux/4.8.5/ -L/usr/lib/gcc/x86_64-redhat-linux/4.8.5/../../../../lib64 -L/usr/lib/gcc/x86_64-redhat-linux/4.8.5/../../../../lib64/ -L/lib/../lib64 -L/lib/../lib64/ -L/usr/lib/../lib64 -L/usr/lib/../lib64/ -L/apps/intel/composer_xe_2013_sp1.2.144/compiler/lib/intel64/ -L/apps/intel/composer_xe_2013_sp1.2.144/mkl/lib/intel64/ -L/apps/intel/composer_xe_2013_sp1.2.144/tbb/lib/intel64/gcc4.4/ -L/usr/lib/gcc/x86_64-redhat-linux/4.8.5/../../../ -L/lib64 -L/lib/ -L/usr/lib64 -L/usr/lib CMakeFiles/cmTryCompileExec501454853.dir/CMakeCCompilerABI.c.o -Bdynamic -Bstatic -limf -lsvml -lirng -Bdynamic -lm -Bstatic -lipgo -ldecimal --as-needed -Bdynamic -lcilkrts -lstdc++ --no-as-needed -lgcc -lgcc_s -Bstatic -lirc -lsvml -Bdynamic -lc -lgcc -lgcc_s -Bstatic -lirc_s -Bdynamic -ldl -lc /usr/lib/gcc/x86_64-redhat-linux/4.8.5/crtend.o /usr/lib/gcc/x86_64-redhat-linux/4.8.5/../../../../lib64/crtn.o
gmake[1]: Leaving directory `/scratch4/NCEPDEV/da/save/David.Groff/David.Groff/version_revised_fv3efsoi/ProdGSI/build_efsoi/CMakeFiles/CMakeTmp'


Parsed C implicit link information from above output:
  link line regex: [^( *|.*[/\])(ld|([^/\]+-)?ld|collect2)[^/\]*( |$)]
  ignore line: [Change Dir: /scratch4/NCEPDEV/da/save/David.Groff/David.Groff/version_revised_fv3efsoi/ProdGSI/build_efsoi/CMakeFiles/CMakeTmp]
  ignore line: []
  ignore line: [Run Build Command:/bin/gmake "cmTryCompileExec501454853/fast"]
  ignore line: [/bin/gmake -f CMakeFiles/cmTryCompileExec501454853.dir/build.make CMakeFiles/cmTryCompileExec501454853.dir/build]
  ignore line: [gmake[1]: Entering directory `/scratch4/NCEPDEV/da/save/David.Groff/David.Groff/version_revised_fv3efsoi/ProdGSI/build_efsoi/CMakeFiles/CMakeTmp']
  ignore line: [/usr/bin/cmake -E cmake_progress_report /scratch4/NCEPDEV/da/save/David.Groff/David.Groff/version_revised_fv3efsoi/ProdGSI/build_efsoi/CMakeFiles/CMakeTmp/CMakeFiles 1]
  ignore line: [Building C object CMakeFiles/cmTryCompileExec501454853.dir/CMakeCCompilerABI.c.o]
  ignore line: [/apps/intel/composer_xe_2013_sp1.2.144/bin/intel64/icc    -o CMakeFiles/cmTryCompileExec501454853.dir/CMakeCCompilerABI.c.o   -c /usr/share/cmake/Modules/CMakeCCompilerABI.c]
  ignore line: [Linking C executable cmTryCompileExec501454853]
  ignore line: [/usr/bin/cmake -E cmake_link_script CMakeFiles/cmTryCompileExec501454853.dir/link.txt --verbose=1]
  ignore line: [/apps/intel/composer_xe_2013_sp1.2.144/bin/intel64/icc     -v CMakeFiles/cmTryCompileExec501454853.dir/CMakeCCompilerABI.c.o  -o cmTryCompileExec501454853 -rdynamic  ]
  ignore line: [icc version 14.0.2 (gcc version 4.8.0 compatibility)]
  ignore line: [/apps/intel/composer_xe_2013_sp1.2.144/bin/intel64/mcpcom    -mP1OPT_version=14.0-intel64 -mGLOB_diag_file=CMakeFiles/cmTryCompileExec501454853.dir/CMakeCCompilerABI.c.diag -mP1OPT_print_version=FALSE -mCG_use_gas_got_workaround=F -mP2OPT_align_option_used=TRUE -mGLOB_gcc_version=480 "-mGLOB_options_string=-v -o cmTryCompileExec501454853 -rdynamic" -mGLOB_cxx_limited_range=FALSE -mCG_extend_parms=FALSE -mGLOB_compiler_bin_directory=/apps/intel/composer_xe_2013_sp1.2.144/bin/intel64 -mGLOB_as_output_backup_file_name=/tmp/icc7Wjgt6as_.s -mIPOPT_activate -mGLOB_em64t -mGLOB_product_id_code=0x22006d91 -mP3OPT_use_mspp_call_convention -mPGOPTI_value_profile_use=T -mP2OPT_il0_array_sections=TRUE -mGLOB_offload_mode=1 -mP2OPT_offload_unique_var_string=icc1500153394LoAKRn -mP2OPT_hlo -mP2OPT_hpo_rtt_control=0 -mIPOPT_args_in_regs=0 -mP2OPT_disam_assume_nonstd_intent_in=FALSE -mGLOB_imf_mapping_library=/apps/intel/composer_xe_2013_sp1.2.144/bin/intel64/libiml_attr.so -mIPOPT_link -mIPOPT_ipo_activate -mIPOPT_mo_activate -mIPOPT_source_files_list=/tmp/iccslisoK6xW5 -mIPOPT_mo_global_data -mIPOPT_link_script_file=/tmp/iccscript9s4XrL "-mIPOPT_cmdline_link="/usr/lib/gcc/x86_64-redhat-linux/4.8.5/../../../../lib64/crt1.o" "/usr/lib/gcc/x86_64-redhat-linux/4.8.5/../../../../lib64/crti.o" "/usr/lib/gcc/x86_64-redhat-linux/4.8.5/crtbegin.o" "-export-dynamic" "--eh-frame-hdr" "--build-id" "-dynamic-linker" "/lib64/ld-linux-x86-64.so.2" "-o" "cmTryCompileExec501454853" "-L/apps/intel/composer_xe_2013_sp1.2.144/compiler/lib/intel64" "-L/apps/intel/composer_xe_2013_sp1.2.144/ipp/intel64" "-L/apps/intel/composer_xe_2013_sp1.2.144/mkl/lib/intel64" "-L/apps/intel/composer_xe_2013_sp1.2.144/tbb/lib/intel64/gcc4.4" "-L/apps/intel/composer_xe_2013_sp1.2.144/compiler/lib/intel64" "-L/usr/lib/gcc/x86_64-redhat-linux/4.8.5/" "-L/usr/lib/gcc/x86_64-redhat-linux/4.8.5/../../../../lib64" "-L/usr/lib/gcc/x86_64-redhat-linux/4.8.5/../../../../lib64/" "-L/lib/../lib64" "-L/lib/../lib64/" "-L/usr/lib/../lib64" "-L/usr/lib/../lib64/" "-L/apps/intel/composer_xe_2013_sp1.2.144/compiler/lib/intel64/" "-L/apps/intel/composer_xe_2013_sp1.2.144/mkl/lib/intel64/" "-L/apps/intel/composer_xe_2013_sp1.2.144/tbb/lib/intel64/gcc4.4/" "-L/usr/lib/gcc/x86_64-redhat-linux/4.8.5/../../../" "-L/lib64" "-L/lib/" "-L/usr/lib64" "-L/usr/lib" "CMakeFiles/cmTryCompileExec501454853.dir/CMakeCCompilerABI.c.o" "-Bdynamic" "-Bstatic" "-limf" "-lsvml" "-lirng" "-Bdynamic" "-lm" "-Bstatic" "-lipgo" "-ldecimal" "--as-needed" "-Bdynamic" "-lcilkrts" "-lstdc++" "--no-as-needed" "-lgcc" "-lgcc_s" "-Bstatic" "-lirc" "-lsvml" "-Bdynamic" "-lc" "-lgcc" "-lgcc_s" "-Bstatic" "-lirc_s" "-Bdynamic" "-ldl" "-lc" "/usr/lib/gcc/x86_64-redhat-linux/4.8.5/crtend.o" "/usr/lib/gcc/x86_64-redhat-linux/4.8.5/../../../../lib64/crtn.o"" -mIPOPT_il_in_obj -mIPOPT_ipo_activate_warn=FALSE -mIPOPT_obj_output_file_name=/tmp/ipo_iccMwO9T4.o -mIPOPT_whole_archive_fixup_file_name=/tmp/iccwarche5EiX8 -mGLOB_linker_version=2.27 -mGLOB_long_size_64 -mGLOB_routine_pointer_size_64 -mGLOB_driver_tempfile_name=/tmp/icctempfileFzyvwO -mP3OPT_asm_target=P3OPT_ASM_TARGET_GAS -mGLOB_async_unwind_tables=TRUE -mGLOB_obj_output_file=/tmp/ipo_iccMwO9T4.o -mGLOB_source_dialect=GLOB_SOURCE_DIALECT_NONE -mP1OPT_source_file_name=ipo_out.c CMakeFiles/cmTryCompileExec501454853.dir/CMakeCCompilerABI.c.o -mIPOPT_object_files=T -mIPOPT_assembly_files=/tmp/iccalisl5zWUp -mIPOPT_generated_tempfiles=/tmp/iccelisbQjlq5 -mIPOPT_embedded_object_base_name=/tmp/icceobjK6KJVK -mIPOPT_cmdline_link_new_name=/tmp/iccllisIRW8qq]
  link line: [ld    /usr/lib/gcc/x86_64-redhat-linux/4.8.5/../../../../lib64/crt1.o /usr/lib/gcc/x86_64-redhat-linux/4.8.5/../../../../lib64/crti.o /usr/lib/gcc/x86_64-redhat-linux/4.8.5/crtbegin.o -export-dynamic --eh-frame-hdr --build-id -dynamic-linker /lib64/ld-linux-x86-64.so.2 -o cmTryCompileExec501454853 -L/apps/intel/composer_xe_2013_sp1.2.144/compiler/lib/intel64 -L/apps/intel/composer_xe_2013_sp1.2.144/ipp/intel64 -L/apps/intel/composer_xe_2013_sp1.2.144/mkl/lib/intel64 -L/apps/intel/composer_xe_2013_sp1.2.144/tbb/lib/intel64/gcc4.4 -L/apps/intel/composer_xe_2013_sp1.2.144/compiler/lib/intel64 -L/usr/lib/gcc/x86_64-redhat-linux/4.8.5/ -L/usr/lib/gcc/x86_64-redhat-linux/4.8.5/../../../../lib64 -L/usr/lib/gcc/x86_64-redhat-linux/4.8.5/../../../../lib64/ -L/lib/../lib64 -L/lib/../lib64/ -L/usr/lib/../lib64 -L/usr/lib/../lib64/ -L/apps/intel/composer_xe_2013_sp1.2.144/compiler/lib/intel64/ -L/apps/intel/composer_xe_2013_sp1.2.144/mkl/lib/intel64/ -L/apps/intel/composer_xe_2013_sp1.2.144/tbb/lib/intel64/gcc4.4/ -L/usr/lib/gcc/x86_64-redhat-linux/4.8.5/../../../ -L/lib64 -L/lib/ -L/usr/lib64 -L/usr/lib CMakeFiles/cmTryCompileExec501454853.dir/CMakeCCompilerABI.c.o -Bdynamic -Bstatic -limf -lsvml -lirng -Bdynamic -lm -Bstatic -lipgo -ldecimal --as-needed -Bdynamic -lcilkrts -lstdc++ --no-as-needed -lgcc -lgcc_s -Bstatic -lirc -lsvml -Bdynamic -lc -lgcc -lgcc_s -Bstatic -lirc_s -Bdynamic -ldl -lc /usr/lib/gcc/x86_64-redhat-linux/4.8.5/crtend.o /usr/lib/gcc/x86_64-redhat-linux/4.8.5/../../../../lib64/crtn.o]
    arg [ld] ==> ignore
    arg [/usr/lib/gcc/x86_64-redhat-linux/4.8.5/../../../../lib64/crt1.o] ==> ignore
    arg [/usr/lib/gcc/x86_64-redhat-linux/4.8.5/../../../../lib64/crti.o] ==> ignore
    arg [/usr/lib/gcc/x86_64-redhat-linux/4.8.5/crtbegin.o] ==> ignore
    arg [-export-dynamic] ==> ignore
    arg [--eh-frame-hdr] ==> ignore
    arg [--build-id] ==> ignore
    arg [-dynamic-linker] ==> ignore
    arg [/lib64/ld-linux-x86-64.so.2] ==> ignore
    arg [-o] ==> ignore
    arg [cmTryCompileExec501454853] ==> ignore
    arg [-L/apps/intel/composer_xe_2013_sp1.2.144/compiler/lib/intel64] ==> dir [/apps/intel/composer_xe_2013_sp1.2.144/compiler/lib/intel64]
    arg [-L/apps/intel/composer_xe_2013_sp1.2.144/ipp/intel64] ==> dir [/apps/intel/composer_xe_2013_sp1.2.144/ipp/intel64]
    arg [-L/apps/intel/composer_xe_2013_sp1.2.144/mkl/lib/intel64] ==> dir [/apps/intel/composer_xe_2013_sp1.2.144/mkl/lib/intel64]
    arg [-L/apps/intel/composer_xe_2013_sp1.2.144/tbb/lib/intel64/gcc4.4] ==> dir [/apps/intel/composer_xe_2013_sp1.2.144/tbb/lib/intel64/gcc4.4]
    arg [-L/apps/intel/composer_xe_2013_sp1.2.144/compiler/lib/intel64] ==> dir [/apps/intel/composer_xe_2013_sp1.2.144/compiler/lib/intel64]
    arg [-L/usr/lib/gcc/x86_64-redhat-linux/4.8.5/] ==> dir [/usr/lib/gcc/x86_64-redhat-linux/4.8.5/]
    arg [-L/usr/lib/gcc/x86_64-redhat-linux/4.8.5/../../../../lib64] ==> dir [/usr/lib/gcc/x86_64-redhat-linux/4.8.5/../../../../lib64]
    arg [-L/usr/lib/gcc/x86_64-redhat-linux/4.8.5/../../../../lib64/] ==> dir [/usr/lib/gcc/x86_64-redhat-linux/4.8.5/../../../../lib64/]
    arg [-L/lib/../lib64] ==> dir [/lib/../lib64]
    arg [-L/lib/../lib64/] ==> dir [/lib/../lib64/]
    arg [-L/usr/lib/../lib64] ==> dir [/usr/lib/../lib64]
    arg [-L/usr/lib/../lib64/] ==> dir [/usr/lib/../lib64/]
    arg [-L/apps/intel/composer_xe_2013_sp1.2.144/compiler/lib/intel64/] ==> dir [/apps/intel/composer_xe_2013_sp1.2.144/compiler/lib/intel64/]
    arg [-L/apps/intel/composer_xe_2013_sp1.2.144/mkl/lib/intel64/] ==> dir [/apps/intel/composer_xe_2013_sp1.2.144/mkl/lib/intel64/]
    arg [-L/apps/intel/composer_xe_2013_sp1.2.144/tbb/lib/intel64/gcc4.4/] ==> dir [/apps/intel/composer_xe_2013_sp1.2.144/tbb/lib/intel64/gcc4.4/]
    arg [-L/usr/lib/gcc/x86_64-redhat-linux/4.8.5/../../../] ==> dir [/usr/lib/gcc/x86_64-redhat-linux/4.8.5/../../../]
    arg [-L/lib64] ==> dir [/lib64]
    arg [-L/lib/] ==> dir [/lib/]
    arg [-L/usr/lib64] ==> dir [/usr/lib64]
    arg [-L/usr/lib] ==> dir [/usr/lib]
    arg [CMakeFiles/cmTryCompileExec501454853.dir/CMakeCCompilerABI.c.o] ==> ignore
    arg [-Bdynamic] ==> ignore
    arg [-Bstatic] ==> ignore
    arg [-limf] ==> lib [imf]
    arg [-lsvml] ==> lib [svml]
    arg [-lirng] ==> lib [irng]
    arg [-Bdynamic] ==> ignore
    arg [-lm] ==> lib [m]
    arg [-Bstatic] ==> ignore
    arg [-lipgo] ==> lib [ipgo]
    arg [-ldecimal] ==> lib [decimal]
    arg [--as-needed] ==> ignore
    arg [-Bdynamic] ==> ignore
    arg [-lcilkrts] ==> lib [cilkrts]
    arg [-lstdc++] ==> lib [stdc++]
    arg [--no-as-needed] ==> ignore
    arg [-lgcc] ==> lib [gcc]
    arg [-lgcc_s] ==> lib [gcc_s]
    arg [-Bstatic] ==> ignore
    arg [-lirc] ==> lib [irc]
    arg [-lsvml] ==> lib [svml]
    arg [-Bdynamic] ==> ignore
    arg [-lc] ==> lib [c]
    arg [-lgcc] ==> lib [gcc]
    arg [-lgcc_s] ==> lib [gcc_s]
    arg [-Bstatic] ==> ignore
    arg [-lirc_s] ==> lib [irc_s]
    arg [-Bdynamic] ==> ignore
    arg [-ldl] ==> lib [dl]
    arg [-lc] ==> lib [c]
    arg [/usr/lib/gcc/x86_64-redhat-linux/4.8.5/crtend.o] ==> ignore
    arg [/usr/lib/gcc/x86_64-redhat-linux/4.8.5/../../../../lib64/crtn.o] ==> ignore
  remove lib [gcc]
  remove lib [gcc_s]
  remove lib [gcc]
  remove lib [gcc_s]
  collapse library dir [/apps/intel/composer_xe_2013_sp1.2.144/compiler/lib/intel64] ==> [/apps/intel/composer_xe_2013_sp1.2.144/compiler/lib/intel64]
  collapse library dir [/apps/intel/composer_xe_2013_sp1.2.144/ipp/intel64] ==> [/apps/intel/composer_xe_2013_sp1.2.144/ipp/intel64]
  collapse library dir [/apps/intel/composer_xe_2013_sp1.2.144/mkl/lib/intel64] ==> [/apps/intel/composer_xe_2013_sp1.2.144/mkl/lib/intel64]
  collapse library dir [/apps/intel/composer_xe_2013_sp1.2.144/tbb/lib/intel64/gcc4.4] ==> [/apps/intel/composer_xe_2013_sp1.2.144/tbb/lib/intel64/gcc4.4]
  collapse library dir [/apps/intel/composer_xe_2013_sp1.2.144/compiler/lib/intel64] ==> [/apps/intel/composer_xe_2013_sp1.2.144/compiler/lib/intel64]
  collapse library dir [/usr/lib/gcc/x86_64-redhat-linux/4.8.5/] ==> [/usr/lib/gcc/x86_64-redhat-linux/4.8.5]
  collapse library dir [/usr/lib/gcc/x86_64-redhat-linux/4.8.5/../../../../lib64] ==> [/usr/lib64]
  collapse library dir [/usr/lib/gcc/x86_64-redhat-linux/4.8.5/../../../../lib64/] ==> [/usr/lib64]
  collapse library dir [/lib/../lib64] ==> [/lib64]
  collapse library dir [/lib/../lib64/] ==> [/lib64]
  collapse library dir [/usr/lib/../lib64] ==> [/usr/lib64]
  collapse library dir [/usr/lib/../lib64/] ==> [/usr/lib64]
  collapse library dir [/apps/intel/composer_xe_2013_sp1.2.144/compiler/lib/intel64/] ==> [/apps/intel/composer_xe_2013_sp1.2.144/compiler/lib/intel64]
  collapse library dir [/apps/intel/composer_xe_2013_sp1.2.144/mkl/lib/intel64/] ==> [/apps/intel/composer_xe_2013_sp1.2.144/mkl/lib/intel64]
  collapse library dir [/apps/intel/composer_xe_2013_sp1.2.144/tbb/lib/intel64/gcc4.4/] ==> [/apps/intel/composer_xe_2013_sp1.2.144/tbb/lib/intel64/gcc4.4]
  collapse library dir [/usr/lib/gcc/x86_64-redhat-linux/4.8.5/../../../] ==> [/usr/lib]
  collapse library dir [/lib64] ==> [/lib64]
  collapse library dir [/lib/] ==> [/lib]
  collapse library dir [/usr/lib64] ==> [/usr/lib64]
  collapse library dir [/usr/lib] ==> [/usr/lib]
  implicit libs: [imf;svml;irng;m;ipgo;decimal;cilkrts;stdc++;irc;svml;c;irc_s;dl;c]
  implicit dirs: [/apps/intel/composer_xe_2013_sp1.2.144/compiler/lib/intel64;/apps/intel/composer_xe_2013_sp1.2.144/ipp/intel64;/apps/intel/composer_xe_2013_sp1.2.144/mkl/lib/intel64;/apps/intel/composer_xe_2013_sp1.2.144/tbb/lib/intel64/gcc4.4;/usr/lib/gcc/x86_64-redhat-linux/4.8.5;/usr/lib64;/lib64;/usr/lib;/lib]
  implicit fwks: []


Determining if the CXX compiler works passed with the following output:
Change Dir: /scratch4/NCEPDEV/da/save/David.Groff/David.Groff/version_revised_fv3efsoi/ProdGSI/build_efsoi/CMakeFiles/CMakeTmp

Run Build Command:/bin/gmake "cmTryCompileExec4149220569/fast"
/bin/gmake -f CMakeFiles/cmTryCompileExec4149220569.dir/build.make CMakeFiles/cmTryCompileExec4149220569.dir/build
gmake[1]: Entering directory `/scratch4/NCEPDEV/da/save/David.Groff/David.Groff/version_revised_fv3efsoi/ProdGSI/build_efsoi/CMakeFiles/CMakeTmp'
/usr/bin/cmake -E cmake_progress_report /scratch4/NCEPDEV/da/save/David.Groff/David.Groff/version_revised_fv3efsoi/ProdGSI/build_efsoi/CMakeFiles/CMakeTmp/CMakeFiles 1
Building CXX object CMakeFiles/cmTryCompileExec4149220569.dir/testCXXCompiler.cxx.o
/apps/intel/composer_xe_2013_sp1.2.144/bin/intel64/icpc     -o CMakeFiles/cmTryCompileExec4149220569.dir/testCXXCompiler.cxx.o -c /scratch4/NCEPDEV/da/save/David.Groff/David.Groff/version_revised_fv3efsoi/ProdGSI/build_efsoi/CMakeFiles/CMakeTmp/testCXXCompiler.cxx
Linking CXX executable cmTryCompileExec4149220569
/usr/bin/cmake -E cmake_link_script CMakeFiles/cmTryCompileExec4149220569.dir/link.txt --verbose=1
/apps/intel/composer_xe_2013_sp1.2.144/bin/intel64/icpc        CMakeFiles/cmTryCompileExec4149220569.dir/testCXXCompiler.cxx.o  -o cmTryCompileExec4149220569 -rdynamic 
gmake[1]: Leaving directory `/scratch4/NCEPDEV/da/save/David.Groff/David.Groff/version_revised_fv3efsoi/ProdGSI/build_efsoi/CMakeFiles/CMakeTmp'


Detecting CXX compiler ABI info compiled with the following output:
Change Dir: /scratch4/NCEPDEV/da/save/David.Groff/David.Groff/version_revised_fv3efsoi/ProdGSI/build_efsoi/CMakeFiles/CMakeTmp

Run Build Command:/bin/gmake "cmTryCompileExec2649197254/fast"
/bin/gmake -f CMakeFiles/cmTryCompileExec2649197254.dir/build.make CMakeFiles/cmTryCompileExec2649197254.dir/build
gmake[1]: Entering directory `/scratch4/NCEPDEV/da/save/David.Groff/David.Groff/version_revised_fv3efsoi/ProdGSI/build_efsoi/CMakeFiles/CMakeTmp'
/usr/bin/cmake -E cmake_progress_report /scratch4/NCEPDEV/da/save/David.Groff/David.Groff/version_revised_fv3efsoi/ProdGSI/build_efsoi/CMakeFiles/CMakeTmp/CMakeFiles 1
Building CXX object CMakeFiles/cmTryCompileExec2649197254.dir/CMakeCXXCompilerABI.cpp.o
/apps/intel/composer_xe_2013_sp1.2.144/bin/intel64/icpc     -o CMakeFiles/cmTryCompileExec2649197254.dir/CMakeCXXCompilerABI.cpp.o -c /usr/share/cmake/Modules/CMakeCXXCompilerABI.cpp
Linking CXX executable cmTryCompileExec2649197254
/usr/bin/cmake -E cmake_link_script CMakeFiles/cmTryCompileExec2649197254.dir/link.txt --verbose=1
/apps/intel/composer_xe_2013_sp1.2.144/bin/intel64/icpc      -v CMakeFiles/cmTryCompileExec2649197254.dir/CMakeCXXCompilerABI.cpp.o  -o cmTryCompileExec2649197254 -rdynamic  
icpc version 14.0.2 (gcc version 4.8.0 compatibility)
/apps/intel/composer_xe_2013_sp1.2.144/bin/intel64/mcpcom    -mP1OPT_version=14.0-intel64 -mGLOB_diag_file=CMakeFiles/cmTryCompileExec2649197254.dir/CMakeCXXCompilerABI.cpp.diag -mP1OPT_print_version=FALSE -mCG_use_gas_got_workaround=F -mP2OPT_align_option_used=TRUE -mGLOB_gcc_version=480 "-mGLOB_options_string=-v -o cmTryCompileExec2649197254 -rdynamic" -mGLOB_cxx_limited_range=FALSE -mCG_extend_parms=FALSE -mGLOB_compiler_bin_directory=/apps/intel/composer_xe_2013_sp1.2.144/bin/intel64 -mGLOB_as_output_backup_file_name=/tmp/icpchD92kuas_.s -mIPOPT_activate -mGLOB_em64t -mGLOB_product_id_code=0x22006d8e -mP3OPT_use_mspp_call_convention -mPGOPTI_value_profile_use=T -mP2OPT_il0_array_sections=TRUE -mGLOB_offload_mode=1 -mP2OPT_offload_unique_var_string=icpc2089280184MJkQJ6 -mP2OPT_hlo -mP2OPT_hpo_rtt_control=0 -mIPOPT_args_in_regs=0 -mP2OPT_disam_assume_nonstd_intent_in=FALSE -mGLOB_imf_mapping_library=/apps/intel/composer_xe_2013_sp1.2.144/bin/intel64/libiml_attr.so -mIPOPT_link -mIPOPT_ipo_activate -mIPOPT_mo_activate -mIPOPT_source_files_list=/tmp/icpcslisBAgXkn -mIPOPT_mo_global_data -mIPOPT_link_script_file=/tmp/icpcscriptZEm8Z4 "-mIPOPT_cmdline_link="/usr/lib/gcc/x86_64-redhat-linux/4.8.5/../../../../lib64/crt1.o" "/usr/lib/gcc/x86_64-redhat-linux/4.8.5/../../../../lib64/crti.o" "/usr/lib/gcc/x86_64-redhat-linux/4.8.5/crtbegin.o" "-export-dynamic" "--eh-frame-hdr" "--build-id" "-dynamic-linker" "/lib64/ld-linux-x86-64.so.2" "-o" "cmTryCompileExec2649197254" "-L/apps/intel/composer_xe_2013_sp1.2.144/compiler/lib/intel64" "-L/apps/intel/composer_xe_2013_sp1.2.144/ipp/intel64" "-L/apps/intel/composer_xe_2013_sp1.2.144/mkl/lib/intel64" "-L/apps/intel/composer_xe_2013_sp1.2.144/tbb/lib/intel64/gcc4.4" "-L/apps/intel/composer_xe_2013_sp1.2.144/compiler/lib/intel64" "-L/usr/lib/gcc/x86_64-redhat-linux/4.8.5/" "-L/usr/lib/gcc/x86_64-redhat-linux/4.8.5/../../../../lib64" "-L/usr/lib/gcc/x86_64-redhat-linux/4.8.5/../../../../lib64/" "-L/lib/../lib64" "-L/lib/../lib64/" "-L/usr/lib/../lib64" "-L/usr/lib/../lib64/" "-L/apps/intel/composer_xe_2013_sp1.2.144/compiler/lib/intel64/" "-L/apps/intel/composer_xe_2013_sp1.2.144/mkl/lib/intel64/" "-L/apps/intel/composer_xe_2013_sp1.2.144/tbb/lib/intel64/gcc4.4/" "-L/usr/lib/gcc/x86_64-redhat-linux/4.8.5/../../../" "-L/lib64" "-L/lib/" "-L/usr/lib64" "-L/usr/lib" "CMakeFiles/cmTryCompileExec2649197254.dir/CMakeCXXCompilerABI.cpp.o" "-Bdynamic" "-Bstatic" "-limf" "-lsvml" "-lirng" "-Bdynamic" "-lm" "-Bstatic" "-lipgo" "-ldecimal" "--as-needed" "-Bdynamic" "-lcilkrts" "--no-as-needed" "-lstdc++" "-lgcc" "-lgcc_s" "-Bstatic" "-lirc" "-lsvml" "-Bdynamic" "-lc" "-lgcc" "-lgcc_s" "-Bstatic" "-lirc_s" "-Bdynamic" "-ldl" "-lc" "/usr/lib/gcc/x86_64-redhat-linux/4.8.5/crtend.o" "/usr/lib/gcc/x86_64-redhat-linux/4.8.5/../../../../lib64/crtn.o"" -mIPOPT_il_in_obj -mIPOPT_ipo_activate_warn=FALSE -mIPOPT_obj_output_file_name=/tmp/ipo_icpcN5fXl9.o -mIPOPT_whole_archive_fixup_file_name=/tmp/icpcwarchAILdJW -mGLOB_linker_version=2.27 -mGLOB_long_size_64 -mGLOB_routine_pointer_size_64 -mGLOB_driver_tempfile_name=/tmp/icpctempfileaJgisE -mP3OPT_asm_target=P3OPT_ASM_TARGET_GAS -mGLOB_async_unwind_tables=TRUE -mGLOB_obj_output_file=/tmp/ipo_icpcN5fXl9.o -mGLOB_source_dialect=GLOB_SOURCE_DIALECT_NONE -mP1OPT_source_file_name=ipo_out.c CMakeFiles/cmTryCompileExec2649197254.dir/CMakeCXXCompilerABI.cpp.o -mIPOPT_object_files=T -mIPOPT_assembly_files=/tmp/icpcalisSgRgGy -mIPOPT_generated_tempfiles=/tmp/icpcelisnAKqlg -mIPOPT_embedded_object_base_name=/tmp/icpceobjERsB0X -mIPOPT_cmdline_link_new_name=/tmp/icpcllisq0QLFF
ld    /usr/lib/gcc/x86_64-redhat-linux/4.8.5/../../../../lib64/crt1.o /usr/lib/gcc/x86_64-redhat-linux/4.8.5/../../../../lib64/crti.o /usr/lib/gcc/x86_64-redhat-linux/4.8.5/crtbegin.o -export-dynamic --eh-frame-hdr --build-id -dynamic-linker /lib64/ld-linux-x86-64.so.2 -o cmTryCompileExec2649197254 -L/apps/intel/composer_xe_2013_sp1.2.144/compiler/lib/intel64 -L/apps/intel/composer_xe_2013_sp1.2.144/ipp/intel64 -L/apps/intel/composer_xe_2013_sp1.2.144/mkl/lib/intel64 -L/apps/intel/composer_xe_2013_sp1.2.144/tbb/lib/intel64/gcc4.4 -L/apps/intel/composer_xe_2013_sp1.2.144/compiler/lib/intel64 -L/usr/lib/gcc/x86_64-redhat-linux/4.8.5/ -L/usr/lib/gcc/x86_64-redhat-linux/4.8.5/../../../../lib64 -L/usr/lib/gcc/x86_64-redhat-linux/4.8.5/../../../../lib64/ -L/lib/../lib64 -L/lib/../lib64/ -L/usr/lib/../lib64 -L/usr/lib/../lib64/ -L/apps/intel/composer_xe_2013_sp1.2.144/compiler/lib/intel64/ -L/apps/intel/composer_xe_2013_sp1.2.144/mkl/lib/intel64/ -L/apps/intel/composer_xe_2013_sp1.2.144/tbb/lib/intel64/gcc4.4/ -L/usr/lib/gcc/x86_64-redhat-linux/4.8.5/../../../ -L/lib64 -L/lib/ -L/usr/lib64 -L/usr/lib CMakeFiles/cmTryCompileExec2649197254.dir/CMakeCXXCompilerABI.cpp.o -Bdynamic -Bstatic -limf -lsvml -lirng -Bdynamic -lm -Bstatic -lipgo -ldecimal --as-needed -Bdynamic -lcilkrts --no-as-needed -lstdc++ -lgcc -lgcc_s -Bstatic -lirc -lsvml -Bdynamic -lc -lgcc -lgcc_s -Bstatic -lirc_s -Bdynamic -ldl -lc /usr/lib/gcc/x86_64-redhat-linux/4.8.5/crtend.o /usr/lib/gcc/x86_64-redhat-linux/4.8.5/../../../../lib64/crtn.o
gmake[1]: Leaving directory `/scratch4/NCEPDEV/da/save/David.Groff/David.Groff/version_revised_fv3efsoi/ProdGSI/build_efsoi/CMakeFiles/CMakeTmp'


Parsed CXX implicit link information from above output:
  link line regex: [^( *|.*[/\])(ld|([^/\]+-)?ld|collect2)[^/\]*( |$)]
  ignore line: [Change Dir: /scratch4/NCEPDEV/da/save/David.Groff/David.Groff/version_revised_fv3efsoi/ProdGSI/build_efsoi/CMakeFiles/CMakeTmp]
  ignore line: []
  ignore line: [Run Build Command:/bin/gmake "cmTryCompileExec2649197254/fast"]
  ignore line: [/bin/gmake -f CMakeFiles/cmTryCompileExec2649197254.dir/build.make CMakeFiles/cmTryCompileExec2649197254.dir/build]
  ignore line: [gmake[1]: Entering directory `/scratch4/NCEPDEV/da/save/David.Groff/David.Groff/version_revised_fv3efsoi/ProdGSI/build_efsoi/CMakeFiles/CMakeTmp']
  ignore line: [/usr/bin/cmake -E cmake_progress_report /scratch4/NCEPDEV/da/save/David.Groff/David.Groff/version_revised_fv3efsoi/ProdGSI/build_efsoi/CMakeFiles/CMakeTmp/CMakeFiles 1]
  ignore line: [Building CXX object CMakeFiles/cmTryCompileExec2649197254.dir/CMakeCXXCompilerABI.cpp.o]
  ignore line: [/apps/intel/composer_xe_2013_sp1.2.144/bin/intel64/icpc     -o CMakeFiles/cmTryCompileExec2649197254.dir/CMakeCXXCompilerABI.cpp.o -c /usr/share/cmake/Modules/CMakeCXXCompilerABI.cpp]
  ignore line: [Linking CXX executable cmTryCompileExec2649197254]
  ignore line: [/usr/bin/cmake -E cmake_link_script CMakeFiles/cmTryCompileExec2649197254.dir/link.txt --verbose=1]
  ignore line: [/apps/intel/composer_xe_2013_sp1.2.144/bin/intel64/icpc      -v CMakeFiles/cmTryCompileExec2649197254.dir/CMakeCXXCompilerABI.cpp.o  -o cmTryCompileExec2649197254 -rdynamic  ]
  ignore line: [icpc version 14.0.2 (gcc version 4.8.0 compatibility)]
  ignore line: [/apps/intel/composer_xe_2013_sp1.2.144/bin/intel64/mcpcom    -mP1OPT_version=14.0-intel64 -mGLOB_diag_file=CMakeFiles/cmTryCompileExec2649197254.dir/CMakeCXXCompilerABI.cpp.diag -mP1OPT_print_version=FALSE -mCG_use_gas_got_workaround=F -mP2OPT_align_option_used=TRUE -mGLOB_gcc_version=480 "-mGLOB_options_string=-v -o cmTryCompileExec2649197254 -rdynamic" -mGLOB_cxx_limited_range=FALSE -mCG_extend_parms=FALSE -mGLOB_compiler_bin_directory=/apps/intel/composer_xe_2013_sp1.2.144/bin/intel64 -mGLOB_as_output_backup_file_name=/tmp/icpchD92kuas_.s -mIPOPT_activate -mGLOB_em64t -mGLOB_product_id_code=0x22006d8e -mP3OPT_use_mspp_call_convention -mPGOPTI_value_profile_use=T -mP2OPT_il0_array_sections=TRUE -mGLOB_offload_mode=1 -mP2OPT_offload_unique_var_string=icpc2089280184MJkQJ6 -mP2OPT_hlo -mP2OPT_hpo_rtt_control=0 -mIPOPT_args_in_regs=0 -mP2OPT_disam_assume_nonstd_intent_in=FALSE -mGLOB_imf_mapping_library=/apps/intel/composer_xe_2013_sp1.2.144/bin/intel64/libiml_attr.so -mIPOPT_link -mIPOPT_ipo_activate -mIPOPT_mo_activate -mIPOPT_source_files_list=/tmp/icpcslisBAgXkn -mIPOPT_mo_global_data -mIPOPT_link_script_file=/tmp/icpcscriptZEm8Z4 "-mIPOPT_cmdline_link="/usr/lib/gcc/x86_64-redhat-linux/4.8.5/../../../../lib64/crt1.o" "/usr/lib/gcc/x86_64-redhat-linux/4.8.5/../../../../lib64/crti.o" "/usr/lib/gcc/x86_64-redhat-linux/4.8.5/crtbegin.o" "-export-dynamic" "--eh-frame-hdr" "--build-id" "-dynamic-linker" "/lib64/ld-linux-x86-64.so.2" "-o" "cmTryCompileExec2649197254" "-L/apps/intel/composer_xe_2013_sp1.2.144/compiler/lib/intel64" "-L/apps/intel/composer_xe_2013_sp1.2.144/ipp/intel64" "-L/apps/intel/composer_xe_2013_sp1.2.144/mkl/lib/intel64" "-L/apps/intel/composer_xe_2013_sp1.2.144/tbb/lib/intel64/gcc4.4" "-L/apps/intel/composer_xe_2013_sp1.2.144/compiler/lib/intel64" "-L/usr/lib/gcc/x86_64-redhat-linux/4.8.5/" "-L/usr/lib/gcc/x86_64-redhat-linux/4.8.5/../../../../lib64" "-L/usr/lib/gcc/x86_64-redhat-linux/4.8.5/../../../../lib64/" "-L/lib/../lib64" "-L/lib/../lib64/" "-L/usr/lib/../lib64" "-L/usr/lib/../lib64/" "-L/apps/intel/composer_xe_2013_sp1.2.144/compiler/lib/intel64/" "-L/apps/intel/composer_xe_2013_sp1.2.144/mkl/lib/intel64/" "-L/apps/intel/composer_xe_2013_sp1.2.144/tbb/lib/intel64/gcc4.4/" "-L/usr/lib/gcc/x86_64-redhat-linux/4.8.5/../../../" "-L/lib64" "-L/lib/" "-L/usr/lib64" "-L/usr/lib" "CMakeFiles/cmTryCompileExec2649197254.dir/CMakeCXXCompilerABI.cpp.o" "-Bdynamic" "-Bstatic" "-limf" "-lsvml" "-lirng" "-Bdynamic" "-lm" "-Bstatic" "-lipgo" "-ldecimal" "--as-needed" "-Bdynamic" "-lcilkrts" "--no-as-needed" "-lstdc++" "-lgcc" "-lgcc_s" "-Bstatic" "-lirc" "-lsvml" "-Bdynamic" "-lc" "-lgcc" "-lgcc_s" "-Bstatic" "-lirc_s" "-Bdynamic" "-ldl" "-lc" "/usr/lib/gcc/x86_64-redhat-linux/4.8.5/crtend.o" "/usr/lib/gcc/x86_64-redhat-linux/4.8.5/../../../../lib64/crtn.o"" -mIPOPT_il_in_obj -mIPOPT_ipo_activate_warn=FALSE -mIPOPT_obj_output_file_name=/tmp/ipo_icpcN5fXl9.o -mIPOPT_whole_archive_fixup_file_name=/tmp/icpcwarchAILdJW -mGLOB_linker_version=2.27 -mGLOB_long_size_64 -mGLOB_routine_pointer_size_64 -mGLOB_driver_tempfile_name=/tmp/icpctempfileaJgisE -mP3OPT_asm_target=P3OPT_ASM_TARGET_GAS -mGLOB_async_unwind_tables=TRUE -mGLOB_obj_output_file=/tmp/ipo_icpcN5fXl9.o -mGLOB_source_dialect=GLOB_SOURCE_DIALECT_NONE -mP1OPT_source_file_name=ipo_out.c CMakeFiles/cmTryCompileExec2649197254.dir/CMakeCXXCompilerABI.cpp.o -mIPOPT_object_files=T -mIPOPT_assembly_files=/tmp/icpcalisSgRgGy -mIPOPT_generated_tempfiles=/tmp/icpcelisnAKqlg -mIPOPT_embedded_object_base_name=/tmp/icpceobjERsB0X -mIPOPT_cmdline_link_new_name=/tmp/icpcllisq0QLFF]
  link line: [ld    /usr/lib/gcc/x86_64-redhat-linux/4.8.5/../../../../lib64/crt1.o /usr/lib/gcc/x86_64-redhat-linux/4.8.5/../../../../lib64/crti.o /usr/lib/gcc/x86_64-redhat-linux/4.8.5/crtbegin.o -export-dynamic --eh-frame-hdr --build-id -dynamic-linker /lib64/ld-linux-x86-64.so.2 -o cmTryCompileExec2649197254 -L/apps/intel/composer_xe_2013_sp1.2.144/compiler/lib/intel64 -L/apps/intel/composer_xe_2013_sp1.2.144/ipp/intel64 -L/apps/intel/composer_xe_2013_sp1.2.144/mkl/lib/intel64 -L/apps/intel/composer_xe_2013_sp1.2.144/tbb/lib/intel64/gcc4.4 -L/apps/intel/composer_xe_2013_sp1.2.144/compiler/lib/intel64 -L/usr/lib/gcc/x86_64-redhat-linux/4.8.5/ -L/usr/lib/gcc/x86_64-redhat-linux/4.8.5/../../../../lib64 -L/usr/lib/gcc/x86_64-redhat-linux/4.8.5/../../../../lib64/ -L/lib/../lib64 -L/lib/../lib64/ -L/usr/lib/../lib64 -L/usr/lib/../lib64/ -L/apps/intel/composer_xe_2013_sp1.2.144/compiler/lib/intel64/ -L/apps/intel/composer_xe_2013_sp1.2.144/mkl/lib/intel64/ -L/apps/intel/composer_xe_2013_sp1.2.144/tbb/lib/intel64/gcc4.4/ -L/usr/lib/gcc/x86_64-redhat-linux/4.8.5/../../../ -L/lib64 -L/lib/ -L/usr/lib64 -L/usr/lib CMakeFiles/cmTryCompileExec2649197254.dir/CMakeCXXCompilerABI.cpp.o -Bdynamic -Bstatic -limf -lsvml -lirng -Bdynamic -lm -Bstatic -lipgo -ldecimal --as-needed -Bdynamic -lcilkrts --no-as-needed -lstdc++ -lgcc -lgcc_s -Bstatic -lirc -lsvml -Bdynamic -lc -lgcc -lgcc_s -Bstatic -lirc_s -Bdynamic -ldl -lc /usr/lib/gcc/x86_64-redhat-linux/4.8.5/crtend.o /usr/lib/gcc/x86_64-redhat-linux/4.8.5/../../../../lib64/crtn.o]
    arg [ld] ==> ignore
    arg [/usr/lib/gcc/x86_64-redhat-linux/4.8.5/../../../../lib64/crt1.o] ==> ignore
    arg [/usr/lib/gcc/x86_64-redhat-linux/4.8.5/../../../../lib64/crti.o] ==> ignore
    arg [/usr/lib/gcc/x86_64-redhat-linux/4.8.5/crtbegin.o] ==> ignore
    arg [-export-dynamic] ==> ignore
    arg [--eh-frame-hdr] ==> ignore
    arg [--build-id] ==> ignore
    arg [-dynamic-linker] ==> ignore
    arg [/lib64/ld-linux-x86-64.so.2] ==> ignore
    arg [-o] ==> ignore
    arg [cmTryCompileExec2649197254] ==> ignore
    arg [-L/apps/intel/composer_xe_2013_sp1.2.144/compiler/lib/intel64] ==> dir [/apps/intel/composer_xe_2013_sp1.2.144/compiler/lib/intel64]
    arg [-L/apps/intel/composer_xe_2013_sp1.2.144/ipp/intel64] ==> dir [/apps/intel/composer_xe_2013_sp1.2.144/ipp/intel64]
    arg [-L/apps/intel/composer_xe_2013_sp1.2.144/mkl/lib/intel64] ==> dir [/apps/intel/composer_xe_2013_sp1.2.144/mkl/lib/intel64]
    arg [-L/apps/intel/composer_xe_2013_sp1.2.144/tbb/lib/intel64/gcc4.4] ==> dir [/apps/intel/composer_xe_2013_sp1.2.144/tbb/lib/intel64/gcc4.4]
    arg [-L/apps/intel/composer_xe_2013_sp1.2.144/compiler/lib/intel64] ==> dir [/apps/intel/composer_xe_2013_sp1.2.144/compiler/lib/intel64]
    arg [-L/usr/lib/gcc/x86_64-redhat-linux/4.8.5/] ==> dir [/usr/lib/gcc/x86_64-redhat-linux/4.8.5/]
    arg [-L/usr/lib/gcc/x86_64-redhat-linux/4.8.5/../../../../lib64] ==> dir [/usr/lib/gcc/x86_64-redhat-linux/4.8.5/../../../../lib64]
    arg [-L/usr/lib/gcc/x86_64-redhat-linux/4.8.5/../../../../lib64/] ==> dir [/usr/lib/gcc/x86_64-redhat-linux/4.8.5/../../../../lib64/]
    arg [-L/lib/../lib64] ==> dir [/lib/../lib64]
    arg [-L/lib/../lib64/] ==> dir [/lib/../lib64/]
    arg [-L/usr/lib/../lib64] ==> dir [/usr/lib/../lib64]
    arg [-L/usr/lib/../lib64/] ==> dir [/usr/lib/../lib64/]
    arg [-L/apps/intel/composer_xe_2013_sp1.2.144/compiler/lib/intel64/] ==> dir [/apps/intel/composer_xe_2013_sp1.2.144/compiler/lib/intel64/]
    arg [-L/apps/intel/composer_xe_2013_sp1.2.144/mkl/lib/intel64/] ==> dir [/apps/intel/composer_xe_2013_sp1.2.144/mkl/lib/intel64/]
    arg [-L/apps/intel/composer_xe_2013_sp1.2.144/tbb/lib/intel64/gcc4.4/] ==> dir [/apps/intel/composer_xe_2013_sp1.2.144/tbb/lib/intel64/gcc4.4/]
    arg [-L/usr/lib/gcc/x86_64-redhat-linux/4.8.5/../../../] ==> dir [/usr/lib/gcc/x86_64-redhat-linux/4.8.5/../../../]
    arg [-L/lib64] ==> dir [/lib64]
    arg [-L/lib/] ==> dir [/lib/]
    arg [-L/usr/lib64] ==> dir [/usr/lib64]
    arg [-L/usr/lib] ==> dir [/usr/lib]
    arg [CMakeFiles/cmTryCompileExec2649197254.dir/CMakeCXXCompilerABI.cpp.o] ==> ignore
    arg [-Bdynamic] ==> ignore
    arg [-Bstatic] ==> ignore
    arg [-limf] ==> lib [imf]
    arg [-lsvml] ==> lib [svml]
    arg [-lirng] ==> lib [irng]
    arg [-Bdynamic] ==> ignore
    arg [-lm] ==> lib [m]
    arg [-Bstatic] ==> ignore
    arg [-lipgo] ==> lib [ipgo]
    arg [-ldecimal] ==> lib [decimal]
    arg [--as-needed] ==> ignore
    arg [-Bdynamic] ==> ignore
    arg [-lcilkrts] ==> lib [cilkrts]
    arg [--no-as-needed] ==> ignore
    arg [-lstdc++] ==> lib [stdc++]
    arg [-lgcc] ==> lib [gcc]
    arg [-lgcc_s] ==> lib [gcc_s]
    arg [-Bstatic] ==> ignore
    arg [-lirc] ==> lib [irc]
    arg [-lsvml] ==> lib [svml]
    arg [-Bdynamic] ==> ignore
    arg [-lc] ==> lib [c]
    arg [-lgcc] ==> lib [gcc]
    arg [-lgcc_s] ==> lib [gcc_s]
    arg [-Bstatic] ==> ignore
    arg [-lirc_s] ==> lib [irc_s]
    arg [-Bdynamic] ==> ignore
    arg [-ldl] ==> lib [dl]
    arg [-lc] ==> lib [c]
    arg [/usr/lib/gcc/x86_64-redhat-linux/4.8.5/crtend.o] ==> ignore
    arg [/usr/lib/gcc/x86_64-redhat-linux/4.8.5/../../../../lib64/crtn.o] ==> ignore
  remove lib [gcc]
  remove lib [gcc_s]
  remove lib [gcc]
  remove lib [gcc_s]
  collapse library dir [/apps/intel/composer_xe_2013_sp1.2.144/compiler/lib/intel64] ==> [/apps/intel/composer_xe_2013_sp1.2.144/compiler/lib/intel64]
  collapse library dir [/apps/intel/composer_xe_2013_sp1.2.144/ipp/intel64] ==> [/apps/intel/composer_xe_2013_sp1.2.144/ipp/intel64]
  collapse library dir [/apps/intel/composer_xe_2013_sp1.2.144/mkl/lib/intel64] ==> [/apps/intel/composer_xe_2013_sp1.2.144/mkl/lib/intel64]
  collapse library dir [/apps/intel/composer_xe_2013_sp1.2.144/tbb/lib/intel64/gcc4.4] ==> [/apps/intel/composer_xe_2013_sp1.2.144/tbb/lib/intel64/gcc4.4]
  collapse library dir [/apps/intel/composer_xe_2013_sp1.2.144/compiler/lib/intel64] ==> [/apps/intel/composer_xe_2013_sp1.2.144/compiler/lib/intel64]
  collapse library dir [/usr/lib/gcc/x86_64-redhat-linux/4.8.5/] ==> [/usr/lib/gcc/x86_64-redhat-linux/4.8.5]
  collapse library dir [/usr/lib/gcc/x86_64-redhat-linux/4.8.5/../../../../lib64] ==> [/usr/lib64]
  collapse library dir [/usr/lib/gcc/x86_64-redhat-linux/4.8.5/../../../../lib64/] ==> [/usr/lib64]
  collapse library dir [/lib/../lib64] ==> [/lib64]
  collapse library dir [/lib/../lib64/] ==> [/lib64]
  collapse library dir [/usr/lib/../lib64] ==> [/usr/lib64]
  collapse library dir [/usr/lib/../lib64/] ==> [/usr/lib64]
  collapse library dir [/apps/intel/composer_xe_2013_sp1.2.144/compiler/lib/intel64/] ==> [/apps/intel/composer_xe_2013_sp1.2.144/compiler/lib/intel64]
  collapse library dir [/apps/intel/composer_xe_2013_sp1.2.144/mkl/lib/intel64/] ==> [/apps/intel/composer_xe_2013_sp1.2.144/mkl/lib/intel64]
  collapse library dir [/apps/intel/composer_xe_2013_sp1.2.144/tbb/lib/intel64/gcc4.4/] ==> [/apps/intel/composer_xe_2013_sp1.2.144/tbb/lib/intel64/gcc4.4]
  collapse library dir [/usr/lib/gcc/x86_64-redhat-linux/4.8.5/../../../] ==> [/usr/lib]
  collapse library dir [/lib64] ==> [/lib64]
  collapse library dir [/lib/] ==> [/lib]
  collapse library dir [/usr/lib64] ==> [/usr/lib64]
  collapse library dir [/usr/lib] ==> [/usr/lib]
  implicit libs: [imf;svml;irng;m;ipgo;decimal;cilkrts;stdc++;irc;svml;c;irc_s;dl;c]
  implicit dirs: [/apps/intel/composer_xe_2013_sp1.2.144/compiler/lib/intel64;/apps/intel/composer_xe_2013_sp1.2.144/ipp/intel64;/apps/intel/composer_xe_2013_sp1.2.144/mkl/lib/intel64;/apps/intel/composer_xe_2013_sp1.2.144/tbb/lib/intel64/gcc4.4;/usr/lib/gcc/x86_64-redhat-linux/4.8.5;/usr/lib64;/lib64;/usr/lib;/lib]
  implicit fwks: []


Compiling the Fortran compiler identification source file "CMakeFortranCompilerId.F" succeeded.
Compiler: /apps/intel/composer_xe_2013_sp1.2.144/bin/intel64/ifort 
Build flags: 
Id flags: 

The output was:
0


Compilation of the Fortran compiler identification source "CMakeFortranCompilerId.F" produced "a.out"

The Fortran compiler identification is Intel, found in "/scratch4/NCEPDEV/da/save/David.Groff/David.Groff/version_revised_fv3efsoi/ProdGSI/build_efsoi/CMakeFiles/2.8.12.2/CompilerIdFortran/a.out"

Determining if the Fortran compiler works passed with the following output:
Change Dir: /scratch4/NCEPDEV/da/save/David.Groff/David.Groff/version_revised_fv3efsoi/ProdGSI/build_efsoi/CMakeFiles/CMakeTmp

Run Build Command:/bin/gmake "cmTryCompileExec3702081241/fast"
/bin/gmake -f CMakeFiles/cmTryCompileExec3702081241.dir/build.make CMakeFiles/cmTryCompileExec3702081241.dir/build
gmake[1]: Entering directory `/scratch4/NCEPDEV/da/save/David.Groff/David.Groff/version_revised_fv3efsoi/ProdGSI/build_efsoi/CMakeFiles/CMakeTmp'
/usr/bin/cmake -E cmake_progress_report /scratch4/NCEPDEV/da/save/David.Groff/David.Groff/version_revised_fv3efsoi/ProdGSI/build_efsoi/CMakeFiles/CMakeTmp/CMakeFiles 1
Building Fortran object CMakeFiles/cmTryCompileExec3702081241.dir/testFortranCompiler.f.o
/apps/intel/composer_xe_2013_sp1.2.144/bin/intel64/ifort    -c /scratch4/NCEPDEV/da/save/David.Groff/David.Groff/version_revised_fv3efsoi/ProdGSI/build_efsoi/CMakeFiles/CMakeTmp/testFortranCompiler.f -o CMakeFiles/cmTryCompileExec3702081241.dir/testFortranCompiler.f.o
Linking Fortran executable cmTryCompileExec3702081241
/usr/bin/cmake -E cmake_link_script CMakeFiles/cmTryCompileExec3702081241.dir/link.txt --verbose=1
/apps/intel/composer_xe_2013_sp1.2.144/bin/intel64/ifort       CMakeFiles/cmTryCompileExec3702081241.dir/testFortranCompiler.f.o  -o cmTryCompileExec3702081241 -i_dynamic 
gmake[1]: Leaving directory `/scratch4/NCEPDEV/da/save/David.Groff/David.Groff/version_revised_fv3efsoi/ProdGSI/build_efsoi/CMakeFiles/CMakeTmp'


Detecting Fortran compiler ABI info compiled with the following output:
Change Dir: /scratch4/NCEPDEV/da/save/David.Groff/David.Groff/version_revised_fv3efsoi/ProdGSI/build_efsoi/CMakeFiles/CMakeTmp

Run Build Command:/bin/gmake "cmTryCompileExec1872018513/fast"
/bin/gmake -f CMakeFiles/cmTryCompileExec1872018513.dir/build.make CMakeFiles/cmTryCompileExec1872018513.dir/build
gmake[1]: Entering directory `/scratch4/NCEPDEV/da/save/David.Groff/David.Groff/version_revised_fv3efsoi/ProdGSI/build_efsoi/CMakeFiles/CMakeTmp'
/usr/bin/cmake -E cmake_progress_report /scratch4/NCEPDEV/da/save/David.Groff/David.Groff/version_revised_fv3efsoi/ProdGSI/build_efsoi/CMakeFiles/CMakeTmp/CMakeFiles 1
Building Fortran object CMakeFiles/cmTryCompileExec1872018513.dir/CMakeFortranCompilerABI.F.o
/apps/intel/composer_xe_2013_sp1.2.144/bin/intel64/ifort    -c /usr/share/cmake/Modules/CMakeFortranCompilerABI.F -o CMakeFiles/cmTryCompileExec1872018513.dir/CMakeFortranCompilerABI.F.o
Linking Fortran executable cmTryCompileExec1872018513
/usr/bin/cmake -E cmake_link_script CMakeFiles/cmTryCompileExec1872018513.dir/link.txt --verbose=1
/apps/intel/composer_xe_2013_sp1.2.144/bin/intel64/ifort   -v   CMakeFiles/cmTryCompileExec1872018513.dir/CMakeFortranCompilerABI.F.o  -o cmTryCompileExec1872018513 -i_dynamic  
ifort version 14.0.2
/apps/intel/composer_xe_2013_sp1.2.144/bin/intel64/fortcom    -mP1OPT_version=14.0-intel64 -mGLOB_diag_file=CMakeFiles/cmTryCompileExec1872018513.dir/CMakeFortranCompilerABI.F.diag -mGLOB_source_language=GLOB_SOURCE_LANGUAGE_F90 -mP2OPT_static_promotion -mP1OPT_print_version=FALSE -mCG_use_gas_got_workaround=F -mP2OPT_align_option_used=TRUE -mGLOB_gcc_version=480 "-mGLOB_options_string=-v -o cmTryCompileExec1872018513 -i_dynamic" -mGLOB_cxx_limited_range=FALSE -mCG_extend_parms=FALSE -mGLOB_compiler_bin_directory=/apps/intel/composer_xe_2013_sp1.2.144/bin/intel64 -mGLOB_as_output_backup_file_name=/tmp/ifortT9Ddboas_.s -mIPOPT_activate -mGLOB_em64t -mGLOB_product_id_code=0x22006d8f -mP3OPT_use_mspp_call_convention -mP2OPT_subs_out_of_bound=FALSE -mGLOB_ansi_alias -mPGOPTI_value_profile_use=T -mP2OPT_il0_array_sections=TRUE -mGLOB_offload_mode=1 -mP2OPT_offload_unique_var_string=ifort1097374516N4Dtca -mP2OPT_hlo -mP2OPT_hpo_rtt_control=0 -mIPOPT_args_in_regs=0 -mP2OPT_disam_assume_nonstd_intent_in=FALSE -mGLOB_imf_mapping_library=/apps/intel/composer_xe_2013_sp1.2.144/bin/intel64/libiml_attr.so -mIPOPT_link -mIPOPT_ipo_activate -mIPOPT_mo_activate -mIPOPT_source_files_list=/tmp/ifortslisdgNpU8 -mIPOPT_mo_global_data -mIPOPT_link_script_file=/tmp/ifortscriptn42vkT "-mIPOPT_cmdline_link="/usr/lib/gcc/x86_64-redhat-linux/4.8.5/../../../../lib64/crt1.o" "/usr/lib/gcc/x86_64-redhat-linux/4.8.5/../../../../lib64/crti.o" "/usr/lib/gcc/x86_64-redhat-linux/4.8.5/crtbegin.o" "--eh-frame-hdr" "--build-id" "-dynamic-linker" "/lib64/ld-linux-x86-64.so.2" "-o" "cmTryCompileExec1872018513" "/apps/intel/composer_xe_2013_sp1.2.144/compiler/lib/intel64/for_main.o" "-L/apps/intel/composer_xe_2013_sp1.2.144/compiler/lib/intel64" "-L/apps/intel/composer_xe_2013_sp1.2.144/ipp/intel64" "-L/apps/intel/composer_xe_2013_sp1.2.144/mkl/lib/intel64" "-L/apps/intel/composer_xe_2013_sp1.2.144/tbb/lib/intel64/gcc4.4" "-L/apps/intel/composer_xe_2013_sp1.2.144/compiler/lib/intel64" "-L/usr/lib/gcc/x86_64-redhat-linux/4.8.5/" "-L/usr/lib/gcc/x86_64-redhat-linux/4.8.5/../../../../lib64" "-L/usr/lib/gcc/x86_64-redhat-linux/4.8.5/../../../../lib64/" "-L/lib/../lib64" "-L/lib/../lib64/" "-L/usr/lib/../lib64" "-L/usr/lib/../lib64/" "-L/apps/intel/composer_xe_2013_sp1.2.144/compiler/lib/intel64/" "-L/apps/intel/composer_xe_2013_sp1.2.144/mkl/lib/intel64/" "-L/apps/intel/composer_xe_2013_sp1.2.144/tbb/lib/intel64/gcc4.4/" "-L/usr/lib/gcc/x86_64-redhat-linux/4.8.5/../../../" "-L/lib64" "-L/lib/" "-L/usr/lib64" "-L/usr/lib" "CMakeFiles/cmTryCompileExec1872018513.dir/CMakeFortranCompilerABI.F.o" "-lifport" "-lifcore" "-limf" "-lsvml" "-lm" "-lipgo" "-lintlc" "-lpthread" "-lsvml" "-lc" "-lgcc" "-lgcc_s" "-lirc_s" "-ldl" "-lc" "/usr/lib/gcc/x86_64-redhat-linux/4.8.5/crtend.o" "/usr/lib/gcc/x86_64-redhat-linux/4.8.5/../../../../lib64/crtn.o"" -mIPOPT_il_in_obj -mIPOPT_ipo_activate_warn=FALSE -mIPOPT_obj_output_file_name=/tmp/ipo_ifort7wGQnE.o -mIPOPT_whole_archive_fixup_file_name=/tmp/ifortwarchlJQ39C -mGLOB_linker_version=2.27 -mGLOB_long_size_64 -mGLOB_routine_pointer_size_64 -mGLOB_driver_tempfile_name=/tmp/iforttempfileQwiLDn -mP3OPT_asm_target=P3OPT_ASM_TARGET_GAS -mGLOB_async_unwind_tables=TRUE -mGLOB_obj_output_file=/tmp/ipo_ifort7wGQnE.o -mGLOB_source_dialect=GLOB_SOURCE_DIALECT_NONE -mP1OPT_source_file_name=ipo_out.f -mP2OPT_symtab_type_copy=true CMakeFiles/cmTryCompileExec1872018513.dir/CMakeFortranCompilerABI.F.o -mIPOPT_object_files=T -mIPOPT_assembly_files=/tmp/ifortalisqiv1d9 -mIPOPT_generated_tempfiles=/tmp/ifortelisbEz7DT -mIPOPT_embedded_object_base_name=/tmp/iforteobjj3Cd4D -mIPOPT_cmdline_link_new_name=/tmp/ifortllisgujjuo
ld    /usr/lib/gcc/x86_64-redhat-linux/4.8.5/../../../../lib64/crt1.o /usr/lib/gcc/x86_64-redhat-linux/4.8.5/../../../../lib64/crti.o /usr/lib/gcc/x86_64-redhat-linux/4.8.5/crtbegin.o --eh-frame-hdr --build-id -dynamic-linker /lib64/ld-linux-x86-64.so.2 -o cmTryCompileExec1872018513 /apps/intel/composer_xe_2013_sp1.2.144/compiler/lib/intel64/for_main.o -L/apps/intel/composer_xe_2013_sp1.2.144/compiler/lib/intel64 -L/apps/intel/composer_xe_2013_sp1.2.144/ipp/intel64 -L/apps/intel/composer_xe_2013_sp1.2.144/mkl/lib/intel64 -L/apps/intel/composer_xe_2013_sp1.2.144/tbb/lib/intel64/gcc4.4 -L/apps/intel/composer_xe_2013_sp1.2.144/compiler/lib/intel64 -L/usr/lib/gcc/x86_64-redhat-linux/4.8.5/ -L/usr/lib/gcc/x86_64-redhat-linux/4.8.5/../../../../lib64 -L/usr/lib/gcc/x86_64-redhat-linux/4.8.5/../../../../lib64/ -L/lib/../lib64 -L/lib/../lib64/ -L/usr/lib/../lib64 -L/usr/lib/../lib64/ -L/apps/intel/composer_xe_2013_sp1.2.144/compiler/lib/intel64/ -L/apps/intel/composer_xe_2013_sp1.2.144/mkl/lib/intel64/ -L/apps/intel/composer_xe_2013_sp1.2.144/tbb/lib/intel64/gcc4.4/ -L/usr/lib/gcc/x86_64-redhat-linux/4.8.5/../../../ -L/lib64 -L/lib/ -L/usr/lib64 -L/usr/lib CMakeFiles/cmTryCompileExec1872018513.dir/CMakeFortranCompilerABI.F.o -lifport -lifcore -limf -lsvml -lm -lipgo -lintlc -lpthread -lsvml -lc -lgcc -lgcc_s -lirc_s -ldl -lc /usr/lib/gcc/x86_64-redhat-linux/4.8.5/crtend.o /usr/lib/gcc/x86_64-redhat-linux/4.8.5/../../../../lib64/crtn.o
gmake[1]: Leaving directory `/scratch4/NCEPDEV/da/save/David.Groff/David.Groff/version_revised_fv3efsoi/ProdGSI/build_efsoi/CMakeFiles/CMakeTmp'


Parsed Fortran implicit link information from above output:
  link line regex: [^( *|.*[/\])(ld|([^/\]+-)?ld|collect2)[^/\]*( |$)]
  ignore line: [Change Dir: /scratch4/NCEPDEV/da/save/David.Groff/David.Groff/version_revised_fv3efsoi/ProdGSI/build_efsoi/CMakeFiles/CMakeTmp]
  ignore line: []
  ignore line: [Run Build Command:/bin/gmake "cmTryCompileExec1872018513/fast"]
  ignore line: [/bin/gmake -f CMakeFiles/cmTryCompileExec1872018513.dir/build.make CMakeFiles/cmTryCompileExec1872018513.dir/build]
  ignore line: [gmake[1]: Entering directory `/scratch4/NCEPDEV/da/save/David.Groff/David.Groff/version_revised_fv3efsoi/ProdGSI/build_efsoi/CMakeFiles/CMakeTmp']
  ignore line: [/usr/bin/cmake -E cmake_progress_report /scratch4/NCEPDEV/da/save/David.Groff/David.Groff/version_revised_fv3efsoi/ProdGSI/build_efsoi/CMakeFiles/CMakeTmp/CMakeFiles 1]
  ignore line: [Building Fortran object CMakeFiles/cmTryCompileExec1872018513.dir/CMakeFortranCompilerABI.F.o]
  ignore line: [/apps/intel/composer_xe_2013_sp1.2.144/bin/intel64/ifort    -c /usr/share/cmake/Modules/CMakeFortranCompilerABI.F -o CMakeFiles/cmTryCompileExec1872018513.dir/CMakeFortranCompilerABI.F.o]
  ignore line: [Linking Fortran executable cmTryCompileExec1872018513]
  ignore line: [/usr/bin/cmake -E cmake_link_script CMakeFiles/cmTryCompileExec1872018513.dir/link.txt --verbose=1]
  ignore line: [/apps/intel/composer_xe_2013_sp1.2.144/bin/intel64/ifort   -v   CMakeFiles/cmTryCompileExec1872018513.dir/CMakeFortranCompilerABI.F.o  -o cmTryCompileExec1872018513 -i_dynamic  ]
  ignore line: [ifort version 14.0.2]
  ignore line: [/apps/intel/composer_xe_2013_sp1.2.144/bin/intel64/fortcom    -mP1OPT_version=14.0-intel64 -mGLOB_diag_file=CMakeFiles/cmTryCompileExec1872018513.dir/CMakeFortranCompilerABI.F.diag -mGLOB_source_language=GLOB_SOURCE_LANGUAGE_F90 -mP2OPT_static_promotion -mP1OPT_print_version=FALSE -mCG_use_gas_got_workaround=F -mP2OPT_align_option_used=TRUE -mGLOB_gcc_version=480 "-mGLOB_options_string=-v -o cmTryCompileExec1872018513 -i_dynamic" -mGLOB_cxx_limited_range=FALSE -mCG_extend_parms=FALSE -mGLOB_compiler_bin_directory=/apps/intel/composer_xe_2013_sp1.2.144/bin/intel64 -mGLOB_as_output_backup_file_name=/tmp/ifortT9Ddboas_.s -mIPOPT_activate -mGLOB_em64t -mGLOB_product_id_code=0x22006d8f -mP3OPT_use_mspp_call_convention -mP2OPT_subs_out_of_bound=FALSE -mGLOB_ansi_alias -mPGOPTI_value_profile_use=T -mP2OPT_il0_array_sections=TRUE -mGLOB_offload_mode=1 -mP2OPT_offload_unique_var_string=ifort1097374516N4Dtca -mP2OPT_hlo -mP2OPT_hpo_rtt_control=0 -mIPOPT_args_in_regs=0 -mP2OPT_disam_assume_nonstd_intent_in=FALSE -mGLOB_imf_mapping_library=/apps/intel/composer_xe_2013_sp1.2.144/bin/intel64/libiml_attr.so -mIPOPT_link -mIPOPT_ipo_activate -mIPOPT_mo_activate -mIPOPT_source_files_list=/tmp/ifortslisdgNpU8 -mIPOPT_mo_global_data -mIPOPT_link_script_file=/tmp/ifortscriptn42vkT "-mIPOPT_cmdline_link="/usr/lib/gcc/x86_64-redhat-linux/4.8.5/../../../../lib64/crt1.o" "/usr/lib/gcc/x86_64-redhat-linux/4.8.5/../../../../lib64/crti.o" "/usr/lib/gcc/x86_64-redhat-linux/4.8.5/crtbegin.o" "--eh-frame-hdr" "--build-id" "-dynamic-linker" "/lib64/ld-linux-x86-64.so.2" "-o" "cmTryCompileExec1872018513" "/apps/intel/composer_xe_2013_sp1.2.144/compiler/lib/intel64/for_main.o" "-L/apps/intel/composer_xe_2013_sp1.2.144/compiler/lib/intel64" "-L/apps/intel/composer_xe_2013_sp1.2.144/ipp/intel64" "-L/apps/intel/composer_xe_2013_sp1.2.144/mkl/lib/intel64" "-L/apps/intel/composer_xe_2013_sp1.2.144/tbb/lib/intel64/gcc4.4" "-L/apps/intel/composer_xe_2013_sp1.2.144/compiler/lib/intel64" "-L/usr/lib/gcc/x86_64-redhat-linux/4.8.5/" "-L/usr/lib/gcc/x86_64-redhat-linux/4.8.5/../../../../lib64" "-L/usr/lib/gcc/x86_64-redhat-linux/4.8.5/../../../../lib64/" "-L/lib/../lib64" "-L/lib/../lib64/" "-L/usr/lib/../lib64" "-L/usr/lib/../lib64/" "-L/apps/intel/composer_xe_2013_sp1.2.144/compiler/lib/intel64/" "-L/apps/intel/composer_xe_2013_sp1.2.144/mkl/lib/intel64/" "-L/apps/intel/composer_xe_2013_sp1.2.144/tbb/lib/intel64/gcc4.4/" "-L/usr/lib/gcc/x86_64-redhat-linux/4.8.5/../../../" "-L/lib64" "-L/lib/" "-L/usr/lib64" "-L/usr/lib" "CMakeFiles/cmTryCompileExec1872018513.dir/CMakeFortranCompilerABI.F.o" "-lifport" "-lifcore" "-limf" "-lsvml" "-lm" "-lipgo" "-lintlc" "-lpthread" "-lsvml" "-lc" "-lgcc" "-lgcc_s" "-lirc_s" "-ldl" "-lc" "/usr/lib/gcc/x86_64-redhat-linux/4.8.5/crtend.o" "/usr/lib/gcc/x86_64-redhat-linux/4.8.5/../../../../lib64/crtn.o"" -mIPOPT_il_in_obj -mIPOPT_ipo_activate_warn=FALSE -mIPOPT_obj_output_file_name=/tmp/ipo_ifort7wGQnE.o -mIPOPT_whole_archive_fixup_file_name=/tmp/ifortwarchlJQ39C -mGLOB_linker_version=2.27 -mGLOB_long_size_64 -mGLOB_routine_pointer_size_64 -mGLOB_driver_tempfile_name=/tmp/iforttempfileQwiLDn -mP3OPT_asm_target=P3OPT_ASM_TARGET_GAS -mGLOB_async_unwind_tables=TRUE -mGLOB_obj_output_file=/tmp/ipo_ifort7wGQnE.o -mGLOB_source_dialect=GLOB_SOURCE_DIALECT_NONE -mP1OPT_source_file_name=ipo_out.f -mP2OPT_symtab_type_copy=true CMakeFiles/cmTryCompileExec1872018513.dir/CMakeFortranCompilerABI.F.o -mIPOPT_object_files=T -mIPOPT_assembly_files=/tmp/ifortalisqiv1d9 -mIPOPT_generated_tempfiles=/tmp/ifortelisbEz7DT -mIPOPT_embedded_object_base_name=/tmp/iforteobjj3Cd4D -mIPOPT_cmdline_link_new_name=/tmp/ifortllisgujjuo]
  link line: [ld    /usr/lib/gcc/x86_64-redhat-linux/4.8.5/../../../../lib64/crt1.o /usr/lib/gcc/x86_64-redhat-linux/4.8.5/../../../../lib64/crti.o /usr/lib/gcc/x86_64-redhat-linux/4.8.5/crtbegin.o --eh-frame-hdr --build-id -dynamic-linker /lib64/ld-linux-x86-64.so.2 -o cmTryCompileExec1872018513 /apps/intel/composer_xe_2013_sp1.2.144/compiler/lib/intel64/for_main.o -L/apps/intel/composer_xe_2013_sp1.2.144/compiler/lib/intel64 -L/apps/intel/composer_xe_2013_sp1.2.144/ipp/intel64 -L/apps/intel/composer_xe_2013_sp1.2.144/mkl/lib/intel64 -L/apps/intel/composer_xe_2013_sp1.2.144/tbb/lib/intel64/gcc4.4 -L/apps/intel/composer_xe_2013_sp1.2.144/compiler/lib/intel64 -L/usr/lib/gcc/x86_64-redhat-linux/4.8.5/ -L/usr/lib/gcc/x86_64-redhat-linux/4.8.5/../../../../lib64 -L/usr/lib/gcc/x86_64-redhat-linux/4.8.5/../../../../lib64/ -L/lib/../lib64 -L/lib/../lib64/ -L/usr/lib/../lib64 -L/usr/lib/../lib64/ -L/apps/intel/composer_xe_2013_sp1.2.144/compiler/lib/intel64/ -L/apps/intel/composer_xe_2013_sp1.2.144/mkl/lib/intel64/ -L/apps/intel/composer_xe_2013_sp1.2.144/tbb/lib/intel64/gcc4.4/ -L/usr/lib/gcc/x86_64-redhat-linux/4.8.5/../../../ -L/lib64 -L/lib/ -L/usr/lib64 -L/usr/lib CMakeFiles/cmTryCompileExec1872018513.dir/CMakeFortranCompilerABI.F.o -lifport -lifcore -limf -lsvml -lm -lipgo -lintlc -lpthread -lsvml -lc -lgcc -lgcc_s -lirc_s -ldl -lc /usr/lib/gcc/x86_64-redhat-linux/4.8.5/crtend.o /usr/lib/gcc/x86_64-redhat-linux/4.8.5/../../../../lib64/crtn.o]
    arg [ld] ==> ignore
    arg [/usr/lib/gcc/x86_64-redhat-linux/4.8.5/../../../../lib64/crt1.o] ==> ignore
    arg [/usr/lib/gcc/x86_64-redhat-linux/4.8.5/../../../../lib64/crti.o] ==> ignore
    arg [/usr/lib/gcc/x86_64-redhat-linux/4.8.5/crtbegin.o] ==> ignore
    arg [--eh-frame-hdr] ==> ignore
    arg [--build-id] ==> ignore
    arg [-dynamic-linker] ==> ignore
    arg [/lib64/ld-linux-x86-64.so.2] ==> ignore
    arg [-o] ==> ignore
    arg [cmTryCompileExec1872018513] ==> ignore
    arg [/apps/intel/composer_xe_2013_sp1.2.144/compiler/lib/intel64/for_main.o] ==> ignore
    arg [-L/apps/intel/composer_xe_2013_sp1.2.144/compiler/lib/intel64] ==> dir [/apps/intel/composer_xe_2013_sp1.2.144/compiler/lib/intel64]
    arg [-L/apps/intel/composer_xe_2013_sp1.2.144/ipp/intel64] ==> dir [/apps/intel/composer_xe_2013_sp1.2.144/ipp/intel64]
    arg [-L/apps/intel/composer_xe_2013_sp1.2.144/mkl/lib/intel64] ==> dir [/apps/intel/composer_xe_2013_sp1.2.144/mkl/lib/intel64]
    arg [-L/apps/intel/composer_xe_2013_sp1.2.144/tbb/lib/intel64/gcc4.4] ==> dir [/apps/intel/composer_xe_2013_sp1.2.144/tbb/lib/intel64/gcc4.4]
    arg [-L/apps/intel/composer_xe_2013_sp1.2.144/compiler/lib/intel64] ==> dir [/apps/intel/composer_xe_2013_sp1.2.144/compiler/lib/intel64]
    arg [-L/usr/lib/gcc/x86_64-redhat-linux/4.8.5/] ==> dir [/usr/lib/gcc/x86_64-redhat-linux/4.8.5/]
    arg [-L/usr/lib/gcc/x86_64-redhat-linux/4.8.5/../../../../lib64] ==> dir [/usr/lib/gcc/x86_64-redhat-linux/4.8.5/../../../../lib64]
    arg [-L/usr/lib/gcc/x86_64-redhat-linux/4.8.5/../../../../lib64/] ==> dir [/usr/lib/gcc/x86_64-redhat-linux/4.8.5/../../../../lib64/]
    arg [-L/lib/../lib64] ==> dir [/lib/../lib64]
    arg [-L/lib/../lib64/] ==> dir [/lib/../lib64/]
    arg [-L/usr/lib/../lib64] ==> dir [/usr/lib/../lib64]
    arg [-L/usr/lib/../lib64/] ==> dir [/usr/lib/../lib64/]
    arg [-L/apps/intel/composer_xe_2013_sp1.2.144/compiler/lib/intel64/] ==> dir [/apps/intel/composer_xe_2013_sp1.2.144/compiler/lib/intel64/]
    arg [-L/apps/intel/composer_xe_2013_sp1.2.144/mkl/lib/intel64/] ==> dir [/apps/intel/composer_xe_2013_sp1.2.144/mkl/lib/intel64/]
    arg [-L/apps/intel/composer_xe_2013_sp1.2.144/tbb/lib/intel64/gcc4.4/] ==> dir [/apps/intel/composer_xe_2013_sp1.2.144/tbb/lib/intel64/gcc4.4/]
    arg [-L/usr/lib/gcc/x86_64-redhat-linux/4.8.5/../../../] ==> dir [/usr/lib/gcc/x86_64-redhat-linux/4.8.5/../../../]
    arg [-L/lib64] ==> dir [/lib64]
    arg [-L/lib/] ==> dir [/lib/]
    arg [-L/usr/lib64] ==> dir [/usr/lib64]
    arg [-L/usr/lib] ==> dir [/usr/lib]
    arg [CMakeFiles/cmTryCompileExec1872018513.dir/CMakeFortranCompilerABI.F.o] ==> ignore
    arg [-lifport] ==> lib [ifport]
    arg [-lifcore] ==> lib [ifcore]
    arg [-limf] ==> lib [imf]
    arg [-lsvml] ==> lib [svml]
    arg [-lm] ==> lib [m]
    arg [-lipgo] ==> lib [ipgo]
    arg [-lintlc] ==> lib [intlc]
    arg [-lpthread] ==> lib [pthread]
    arg [-lsvml] ==> lib [svml]
    arg [-lc] ==> lib [c]
    arg [-lgcc] ==> lib [gcc]
    arg [-lgcc_s] ==> lib [gcc_s]
    arg [-lirc_s] ==> lib [irc_s]
    arg [-ldl] ==> lib [dl]
    arg [-lc] ==> lib [c]
    arg [/usr/lib/gcc/x86_64-redhat-linux/4.8.5/crtend.o] ==> ignore
    arg [/usr/lib/gcc/x86_64-redhat-linux/4.8.5/../../../../lib64/crtn.o] ==> ignore
  remove lib [gcc]
  remove lib [gcc_s]
  collapse library dir [/apps/intel/composer_xe_2013_sp1.2.144/compiler/lib/intel64] ==> [/apps/intel/composer_xe_2013_sp1.2.144/compiler/lib/intel64]
  collapse library dir [/apps/intel/composer_xe_2013_sp1.2.144/ipp/intel64] ==> [/apps/intel/composer_xe_2013_sp1.2.144/ipp/intel64]
  collapse library dir [/apps/intel/composer_xe_2013_sp1.2.144/mkl/lib/intel64] ==> [/apps/intel/composer_xe_2013_sp1.2.144/mkl/lib/intel64]
  collapse library dir [/apps/intel/composer_xe_2013_sp1.2.144/tbb/lib/intel64/gcc4.4] ==> [/apps/intel/composer_xe_2013_sp1.2.144/tbb/lib/intel64/gcc4.4]
  collapse library dir [/apps/intel/composer_xe_2013_sp1.2.144/compiler/lib/intel64] ==> [/apps/intel/composer_xe_2013_sp1.2.144/compiler/lib/intel64]
  collapse library dir [/usr/lib/gcc/x86_64-redhat-linux/4.8.5/] ==> [/usr/lib/gcc/x86_64-redhat-linux/4.8.5]
  collapse library dir [/usr/lib/gcc/x86_64-redhat-linux/4.8.5/../../../../lib64] ==> [/usr/lib64]
  collapse library dir [/usr/lib/gcc/x86_64-redhat-linux/4.8.5/../../../../lib64/] ==> [/usr/lib64]
  collapse library dir [/lib/../lib64] ==> [/lib64]
  collapse library dir [/lib/../lib64/] ==> [/lib64]
  collapse library dir [/usr/lib/../lib64] ==> [/usr/lib64]
  collapse library dir [/usr/lib/../lib64/] ==> [/usr/lib64]
  collapse library dir [/apps/intel/composer_xe_2013_sp1.2.144/compiler/lib/intel64/] ==> [/apps/intel/composer_xe_2013_sp1.2.144/compiler/lib/intel64]
  collapse library dir [/apps/intel/composer_xe_2013_sp1.2.144/mkl/lib/intel64/] ==> [/apps/intel/composer_xe_2013_sp1.2.144/mkl/lib/intel64]
  collapse library dir [/apps/intel/composer_xe_2013_sp1.2.144/tbb/lib/intel64/gcc4.4/] ==> [/apps/intel/composer_xe_2013_sp1.2.144/tbb/lib/intel64/gcc4.4]
  collapse library dir [/usr/lib/gcc/x86_64-redhat-linux/4.8.5/../../../] ==> [/usr/lib]
  collapse library dir [/lib64] ==> [/lib64]
  collapse library dir [/lib/] ==> [/lib]
  collapse library dir [/usr/lib64] ==> [/usr/lib64]
  collapse library dir [/usr/lib] ==> [/usr/lib]
  implicit libs: [ifport;ifcore;imf;svml;m;ipgo;intlc;pthread;svml;c;irc_s;dl;c]
  implicit dirs: [/apps/intel/composer_xe_2013_sp1.2.144/compiler/lib/intel64;/apps/intel/composer_xe_2013_sp1.2.144/ipp/intel64;/apps/intel/composer_xe_2013_sp1.2.144/mkl/lib/intel64;/apps/intel/composer_xe_2013_sp1.2.144/tbb/lib/intel64/gcc4.4;/usr/lib/gcc/x86_64-redhat-linux/4.8.5;/usr/lib64;/lib64;/usr/lib;/lib]
  implicit fwks: []


Determining if the Fortran compiler supports Fortran 90 passed with the following output:
Change Dir: /scratch4/NCEPDEV/da/save/David.Groff/David.Groff/version_revised_fv3efsoi/ProdGSI/build_efsoi/CMakeFiles/CMakeTmp

Run Build Command:/bin/gmake "cmTryCompileExec1877352068/fast"
/bin/gmake -f CMakeFiles/cmTryCompileExec1877352068.dir/build.make CMakeFiles/cmTryCompileExec1877352068.dir/build
gmake[1]: Entering directory `/scratch4/NCEPDEV/da/save/David.Groff/David.Groff/version_revised_fv3efsoi/ProdGSI/build_efsoi/CMakeFiles/CMakeTmp'
/usr/bin/cmake -E cmake_progress_report /scratch4/NCEPDEV/da/save/David.Groff/David.Groff/version_revised_fv3efsoi/ProdGSI/build_efsoi/CMakeFiles/CMakeTmp/CMakeFiles 1
Building Fortran object CMakeFiles/cmTryCompileExec1877352068.dir/testFortranCompilerF90.f90.o
/apps/intel/composer_xe_2013_sp1.2.144/bin/intel64/ifort    -c /scratch4/NCEPDEV/da/save/David.Groff/David.Groff/version_revised_fv3efsoi/ProdGSI/build_efsoi/CMakeFiles/CMakeTmp/testFortranCompilerF90.f90 -o CMakeFiles/cmTryCompileExec1877352068.dir/testFortranCompilerF90.f90.o
Linking Fortran executable cmTryCompileExec1877352068
/usr/bin/cmake -E cmake_link_script CMakeFiles/cmTryCompileExec1877352068.dir/link.txt --verbose=1
/apps/intel/composer_xe_2013_sp1.2.144/bin/intel64/ifort       CMakeFiles/cmTryCompileExec1877352068.dir/testFortranCompilerF90.f90.o  -o cmTryCompileExec1877352068 -i_dynamic 
gmake[1]: Leaving directory `/scratch4/NCEPDEV/da/save/David.Groff/David.Groff/version_revised_fv3efsoi/ProdGSI/build_efsoi/CMakeFiles/CMakeTmp'


Determining if files pthread.h exist passed with the following output:
Change Dir: /scratch4/NCEPDEV/da/save/David.Groff/David.Groff/version_revised_fv3efsoi/ProdGSI/build_efsoi/CMakeFiles/CMakeTmp

Run Build Command:/bin/gmake "cmTryCompileExec2388722218/fast"
/bin/gmake -f CMakeFiles/cmTryCompileExec2388722218.dir/build.make CMakeFiles/cmTryCompileExec2388722218.dir/build
gmake[1]: Entering directory `/scratch4/NCEPDEV/da/save/David.Groff/David.Groff/version_revised_fv3efsoi/ProdGSI/build_efsoi/CMakeFiles/CMakeTmp'
/usr/bin/cmake -E cmake_progress_report /scratch4/NCEPDEV/da/save/David.Groff/David.Groff/version_revised_fv3efsoi/ProdGSI/build_efsoi/CMakeFiles/CMakeTmp/CMakeFiles 1
Building C object CMakeFiles/cmTryCompileExec2388722218.dir/CheckIncludeFiles.c.o
/apps/intel/composer_xe_2013_sp1.2.144/bin/intel64/icc    -o CMakeFiles/cmTryCompileExec2388722218.dir/CheckIncludeFiles.c.o   -c /scratch4/NCEPDEV/da/save/David.Groff/David.Groff/version_revised_fv3efsoi/ProdGSI/build_efsoi/CMakeFiles/CMakeTmp/CheckIncludeFiles.c
Linking C executable cmTryCompileExec2388722218
/usr/bin/cmake -E cmake_link_script CMakeFiles/cmTryCompileExec2388722218.dir/link.txt --verbose=1
/apps/intel/composer_xe_2013_sp1.2.144/bin/intel64/icc       CMakeFiles/cmTryCompileExec2388722218.dir/CheckIncludeFiles.c.o  -o cmTryCompileExec2388722218 -rdynamic 
gmake[1]: Leaving directory `/scratch4/NCEPDEV/da/save/David.Groff/David.Groff/version_revised_fv3efsoi/ProdGSI/build_efsoi/CMakeFiles/CMakeTmp'


Determining if the function pthread_create exists in the pthread passed with the following output:
Change Dir: /scratch4/NCEPDEV/da/save/David.Groff/David.Groff/version_revised_fv3efsoi/ProdGSI/build_efsoi/CMakeFiles/CMakeTmp

Run Build Command:/bin/gmake "cmTryCompileExec2146966944/fast"
/bin/gmake -f CMakeFiles/cmTryCompileExec2146966944.dir/build.make CMakeFiles/cmTryCompileExec2146966944.dir/build
gmake[1]: Entering directory `/scratch4/NCEPDEV/da/save/David.Groff/David.Groff/version_revised_fv3efsoi/ProdGSI/build_efsoi/CMakeFiles/CMakeTmp'
/usr/bin/cmake -E cmake_progress_report /scratch4/NCEPDEV/da/save/David.Groff/David.Groff/version_revised_fv3efsoi/ProdGSI/build_efsoi/CMakeFiles/CMakeTmp/CMakeFiles 1
Building C object CMakeFiles/cmTryCompileExec2146966944.dir/CheckFunctionExists.c.o
/apps/intel/composer_xe_2013_sp1.2.144/bin/intel64/icc   -DCHECK_FUNCTION_EXISTS=pthread_create   -o CMakeFiles/cmTryCompileExec2146966944.dir/CheckFunctionExists.c.o   -c /usr/share/cmake/Modules/CheckFunctionExists.c
Linking C executable cmTryCompileExec2146966944
/usr/bin/cmake -E cmake_link_script CMakeFiles/cmTryCompileExec2146966944.dir/link.txt --verbose=1
/apps/intel/composer_xe_2013_sp1.2.144/bin/intel64/icc   -DCHECK_FUNCTION_EXISTS=pthread_create    CMakeFiles/cmTryCompileExec2146966944.dir/CheckFunctionExists.c.o  -o cmTryCompileExec2146966944 -rdynamic -lpthread 
gmake[1]: Leaving directory `/scratch4/NCEPDEV/da/save/David.Groff/David.Groff/version_revised_fv3efsoi/ProdGSI/build_efsoi/CMakeFiles/CMakeTmp'


Determining if the Fortran sgemm exists passed with the following output:
Change Dir: /scratch4/NCEPDEV/da/save/David.Groff/David.Groff/version_revised_fv3efsoi/ProdGSI/build_efsoi/CMakeFiles/CMakeTmp

Run Build Command:/bin/gmake "cmTryCompileExec1778899367/fast"
/bin/gmake -f CMakeFiles/cmTryCompileExec1778899367.dir/build.make CMakeFiles/cmTryCompileExec1778899367.dir/build
gmake[1]: Entering directory `/scratch4/NCEPDEV/da/save/David.Groff/David.Groff/version_revised_fv3efsoi/ProdGSI/build_efsoi/CMakeFiles/CMakeTmp'
/usr/bin/cmake -E cmake_progress_report /scratch4/NCEPDEV/da/save/David.Groff/David.Groff/version_revised_fv3efsoi/ProdGSI/build_efsoi/CMakeFiles/CMakeTmp/CMakeFiles 1
Building Fortran object CMakeFiles/cmTryCompileExec1778899367.dir/testFortranCompiler.f.o
/apps/intel/composer_xe_2013_sp1.2.144/bin/intel64/ifort    -c /scratch4/NCEPDEV/da/save/David.Groff/David.Groff/version_revised_fv3efsoi/ProdGSI/build_efsoi/CMakeFiles/CMakeTmp/testFortranCompiler.f -o CMakeFiles/cmTryCompileExec1778899367.dir/testFortranCompiler.f.o
Linking Fortran executable cmTryCompileExec1778899367
/usr/bin/cmake -E cmake_link_script CMakeFiles/cmTryCompileExec1778899367.dir/link.txt --verbose=1
/apps/intel/composer_xe_2013_sp1.2.144/bin/intel64/ifort       CMakeFiles/cmTryCompileExec1778899367.dir/testFortranCompiler.f.o  -o cmTryCompileExec1778899367 -i_dynamic -lmkl_intel_lp64 -lmkl_intel_thread -lmkl_core /apps/intel/composer_xe_2013_sp1.2.144/compiler/lib/intel64/libiomp5.so -lpthread -lm 
gmake[1]: Leaving directory `/scratch4/NCEPDEV/da/save/David.Groff/David.Groff/version_revised_fv3efsoi/ProdGSI/build_efsoi/CMakeFiles/CMakeTmp'


Determining if the Fortran cheev exists passed with the following output:
Change Dir: /scratch4/NCEPDEV/da/save/David.Groff/David.Groff/version_revised_fv3efsoi/ProdGSI/build_efsoi/CMakeFiles/CMakeTmp

Run Build Command:/bin/gmake "cmTryCompileExec491306425/fast"
/bin/gmake -f CMakeFiles/cmTryCompileExec491306425.dir/build.make CMakeFiles/cmTryCompileExec491306425.dir/build
gmake[1]: Entering directory `/scratch4/NCEPDEV/da/save/David.Groff/David.Groff/version_revised_fv3efsoi/ProdGSI/build_efsoi/CMakeFiles/CMakeTmp'
/usr/bin/cmake -E cmake_progress_report /scratch4/NCEPDEV/da/save/David.Groff/David.Groff/version_revised_fv3efsoi/ProdGSI/build_efsoi/CMakeFiles/CMakeTmp/CMakeFiles 1
Building Fortran object CMakeFiles/cmTryCompileExec491306425.dir/testFortranCompiler.f.o
/apps/intel/composer_xe_2013_sp1.2.144/bin/intel64/ifort    -c /scratch4/NCEPDEV/da/save/David.Groff/David.Groff/version_revised_fv3efsoi/ProdGSI/build_efsoi/CMakeFiles/CMakeTmp/testFortranCompiler.f -o CMakeFiles/cmTryCompileExec491306425.dir/testFortranCompiler.f.o
Linking Fortran executable cmTryCompileExec491306425
/usr/bin/cmake -E cmake_link_script CMakeFiles/cmTryCompileExec491306425.dir/link.txt --verbose=1
/apps/intel/composer_xe_2013_sp1.2.144/bin/intel64/ifort       CMakeFiles/cmTryCompileExec491306425.dir/testFortranCompiler.f.o  -o cmTryCompileExec491306425 -i_dynamic -lmkl_gf_lp64 -lmkl_intel_lp64 -lmkl_intel_thread -lmkl_core /apps/intel/composer_xe_2013_sp1.2.144/compiler/lib/intel64/libiomp5.so -lpthread -lm 
gmake[1]: Leaving directory `/scratch4/NCEPDEV/da/save/David.Groff/David.Groff/version_revised_fv3efsoi/ProdGSI/build_efsoi/CMakeFiles/CMakeTmp'


