Determining if the pthread_create exist failed with the following output:
Change Dir: /scratch4/NCEPDEV/da/save/David.Groff/David.Groff/version_revised_fv3efsoi/ProdGSI/build_efsoi/CMakeFiles/CMakeTmp

Run Build Command:/bin/gmake "cmTryCompileExec4119405798/fast"
/bin/gmake -f CMakeFiles/cmTryCompileExec4119405798.dir/build.make CMakeFiles/cmTryCompileExec4119405798.dir/build
gmake[1]: Entering directory `/scratch4/NCEPDEV/da/save/David.Groff/David.Groff/version_revised_fv3efsoi/ProdGSI/build_efsoi/CMakeFiles/CMakeTmp'
/usr/bin/cmake -E cmake_progress_report /scratch4/NCEPDEV/da/save/David.Groff/David.Groff/version_revised_fv3efsoi/ProdGSI/build_efsoi/CMakeFiles/CMakeTmp/CMakeFiles 1
Building C object CMakeFiles/cmTryCompileExec4119405798.dir/CheckSymbolExists.c.o
/apps/intel/composer_xe_2013_sp1.2.144/bin/intel64/icc    -o CMakeFiles/cmTryCompileExec4119405798.dir/CheckSymbolExists.c.o   -c /scratch4/NCEPDEV/da/save/David.Groff/David.Groff/version_revised_fv3efsoi/ProdGSI/build_efsoi/CMakeFiles/CMakeTmp/CheckSymbolExists.c
Linking C executable cmTryCompileExec4119405798
/usr/bin/cmake -E cmake_link_script CMakeFiles/cmTryCompileExec4119405798.dir/link.txt --verbose=1
/apps/intel/composer_xe_2013_sp1.2.144/bin/intel64/icc       CMakeFiles/cmTryCompileExec4119405798.dir/CheckSymbolExists.c.o  -o cmTryCompileExec4119405798 -rdynamic 
CMakeFiles/cmTryCompileExec4119405798.dir/CheckSymbolExists.c.o: In function `main':
/scratch4/NCEPDEV/da/save/David.Groff/David.Groff/version_revised_fv3efsoi/ProdGSI/build_efsoi/CMakeFiles/CMakeTmp/CheckSymbolExists.c:(.text+0x2b): undefined reference to `pthread_create'
gmake[1]: *** [cmTryCompileExec4119405798] Error 1
gmake[1]: Leaving directory `/scratch4/NCEPDEV/da/save/David.Groff/David.Groff/version_revised_fv3efsoi/ProdGSI/build_efsoi/CMakeFiles/CMakeTmp'
gmake: *** [cmTryCompileExec4119405798/fast] Error 2

File /scratch4/NCEPDEV/da/save/David.Groff/David.Groff/version_revised_fv3efsoi/ProdGSI/build_efsoi/CMakeFiles/CMakeTmp/CheckSymbolExists.c:
/* */
#include <pthread.h>

int main(int argc, char** argv)
{
  (void)argv;
#ifndef pthread_create
  return ((int*)(&pthread_create))[argc];
#else
  (void)argc;
  return 0;
#endif
}

Determining if the function pthread_create exists in the pthreads failed with the following output:
Change Dir: /scratch4/NCEPDEV/da/save/David.Groff/David.Groff/version_revised_fv3efsoi/ProdGSI/build_efsoi/CMakeFiles/CMakeTmp

Run Build Command:/bin/gmake "cmTryCompileExec186402566/fast"
/bin/gmake -f CMakeFiles/cmTryCompileExec186402566.dir/build.make CMakeFiles/cmTryCompileExec186402566.dir/build
gmake[1]: Entering directory `/scratch4/NCEPDEV/da/save/David.Groff/David.Groff/version_revised_fv3efsoi/ProdGSI/build_efsoi/CMakeFiles/CMakeTmp'
/usr/bin/cmake -E cmake_progress_report /scratch4/NCEPDEV/da/save/David.Groff/David.Groff/version_revised_fv3efsoi/ProdGSI/build_efsoi/CMakeFiles/CMakeTmp/CMakeFiles 1
Building C object CMakeFiles/cmTryCompileExec186402566.dir/CheckFunctionExists.c.o
/apps/intel/composer_xe_2013_sp1.2.144/bin/intel64/icc   -DCHECK_FUNCTION_EXISTS=pthread_create   -o CMakeFiles/cmTryCompileExec186402566.dir/CheckFunctionExists.c.o   -c /usr/share/cmake/Modules/CheckFunctionExists.c
Linking C executable cmTryCompileExec186402566
/usr/bin/cmake -E cmake_link_script CMakeFiles/cmTryCompileExec186402566.dir/link.txt --verbose=1
/apps/intel/composer_xe_2013_sp1.2.144/bin/intel64/icc   -DCHECK_FUNCTION_EXISTS=pthread_create    CMakeFiles/cmTryCompileExec186402566.dir/CheckFunctionExists.c.o  -o cmTryCompileExec186402566 -rdynamic -lpthreads 
ld: cannot find -lpthreads
gmake[1]: *** [cmTryCompileExec186402566] Error 1
gmake[1]: Leaving directory `/scratch4/NCEPDEV/da/save/David.Groff/David.Groff/version_revised_fv3efsoi/ProdGSI/build_efsoi/CMakeFiles/CMakeTmp'
gmake: *** [cmTryCompileExec186402566/fast] Error 2


