Makefile:25: warning: overriding commands for target `.f.o'
../../../configure.gsi:96: warning: ignoring old commands for target `.f.o'
Makefile:28: warning: overriding commands for target `.c.o'
../../../configure.gsi:92: warning: ignoring old commands for target `.c.o'
ifort -c -O3 -fp-model precise -assume byterecl -fpe0 -ftz -integer-size 32 -real-size 64  aea.f
ifort -c -O3 -fp-model precise -assume byterecl -fpe0 -ftz -integer-size 32 -real-size 64  args_mod.f
ifort -c -O3 -fp-model precise -assume byterecl -fpe0 -ftz -integer-size 32 -real-size 64  errexit.f
ifort -c -O3 -fp-model precise -assume byterecl -fpe0 -ftz -integer-size 32 -real-size 64  errmsg.f
ifort -c -O3 -fp-model precise -assume byterecl -fpe0 -ftz -integer-size 32 -real-size 64  fparsei.f
ifort -c -O3 -fp-model precise -assume byterecl -fpe0 -ftz -integer-size 32 -real-size 64  fparser.f
ifort -c -O3 -fp-model precise -assume byterecl -fpe0 -ftz -integer-size 32 -real-size 64  -module ../sigio gblevents.f
gblevents.f(2033): warning #6375: Because of COMMON, the alignment of object is inconsistent with its type   [RECALC_Q]
     $ QTOP_REJ,SATMQC,ADPUPA_VIRT,RECALC_Q,DOPREV
-----------------------------------^
gblevents.f(2033): warning #6375: Because of COMMON, the alignment of object is inconsistent with its type   [DOPREV]
     $ QTOP_REJ,SATMQC,ADPUPA_VIRT,RECALC_Q,DOPREV
--------------------------------------------^
gblevents.f(2373): remark #8290: Recommended relationship between field width 'W' and the number of fractional digits 'D' in this edit descriptor is 'W>=D+3'.
     $ ' LEVELS ',I3,' SCALARS -------> ',F4.2,' X ',F4.2,' VERT. ',
-------------------------------------------^
gblevents.f(2373): remark #8290: Recommended relationship between field width 'W' and the number of fractional digits 'D' in this edit descriptor is 'W>=D+3'.
     $ ' LEVELS ',I3,' SCALARS -------> ',F4.2,' X ',F4.2,' VERT. ',
------------------------------------------------------^
ifort -c -O3 -fp-model precise -assume byterecl -fpe0 -ftz -integer-size 32 -real-size 64  gbyte.f
ifort -c -O3 -fp-model precise -assume byterecl -fpe0 -ftz -integer-size 32 -real-size 64  gbytes.f
ifort -c -O3 -fp-model precise -assume byterecl -fpe0 -ftz -integer-size 32 -real-size 64  getbit.f
ifort -c -O3 -fp-model precise -assume byterecl -fpe0 -ftz -integer-size 32 -real-size 64  getgb.f
ifort -c -O3 -fp-model precise -assume byterecl -fpe0 -ftz -integer-size 32 -real-size 64  getgb1.f
ifort -c -O3 -fp-model precise -assume byterecl -fpe0 -ftz -integer-size 32 -real-size 64  getgb1r.f
ifort -c -O3 -fp-model precise -assume byterecl -fpe0 -ftz -integer-size 32 -real-size 64  getgb1re.f
ifort -c -O3 -fp-model precise -assume byterecl -fpe0 -ftz -integer-size 32 -real-size 64  getgb1s.f
ifort -c -O3 -fp-model precise -assume byterecl -fpe0 -ftz -integer-size 32 -real-size 64  getgbe.f
ifort -c -O3 -fp-model precise -assume byterecl -fpe0 -ftz -integer-size 32 -real-size 64  getgbeh.f
ifort -c -O3 -fp-model precise -assume byterecl -fpe0 -ftz -integer-size 32 -real-size 64  getgbem.f
ifort -c -O3 -fp-model precise -assume byterecl -fpe0 -ftz -integer-size 32 -real-size 64  getgbemh.f
ifort -c -O3 -fp-model precise -assume byterecl -fpe0 -ftz -integer-size 32 -real-size 64  getgbemn.f
ifort -c -O3 -fp-model precise -assume byterecl -fpe0 -ftz -integer-size 32 -real-size 64  getgbemp.f
ifort -c -O3 -fp-model precise -assume byterecl -fpe0 -ftz -integer-size 32 -real-size 64  getgbens.f
ifort -c -O3 -fp-model precise -assume byterecl -fpe0 -ftz -integer-size 32 -real-size 64  getgbep.f
ifort -c -O3 -fp-model precise -assume byterecl -fpe0 -ftz -integer-size 32 -real-size 64  getgbex.f
ifort -c -O3 -fp-model precise -assume byterecl -fpe0 -ftz -integer-size 32 -real-size 64  getgbexm.f
ifort -c -O3 -fp-model precise -assume byterecl -fpe0 -ftz -integer-size 32 -real-size 64  getgbh.f
ifort -c -O3 -fp-model precise -assume byterecl -fpe0 -ftz -integer-size 32 -real-size 64  getgbm.f
ifort -c -O3 -fp-model precise -assume byterecl -fpe0 -ftz -integer-size 32 -real-size 64  getgbmh.f
ifort -c -O3 -fp-model precise -assume byterecl -fpe0 -ftz -integer-size 32 -real-size 64  getgbmp.f
ifort -c -O3 -fp-model precise -assume byterecl -fpe0 -ftz -integer-size 32 -real-size 64  getgbp.f
ifort -c -O3 -fp-model precise -assume byterecl -fpe0 -ftz -integer-size 32 -real-size 64  getgi.f
ifort -c -O3 -fp-model precise -assume byterecl -fpe0 -ftz -integer-size 32 -real-size 64  getgir.f
ifort -c -O3 -fp-model precise -assume byterecl -fpe0 -ftz -integer-size 32 -real-size 64  gtbits.f
ifort -c -O3 -fp-model precise -assume byterecl -fpe0 -ftz -integer-size 32 -real-size 64  hostname.f
ifort -c -O3 -fp-model precise -assume byterecl -fpe0 -ftz -integer-size 32 -real-size 64  idsdef.f
ifort -c -O3 -fp-model precise -assume byterecl -fpe0 -ftz -integer-size 32 -real-size 64  instrument.f
ifort -c -O3 -fp-model precise -assume byterecl -fpe0 -ftz -integer-size 32 -real-size 64  isrchne.f
ifort -c -O3 -fp-model precise -assume byterecl -fpe0 -ftz -integer-size 32 -real-size 64  iw3jdn.f
ifort -c -O3 -fp-model precise -assume byterecl -fpe0 -ftz -integer-size 32 -real-size 64  iw3mat.f
ifort -c -O3 -fp-model precise -assume byterecl -fpe0 -ftz -integer-size 32 -real-size 64  iw3pds.f
ifort -c -O3 -fp-model precise -assume byterecl -fpe0 -ftz -integer-size 32 -real-size 64  iw3unp29.f
ifort -c -O3 -fp-model precise -assume byterecl -fpe0 -ftz -integer-size 32 -real-size 64  ixgb.f
ifort -c -O3 -fp-model precise -assume byterecl -fpe0 -ftz -integer-size 32 -real-size 64  lengds.f
ifort -c -O3 -fp-model precise -assume byterecl -fpe0 -ftz -integer-size 32 -real-size 64  makwmo.f
ifort -c -O3 -fp-model precise -assume byterecl -fpe0 -ftz -integer-size 32 -real-size 64  mersenne_twister.f
ifort -c -O3 -fp-model precise -assume byterecl -fpe0 -ftz -integer-size 32 -real-size 64  mkfldsep.f
ifort -c -O3 -fp-model precise -assume byterecl -fpe0 -ftz -integer-size 32 -real-size 64  orders.f
ifort -c -O3 -fp-model precise -assume byterecl -fpe0 -ftz -integer-size 32 -real-size 64  pdsens.f
ifort -c -O3 -fp-model precise -assume byterecl -fpe0 -ftz -integer-size 32 -real-size 64  pdseup.f
ifort -c -O3 -fp-model precise -assume byterecl -fpe0 -ftz -integer-size 32 -real-size 64  putgb.f
ifort -c -O3 -fp-model precise -assume byterecl -fpe0 -ftz -integer-size 32 -real-size 64  putgbe.f
ifort -c -O3 -fp-model precise -assume byterecl -fpe0 -ftz -integer-size 32 -real-size 64  putgben.f
ifort -c -O3 -fp-model precise -assume byterecl -fpe0 -ftz -integer-size 32 -real-size 64  putgbens.f
ifort -c -O3 -fp-model precise -assume byterecl -fpe0 -ftz -integer-size 32 -real-size 64  putgbex.f
ifort -c -O3 -fp-model precise -assume byterecl -fpe0 -ftz -integer-size 32 -real-size 64  putgbn.f
ifort -c -O3 -fp-model precise -assume byterecl -fpe0 -ftz -integer-size 32 -real-size 64  q9ie32.f
ifort -c -O3 -fp-model precise -assume byterecl -fpe0 -ftz -integer-size 32 -real-size 64  r63w72.f
ifort -c -O3 -fp-model precise -assume byterecl -fpe0 -ftz -integer-size 32 -real-size 64  sbyte.f
ifort -c -O3 -fp-model precise -assume byterecl -fpe0 -ftz -integer-size 32 -real-size 64  sbytes.f
ifort -c -O3 -fp-model precise -assume byterecl -fpe0 -ftz -integer-size 32 -real-size 64  skgb.f
ifort -c -O3 -fp-model precise -assume byterecl -fpe0 -ftz -integer-size 32 -real-size 64  w3ai00.f
ifort -c -O3 -fp-model precise -assume byterecl -fpe0 -ftz -integer-size 32 -real-size 64  w3ai01.f
ifort -c -O3 -fp-model precise -assume byterecl -fpe0 -ftz -integer-size 32 -real-size 64  w3ai08.f
ifort -c -O3 -fp-model precise -assume byterecl -fpe0 -ftz -integer-size 32 -real-size 64  w3ai18.f
ifort -c -O3 -fp-model precise -assume byterecl -fpe0 -ftz -integer-size 32 -real-size 64  w3ai19.f
ifort -c -O3 -fp-model precise -assume byterecl -fpe0 -ftz -integer-size 32 -real-size 64  w3ai24.f
ifort -c -O3 -fp-model precise -assume byterecl -fpe0 -ftz -integer-size 32 -real-size 64  w3ai38.f
ifort -c -O3 -fp-model precise -assume byterecl -fpe0 -ftz -integer-size 32 -real-size 64  w3ai39.f
ifort -c -O3 -fp-model precise -assume byterecl -fpe0 -ftz -integer-size 32 -real-size 64  w3ai40.f
ifort -c -O3 -fp-model precise -assume byterecl -fpe0 -ftz -integer-size 32 -real-size 64  w3ai41.f
ifort -c -O3 -fp-model precise -assume byterecl -fpe0 -ftz -integer-size 32 -real-size 64  w3aq15.f
ifort -c -O3 -fp-model precise -assume byterecl -fpe0 -ftz -integer-size 32 -real-size 64  w3as00.f
ifort -c -O3 -fp-model precise -assume byterecl -fpe0 -ftz -integer-size 32 -real-size 64  w3ctzdat.f
ifort -c -O3 -fp-model precise -assume byterecl -fpe0 -ftz -integer-size 32 -real-size 64  w3difdat.f
ifort -c -O3 -fp-model precise -assume byterecl -fpe0 -ftz -integer-size 32 -real-size 64  w3doxdat.f
ifort -c -O3 -fp-model precise -assume byterecl -fpe0 -ftz -integer-size 32 -real-size 64  w3fa01.f
ifort -c -O3 -fp-model precise -assume byterecl -fpe0 -ftz -integer-size 32 -real-size 64  w3fa03.f
ifort -c -O3 -fp-model precise -assume byterecl -fpe0 -ftz -integer-size 32 -real-size 64  w3fa03v.f
ifort -c -O3 -fp-model precise -assume byterecl -fpe0 -ftz -integer-size 32 -real-size 64  w3fa04.f
ifort -c -O3 -fp-model precise -assume byterecl -fpe0 -ftz -integer-size 32 -real-size 64  w3fa06.f
ifort -c -O3 -fp-model precise -assume byterecl -fpe0 -ftz -integer-size 32 -real-size 64  w3fa09.f
ifort -c -O3 -fp-model precise -assume byterecl -fpe0 -ftz -integer-size 32 -real-size 64  w3fa11.f
ifort -c -O3 -fp-model precise -assume byterecl -fpe0 -ftz -integer-size 32 -real-size 64  w3fa12.f
ifort -c -O3 -fp-model precise -assume byterecl -fpe0 -ftz -integer-size 32 -real-size 64  w3fa13.f
ifort -c -O3 -fp-model precise -assume byterecl -fpe0 -ftz -integer-size 32 -real-size 64  w3fb00.f
ifort -c -O3 -fp-model precise -assume byterecl -fpe0 -ftz -integer-size 32 -real-size 64  w3fb01.f
ifort -c -O3 -fp-model precise -assume byterecl -fpe0 -ftz -integer-size 32 -real-size 64  w3fb02.f
ifort -c -O3 -fp-model precise -assume byterecl -fpe0 -ftz -integer-size 32 -real-size 64  w3fb03.f
ifort -c -O3 -fp-model precise -assume byterecl -fpe0 -ftz -integer-size 32 -real-size 64  w3fb04.f
ifort -c -O3 -fp-model precise -assume byterecl -fpe0 -ftz -integer-size 32 -real-size 64  w3fb05.f
ifort -c -O3 -fp-model precise -assume byterecl -fpe0 -ftz -integer-size 32 -real-size 64  w3fb06.f
ifort -c -O3 -fp-model precise -assume byterecl -fpe0 -ftz -integer-size 32 -real-size 64  w3fb07.f
ifort -c -O3 -fp-model precise -assume byterecl -fpe0 -ftz -integer-size 32 -real-size 64  w3fb08.f
ifort -c -O3 -fp-model precise -assume byterecl -fpe0 -ftz -integer-size 32 -real-size 64  w3fb09.f
ifort -c -O3 -fp-model precise -assume byterecl -fpe0 -ftz -integer-size 32 -real-size 64  w3fb10.f
ifort -c -O3 -fp-model precise -assume byterecl -fpe0 -ftz -integer-size 32 -real-size 64  w3fb11.f
ifort -c -O3 -fp-model precise -assume byterecl -fpe0 -ftz -integer-size 32 -real-size 64  w3fb12.f
ifort -c -O3 -fp-model precise -assume byterecl -fpe0 -ftz -integer-size 32 -real-size 64  w3fc02.f
ifort -c -O3 -fp-model precise -assume byterecl -fpe0 -ftz -integer-size 32 -real-size 64  w3fc05.f
ifort -c -O3 -fp-model precise -assume byterecl -fpe0 -ftz -integer-size 32 -real-size 64  w3fc06.f
ifort -c -O3 -fp-model precise -assume byterecl -fpe0 -ftz -integer-size 32 -real-size 64  w3fc07.f
ifort -c -O3 -fp-model precise -assume byterecl -fpe0 -ftz -integer-size 32 -real-size 64  w3fc08.f
ifort -c -O3 -fp-model precise -assume byterecl -fpe0 -ftz -integer-size 32 -real-size 64  w3fi01.f
ifort -c -O3 -fp-model precise -assume byterecl -fpe0 -ftz -integer-size 32 -real-size 64  w3fi02.f
ifort -c -O3 -fp-model precise -assume byterecl -fpe0 -ftz -integer-size 32 -real-size 64  w3fi03.f
ifort -c -O3 -fp-model precise -assume byterecl -fpe0 -ftz -integer-size 32 -real-size 64  w3fi04.f
ifort -c -O3 -fp-model precise -assume byterecl -fpe0 -ftz -integer-size 32 -real-size 64  w3fi18.f
ifort -c -O3 -fp-model precise -assume byterecl -fpe0 -ftz -integer-size 32 -real-size 64  w3fi19.f
ifort -c -O3 -fp-model precise -assume byterecl -fpe0 -ftz -integer-size 32 -real-size 64  w3fi20.f
ifort -c -O3 -fp-model precise -assume byterecl -fpe0 -ftz -integer-size 32 -real-size 64  w3fi32.f
ifort -c -O3 -fp-model precise -assume byterecl -fpe0 -ftz -integer-size 32 -real-size 64  w3fi47.f
ifort -c -O3 -fp-model precise -assume byterecl -fpe0 -ftz -integer-size 32 -real-size 64  w3fi48.f
ifort -c -O3 -fp-model precise -assume byterecl -fpe0 -ftz -integer-size 32 -real-size 64  w3fi52.f
ifort -c -O3 -fp-model precise -assume byterecl -fpe0 -ftz -integer-size 32 -real-size 64  w3fi58.f
ifort -c -O3 -fp-model precise -assume byterecl -fpe0 -ftz -integer-size 32 -real-size 64  w3fi59.f
ifort -c -O3 -fp-model precise -assume byterecl -fpe0 -ftz -integer-size 32 -real-size 64  w3fi61.f
ifort -c -O3 -fp-model precise -assume byterecl -fpe0 -ftz -integer-size 32 -real-size 64  w3fi62.f
ifort -c -O3 -fp-model precise -assume byterecl -fpe0 -ftz -integer-size 32 -real-size 64  w3fi63.f
ifort -c -O3 -fp-model precise -assume byterecl -fpe0 -ftz -integer-size 32 -real-size 64  w3fi64.f
w3fi64.f(711): remark #8290: Recommended relationship between field width 'W' and the number of fractional digits 'D' in this edit descriptor is 'W>=D+3'.
   21 FORMAT(F2.0)
--------------^
w3fi64.f(709): remark #8290: Recommended relationship between field width 'W' and the number of fractional digits 'D' in this edit descriptor is 'W>=D+3'.
   11 FORMAT(F1.0)
--------------^
ifort -c -O3 -fp-model precise -assume byterecl -fpe0 -ftz -integer-size 32 -real-size 64  w3fi65.f
ifort -c -O3 -fp-model precise -assume byterecl -fpe0 -ftz -integer-size 32 -real-size 64  w3fi66.f
ifort -c -O3 -fp-model precise -assume byterecl -fpe0 -ftz -integer-size 32 -real-size 64  w3fi67.f
ifort -c -O3 -fp-model precise -assume byterecl -fpe0 -ftz -integer-size 32 -real-size 64  w3fi68.f
ifort -c -O3 -fp-model precise -assume byterecl -fpe0 -ftz -integer-size 32 -real-size 64  w3fi69.f
ifort -c -O3 -fp-model precise -assume byterecl -fpe0 -ftz -integer-size 32 -real-size 64  w3fi70.f
ifort -c -O3 -fp-model precise -assume byterecl -fpe0 -ftz -integer-size 32 -real-size 64  w3fi71.f
ifort -c -O3 -fp-model precise -assume byterecl -fpe0 -ftz -integer-size 32 -real-size 64  w3fi72.f
ifort -c -O3 -fp-model precise -assume byterecl -fpe0 -ftz -integer-size 32 -real-size 64  w3fi73.f
ifort -c -O3 -fp-model precise -assume byterecl -fpe0 -ftz -integer-size 32 -real-size 64  w3fi74.f
ifort -c -O3 -fp-model precise -assume byterecl -fpe0 -ftz -integer-size 32 -real-size 64  w3fi75.f
ifort -c -O3 -fp-model precise -assume byterecl -fpe0 -ftz -integer-size 32 -real-size 64  w3fi76.f
ifort -c -O3 -fp-model precise -assume byterecl -fpe0 -ftz -integer-size 32 -real-size 64  w3fi78.f
ifort -c -O3 -fp-model precise -assume byterecl -fpe0 -ftz -integer-size 32 -real-size 64  w3fi82.f
ifort -c -O3 -fp-model precise -assume byterecl -fpe0 -ftz -integer-size 32 -real-size 64  w3fi83.f
ifort -c -O3 -fp-model precise -assume byterecl -fpe0 -ftz -integer-size 32 -real-size 64  w3fi85.f
ifort -c -O3 -fp-model precise -assume byterecl -fpe0 -ftz -integer-size 32 -real-size 64  w3fi88.f
ifort -c -O3 -fp-model precise -assume byterecl -fpe0 -ftz -integer-size 32 -real-size 64  w3fi92.f
ifort -c -O3 -fp-model precise -assume byterecl -fpe0 -ftz -integer-size 32 -real-size 64  w3fm07.f
ifort -c -O3 -fp-model precise -assume byterecl -fpe0 -ftz -integer-size 32 -real-size 64  w3fm08.f
ifort -c -O3 -fp-model precise -assume byterecl -fpe0 -ftz -integer-size 32 -real-size 64  w3fp04.f
ifort -c -O3 -fp-model precise -assume byterecl -fpe0 -ftz -integer-size 32 -real-size 64  w3fp05.f
ifort -c -O3 -fp-model precise -assume byterecl -fpe0 -ftz -integer-size 32 -real-size 64  w3fp06.f
ifort -c -O3 -fp-model precise -assume byterecl -fpe0 -ftz -integer-size 32 -real-size 64  w3fp10.f
ifort -c -O3 -fp-model precise -assume byterecl -fpe0 -ftz -integer-size 32 -real-size 64  w3fp11.f
w3fp11.f(682): remark #8290: Recommended relationship between field width 'W' and the number of fractional digits 'D' in this edit descriptor is 'W>=D+3'.
             WRITE (TITL(9:15),FMT='(F6.4)') ALEVEL
--------------------------------------^
ifort -c -O3 -fp-model precise -assume byterecl -fpe0 -ftz -integer-size 32 -real-size 64  w3fp12.f
ifort -c -O3 -fp-model precise -assume byterecl -fpe0 -ftz -integer-size 32 -real-size 64  w3fp13.f
ifort -c -O3 -fp-model precise -assume byterecl -fpe0 -ftz -integer-size 32 -real-size 64  w3fq07.f
ifort -c -O3 -fp-model precise -assume byterecl -fpe0 -ftz -integer-size 32 -real-size 64  w3fs13.f
ifort -c -O3 -fp-model precise -assume byterecl -fpe0 -ftz -integer-size 32 -real-size 64  w3fs15.f
ifort -c -O3 -fp-model precise -assume byterecl -fpe0 -ftz -integer-size 32 -real-size 64  w3fs21.f
ifort -c -O3 -fp-model precise -assume byterecl -fpe0 -ftz -integer-size 32 -real-size 64  w3fs26.f
ifort -c -O3 -fp-model precise -assume byterecl -fpe0 -ftz -integer-size 32 -real-size 64  w3ft00.f
ifort -c -O3 -fp-model precise -assume byterecl -fpe0 -ftz -integer-size 32 -real-size 64  w3ft01.f
ifort -c -O3 -fp-model precise -assume byterecl -fpe0 -ftz -integer-size 32 -real-size 64  w3ft02.f
ifort -c -O3 -fp-model precise -assume byterecl -fpe0 -ftz -integer-size 32 -real-size 64  w3ft03.f
ifort -c -O3 -fp-model precise -assume byterecl -fpe0 -ftz -integer-size 32 -real-size 64  w3ft05.f
ifort -c -O3 -fp-model precise -assume byterecl -fpe0 -ftz -integer-size 32 -real-size 64  w3ft05v.f
ifort -c -O3 -fp-model precise -assume byterecl -fpe0 -ftz -integer-size 32 -real-size 64  w3ft06.f
ifort -c -O3 -fp-model precise -assume byterecl -fpe0 -ftz -integer-size 32 -real-size 64  w3ft06v.f
ifort -c -O3 -fp-model precise -assume byterecl -fpe0 -ftz -integer-size 32 -real-size 64  w3ft07.f
ifort -c -O3 -fp-model precise -assume byterecl -fpe0 -ftz -integer-size 32 -real-size 64  w3ft08.f
ifort -c -O3 -fp-model precise -assume byterecl -fpe0 -ftz -integer-size 32 -real-size 64  w3ft09.f
ifort -c -O3 -fp-model precise -assume byterecl -fpe0 -ftz -integer-size 32 -real-size 64  w3ft10.f
ifort -c -O3 -fp-model precise -assume byterecl -fpe0 -ftz -integer-size 32 -real-size 64  w3ft11.f
ifort -c -O3 -fp-model precise -assume byterecl -fpe0 -ftz -integer-size 32 -real-size 64  w3ft12.f
ifort -c -O3 -fp-model precise -assume byterecl -fpe0 -ftz -integer-size 32 -real-size 64  w3ft16.f
ifort -c -O3 -fp-model precise -assume byterecl -fpe0 -ftz -integer-size 32 -real-size 64  w3ft17.f
ifort -c -O3 -fp-model precise -assume byterecl -fpe0 -ftz -integer-size 32 -real-size 64  w3ft201.f
ifort -c -O3 -fp-model precise -assume byterecl -fpe0 -ftz -integer-size 32 -real-size 64  w3ft202.f
ifort -c -O3 -fp-model precise -assume byterecl -fpe0 -ftz -integer-size 32 -real-size 64  w3ft203.f
ifort -c -O3 -fp-model precise -assume byterecl -fpe0 -ftz -integer-size 32 -real-size 64  w3ft204.f
ifort -c -O3 -fp-model precise -assume byterecl -fpe0 -ftz -integer-size 32 -real-size 64  w3ft205.f
ifort -c -O3 -fp-model precise -assume byterecl -fpe0 -ftz -integer-size 32 -real-size 64  w3ft206.f
ifort -c -O3 -fp-model precise -assume byterecl -fpe0 -ftz -integer-size 32 -real-size 64  w3ft207.f
ifort -c -O3 -fp-model precise -assume byterecl -fpe0 -ftz -integer-size 32 -real-size 64  w3ft208.f
ifort -c -O3 -fp-model precise -assume byterecl -fpe0 -ftz -integer-size 32 -real-size 64  w3ft209.f
ifort -c -O3 -fp-model precise -assume byterecl -fpe0 -ftz -integer-size 32 -real-size 64  w3ft21.f
ifort -c -O3 -fp-model precise -assume byterecl -fpe0 -ftz -integer-size 32 -real-size 64  w3ft210.f
ifort -c -O3 -fp-model precise -assume byterecl -fpe0 -ftz -integer-size 32 -real-size 64  w3ft211.f
ifort -c -O3 -fp-model precise -assume byterecl -fpe0 -ftz -integer-size 32 -real-size 64  w3ft212.f
ifort -c -O3 -fp-model precise -assume byterecl -fpe0 -ftz -integer-size 32 -real-size 64  w3ft213.f
ifort -c -O3 -fp-model precise -assume byterecl -fpe0 -ftz -integer-size 32 -real-size 64  w3ft214.f
ifort -c -O3 -fp-model precise -assume byterecl -fpe0 -ftz -integer-size 32 -real-size 64  w3ft26.f
ifort -c -O3 -fp-model precise -assume byterecl -fpe0 -ftz -integer-size 32 -real-size 64  w3ft32.f
ifort -c -O3 -fp-model precise -assume byterecl -fpe0 -ftz -integer-size 32 -real-size 64  w3ft33.f
ifort -c -O3 -fp-model precise -assume byterecl -fpe0 -ftz -integer-size 32 -real-size 64  w3ft38.f
ifort -c -O3 -fp-model precise -assume byterecl -fpe0 -ftz -integer-size 32 -real-size 64  w3ft39.f
ifort -c -O3 -fp-model precise -assume byterecl -fpe0 -ftz -integer-size 32 -real-size 64  w3ft40.f
ifort -c -O3 -fp-model precise -assume byterecl -fpe0 -ftz -integer-size 32 -real-size 64  w3ft41.f
ifort -c -O3 -fp-model precise -assume byterecl -fpe0 -ftz -integer-size 32 -real-size 64  w3ft43v.f
ifort -c -O3 -fp-model precise -assume byterecl -fpe0 -ftz -integer-size 32 -real-size 64  w3locdat.f
ifort -c -O3 -fp-model precise -assume byterecl -fpe0 -ftz -integer-size 32 -real-size 64  w3miscan.f
ifort -c -O3 -fp-model precise -assume byterecl -fpe0 -ftz -integer-size 32 -real-size 64  w3movdat.f
ifort -c -O3 -fp-model precise -assume byterecl -fpe0 -ftz -integer-size 32 -real-size 64  w3nogds.f
ifort -c -O3 -fp-model precise -assume byterecl -fpe0 -ftz -integer-size 32 -real-size 64  w3pradat.f
ifort -c -O3 -fp-model precise -assume byterecl -fpe0 -ftz -integer-size 32 -real-size 64  w3prrdat.f
w3prrdat.f(57): remark #8291: Recommended relationship between field width 'W' and the number of fractional digits 'D' in this edit descriptor is 'W>=D+7'.
        write(ctmp(3+it),'(sp,g9.3,a1)') rinc2(it),c(it:it)
-------------------------------^
ifort -c -O3 -fp-model precise -assume byterecl -fpe0 -ftz -integer-size 32 -real-size 64  w3reddat.f
ifort -c -O3 -fp-model precise -assume byterecl -fpe0 -ftz -integer-size 32 -real-size 64  w3tagb.f
ifort -c -O3 -fp-model precise -assume byterecl -fpe0 -ftz -integer-size 32 -real-size 64  w3trnarg.f
ifort -c -O3 -fp-model precise -assume byterecl -fpe0 -ftz -integer-size 32 -real-size 64  w3unpk77.f
ifort -c -O3 -fp-model precise -assume byterecl -fpe0 -ftz -integer-size 32 -real-size 64  w3utcdat.f
ifort -c -O3 -fp-model precise -assume byterecl -fpe0 -ftz -integer-size 32 -real-size 64  w3valdat.f
ifort -c -O3 -fp-model precise -assume byterecl -fpe0 -ftz -integer-size 32 -real-size 64  w3ymdh4.f
ifort -c -O3 -fp-model precise -assume byterecl -fpe0 -ftz -integer-size 32 -real-size 64  xdopen.f
ifort -c -O3 -fp-model precise -assume byterecl -fpe0 -ftz -integer-size 32 -real-size 64  xmovex.f
ifort -c -O3 -fp-model precise -assume byterecl -fpe0 -ftz -integer-size 32 -real-size 64  xstore.f
gcc -c -O0 -DLINUX -DUNDERSCORE dbn_alert.c
gcc -c -O0 -DLINUX -DUNDERSCORE mova2i.c
gcc -c -O0 -DLINUX -DUNDERSCORE summary.c
ifort -c -integer-size 64 -real-size 64 -O3 -fp-model precise -assume byterecl -fpe0 -ftz w3ai15.f
ar  -ruv ../../../lib/libw3_i4r8.a aea.o args_mod.o errexit.o errmsg.o fparsei.o fparser.o gblevents.o gbyte.o gbytes.o getbit.o getgb.o getgb1.o getgb1r.o getgb1re.o getgb1s.o getgbe.o getgbeh.o getgbem.o getgbemh.o getgbemn.o getgbemp.o getgbens.o getgbep.o getgbex.o getgbexm.o getgbh.o getgbm.o getgbmh.o getgbmp.o getgbp.o getgi.o getgir.o gtbits.o hostname.o idsdef.o instrument.o isrchne.o iw3jdn.o iw3mat.o iw3pds.o iw3unp29.o ixgb.o lengds.o makwmo.o mersenne_twister.o mkfldsep.o orders.o pdsens.o pdseup.o putgb.o putgbe.o putgben.o putgbens.o putgbex.o putgbn.o q9ie32.o r63w72.o sbyte.o sbytes.o skgb.o w3ai00.o w3ai01.o w3ai08.o  w3ai18.o w3ai19.o w3ai24.o w3ai38.o w3ai39.o w3ai40.o w3ai41.o w3aq15.o w3as00.o w3ctzdat.o w3difdat.o w3doxdat.o w3fa01.o w3fa03.o w3fa03v.o w3fa04.o w3fa06.o w3fa09.o w3fa11.o w3fa12.o w3fa13.o w3fb00.o w3fb01.o w3fb02.o w3fb03.o w3fb04.o w3fb05.o w3fb06.o w3fb07.o w3fb08.o w3fb09.o w3fb10.o w3fb11.o w3fb12.o w3fc02.o w3fc05.o w3fc06.o w3fc07.o w3fc08.o w3fi01.o w3fi02.o w3fi03.o w3fi04.o w3fi18.o w3fi19.o w3fi20.o w3fi32.o w3fi47.o w3fi48.o w3fi52.o w3fi58.o w3fi59.o w3fi61.o w3fi62.o w3fi63.o w3fi64.o w3fi65.o w3fi66.o w3fi67.o w3fi68.o w3fi69.o w3fi70.o w3fi71.o w3fi72.o w3fi73.o w3fi74.o w3fi75.o w3fi76.o w3fi78.o w3fi82.o w3fi83.o w3fi85.o w3fi88.o w3fi92.o w3fm07.o w3fm08.o w3fp04.o w3fp05.o w3fp06.o w3fp10.o w3fp11.o w3fp12.o w3fp13.o w3fq07.o w3fs13.o w3fs15.o w3fs21.o w3fs26.o w3ft00.o w3ft01.o w3ft02.o w3ft03.o w3ft05.o w3ft05v.o w3ft06.o w3ft06v.o w3ft07.o w3ft08.o w3ft09.o w3ft10.o w3ft11.o w3ft12.o w3ft16.o w3ft17.o w3ft201.o w3ft202.o w3ft203.o w3ft204.o w3ft205.o w3ft206.o w3ft207.o w3ft208.o w3ft209.o w3ft21.o w3ft210.o w3ft211.o w3ft212.o w3ft213.o w3ft214.o w3ft26.o w3ft32.o w3ft33.o w3ft38.o w3ft39.o w3ft40.o w3ft41.o w3ft43v.o w3locdat.o w3miscan.o w3movdat.o w3nogds.o w3pradat.o w3prrdat.o w3reddat.o w3tagb.o w3trnarg.o w3unpk77.o w3utcdat.o w3valdat.o w3ymdh4.o xdopen.o xmovex.o xstore.o dbn_alert.o mova2i.o summary.o w3ai15.o
ar: creating ../../../lib/libw3_i4r8.a
a - aea.o
a - args_mod.o
a - errexit.o
a - errmsg.o
a - fparsei.o
a - fparser.o
a - gblevents.o
a - gbyte.o
a - gbytes.o
a - getbit.o
a - getgb.o
a - getgb1.o
a - getgb1r.o
a - getgb1re.o
a - getgb1s.o
a - getgbe.o
a - getgbeh.o
a - getgbem.o
a - getgbemh.o
a - getgbemn.o
a - getgbemp.o
a - getgbens.o
a - getgbep.o
a - getgbex.o
a - getgbexm.o
a - getgbh.o
a - getgbm.o
a - getgbmh.o
a - getgbmp.o
a - getgbp.o
a - getgi.o
a - getgir.o
a - gtbits.o
a - hostname.o
a - idsdef.o
a - instrument.o
a - isrchne.o
a - iw3jdn.o
a - iw3mat.o
a - iw3pds.o
a - iw3unp29.o
a - ixgb.o
a - lengds.o
a - makwmo.o
a - mersenne_twister.o
a - mkfldsep.o
a - orders.o
a - pdsens.o
a - pdseup.o
a - putgb.o
a - putgbe.o
a - putgben.o
a - putgbens.o
a - putgbex.o
a - putgbn.o
a - q9ie32.o
a - r63w72.o
a - sbyte.o
a - sbytes.o
a - skgb.o
a - w3ai00.o
a - w3ai01.o
a - w3ai08.o
a - w3ai18.o
a - w3ai19.o
a - w3ai24.o
a - w3ai38.o
a - w3ai39.o
a - w3ai40.o
a - w3ai41.o
a - w3aq15.o
a - w3as00.o
a - w3ctzdat.o
a - w3difdat.o
a - w3doxdat.o
a - w3fa01.o
a - w3fa03.o
a - w3fa03v.o
a - w3fa04.o
a - w3fa06.o
a - w3fa09.o
a - w3fa11.o
a - w3fa12.o
a - w3fa13.o
a - w3fb00.o
a - w3fb01.o
a - w3fb02.o
a - w3fb03.o
a - w3fb04.o
a - w3fb05.o
a - w3fb06.o
a - w3fb07.o
a - w3fb08.o
a - w3fb09.o
a - w3fb10.o
a - w3fb11.o
a - w3fb12.o
a - w3fc02.o
a - w3fc05.o
a - w3fc06.o
a - w3fc07.o
a - w3fc08.o
a - w3fi01.o
a - w3fi02.o
a - w3fi03.o
a - w3fi04.o
a - w3fi18.o
a - w3fi19.o
a - w3fi20.o
a - w3fi32.o
a - w3fi47.o
a - w3fi48.o
a - w3fi52.o
a - w3fi58.o
a - w3fi59.o
a - w3fi61.o
a - w3fi62.o
a - w3fi63.o
a - w3fi64.o
a - w3fi65.o
a - w3fi66.o
a - w3fi67.o
a - w3fi68.o
a - w3fi69.o
a - w3fi70.o
a - w3fi71.o
a - w3fi72.o
a - w3fi73.o
a - w3fi74.o
a - w3fi75.o
a - w3fi76.o
a - w3fi78.o
a - w3fi82.o
a - w3fi83.o
a - w3fi85.o
a - w3fi88.o
a - w3fi92.o
a - w3fm07.o
a - w3fm08.o
a - w3fp04.o
a - w3fp05.o
a - w3fp06.o
a - w3fp10.o
a - w3fp11.o
a - w3fp12.o
a - w3fp13.o
a - w3fq07.o
a - w3fs13.o
a - w3fs15.o
a - w3fs21.o
a - w3fs26.o
a - w3ft00.o
a - w3ft01.o
a - w3ft02.o
a - w3ft03.o
a - w3ft05.o
a - w3ft05v.o
a - w3ft06.o
a - w3ft06v.o
a - w3ft07.o
a - w3ft08.o
a - w3ft09.o
a - w3ft10.o
a - w3ft11.o
a - w3ft12.o
a - w3ft16.o
a - w3ft17.o
a - w3ft201.o
a - w3ft202.o
a - w3ft203.o
a - w3ft204.o
a - w3ft205.o
a - w3ft206.o
a - w3ft207.o
a - w3ft208.o
a - w3ft209.o
a - w3ft21.o
a - w3ft210.o
a - w3ft211.o
a - w3ft212.o
a - w3ft213.o
a - w3ft214.o
a - w3ft26.o
a - w3ft32.o
a - w3ft33.o
a - w3ft38.o
a - w3ft39.o
a - w3ft40.o
a - w3ft41.o
a - w3ft43v.o
a - w3locdat.o
a - w3miscan.o
a - w3movdat.o
a - w3nogds.o
a - w3pradat.o
a - w3prrdat.o
a - w3reddat.o
a - w3tagb.o
a - w3trnarg.o
a - w3unpk77.o
a - w3utcdat.o
a - w3valdat.o
a - w3ymdh4.o
a - xdopen.o
a - xmovex.o
a - xstore.o
a - dbn_alert.o
a - mova2i.o
a - summary.o
a - w3ai15.o
