------------------------------------------------------------------------
r5140 | Michael.Lueken@noaa.gov | 2009-10-05 06:08:14 -0600 (Mon, 05 Oct 2009) | 2 lines

Trunk: Incorporated M Lueken's changes (r5056:5139) to the trunk.  These changes are to the regression test scripts only and include adding machine="vapor" to regression_var.sh to allow Vapor users to uncomment a line in the regression_var.sh to have the path to the observation files on Vapor.  Also, removed group, class, and account_no from each separate regression test loadleveler block and placed at the begging of each script.  This will allow users to costumize regression test runs and only need to change these commands once per script.

------------------------------------------------------------------------
r5049 | john.derber@noaa.gov | 2009-09-24 06:52:31 -0600 (Thu, 24 Sep 2009) | 4 lines

Trunk:  Enable parallel read for AVHRR and GOES_IMG.  Also fix 2 small bugs in setuprad and control2model



------------------------------------------------------------------------
r5007 | Michael.Lueken@noaa.gov | 2009-09-18 13:29:24 -0600 (Fri, 18 Sep 2009) | 2 lines

Trunk: Incorporate R Treadon r4848:5006 to the trunk.  These changes are to correct issues found in the GSI run time output.  setuppcp.f90 was modified so that it sets varinv to zero if iusep < 1.  read_airs.f90 was modified by moving nread counter to before the surface file based QC.

------------------------------------------------------------------------
r5005 | Michael.Lueken@noaa.gov | 2009-09-18 12:47:18 -0600 (Fri, 18 Sep 2009) | 2 lines

Trunk: Incorporated M Pondeca's r4790:5003 change to the trunk.  This change corrected a logical variable that was being defined in the first read of the prepbufr file, rtaher than the second read.

------------------------------------------------------------------------
r4916 | Michael.Lueken@noaa.gov | 2009-09-15 11:25:48 -0600 (Tue, 15 Sep 2009) | 2 lines

Trunk: Incorporate changes from R Treadon r4898:4912 to the trunk.  This change has updated the fix files to the fall GFS/GSI package and removed mention of wx20rt in the run scripts.  Users will need to rerun their controls before running regression tests using this revision, since the fix file change leads to different results for both global and regional applications (any configuration assimilating radiances).

------------------------------------------------------------------------
r4886 | john.derber@noaa.gov | 2009-09-10 11:48:43 -0600 (Thu, 10 Sep 2009) | 5 lines

Trunk:  Fix bugs in calls to various routines.  Passed regression test for all
codes except nmmb where benchmark failed (update worked).



------------------------------------------------------------------------
r4867 | john.derber@noaa.gov | 2009-09-09 08:57:38 -0600 (Wed, 09 Sep 2009) | 3 lines

Trunk: Incorporate changes from R Treadon r4856:4866 to fix bug with zero length bufr file and fix CRTM printout from setuprad and read routines


------------------------------------------------------------------------
r4855 | john.derber@noaa.gov | 2009-09-08 08:29:08 -0600 (Tue, 08 Sep 2009) | 3 lines

Trunk: Incorporate Dave Parrish's NNMB north-pole fix (4852) into trunk.


------------------------------------------------------------------------
r4846 | Michael.Lueken@noaa.gov | 2009-09-04 12:30:51 -0600 (Fri, 04 Sep 2009) | 3 lines

Trunk: merged mlueken branch r4241:4843 to trunk.
Also, made some last minute changes to scripts/regression_RTMA_nc.sh.

------------------------------------------------------------------------
r4836 | Michael.Lueken@noaa.gov | 2009-09-03 11:19:13 -0600 (Thu, 03 Sep 2009) | 2 lines

Trunk: merged dparrish2 branch r4669:4835 to trunk

------------------------------------------------------------------------
r4808 | Michael.Lueken@noaa.gov | 2009-09-02 11:36:15 -0600 (Wed, 02 Sep 2009) | 2 lines

Trunk: merged mpondeca2 branch r4782:4803 to trunk.  Removed old RTMA fix files and updated regression_RTMA.sh and regression_RTMA_nc.sh.

------------------------------------------------------------------------
r4777 | Michael.Lueken@noaa.gov | 2009-08-28 13:13:31 -0600 (Fri, 28 Aug 2009) | 2 lines

Trunk: added missing bacio library routines from dparrish branch to remove the dependency for a specific version of bacio library

------------------------------------------------------------------------
r4770 | john.derber@noaa.gov | 2009-08-28 08:19:50 -0600 (Fri, 28 Aug 2009) | 9 lines

Trunk: Enables ability to turn off bias correction channel by channel.
   iuse_rad() = 2 angle bias correction only
   iuse_rad() = 3 airmass bias correction only
   iuse_rad() = 4 no bias correction

Also ensures that all processors are used an equal number of times in read_obs



------------------------------------------------------------------------
r4760 | Michael.Lueken@noaa.gov | 2009-08-27 10:33:33 -0600 (Thu, 27 Aug 2009) | 2 lines

Trunk: changed location of util directory for test*sh and one*sh run scripts from /global/save/wx20rt/gsi_anl to/gloabl/noscrub/wx20rt/gsi_anl

------------------------------------------------------------------------
r4746 | Michael.Lueken@noaa.gov | 2009-08-25 13:11:28 -0600 (Tue, 25 Aug 2009) | 2 lines

Trunk: merged dparrish2 brnach r4648:4669 to trunk

------------------------------------------------------------------------
r4663 | Michael.Lueken@noaa.gov | 2009-08-25 05:55:42 -0600 (Tue, 25 Aug 2009) | 2 lines

Trunk: merged rtreadon branch r4644:4662 to trunk

------------------------------------------------------------------------
r4639 | john.derber@noaa.gov | 2009-08-21 12:03:56 -0600 (Fri, 21 Aug 2009) | 3 lines

Trunk: Fix RARS read error (introduced in 4632) and allow for use of high res lat long when available


------------------------------------------------------------------------
r4632 | john.derber@noaa.gov | 2009-08-21 09:53:08 -0600 (Fri, 21 Aug 2009) | 3 lines

Trunk:  Modify read routines to optimize and remove error when using FOV code.  Two bugs also removed in read_amsre.  Results will change if using amsre data or FOV code.


------------------------------------------------------------------------
r4618 | Michael.Lueken@noaa.gov | 2009-08-20 11:47:29 -0600 (Thu, 20 Aug 2009) | 2 lines

Trunk: merged dparrish2 branch r4597:4614 to trunk

------------------------------------------------------------------------
r4564 | Michael.Lueken@noaa.gov | 2009-08-17 08:03:40 -0600 (Mon, 17 Aug 2009) | 2 lines

Trunk: merged rtreadon branch r4500:4563 to trunk

------------------------------------------------------------------------
r4380 | Michael.Lueken@noaa.gov | 2009-07-24 07:07:55 -0600 (Fri, 24 Jul 2009) | 2 lines

Trunk: merged hliu branch r4369:4373 to trunk

------------------------------------------------------------------------
r4362 | Michael.Lueken@noaa.gov | 2009-07-22 13:21:17 -0600 (Wed, 22 Jul 2009) | 2 lines

Trunk: merged rtreadon branch r4360:4361 to trunk

------------------------------------------------------------------------
r4359 | Michael.Lueken@noaa.gov | 2009-07-22 11:14:16 -0600 (Wed, 22 Jul 2009) | 2 lines

Trunk: merged dparrish2 branch r4334:4356 to trunk

------------------------------------------------------------------------
r4350 | Michael.Lueken@noaa.gov | 2009-07-21 06:09:03 -0600 (Tue, 21 Jul 2009) | 2 lines

Trunk: merged rtreadon branch r4331:4348 to trunk

------------------------------------------------------------------------
r4330 | Michael.Lueken@noaa.gov | 2009-07-17 12:58:35 -0600 (Fri, 17 Jul 2009) | 8 lines

Trunk: src/ directory
*setuprad.f90 - Made sun glint angle for amsre data consistent with read_amsre.f90

scripts/ directory
Removed namelist variables from each separate regression test script and 
placed them all in a new file: regression_namelists.sh.  Also, added back 
diagnostic printouts for all tests.

------------------------------------------------------------------------
r4307 | Michael.Lueken@noaa.gov | 2009-07-13 13:29:15 -0600 (Mon, 13 Jul 2009) | 2 lines

Trunk: merged rtreadon branch r4296:4306 to trunk

------------------------------------------------------------------------
r4289 | Michael.Lueken@noaa.gov | 2009-07-09 07:14:28 -0600 (Thu, 09 Jul 2009) | 3 lines

Trunk: merged lcucurull branch r4256:4262 to trunk.
Note that only the change in the src/ directory was added, not the change in the fix file at this time.

------------------------------------------------------------------------
r4281 | Michael.Lueken@noaa.gov | 2009-07-08 13:18:31 -0600 (Wed, 08 Jul 2009) | 2 lines

Trunk: merged dtk branch r4079:4279 to trunk

------------------------------------------------------------------------
r4263 | Michael.Lueken@noaa.gov | 2009-07-07 10:53:41 -0600 (Tue, 07 Jul 2009) | 2 lines

Trunk: Corrected a bug in pcgsoi.f90 that was causing the analysis to write out the result prematurely (after the first outer iteration rather than after the second).

------------------------------------------------------------------------
r4239 | Michael.Lueken@noaa.gov | 2009-07-02 10:07:19 -0600 (Thu, 02 Jul 2009) | 17 lines

Trunk: Added/Changed the following in src

      anisofilter.f90: Cleaned up RTMA print statements
      fgrid2agrid_mod.f90: Added !$omp parallel do, similar to original Q1FY10
      support_2dvar.f90: Deallocated variables which had been allocated

       Added/Changed the following in scripts

      Added several cleanup calls to aid in decluttering the scripts directory and /noscrub
      Setup a flag in regression_var.sh so that users only have to run the benchmark case once
       (output saved in /noscrub)
      Added scripts to run when flag is set to flase (do not run the control runs)
      Added more tests to compare results (siganl) between 1 node control with 1 node branch
       and compare results (siganl) between 1 node branch with 2 niode branch.
      Added print statements to let users know if any of the experiments fail
       (printed to benchmark)

------------------------------------------------------------------------
r4238 | Michael.Lueken@noaa.gov | 2009-07-02 09:53:20 -0600 (Thu, 02 Jul 2009) | 2 lines

Trunk: merged todling branch r4164:4180 to trunk

------------------------------------------------------------------------
r4236 | Michael.Lueken@noaa.gov | 2009-07-02 06:54:16 -0600 (Thu, 02 Jul 2009) | 2 lines

Trunk: merged rtreadon branch r4181:4230 to trunk

------------------------------------------------------------------------
r4175 | Michael.Lueken@noaa.gov | 2009-06-26 07:00:54 -0600 (Fri, 26 Jun 2009) | 2 lines

Trunk: Made a correction in read_l2bufr_mod.f90 to correctly use /=.

------------------------------------------------------------------------
r4174 | Michael.Lueken@noaa.gov | 2009-06-26 06:47:39 -0600 (Fri, 26 Jun 2009) | 2 lines

Trunk: Removed redundent makefile, leaving original Makefile.  In read_iasi.f90, read_l2bufr_mod.f90, read_bufrtovs.f90, read_ssmi.f90, read_amsre.f90, read_airs.f90, read_ssmis.f90, and read_goesndr.f90, changed XL fortran extension <> to /= to allow for code portability.  Removed extra subroutines tstvp2uv_reg.f90 and stvp2uv_reg.f90, they are no longer used, only psichi2uv_reg.f90 ad psichi2uvt_reg.f90 are used now.

------------------------------------------------------------------------
r4080 | Michael.Lueken@noaa.gov | 2009-06-15 09:30:07 -0600 (Mon, 15 Jun 2009) | 2 lines

Trunk: merged dtk branch r3970:4079 to trunk

------------------------------------------------------------------------
r3996 | Michael.Lueken@noaa.gov | 2009-06-11 13:26:28 -0600 (Thu, 11 Jun 2009) | 2 lines

Trunk: removed unnecessary write statement.

------------------------------------------------------------------------
r3980 | john.derber@noaa.gov | 2009-06-11 09:30:01 -0600 (Thu, 11 Jun 2009) | 3 lines

Trunk:  Remove unnecessary write statement.  Sorry.


------------------------------------------------------------------------
r3978 | john.derber@noaa.gov | 2009-06-11 09:13:34 -0600 (Thu, 11 Jun 2009) | 2 lines

TRUNK: Fix bug causing nmm test failures.

------------------------------------------------------------------------
r3964 | john.derber@noaa.gov | 2009-06-09 11:54:57 -0600 (Tue, 09 Jun 2009) | 2 lines

Trunk:  Additional bugfix for wrf mass binary i/o

------------------------------------------------------------------------
r3962 | john.derber@noaa.gov | 2009-06-09 10:43:47 -0600 (Tue, 09 Jun 2009) | 2 lines

Trunk:  Fixed bug making wrf mass binary not reproducible.  Also fixed I/O of guess field for wrf mass binary.  Add 1/60. in constant file and use in read routines.  This change results in round-off differences.  Modify code to write results only in last outer iteration (it was writing results every outer iteration).

------------------------------------------------------------------------
r3960 | Michael.Lueken@noaa.gov | 2009-06-09 09:31:42 -0600 (Tue, 09 Jun 2009) | 2 lines

TRUNK: Fixed a bug in psichi2uv_reg.f90 and psichi2uvt_reg.f90 that would cause regional cases to fail when the namelist parameter, jcstrong, was set to true.  This fix doesn't change results, memory, or runtime, just required to use jcstrong in regional runs.

------------------------------------------------------------------------
r3953 | Michael.Lueken@noaa.gov | 2009-06-08 09:11:35 -0600 (Mon, 08 Jun 2009) | 2 lines

TRUNK: merged r3950:3951 from dparrish branch into trunk

------------------------------------------------------------------------
r3945 | Michael.Lueken@noaa.gov | 2009-06-05 13:11:06 -0600 (Fri, 05 Jun 2009) | 2 lines

TRUNK: In scripts/, removed GSI run scripts which won't work with merged code.  Further, added path to fix/ directory in versioned hierarchy for regression tests.  This addition will require users to change an additional line in regression_var.sh.

------------------------------------------------------------------------
r3940 | Michael.Lueken@noaa.gov | 2009-06-05 07:18:47 -0600 (Fri, 05 Jun 2009) | 2 lines

TRUNK: Added bufrtab.012 to fix/ directory for SST retrievals

------------------------------------------------------------------------
r3939 | Michael.Lueken@noaa.gov | 2009-06-05 07:13:03 -0600 (Fri, 05 Jun 2009) | 2 lines

TRUNK: Debugged scripts and updated fix files, specifically those used in regression tests

------------------------------------------------------------------------
r3926 | Michael.Lueken@noaa.gov | 2009-06-04 06:28:28 -0600 (Thu, 04 Jun 2009) | 2 lines

TRUNK: Added regression test scripts to the /scripts directory

------------------------------------------------------------------------
r3907 | john.derber@noaa.gov | 2009-06-02 11:56:52 -0600 (Tue, 02 Jun 2009) | 6 lines

TRUNK:  This change improve the roundoff characteristics of the background term in the
stepsize calculation.  The change was required to get the testing routines to finish
properly.  There are significant round off changes to the solution and takes slightly
more cpu.  The memory is not impacted. Tested using global system, but should apply in all cases.


------------------------------------------------------------------------
r3897 | russ.treadon@noaa.gov | 2009-05-29 11:18:03 -0600 (Fri, 29 May 2009) | 2 lines

Merge GLOBAL branch r3884:3896 to trunk

------------------------------------------------------------------------
r3884 | russ.treadon@noaa.gov | 2009-05-28 12:41:17 -0600 (Thu, 28 May 2009) | 2 lines

Merge GLOBAL branch r3868:3882 to trunk

------------------------------------------------------------------------
r3863 | Michael.Lueken@noaa.gov | 2009-05-26 07:58:24 -0600 (Tue, 26 May 2009) | 2 lines

Merge REGIONAL branch r3789:3862 to trunk

------------------------------------------------------------------------
r3807 | john.derber@noaa.gov | 2009-05-15 11:07:49 -0600 (Fri, 15 May 2009) | 2 lines

Merge GLOBAL branch r3805:3806 to trunk

------------------------------------------------------------------------
r3784 | john.derber@noaa.gov | 2009-05-14 11:57:59 -0600 (Thu, 14 May 2009) | 2 lines

Rearranging trunk/branch directorys

------------------------------------------------------------------------
r3782 | Michael.Lueken@noaa.gov | 2009-05-13 09:41:19 -0600 (Wed, 13 May 2009) | 4 lines

sst

Added code from trunk source (src) to SST branch

------------------------------------------------------------------------
r3781 | Michael.Lueken@noaa.gov | 2009-05-13 09:39:36 -0600 (Wed, 13 May 2009) | 4 lines

rtma

Added code from trunk source (src) to RTMA branch

------------------------------------------------------------------------
r3780 | Michael.Lueken@noaa.gov | 2009-05-13 09:37:59 -0600 (Wed, 13 May 2009) | 4 lines

regional

Added code from trunk source (src) to Regional branch

------------------------------------------------------------------------
r3779 | Michael.Lueken@noaa.gov | 2009-05-13 09:36:17 -0600 (Wed, 13 May 2009) | 4 lines

jcsda

Added code from trunk source (src) to JCSDA branch

------------------------------------------------------------------------
r3778 | Michael.Lueken@noaa.gov | 2009-05-13 09:34:41 -0600 (Wed, 13 May 2009) | 4 lines

hurricane

Added code from trunk source (src) to Hurricane branch

------------------------------------------------------------------------
r3777 | Michael.Lueken@noaa.gov | 2009-05-13 09:32:52 -0600 (Wed, 13 May 2009) | 4 lines

gmao

Added code from trunk source (src) to GMAO branch

------------------------------------------------------------------------
r3776 | Michael.Lueken@noaa.gov | 2009-05-13 09:31:16 -0600 (Wed, 13 May 2009) | 4 lines

global

Added code from trunk source (src) to Global branch

------------------------------------------------------------------------
r3775 | Michael.Lueken@noaa.gov | 2009-05-13 09:29:17 -0600 (Wed, 13 May 2009) | 4 lines

boulder

Added code from trunk source (src) to Boulder branch

------------------------------------------------------------------------
r3774 | Michael.Lueken@noaa.gov | 2009-05-13 09:02:41 -0600 (Wed, 13 May 2009) | 4 lines

aqao

Added code from trunk source (src) to Air Quality and Ozone branch

------------------------------------------------------------------------
r3772 | Michael.Lueken@noaa.gov | 2009-05-13 07:58:10 -0600 (Wed, 13 May 2009) | 4 lines

src

*mytrace.H:deleted

------------------------------------------------------------------------
r3764 | Michael.Lueken@noaa.gov | 2009-05-12 08:53:59 -0600 (Tue, 12 May 2009) | 3 lines

Removed extra copy of source code.
Source code found in src/ is to be used.

------------------------------------------------------------------------
r3763 | Michael.Lueken@noaa.gov | 2009-05-12 08:52:42 -0600 (Tue, 12 May 2009) | 8 lines

src

*makefile = added
*GNUmakefile = likewise
*mytrace.H = likewise
*blockIO.c = likewise
*AnIntro = deleted

------------------------------------------------------------------------
r3762 | Michael.Lueken@noaa.gov | 2009-05-12 07:09:59 -0600 (Tue, 12 May 2009) | 4 lines

Finished removing extra files:

bkgvar.save and test3.save

------------------------------------------------------------------------
r3761 | Michael.Lueken@noaa.gov | 2009-05-12 07:08:50 -0600 (Tue, 12 May 2009) | 5 lines

Added special src directory for trunk management

Note: this will be the version that will be updated
and merged to the branches, when the time comes.

------------------------------------------------------------------------
r3760 | Michael.Lueken@noaa.gov | 2009-05-12 07:01:28 -0600 (Tue, 12 May 2009) | 4 lines

Created new directory for gsi run scripts:

scripts/

------------------------------------------------------------------------
r3759 | Michael.Lueken@noaa.gov | 2009-05-12 06:50:24 -0600 (Tue, 12 May 2009) | 6 lines

Removed the following extraneous files:

temp,linbal.f90,getprs.new,get_derivatives2.save,
tpause.new,out,out2,getuv.save,obs_para.save,genstats_gps.new,
getprs.save,dx,setupref.new, and bkgvar_rewgt.new

------------------------------------------------------------------------
r3758 | Michael.Lueken@noaa.gov | 2009-05-11 13:36:32 -0600 (Mon, 11 May 2009) | 6 lines

RTMA bug fixes:

* compute_derived.f90 - added if statements
  to remove qvar3d calculation for RTMA
* anisofilter.f90 - removed miscellanious if statements

------------------------------------------------------------------------
r3756 | root | 2009-05-11 12:35:33 -0600 (Mon, 11 May 2009) | 1 line

GSI Global
------------------------------------------------------------------------
r3755 | root | 2009-05-11 12:35:26 -0600 (Mon, 11 May 2009) | 1 line

GSI Global
------------------------------------------------------------------------
r3754 | root | 2009-05-11 12:35:12 -0600 (Mon, 11 May 2009) | 1 line

GSI Boulder
------------------------------------------------------------------------
r3753 | root | 2009-05-11 12:35:01 -0600 (Mon, 11 May 2009) | 1 line

GSI JCSDA
------------------------------------------------------------------------
r3752 | root | 2009-05-11 12:34:50 -0600 (Mon, 11 May 2009) | 1 line

GSI GMAO
------------------------------------------------------------------------
r3751 | root | 2009-05-11 12:34:34 -0600 (Mon, 11 May 2009) | 1 line

GSI Air Quality and Ozone
------------------------------------------------------------------------
r3750 | root | 2009-05-11 12:34:16 -0600 (Mon, 11 May 2009) | 1 line

GSI SST
------------------------------------------------------------------------
r3749 | root | 2009-05-11 12:34:08 -0600 (Mon, 11 May 2009) | 1 line

GSI RTMA
------------------------------------------------------------------------
r3748 | root | 2009-05-11 12:33:47 -0600 (Mon, 11 May 2009) | 1 line

GSI Regional
------------------------------------------------------------------------
r3700 | Michael.Lueken@noaa.gov | 2009-05-05 08:46:43 -0600 (Tue, 05 May 2009) | 3 lines

Updated GMAO GSI merged code.


------------------------------------------------------------------------
r3424 | Michael.Lueken@noaa.gov | 2009-04-08 08:12:44 -0600 (Wed, 08 Apr 2009) | 1 line

updated source code to latest version
------------------------------------------------------------------------
r3423 | Michael.Lueken@noaa.gov | 2009-04-08 08:11:41 -0600 (Wed, 08 Apr 2009) | 1 line

added 2 files and updated source to latest version
------------------------------------------------------------------------
r3422 | Michael.Lueken@noaa.gov | 2009-04-08 07:35:08 -0600 (Wed, 08 Apr 2009) | 1 line

Removed directories
------------------------------------------------------------------------
r3370 | Michael.Lueken@noaa.gov | 2009-03-24 13:31:13 -0600 (Tue, 24 Mar 2009) | 1 line

New source code
------------------------------------------------------------------------
r707 | russ.treadon@noaa.gov | 2007-06-28 10:41:57 -0600 (Thu, 28 Jun 2007) | 2 lines

Remove emacs ~ file

------------------------------------------------------------------------
r706 | russ.treadon@noaa.gov | 2007-06-28 09:38:53 -0600 (Thu, 28 Jun 2007) | 2 lines

Initial import of gsi

------------------------------------------------------------------------
r2 | root | 2006-07-10 08:00:06 -0600 (Mon, 10 Jul 2006) | 1 line

WRF and GSI Projects
------------------------------------------------------------------------
